#
# There is insufficient memory for the Java Runtime Environment to continue.
# Native memory allocation (malloc) failed to allocate 1233456 bytes for Chunk::new
# Possible reasons:
#   The system is out of physical RAM or swap space
#   The process is running with CompressedOops enabled, and the Java Heap may be blocking the growth of the native heap
# Possible solutions:
#   Reduce memory load on the system
#   Increase physical memory or swap space
#   Check if swap backing store is full
#   Decrease Java heap size (-Xmx/-Xms)
#   Decrease number of Java threads
#   Decrease Java thread stack sizes (-Xss)
#   Set larger code cache with -XX:ReservedCodeCacheSize=
#   JVM is running with Unscaled Compressed Oops mode in which the Java heap is
#     placed in the first 4GB address space. The Java Heap base address is the
#     maximum limit for the native heap growth. Please use -XX:HeapBaseMinAddress
#     to set the Java Heap base and to place the Java Heap above 4GB virtual address.
# This output file may be truncated or incomplete.
#
#  Out of Memory Error (arena.cpp:189), pid=19736, tid=17980
#
# JRE version: OpenJDK Runtime Environment Corretto-17.0.7.7.1 (17.0.7+7) (build 17.0.7+7-LTS)
# Java VM: OpenJDK 64-Bit Server VM Corretto-17.0.7.7.1 (17.0.7+7-LTS, mixed mode, sharing, tiered, compressed oops, compressed class ptrs, g1 gc, windows-amd64)
# No core dump will be written. Minidumps are not enabled by default on client versions of Windows
#

---------------  S U M M A R Y ------------

Command Line: --add-opens=java.base/java.util=ALL-UNNAMED --add-opens=java.base/java.lang=ALL-UNNAMED --add-opens=java.base/java.lang.invoke=ALL-UNNAMED --add-opens=java.prefs/java.util.prefs=ALL-UNNAMED --add-opens=java.base/java.nio.charset=ALL-UNNAMED --add-opens=java.base/java.net=ALL-UNNAMED --add-opens=java.base/java.util.concurrent.atomic=ALL-UNNAMED -XX:MaxMetaspaceSize=256m -XX:+HeapDumpOnOutOfMemoryError -Xms256m -Xmx512m -Dfile.encoding=windows-1252 -Duser.country=ES -Duser.language=es -Duser.variant org.gradle.launcher.daemon.bootstrap.GradleDaemon 7.6

Host: Intel(R) Core(TM) i5-6500T CPU @ 2.50GHz, 4 cores, 11G,  Windows 10 , 64 bit Build 19041 (10.0.19041.3636)
Time: Sat Nov 11 15:04:13 2023 Hora est. Pacífico, Sudamérica elapsed time: 999.061515 seconds (0d 0h 16m 39s)

---------------  T H R E A D  ---------------

Current thread (0x00000215cae256a0):  JavaThread "C2 CompilerThread0" daemon [_thread_in_native, id=17980, stack(0x000000f786300000,0x000000f786400000)]


Current CompileTask:
C2: 999061 13043   !   4       jdk.internal.loader.Resource::getBytes (244 bytes)

Stack: [0x000000f786300000,0x000000f786400000]
Native frames: (J=compiled Java code, j=interpreted, Vv=VM code, C=native code)
V  [jvm.dll+0x64b53a]
V  [jvm.dll+0x7fef54]
V  [jvm.dll+0x80070e]
V  [jvm.dll+0x800d63]
V  [jvm.dll+0x236a2b]
V  [jvm.dll+0xbd47c]
V  [jvm.dll+0xbda5c]
V  [jvm.dll+0x350be2]
V  [jvm.dll+0x31b60f]
V  [jvm.dll+0x31aa4a]
V  [jvm.dll+0x20acf5]
V  [jvm.dll+0x20a287]
V  [jvm.dll+0x19a2ed]
V  [jvm.dll+0x21967d]
V  [jvm.dll+0x2178c4]
V  [jvm.dll+0x7b7dcb]
V  [jvm.dll+0x7b237a]
V  [jvm.dll+0x64a3a5]
C  [ucrtbase.dll+0x21bb2]
C  [KERNEL32.DLL+0x17344]
C  [ntdll.dll+0x526b1]


---------------  P R O C E S S  ---------------

Threads class SMR info:
_java_thread_list=0x00000215d3bcdf20, length=42, elements={
0x00000215aebd4990, 0x00000215caddf070, 0x00000215caddfdf0, 0x00000215cadf4980,
0x00000215cadf7350, 0x00000215cadf7c10, 0x00000215cae004e0, 0x00000215cae256a0,
0x00000215cae2a070, 0x00000215cae698f0, 0x00000215cf0f8150, 0x00000215cf100870,
0x00000215d0f8e7b0, 0x00000215cf805830, 0x00000215d0dfc7d0, 0x00000215cfd0da10,
0x00000215cfd0fbc0, 0x00000215cfd10560, 0x00000215cfd0f220, 0x00000215cfd0e880,
0x00000215cfd0dee0, 0x00000215cf7c07b0, 0x00000215cf7bfe10, 0x00000215cf7c0c80,
0x00000215cf7bbab0, 0x00000215cf7c1150, 0x00000215d18e45b0, 0x00000215cf7ba770,
0x00000215cf7be600, 0x00000215cf7bac40, 0x00000215cf7be130, 0x00000215cf7bf470,
0x00000215cf7bf940, 0x00000215cf7b9dd0, 0x00000215cf7bd790, 0x00000215cf7bb110,
0x00000215cf7bdc60, 0x00000215d18e6290, 0x00000215d18e3c10, 0x00000215d18e7100,
0x00000215d18e40e0, 0x00000215d18e58f0
}

Java Threads: ( => current thread )
  0x00000215aebd4990 JavaThread "main" [_thread_blocked, id=22268, stack(0x000000f785600000,0x000000f785700000)]
  0x00000215caddf070 JavaThread "Reference Handler" daemon [_thread_blocked, id=17100, stack(0x000000f785d00000,0x000000f785e00000)]
  0x00000215caddfdf0 JavaThread "Finalizer" daemon [_thread_blocked, id=3120, stack(0x000000f785e00000,0x000000f785f00000)]
  0x00000215cadf4980 JavaThread "Signal Dispatcher" daemon [_thread_blocked, id=2684, stack(0x000000f785f00000,0x000000f786000000)]
  0x00000215cadf7350 JavaThread "Attach Listener" daemon [_thread_blocked, id=11756, stack(0x000000f786000000,0x000000f786100000)]
  0x00000215cadf7c10 JavaThread "Service Thread" daemon [_thread_blocked, id=19760, stack(0x000000f786100000,0x000000f786200000)]
  0x00000215cae004e0 JavaThread "Monitor Deflation Thread" daemon [_thread_blocked, id=11200, stack(0x000000f786200000,0x000000f786300000)]
=>0x00000215cae256a0 JavaThread "C2 CompilerThread0" daemon [_thread_in_native, id=17980, stack(0x000000f786300000,0x000000f786400000)]
  0x00000215cae2a070 JavaThread "C1 CompilerThread0" daemon [_thread_blocked, id=15996, stack(0x000000f786400000,0x000000f786500000)]
  0x00000215cae698f0 JavaThread "Sweeper thread" daemon [_thread_blocked, id=12944, stack(0x000000f786500000,0x000000f786600000)]
  0x00000215cf0f8150 JavaThread "Common-Cleaner" daemon [_thread_blocked, id=9460, stack(0x000000f786600000,0x000000f786700000)]
  0x00000215cf100870 JavaThread "Notification Thread" daemon [_thread_blocked, id=9872, stack(0x000000f786700000,0x000000f786800000)]
  0x00000215d0f8e7b0 JavaThread "Daemon health stats" [_thread_blocked, id=7488, stack(0x000000f786d00000,0x000000f786e00000)]
  0x00000215cf805830 JavaThread "Incoming local TCP Connector on port 49733" [_thread_in_native, id=15528, stack(0x000000f786e00000,0x000000f786f00000)]
  0x00000215d0dfc7d0 JavaThread "Daemon periodic checks" [_thread_blocked, id=21716, stack(0x000000f786f00000,0x000000f787000000)]
  0x00000215cfd0da10 JavaThread "Cache worker for journal cache (C:\Users\rojas\.gradle\caches\journal-1)" [_thread_blocked, id=1868, stack(0x000000f787700000,0x000000f787800000)]
  0x00000215cfd0fbc0 JavaThread "File lock request listener" [_thread_in_native, id=13540, stack(0x000000f787800000,0x000000f787900000)]
  0x00000215cfd10560 JavaThread "Cache worker for file hash cache (C:\Users\rojas\.gradle\caches\7.6\fileHashes)" [_thread_blocked, id=18464, stack(0x000000f786c00000,0x000000f786d00000)]
  0x00000215cfd0f220 JavaThread "File watcher server" daemon [_thread_in_native, id=17008, stack(0x000000f787a00000,0x000000f787b00000)]
  0x00000215cfd0e880 JavaThread "File watcher consumer" daemon [_thread_blocked, id=2744, stack(0x000000f787b00000,0x000000f787c00000)]
  0x00000215cfd0dee0 JavaThread "Cache worker for file content cache (C:\Users\rojas\.gradle\caches\7.6\fileContent)" [_thread_blocked, id=8028, stack(0x000000f787e00000,0x000000f787f00000)]
  0x00000215cf7c07b0 JavaThread "Cache worker for execution history cache (C:\Users\rojas\.gradle\caches\7.6\executionHistory)" [_thread_blocked, id=3004, stack(0x000000f788100000,0x000000f788200000)]
  0x00000215cf7bfe10 JavaThread "jar transforms" [_thread_blocked, id=23084, stack(0x000000f788200000,0x000000f788300000)]
  0x00000215cf7c0c80 JavaThread "jar transforms Thread 2" [_thread_blocked, id=4032, stack(0x000000f788300000,0x000000f788400000)]
  0x00000215cf7bbab0 JavaThread "jar transforms Thread 3" [_thread_blocked, id=3168, stack(0x000000f788400000,0x000000f788500000)]
  0x00000215cf7c1150 JavaThread "jar transforms Thread 4" [_thread_blocked, id=13492, stack(0x000000f788500000,0x000000f788600000)]
  0x00000215d18e45b0 JavaThread "Memory manager" [_thread_blocked, id=7668, stack(0x000000f789d00000,0x000000f789e00000)]
  0x00000215cf7ba770 JavaThread "Daemon Thread 4" [_thread_blocked, id=11816, stack(0x000000f785300000,0x000000f785400000)]
  0x00000215cf7be600 JavaThread "Daemon Thread 5" [_thread_blocked, id=22744, stack(0x000000f785400000,0x000000f785500000)]
  0x00000215cf7bac40 JavaThread "Daemon Thread 6" [_thread_blocked, id=6592, stack(0x000000f785500000,0x000000f785600000)]
  0x00000215cf7be130 JavaThread "Daemon Thread 7" [_thread_blocked, id=14296, stack(0x000000f787000000,0x000000f787100000)]
  0x00000215cf7bf470 JavaThread "Daemon Thread 8" [_thread_blocked, id=7360, stack(0x000000f787100000,0x000000f787200000)]
  0x00000215cf7bf940 JavaThread "Handler for socket connection from /127.0.0.1:49733 to /127.0.0.1:62642" [_thread_in_native, id=1484, stack(0x000000f787200000,0x000000f787300000)]
  0x00000215cf7b9dd0 JavaThread "Daemon Thread 9" [_thread_blocked, id=15972, stack(0x000000f787300000,0x000000f787400000)]
  0x00000215cf7bd790 JavaThread "Daemon Thread 10" [_thread_blocked, id=13888, stack(0x000000f787400000,0x000000f787500000)]
  0x00000215cf7bb110 JavaThread "Daemon Thread 11" [_thread_blocked, id=19528, stack(0x000000f787500000,0x000000f787600000)]
  0x00000215cf7bdc60 JavaThread "Daemon Thread 12" [_thread_blocked, id=16192, stack(0x000000f787600000,0x000000f787700000)]
  0x00000215d18e6290 JavaThread "Cancel handler" [_thread_blocked, id=9584, stack(0x000000f788c00000,0x000000f788d00000)]
  0x00000215d18e3c10 JavaThread "Daemon worker Thread 4" [_thread_in_Java, id=15364, stack(0x000000f787900000,0x000000f787a00000)]
  0x00000215d18e7100 JavaThread "Asynchronous log dispatcher for DefaultDaemonConnection: socket connection from /127.0.0.1:49733 to /127.0.0.1:62642" [_thread_blocked, id=13920, stack(0x000000f787c00000,0x000000f787d00000)]
  0x00000215d18e40e0 JavaThread "Stdin handler" [_thread_blocked, id=13616, stack(0x000000f787d00000,0x000000f787e00000)]
  0x00000215d18e58f0 JavaThread "Daemon client event forwarder" [_thread_blocked, id=1928, stack(0x000000f787f00000,0x000000f788000000)]

Other Threads:
  0x00000215caddbcb0 VMThread "VM Thread" [stack: 0x000000f785c00000,0x000000f785d00000] [id=13864]
  0x00000215aec19bb0 WatcherThread [stack: 0x000000f786800000,0x000000f786900000] [id=18856]
  0x00000215aec046b0 GCTaskThread "GC Thread#0" [stack: 0x000000f785700000,0x000000f785800000] [id=6692]
  0x00000215cf818010 GCTaskThread "GC Thread#1" [stack: 0x000000f786900000,0x000000f786a00000] [id=22112]
  0x00000215cf8182c0 GCTaskThread "GC Thread#2" [stack: 0x000000f786a00000,0x000000f786b00000] [id=14848]
  0x00000215cf818570 GCTaskThread "GC Thread#3" [stack: 0x000000f786b00000,0x000000f786c00000] [id=8244]
  0x00000215aec09500 ConcurrentGCThread "G1 Main Marker" [stack: 0x000000f785800000,0x000000f785900000] [id=8688]
  0x00000215aec09e20 ConcurrentGCThread "G1 Conc#0" [stack: 0x000000f785900000,0x000000f785a00000] [id=22008]
  0x00000215aecae720 ConcurrentGCThread "G1 Refine#0" [stack: 0x000000f785a00000,0x000000f785b00000] [id=16616]
  0x00000215d368b190 ConcurrentGCThread "G1 Refine#1" [stack: 0x000000f788600000,0x000000f788700000] [id=9484]
  0x00000215d3898a90 ConcurrentGCThread "G1 Refine#2" [stack: 0x000000f788700000,0x000000f788800000] [id=22968]
  0x00000215d261c9f0 ConcurrentGCThread "G1 Refine#3" [stack: 0x000000f788800000,0x000000f788900000] [id=13272]
  0x00000215caca0210 ConcurrentGCThread "G1 Service" [stack: 0x000000f785b00000,0x000000f785c00000] [id=12616]

Threads with active compile tasks:
C2 CompilerThread0   999127 13043   !   4       jdk.internal.loader.Resource::getBytes (244 bytes)

VM state: not at safepoint (normal execution)

VM Mutex/Monitor currently owned by a thread: None

Heap address: 0x00000000e0000000, size: 512 MB, Compressed Oops mode: 32-bit

CDS archive(s) mapped at: [0x0000000800000000-0x0000000800bc0000-0x0000000800bc0000), size 12320768, SharedBaseAddress: 0x0000000800000000, ArchiveRelocationMode: 0.
Compressed class space mapped at: 0x0000000801000000-0x000000080e000000, reserved size: 218103808
Narrow klass base: 0x0000000800000000, Narrow klass shift: 0, Narrow klass range: 0x100000000

GC Precious Log:
 CPUs: 4 total, 4 available
 Memory: 12252M
 Large Page Support: Disabled
 NUMA Support: Disabled
 Compressed Oops: Enabled (32-bit)
 Heap Region Size: 1M
 Heap Min Capacity: 256M
 Heap Initial Capacity: 256M
 Heap Max Capacity: 512M
 Pre-touch: Disabled
 Parallel Workers: 4
 Concurrent Workers: 1
 Concurrent Refinement Workers: 4
 Periodic GC: Disabled

Heap:
 garbage-first heap   total 262144K, used 167071K [0x00000000e0000000, 0x0000000100000000)
  region size 1024K, 58 young (59392K), 15 survivors (15360K)
 Metaspace       used 54507K, committed 55168K, reserved 278528K
  class space    used 7364K, committed 7680K, reserved 212992K

Heap Regions: E=young(eden), S=young(survivor), O=old, HS=humongous(starts), HC=humongous(continues), CS=collection set, F=free, OA=open archive, CA=closed archive, TAMS=top-at-mark-start (previous, next)
|   0|0x00000000e0000000, 0x00000000e0100000, 0x00000000e0100000|100%| O|  |TAMS 0x00000000e0100000, 0x00000000e0000000| Untracked 
|   1|0x00000000e0100000, 0x00000000e0200000, 0x00000000e0200000|100%| O|  |TAMS 0x00000000e0100000, 0x00000000e0100000| Untracked 
|   2|0x00000000e0200000, 0x00000000e0300000, 0x00000000e0300000|100%|HS|  |TAMS 0x00000000e0300000, 0x00000000e0200000| Complete 
|   3|0x00000000e0300000, 0x00000000e0400000, 0x00000000e0400000|100%|HC|  |TAMS 0x00000000e0400000, 0x00000000e0300000| Complete 
|   4|0x00000000e0400000, 0x00000000e0500000, 0x00000000e0500000|100%|HC|  |TAMS 0x00000000e0500000, 0x00000000e0400000| Complete 
|   5|0x00000000e0500000, 0x00000000e0600000, 0x00000000e0600000|100%| O|  |TAMS 0x00000000e0600000, 0x00000000e0500000| Untracked 
|   6|0x00000000e0600000, 0x00000000e0700000, 0x00000000e0700000|100%| O|  |TAMS 0x00000000e0700000, 0x00000000e0600000| Untracked 
|   7|0x00000000e0700000, 0x00000000e0800000, 0x00000000e0800000|100%| O|  |TAMS 0x00000000e0800000, 0x00000000e0700000| Untracked 
|   8|0x00000000e0800000, 0x00000000e0900000, 0x00000000e0900000|100%| O|  |TAMS 0x00000000e0900000, 0x00000000e0800000| Untracked 
|   9|0x00000000e0900000, 0x00000000e0a00000, 0x00000000e0a00000|100%| O|  |TAMS 0x00000000e0a00000, 0x00000000e0900000| Untracked 
|  10|0x00000000e0a00000, 0x00000000e0b00000, 0x00000000e0b00000|100%| O|  |TAMS 0x00000000e0b00000, 0x00000000e0a00000| Untracked 
|  11|0x00000000e0b00000, 0x00000000e0c00000, 0x00000000e0c00000|100%| O|  |TAMS 0x00000000e0c00000, 0x00000000e0b00000| Untracked 
|  12|0x00000000e0c00000, 0x00000000e0d00000, 0x00000000e0d00000|100%| O|  |TAMS 0x00000000e0d00000, 0x00000000e0c00000| Untracked 
|  13|0x00000000e0d00000, 0x00000000e0e00000, 0x00000000e0e00000|100%| O|  |TAMS 0x00000000e0e00000, 0x00000000e0d00000| Untracked 
|  14|0x00000000e0e00000, 0x00000000e0f00000, 0x00000000e0f00000|100%| O|  |TAMS 0x00000000e0f00000, 0x00000000e0e00000| Untracked 
|  15|0x00000000e0f00000, 0x00000000e1000000, 0x00000000e1000000|100%| O|  |TAMS 0x00000000e1000000, 0x00000000e0f00000| Untracked 
|  16|0x00000000e1000000, 0x00000000e1100000, 0x00000000e1100000|100%| O|  |TAMS 0x00000000e1100000, 0x00000000e1000000| Untracked 
|  17|0x00000000e1100000, 0x00000000e1200000, 0x00000000e1200000|100%| O|  |TAMS 0x00000000e1200000, 0x00000000e1100000| Untracked 
|  18|0x00000000e1200000, 0x00000000e1300000, 0x00000000e1300000|100%| O|  |TAMS 0x00000000e1300000, 0x00000000e1200000| Untracked 
|  19|0x00000000e1300000, 0x00000000e1400000, 0x00000000e1400000|100%| O|  |TAMS 0x00000000e1400000, 0x00000000e1300000| Untracked 
|  20|0x00000000e1400000, 0x00000000e1500000, 0x00000000e1500000|100%| O|  |TAMS 0x00000000e1500000, 0x00000000e1400000| Untracked 
|  21|0x00000000e1500000, 0x00000000e1600000, 0x00000000e1600000|100%| O|  |TAMS 0x00000000e1600000, 0x00000000e1500000| Untracked 
|  22|0x00000000e1600000, 0x00000000e1700000, 0x00000000e1700000|100%| O|  |TAMS 0x00000000e1700000, 0x00000000e1600000| Untracked 
|  23|0x00000000e1700000, 0x00000000e1800000, 0x00000000e1800000|100%| O|  |TAMS 0x00000000e1800000, 0x00000000e1700000| Untracked 
|  24|0x00000000e1800000, 0x00000000e1900000, 0x00000000e1900000|100%| O|  |TAMS 0x00000000e1900000, 0x00000000e1800000| Untracked 
|  25|0x00000000e1900000, 0x00000000e1a00000, 0x00000000e1a00000|100%| O|  |TAMS 0x00000000e1a00000, 0x00000000e1900000| Untracked 
|  26|0x00000000e1a00000, 0x00000000e1b00000, 0x00000000e1b00000|100%| O|  |TAMS 0x00000000e1b00000, 0x00000000e1a00000| Untracked 
|  27|0x00000000e1b00000, 0x00000000e1c00000, 0x00000000e1c00000|100%| O|  |TAMS 0x00000000e1c00000, 0x00000000e1b00000| Untracked 
|  28|0x00000000e1c00000, 0x00000000e1d00000, 0x00000000e1d00000|100%| O|  |TAMS 0x00000000e1d00000, 0x00000000e1c00000| Untracked 
|  29|0x00000000e1d00000, 0x00000000e1e00000, 0x00000000e1e00000|100%| O|  |TAMS 0x00000000e1d86000, 0x00000000e1d00000| Untracked 
|  30|0x00000000e1e00000, 0x00000000e1f00000, 0x00000000e1f00000|100%| O|  |TAMS 0x00000000e1e00000, 0x00000000e1e00000| Untracked 
|  31|0x00000000e1f00000, 0x00000000e2000000, 0x00000000e2000000|100%| O|  |TAMS 0x00000000e1f00000, 0x00000000e1f00000| Untracked 
|  32|0x00000000e2000000, 0x00000000e2100000, 0x00000000e2100000|100%| O|  |TAMS 0x00000000e2000000, 0x00000000e2000000| Untracked 
|  33|0x00000000e2100000, 0x00000000e2200000, 0x00000000e2200000|100%| O|  |TAMS 0x00000000e2100000, 0x00000000e2100000| Untracked 
|  34|0x00000000e2200000, 0x00000000e2300000, 0x00000000e2300000|100%| O|  |TAMS 0x00000000e2200000, 0x00000000e2200000| Untracked 
|  35|0x00000000e2300000, 0x00000000e2400000, 0x00000000e2400000|100%| O|  |TAMS 0x00000000e2300000, 0x00000000e2300000| Untracked 
|  36|0x00000000e2400000, 0x00000000e2500000, 0x00000000e2500000|100%| O|  |TAMS 0x00000000e2400000, 0x00000000e2400000| Untracked 
|  37|0x00000000e2500000, 0x00000000e2600000, 0x00000000e2600000|100%| O|  |TAMS 0x00000000e2500000, 0x00000000e2500000| Untracked 
|  38|0x00000000e2600000, 0x00000000e2700000, 0x00000000e2700000|100%| O|  |TAMS 0x00000000e2600000, 0x00000000e2600000| Untracked 
|  39|0x00000000e2700000, 0x00000000e2800000, 0x00000000e2800000|100%| O|  |TAMS 0x00000000e2700000, 0x00000000e2700000| Untracked 
|  40|0x00000000e2800000, 0x00000000e2900000, 0x00000000e2900000|100%| O|  |TAMS 0x00000000e2800000, 0x00000000e2800000| Untracked 
|  41|0x00000000e2900000, 0x00000000e2a00000, 0x00000000e2a00000|100%| O|  |TAMS 0x00000000e2900000, 0x00000000e2900000| Untracked 
|  42|0x00000000e2a00000, 0x00000000e2b00000, 0x00000000e2b00000|100%| O|  |TAMS 0x00000000e2a00000, 0x00000000e2a00000| Untracked 
|  43|0x00000000e2b00000, 0x00000000e2c00000, 0x00000000e2c00000|100%| O|  |TAMS 0x00000000e2b00000, 0x00000000e2b00000| Untracked 
|  44|0x00000000e2c00000, 0x00000000e2d00000, 0x00000000e2d00000|100%| O|  |TAMS 0x00000000e2c00000, 0x00000000e2c00000| Untracked 
|  45|0x00000000e2d00000, 0x00000000e2e00000, 0x00000000e2e00000|100%| O|  |TAMS 0x00000000e2d00000, 0x00000000e2d00000| Untracked 
|  46|0x00000000e2e00000, 0x00000000e2f00000, 0x00000000e2f00000|100%| O|  |TAMS 0x00000000e2e00000, 0x00000000e2e00000| Untracked 
|  47|0x00000000e2f00000, 0x00000000e3000000, 0x00000000e3000000|100%| O|  |TAMS 0x00000000e2f00000, 0x00000000e2f00000| Untracked 
|  48|0x00000000e3000000, 0x00000000e3100000, 0x00000000e3100000|100%| O|  |TAMS 0x00000000e3000000, 0x00000000e3000000| Untracked 
|  49|0x00000000e3100000, 0x00000000e3200000, 0x00000000e3200000|100%| O|  |TAMS 0x00000000e3100000, 0x00000000e3100000| Untracked 
|  50|0x00000000e3200000, 0x00000000e3300000, 0x00000000e3300000|100%| O|  |TAMS 0x00000000e3200000, 0x00000000e3200000| Untracked 
|  51|0x00000000e3300000, 0x00000000e3400000, 0x00000000e3400000|100%| O|  |TAMS 0x00000000e3300000, 0x00000000e3300000| Untracked 
|  52|0x00000000e3400000, 0x00000000e3500000, 0x00000000e3500000|100%| O|  |TAMS 0x00000000e3400000, 0x00000000e3400000| Untracked 
|  53|0x00000000e3500000, 0x00000000e3600000, 0x00000000e3600000|100%| O|  |TAMS 0x00000000e3500000, 0x00000000e3500000| Untracked 
|  54|0x00000000e3600000, 0x00000000e3700000, 0x00000000e3700000|100%| O|  |TAMS 0x00000000e3600000, 0x00000000e3600000| Untracked 
|  55|0x00000000e3700000, 0x00000000e3800000, 0x00000000e3800000|100%| O|  |TAMS 0x00000000e3700000, 0x00000000e3700000| Untracked 
|  56|0x00000000e3800000, 0x00000000e3900000, 0x00000000e3900000|100%| O|  |TAMS 0x00000000e3800000, 0x00000000e3800000| Untracked 
|  57|0x00000000e3900000, 0x00000000e3a00000, 0x00000000e3a00000|100%| O|  |TAMS 0x00000000e3900000, 0x00000000e3900000| Untracked 
|  58|0x00000000e3a00000, 0x00000000e3b00000, 0x00000000e3b00000|100%| O|  |TAMS 0x00000000e3a00000, 0x00000000e3a00000| Untracked 
|  59|0x00000000e3b00000, 0x00000000e3c00000, 0x00000000e3c00000|100%| O|  |TAMS 0x00000000e3b00000, 0x00000000e3b00000| Untracked 
|  60|0x00000000e3c00000, 0x00000000e3d00000, 0x00000000e3d00000|100%| O|  |TAMS 0x00000000e3c00000, 0x00000000e3c00000| Untracked 
|  61|0x00000000e3d00000, 0x00000000e3e00000, 0x00000000e3e00000|100%| O|  |TAMS 0x00000000e3d00000, 0x00000000e3d00000| Untracked 
|  62|0x00000000e3e00000, 0x00000000e3f00000, 0x00000000e3f00000|100%| O|  |TAMS 0x00000000e3e00000, 0x00000000e3e00000| Untracked 
|  63|0x00000000e3f00000, 0x00000000e4000000, 0x00000000e4000000|100%| O|  |TAMS 0x00000000e3f00000, 0x00000000e3f00000| Untracked 
|  64|0x00000000e4000000, 0x00000000e4100000, 0x00000000e4100000|100%| O|  |TAMS 0x00000000e4000000, 0x00000000e4000000| Untracked 
|  65|0x00000000e4100000, 0x00000000e4200000, 0x00000000e4200000|100%| O|  |TAMS 0x00000000e4100000, 0x00000000e4100000| Untracked 
|  66|0x00000000e4200000, 0x00000000e4300000, 0x00000000e4300000|100%| O|  |TAMS 0x00000000e4200000, 0x00000000e4200000| Untracked 
|  67|0x00000000e4300000, 0x00000000e4400000, 0x00000000e4400000|100%| O|  |TAMS 0x00000000e4300000, 0x00000000e4300000| Untracked 
|  68|0x00000000e4400000, 0x00000000e4500000, 0x00000000e4500000|100%| O|  |TAMS 0x00000000e4400000, 0x00000000e4400000| Untracked 
|  69|0x00000000e4500000, 0x00000000e4600000, 0x00000000e4600000|100%| O|  |TAMS 0x00000000e4500000, 0x00000000e4500000| Untracked 
|  70|0x00000000e4600000, 0x00000000e4700000, 0x00000000e4700000|100%| O|  |TAMS 0x00000000e4600000, 0x00000000e4600000| Untracked 
|  71|0x00000000e4700000, 0x00000000e4800000, 0x00000000e4800000|100%| O|  |TAMS 0x00000000e4700000, 0x00000000e4700000| Untracked 
|  72|0x00000000e4800000, 0x00000000e4900000, 0x00000000e4900000|100%| O|  |TAMS 0x00000000e4800000, 0x00000000e4800000| Untracked 
|  73|0x00000000e4900000, 0x00000000e4a00000, 0x00000000e4a00000|100%| O|  |TAMS 0x00000000e4900000, 0x00000000e4900000| Untracked 
|  74|0x00000000e4a00000, 0x00000000e4b00000, 0x00000000e4b00000|100%| O|  |TAMS 0x00000000e4a00000, 0x00000000e4a00000| Untracked 
|  75|0x00000000e4b00000, 0x00000000e4c00000, 0x00000000e4c00000|100%| O|  |TAMS 0x00000000e4b00000, 0x00000000e4b00000| Untracked 
|  76|0x00000000e4c00000, 0x00000000e4d00000, 0x00000000e4d00000|100%| O|  |TAMS 0x00000000e4c00000, 0x00000000e4c00000| Untracked 
|  77|0x00000000e4d00000, 0x00000000e4e00000, 0x00000000e4e00000|100%| O|  |TAMS 0x00000000e4d00000, 0x00000000e4d00000| Untracked 
|  78|0x00000000e4e00000, 0x00000000e4f00000, 0x00000000e4f00000|100%| O|  |TAMS 0x00000000e4e00000, 0x00000000e4e00000| Untracked 
|  79|0x00000000e4f00000, 0x00000000e5000000, 0x00000000e5000000|100%| O|  |TAMS 0x00000000e4f00000, 0x00000000e4f00000| Untracked 
|  80|0x00000000e5000000, 0x00000000e5100000, 0x00000000e5100000|100%| O|  |TAMS 0x00000000e5000000, 0x00000000e5000000| Untracked 
|  81|0x00000000e5100000, 0x00000000e5200000, 0x00000000e5200000|100%| O|  |TAMS 0x00000000e5100000, 0x00000000e5100000| Untracked 
|  82|0x00000000e5200000, 0x00000000e5300000, 0x00000000e5300000|100%| O|  |TAMS 0x00000000e5200000, 0x00000000e5200000| Untracked 
|  83|0x00000000e5300000, 0x00000000e5400000, 0x00000000e5400000|100%| O|  |TAMS 0x00000000e5300000, 0x00000000e5300000| Untracked 
|  84|0x00000000e5400000, 0x00000000e5500000, 0x00000000e5500000|100%| O|  |TAMS 0x00000000e5400000, 0x00000000e5400000| Untracked 
|  85|0x00000000e5500000, 0x00000000e5600000, 0x00000000e5600000|100%| O|  |TAMS 0x00000000e5500000, 0x00000000e5500000| Untracked 
|  86|0x00000000e5600000, 0x00000000e5700000, 0x00000000e5700000|100%| O|  |TAMS 0x00000000e5600000, 0x00000000e5600000| Untracked 
|  87|0x00000000e5700000, 0x00000000e5800000, 0x00000000e5800000|100%| O|  |TAMS 0x00000000e5700000, 0x00000000e5700000| Untracked 
|  88|0x00000000e5800000, 0x00000000e5900000, 0x00000000e5900000|100%| O|  |TAMS 0x00000000e5800000, 0x00000000e5800000| Untracked 
|  89|0x00000000e5900000, 0x00000000e5a00000, 0x00000000e5a00000|100%| O|  |TAMS 0x00000000e5900000, 0x00000000e5900000| Untracked 
|  90|0x00000000e5a00000, 0x00000000e5b00000, 0x00000000e5b00000|100%| O|  |TAMS 0x00000000e5a00000, 0x00000000e5a00000| Untracked 
|  91|0x00000000e5b00000, 0x00000000e5c00000, 0x00000000e5c00000|100%| O|  |TAMS 0x00000000e5b00000, 0x00000000e5b00000| Untracked 
|  92|0x00000000e5c00000, 0x00000000e5ca7c00, 0x00000000e5d00000| 65%| O|  |TAMS 0x00000000e5c00000, 0x00000000e5c00000| Untracked 
|  93|0x00000000e5d00000, 0x00000000e5e00000, 0x00000000e5e00000|100%|HS|  |TAMS 0x00000000e5d00000, 0x00000000e5d00000| Complete 
|  94|0x00000000e5e00000, 0x00000000e5f00000, 0x00000000e5f00000|100%|HC|  |TAMS 0x00000000e5e00000, 0x00000000e5e00000| Complete 
|  95|0x00000000e5f00000, 0x00000000e6000000, 0x00000000e6000000|100%|HS|  |TAMS 0x00000000e5f00000, 0x00000000e5f00000| Complete 
|  96|0x00000000e6000000, 0x00000000e6100000, 0x00000000e6100000|100%|HC|  |TAMS 0x00000000e6000000, 0x00000000e6000000| Complete 
|  97|0x00000000e6100000, 0x00000000e6200000, 0x00000000e6200000|100%|HC|  |TAMS 0x00000000e6100000, 0x00000000e6100000| Complete 
|  98|0x00000000e6200000, 0x00000000e6300000, 0x00000000e6300000|100%|HS|  |TAMS 0x00000000e6200000, 0x00000000e6200000| Complete 
|  99|0x00000000e6300000, 0x00000000e6400000, 0x00000000e6400000|100%|HC|  |TAMS 0x00000000e6300000, 0x00000000e6300000| Complete 
| 100|0x00000000e6400000, 0x00000000e6500000, 0x00000000e6500000|100%|HC|  |TAMS 0x00000000e6400000, 0x00000000e6400000| Complete 
| 101|0x00000000e6500000, 0x00000000e6600000, 0x00000000e6600000|100%|HS|  |TAMS 0x00000000e6500000, 0x00000000e6500000| Complete 
| 102|0x00000000e6600000, 0x00000000e6700000, 0x00000000e6700000|100%|HC|  |TAMS 0x00000000e6600000, 0x00000000e6600000| Complete 
| 103|0x00000000e6700000, 0x00000000e6800000, 0x00000000e6800000|100%|HC|  |TAMS 0x00000000e6700000, 0x00000000e6700000| Complete 
| 104|0x00000000e6800000, 0x00000000e6900000, 0x00000000e6900000|100%|HC|  |TAMS 0x00000000e6800000, 0x00000000e6800000| Complete 
| 105|0x00000000e6900000, 0x00000000e6a00000, 0x00000000e6a00000|100%|HC|  |TAMS 0x00000000e6900000, 0x00000000e6900000| Complete 
| 106|0x00000000e6a00000, 0x00000000e6b00000, 0x00000000e6b00000|100%|HC|  |TAMS 0x00000000e6a00000, 0x00000000e6a00000| Complete 
| 107|0x00000000e6b00000, 0x00000000e6c00000, 0x00000000e6c00000|100%|HS|  |TAMS 0x00000000e6b00000, 0x00000000e6b00000| Complete 
| 108|0x00000000e6c00000, 0x00000000e6c00000, 0x00000000e6d00000|  0%| F|  |TAMS 0x00000000e6c00000, 0x00000000e6c00000| Untracked 
| 109|0x00000000e6d00000, 0x00000000e6d00000, 0x00000000e6e00000|  0%| F|  |TAMS 0x00000000e6d00000, 0x00000000e6d00000| Untracked 
| 110|0x00000000e6e00000, 0x00000000e6e00000, 0x00000000e6f00000|  0%| F|  |TAMS 0x00000000e6e00000, 0x00000000e6e00000| Untracked 
| 111|0x00000000e6f00000, 0x00000000e6f00000, 0x00000000e7000000|  0%| F|  |TAMS 0x00000000e6f00000, 0x00000000e6f00000| Untracked 
| 112|0x00000000e7000000, 0x00000000e7000000, 0x00000000e7100000|  0%| F|  |TAMS 0x00000000e7000000, 0x00000000e7000000| Untracked 
| 113|0x00000000e7100000, 0x00000000e7100000, 0x00000000e7200000|  0%| F|  |TAMS 0x00000000e7100000, 0x00000000e7100000| Untracked 
| 114|0x00000000e7200000, 0x00000000e7200000, 0x00000000e7300000|  0%| F|  |TAMS 0x00000000e7200000, 0x00000000e7200000| Untracked 
| 115|0x00000000e7300000, 0x00000000e7300000, 0x00000000e7400000|  0%| F|  |TAMS 0x00000000e7300000, 0x00000000e7300000| Untracked 
| 116|0x00000000e7400000, 0x00000000e7400000, 0x00000000e7500000|  0%| F|  |TAMS 0x00000000e7400000, 0x00000000e7400000| Untracked 
| 117|0x00000000e7500000, 0x00000000e7500000, 0x00000000e7600000|  0%| F|  |TAMS 0x00000000e7500000, 0x00000000e7500000| Untracked 
| 118|0x00000000e7600000, 0x00000000e7600000, 0x00000000e7700000|  0%| F|  |TAMS 0x00000000e7600000, 0x00000000e7600000| Untracked 
| 119|0x00000000e7700000, 0x00000000e7700000, 0x00000000e7800000|  0%| F|  |TAMS 0x00000000e7700000, 0x00000000e7700000| Untracked 
| 120|0x00000000e7800000, 0x00000000e7880000, 0x00000000e7900000| 50%| S|CS|TAMS 0x00000000e7800000, 0x00000000e7800000| Complete 
| 121|0x00000000e7900000, 0x00000000e7900000, 0x00000000e7a00000|  0%| F|  |TAMS 0x00000000e7900000, 0x00000000e7900000| Untracked 
| 122|0x00000000e7a00000, 0x00000000e7a00000, 0x00000000e7b00000|  0%| F|  |TAMS 0x00000000e7a00000, 0x00000000e7a00000| Untracked 
| 123|0x00000000e7b00000, 0x00000000e7b00000, 0x00000000e7c00000|  0%| F|  |TAMS 0x00000000e7b00000, 0x00000000e7b00000| Untracked 
| 124|0x00000000e7c00000, 0x00000000e7c00000, 0x00000000e7d00000|  0%| F|  |TAMS 0x00000000e7c00000, 0x00000000e7c00000| Untracked 
| 125|0x00000000e7d00000, 0x00000000e7d00000, 0x00000000e7e00000|  0%| F|  |TAMS 0x00000000e7d00000, 0x00000000e7d00000| Untracked 
| 126|0x00000000e7e00000, 0x00000000e7e00000, 0x00000000e7f00000|  0%| F|  |TAMS 0x00000000e7e00000, 0x00000000e7e00000| Untracked 
| 127|0x00000000e7f00000, 0x00000000e7f00000, 0x00000000e8000000|  0%| F|  |TAMS 0x00000000e7f00000, 0x00000000e7f00000| Untracked 
| 128|0x00000000e8000000, 0x00000000e8000000, 0x00000000e8100000|  0%| F|  |TAMS 0x00000000e8000000, 0x00000000e8000000| Untracked 
| 129|0x00000000e8100000, 0x00000000e8200000, 0x00000000e8200000|100%| S|CS|TAMS 0x00000000e8100000, 0x00000000e8100000| Complete 
| 130|0x00000000e8200000, 0x00000000e8300000, 0x00000000e8300000|100%| S|CS|TAMS 0x00000000e8200000, 0x00000000e8200000| Complete 
| 131|0x00000000e8300000, 0x00000000e8400000, 0x00000000e8400000|100%| S|CS|TAMS 0x00000000e8300000, 0x00000000e8300000| Complete 
| 132|0x00000000e8400000, 0x00000000e8500000, 0x00000000e8500000|100%| S|CS|TAMS 0x00000000e8400000, 0x00000000e8400000| Complete 
| 133|0x00000000e8500000, 0x00000000e8600000, 0x00000000e8600000|100%| S|CS|TAMS 0x00000000e8500000, 0x00000000e8500000| Complete 
| 134|0x00000000e8600000, 0x00000000e8700000, 0x00000000e8700000|100%| S|CS|TAMS 0x00000000e8600000, 0x00000000e8600000| Complete 
| 135|0x00000000e8700000, 0x00000000e8800000, 0x00000000e8800000|100%| S|CS|TAMS 0x00000000e8700000, 0x00000000e8700000| Complete 
| 136|0x00000000e8800000, 0x00000000e8900000, 0x00000000e8900000|100%| S|CS|TAMS 0x00000000e8800000, 0x00000000e8800000| Complete 
| 137|0x00000000e8900000, 0x00000000e8900000, 0x00000000e8a00000|  0%| F|  |TAMS 0x00000000e8900000, 0x00000000e8900000| Untracked 
| 138|0x00000000e8a00000, 0x00000000e8a00000, 0x00000000e8b00000|  0%| F|  |TAMS 0x00000000e8a00000, 0x00000000e8a00000| Untracked 
| 139|0x00000000e8b00000, 0x00000000e8b00000, 0x00000000e8c00000|  0%| F|  |TAMS 0x00000000e8b00000, 0x00000000e8b00000| Untracked 
| 140|0x00000000e8c00000, 0x00000000e8c00000, 0x00000000e8d00000|  0%| F|  |TAMS 0x00000000e8c00000, 0x00000000e8c00000| Untracked 
| 141|0x00000000e8d00000, 0x00000000e8d00000, 0x00000000e8e00000|  0%| F|  |TAMS 0x00000000e8d00000, 0x00000000e8d00000| Untracked 
| 142|0x00000000e8e00000, 0x00000000e8e00000, 0x00000000e8f00000|  0%| F|  |TAMS 0x00000000e8e00000, 0x00000000e8e00000| Untracked 
| 143|0x00000000e8f00000, 0x00000000e8f00000, 0x00000000e9000000|  0%| F|  |TAMS 0x00000000e8f00000, 0x00000000e8f00000| Untracked 
| 144|0x00000000e9000000, 0x00000000e9100000, 0x00000000e9100000|100%| S|CS|TAMS 0x00000000e9000000, 0x00000000e9000000| Complete 
| 145|0x00000000e9100000, 0x00000000e9200000, 0x00000000e9200000|100%| S|CS|TAMS 0x00000000e9100000, 0x00000000e9100000| Complete 
| 146|0x00000000e9200000, 0x00000000e9300000, 0x00000000e9300000|100%| S|CS|TAMS 0x00000000e9200000, 0x00000000e9200000| Complete 
| 147|0x00000000e9300000, 0x00000000e9400000, 0x00000000e9400000|100%| S|CS|TAMS 0x00000000e9300000, 0x00000000e9300000| Complete 
| 148|0x00000000e9400000, 0x00000000e9500000, 0x00000000e9500000|100%| S|CS|TAMS 0x00000000e9400000, 0x00000000e9400000| Complete 
| 149|0x00000000e9500000, 0x00000000e9600000, 0x00000000e9600000|100%| S|CS|TAMS 0x00000000e9500000, 0x00000000e9500000| Complete 
| 150|0x00000000e9600000, 0x00000000e9600000, 0x00000000e9700000|  0%| F|  |TAMS 0x00000000e9600000, 0x00000000e9600000| Untracked 
| 151|0x00000000e9700000, 0x00000000e9700000, 0x00000000e9800000|  0%| F|  |TAMS 0x00000000e9700000, 0x00000000e9700000| Untracked 
| 152|0x00000000e9800000, 0x00000000e9800000, 0x00000000e9900000|  0%| F|  |TAMS 0x00000000e9800000, 0x00000000e9800000| Untracked 
| 153|0x00000000e9900000, 0x00000000e9900000, 0x00000000e9a00000|  0%| F|  |TAMS 0x00000000e9900000, 0x00000000e9900000| Untracked 
| 154|0x00000000e9a00000, 0x00000000e9a00000, 0x00000000e9b00000|  0%| F|  |TAMS 0x00000000e9a00000, 0x00000000e9a00000| Untracked 
| 155|0x00000000e9b00000, 0x00000000e9b00000, 0x00000000e9c00000|  0%| F|  |TAMS 0x00000000e9b00000, 0x00000000e9b00000| Untracked 
| 156|0x00000000e9c00000, 0x00000000e9c00000, 0x00000000e9d00000|  0%| F|  |TAMS 0x00000000e9c00000, 0x00000000e9c00000| Untracked 
| 157|0x00000000e9d00000, 0x00000000e9d00000, 0x00000000e9e00000|  0%| F|  |TAMS 0x00000000e9d00000, 0x00000000e9d00000| Untracked 
| 158|0x00000000e9e00000, 0x00000000e9e00000, 0x00000000e9f00000|  0%| F|  |TAMS 0x00000000e9e00000, 0x00000000e9e00000| Untracked 
| 159|0x00000000e9f00000, 0x00000000e9f00000, 0x00000000ea000000|  0%| F|  |TAMS 0x00000000e9f00000, 0x00000000e9f00000| Untracked 
| 160|0x00000000ea000000, 0x00000000ea000000, 0x00000000ea100000|  0%| F|  |TAMS 0x00000000ea000000, 0x00000000ea000000| Untracked 
| 161|0x00000000ea100000, 0x00000000ea100000, 0x00000000ea200000|  0%| F|  |TAMS 0x00000000ea100000, 0x00000000ea100000| Untracked 
| 162|0x00000000ea200000, 0x00000000ea200000, 0x00000000ea300000|  0%| F|  |TAMS 0x00000000ea200000, 0x00000000ea200000| Untracked 
| 163|0x00000000ea300000, 0x00000000ea300000, 0x00000000ea400000|  0%| F|  |TAMS 0x00000000ea300000, 0x00000000ea300000| Untracked 
| 164|0x00000000ea400000, 0x00000000ea400000, 0x00000000ea500000|  0%| F|  |TAMS 0x00000000ea400000, 0x00000000ea400000| Untracked 
| 165|0x00000000ea500000, 0x00000000ea500000, 0x00000000ea600000|  0%| F|  |TAMS 0x00000000ea500000, 0x00000000ea500000| Untracked 
| 166|0x00000000ea600000, 0x00000000ea600000, 0x00000000ea700000|  0%| F|  |TAMS 0x00000000ea600000, 0x00000000ea600000| Untracked 
| 167|0x00000000ea700000, 0x00000000ea700000, 0x00000000ea800000|  0%| F|  |TAMS 0x00000000ea700000, 0x00000000ea700000| Untracked 
| 168|0x00000000ea800000, 0x00000000ea800000, 0x00000000ea900000|  0%| F|  |TAMS 0x00000000ea800000, 0x00000000ea800000| Untracked 
| 169|0x00000000ea900000, 0x00000000ea900000, 0x00000000eaa00000|  0%| F|  |TAMS 0x00000000ea900000, 0x00000000ea900000| Untracked 
| 170|0x00000000eaa00000, 0x00000000eaa00000, 0x00000000eab00000|  0%| F|  |TAMS 0x00000000eaa00000, 0x00000000eaa00000| Untracked 
| 171|0x00000000eab00000, 0x00000000eab00000, 0x00000000eac00000|  0%| F|  |TAMS 0x00000000eab00000, 0x00000000eab00000| Untracked 
| 172|0x00000000eac00000, 0x00000000eac00000, 0x00000000ead00000|  0%| F|  |TAMS 0x00000000eac00000, 0x00000000eac00000| Untracked 
| 173|0x00000000ead00000, 0x00000000ead00000, 0x00000000eae00000|  0%| F|  |TAMS 0x00000000ead00000, 0x00000000ead00000| Untracked 
| 174|0x00000000eae00000, 0x00000000eae00000, 0x00000000eaf00000|  0%| F|  |TAMS 0x00000000eae00000, 0x00000000eae00000| Untracked 
| 175|0x00000000eaf00000, 0x00000000eaf00000, 0x00000000eb000000|  0%| F|  |TAMS 0x00000000eaf00000, 0x00000000eaf00000| Untracked 
| 176|0x00000000eb000000, 0x00000000eb000000, 0x00000000eb100000|  0%| F|  |TAMS 0x00000000eb000000, 0x00000000eb000000| Untracked 
| 177|0x00000000eb100000, 0x00000000eb100000, 0x00000000eb200000|  0%| F|  |TAMS 0x00000000eb100000, 0x00000000eb100000| Untracked 
| 178|0x00000000eb200000, 0x00000000eb200000, 0x00000000eb300000|  0%| F|  |TAMS 0x00000000eb200000, 0x00000000eb200000| Untracked 
| 179|0x00000000eb300000, 0x00000000eb300000, 0x00000000eb400000|  0%| F|  |TAMS 0x00000000eb300000, 0x00000000eb300000| Untracked 
| 180|0x00000000eb400000, 0x00000000eb400000, 0x00000000eb500000|  0%| F|  |TAMS 0x00000000eb400000, 0x00000000eb400000| Untracked 
| 181|0x00000000eb500000, 0x00000000eb500000, 0x00000000eb600000|  0%| F|  |TAMS 0x00000000eb500000, 0x00000000eb500000| Untracked 
| 182|0x00000000eb600000, 0x00000000eb600000, 0x00000000eb700000|  0%| F|  |TAMS 0x00000000eb600000, 0x00000000eb600000| Untracked 
| 183|0x00000000eb700000, 0x00000000eb700000, 0x00000000eb800000|  0%| F|  |TAMS 0x00000000eb700000, 0x00000000eb700000| Untracked 
| 184|0x00000000eb800000, 0x00000000eb800000, 0x00000000eb900000|  0%| F|  |TAMS 0x00000000eb800000, 0x00000000eb800000| Untracked 
| 185|0x00000000eb900000, 0x00000000eb900000, 0x00000000eba00000|  0%| F|  |TAMS 0x00000000eb900000, 0x00000000eb900000| Untracked 
| 186|0x00000000eba00000, 0x00000000eba00000, 0x00000000ebb00000|  0%| F|  |TAMS 0x00000000eba00000, 0x00000000eba00000| Untracked 
| 187|0x00000000ebb00000, 0x00000000ebb00000, 0x00000000ebc00000|  0%| F|  |TAMS 0x00000000ebb00000, 0x00000000ebb00000| Untracked 
| 188|0x00000000ebc00000, 0x00000000ebc00000, 0x00000000ebd00000|  0%| F|  |TAMS 0x00000000ebc00000, 0x00000000ebc00000| Untracked 
| 189|0x00000000ebd00000, 0x00000000ebd00000, 0x00000000ebe00000|  0%| F|  |TAMS 0x00000000ebd00000, 0x00000000ebd00000| Untracked 
| 190|0x00000000ebe00000, 0x00000000ebe00000, 0x00000000ebf00000|  0%| F|  |TAMS 0x00000000ebe00000, 0x00000000ebe00000| Untracked 
| 191|0x00000000ebf00000, 0x00000000ebf00000, 0x00000000ec000000|  0%| F|  |TAMS 0x00000000ebf00000, 0x00000000ebf00000| Untracked 
| 192|0x00000000ec000000, 0x00000000ec000000, 0x00000000ec100000|  0%| F|  |TAMS 0x00000000ec000000, 0x00000000ec000000| Untracked 
| 193|0x00000000ec100000, 0x00000000ec100000, 0x00000000ec200000|  0%| F|  |TAMS 0x00000000ec100000, 0x00000000ec100000| Untracked 
| 194|0x00000000ec200000, 0x00000000ec200000, 0x00000000ec300000|  0%| F|  |TAMS 0x00000000ec200000, 0x00000000ec200000| Untracked 
| 195|0x00000000ec300000, 0x00000000ec300000, 0x00000000ec400000|  0%| F|  |TAMS 0x00000000ec300000, 0x00000000ec300000| Untracked 
| 196|0x00000000ec400000, 0x00000000ec400000, 0x00000000ec500000|  0%| F|  |TAMS 0x00000000ec400000, 0x00000000ec400000| Untracked 
| 197|0x00000000ec500000, 0x00000000ec500000, 0x00000000ec600000|  0%| F|  |TAMS 0x00000000ec500000, 0x00000000ec500000| Untracked 
| 198|0x00000000ec600000, 0x00000000ec600000, 0x00000000ec700000|  0%| F|  |TAMS 0x00000000ec600000, 0x00000000ec600000| Untracked 
| 199|0x00000000ec700000, 0x00000000ec700000, 0x00000000ec800000|  0%| F|  |TAMS 0x00000000ec700000, 0x00000000ec700000| Untracked 
| 200|0x00000000ec800000, 0x00000000ec800000, 0x00000000ec900000|  0%| F|  |TAMS 0x00000000ec800000, 0x00000000ec800000| Untracked 
| 201|0x00000000ec900000, 0x00000000ec900000, 0x00000000eca00000|  0%| F|  |TAMS 0x00000000ec900000, 0x00000000ec900000| Untracked 
| 202|0x00000000eca00000, 0x00000000eca00000, 0x00000000ecb00000|  0%| F|  |TAMS 0x00000000eca00000, 0x00000000eca00000| Untracked 
| 203|0x00000000ecb00000, 0x00000000ecb00000, 0x00000000ecc00000|  0%| F|  |TAMS 0x00000000ecb00000, 0x00000000ecb00000| Untracked 
| 204|0x00000000ecc00000, 0x00000000ecc00000, 0x00000000ecd00000|  0%| F|  |TAMS 0x00000000ecc00000, 0x00000000ecc00000| Untracked 
| 205|0x00000000ecd00000, 0x00000000ecd00000, 0x00000000ece00000|  0%| F|  |TAMS 0x00000000ecd00000, 0x00000000ecd00000| Untracked 
| 206|0x00000000ece00000, 0x00000000ece00000, 0x00000000ecf00000|  0%| F|  |TAMS 0x00000000ece00000, 0x00000000ece00000| Untracked 
| 207|0x00000000ecf00000, 0x00000000ecf00000, 0x00000000ed000000|  0%| F|  |TAMS 0x00000000ecf00000, 0x00000000ecf00000| Untracked 
| 208|0x00000000ed000000, 0x00000000ed000000, 0x00000000ed100000|  0%| F|  |TAMS 0x00000000ed000000, 0x00000000ed000000| Untracked 
| 209|0x00000000ed100000, 0x00000000ed100000, 0x00000000ed200000|  0%| F|  |TAMS 0x00000000ed100000, 0x00000000ed100000| Untracked 
| 210|0x00000000ed200000, 0x00000000ed200000, 0x00000000ed300000|  0%| F|  |TAMS 0x00000000ed200000, 0x00000000ed200000| Untracked 
| 211|0x00000000ed300000, 0x00000000ed300000, 0x00000000ed400000|  0%| F|  |TAMS 0x00000000ed300000, 0x00000000ed300000| Untracked 
| 212|0x00000000ed400000, 0x00000000ed400000, 0x00000000ed500000|  0%| F|  |TAMS 0x00000000ed400000, 0x00000000ed400000| Untracked 
| 213|0x00000000ed500000, 0x00000000ed56d398, 0x00000000ed600000| 42%| E|  |TAMS 0x00000000ed500000, 0x00000000ed500000| Complete 
| 214|0x00000000ed600000, 0x00000000ed700000, 0x00000000ed700000|100%| E|CS|TAMS 0x00000000ed600000, 0x00000000ed600000| Complete 
| 215|0x00000000ed700000, 0x00000000ed800000, 0x00000000ed800000|100%| E|CS|TAMS 0x00000000ed700000, 0x00000000ed700000| Complete 
| 216|0x00000000ed800000, 0x00000000ed900000, 0x00000000ed900000|100%| E|CS|TAMS 0x00000000ed800000, 0x00000000ed800000| Complete 
| 217|0x00000000ed900000, 0x00000000eda00000, 0x00000000eda00000|100%| E|  |TAMS 0x00000000ed900000, 0x00000000ed900000| Complete 
| 218|0x00000000eda00000, 0x00000000edb00000, 0x00000000edb00000|100%| E|CS|TAMS 0x00000000eda00000, 0x00000000eda00000| Complete 
| 219|0x00000000edb00000, 0x00000000edc00000, 0x00000000edc00000|100%| E|CS|TAMS 0x00000000edb00000, 0x00000000edb00000| Complete 
| 220|0x00000000edc00000, 0x00000000edd00000, 0x00000000edd00000|100%| E|CS|TAMS 0x00000000edc00000, 0x00000000edc00000| Complete 
| 221|0x00000000edd00000, 0x00000000ede00000, 0x00000000ede00000|100%| E|CS|TAMS 0x00000000edd00000, 0x00000000edd00000| Complete 
| 222|0x00000000ede00000, 0x00000000edf00000, 0x00000000edf00000|100%| E|CS|TAMS 0x00000000ede00000, 0x00000000ede00000| Complete 
| 223|0x00000000edf00000, 0x00000000ee000000, 0x00000000ee000000|100%| E|CS|TAMS 0x00000000edf00000, 0x00000000edf00000| Complete 
| 224|0x00000000ee000000, 0x00000000ee100000, 0x00000000ee100000|100%| E|CS|TAMS 0x00000000ee000000, 0x00000000ee000000| Complete 
| 225|0x00000000ee100000, 0x00000000ee200000, 0x00000000ee200000|100%| E|CS|TAMS 0x00000000ee100000, 0x00000000ee100000| Complete 
| 226|0x00000000ee200000, 0x00000000ee300000, 0x00000000ee300000|100%| E|CS|TAMS 0x00000000ee200000, 0x00000000ee200000| Complete 
| 227|0x00000000ee300000, 0x00000000ee400000, 0x00000000ee400000|100%| E|CS|TAMS 0x00000000ee300000, 0x00000000ee300000| Complete 
| 228|0x00000000ee400000, 0x00000000ee500000, 0x00000000ee500000|100%| E|CS|TAMS 0x00000000ee400000, 0x00000000ee400000| Complete 
| 229|0x00000000ee500000, 0x00000000ee600000, 0x00000000ee600000|100%| E|CS|TAMS 0x00000000ee500000, 0x00000000ee500000| Complete 
| 230|0x00000000ee600000, 0x00000000ee700000, 0x00000000ee700000|100%| E|CS|TAMS 0x00000000ee600000, 0x00000000ee600000| Complete 
| 231|0x00000000ee700000, 0x00000000ee800000, 0x00000000ee800000|100%| E|CS|TAMS 0x00000000ee700000, 0x00000000ee700000| Complete 
| 232|0x00000000ee800000, 0x00000000ee900000, 0x00000000ee900000|100%| E|CS|TAMS 0x00000000ee800000, 0x00000000ee800000| Complete 
| 233|0x00000000ee900000, 0x00000000eea00000, 0x00000000eea00000|100%| E|CS|TAMS 0x00000000ee900000, 0x00000000ee900000| Complete 
| 234|0x00000000eea00000, 0x00000000eeb00000, 0x00000000eeb00000|100%| E|CS|TAMS 0x00000000eea00000, 0x00000000eea00000| Complete 
| 235|0x00000000eeb00000, 0x00000000eec00000, 0x00000000eec00000|100%| E|CS|TAMS 0x00000000eeb00000, 0x00000000eeb00000| Complete 
| 236|0x00000000eec00000, 0x00000000eed00000, 0x00000000eed00000|100%| E|CS|TAMS 0x00000000eec00000, 0x00000000eec00000| Complete 
| 237|0x00000000eed00000, 0x00000000eee00000, 0x00000000eee00000|100%| E|CS|TAMS 0x00000000eed00000, 0x00000000eed00000| Complete 
| 238|0x00000000eee00000, 0x00000000eef00000, 0x00000000eef00000|100%| E|CS|TAMS 0x00000000eee00000, 0x00000000eee00000| Complete 
| 239|0x00000000eef00000, 0x00000000ef000000, 0x00000000ef000000|100%| E|CS|TAMS 0x00000000eef00000, 0x00000000eef00000| Complete 
| 240|0x00000000ef000000, 0x00000000ef100000, 0x00000000ef100000|100%| E|CS|TAMS 0x00000000ef000000, 0x00000000ef000000| Complete 
| 241|0x00000000ef100000, 0x00000000ef200000, 0x00000000ef200000|100%| E|CS|TAMS 0x00000000ef100000, 0x00000000ef100000| Complete 
| 242|0x00000000ef200000, 0x00000000ef300000, 0x00000000ef300000|100%| E|CS|TAMS 0x00000000ef200000, 0x00000000ef200000| Complete 
| 243|0x00000000ef300000, 0x00000000ef400000, 0x00000000ef400000|100%| E|CS|TAMS 0x00000000ef300000, 0x00000000ef300000| Complete 
| 244|0x00000000ef400000, 0x00000000ef500000, 0x00000000ef500000|100%| E|CS|TAMS 0x00000000ef400000, 0x00000000ef400000| Complete 
| 245|0x00000000ef500000, 0x00000000ef600000, 0x00000000ef600000|100%| E|CS|TAMS 0x00000000ef500000, 0x00000000ef500000| Complete 
| 246|0x00000000ef600000, 0x00000000ef700000, 0x00000000ef700000|100%| E|CS|TAMS 0x00000000ef600000, 0x00000000ef600000| Complete 
| 247|0x00000000ef700000, 0x00000000ef800000, 0x00000000ef800000|100%| E|CS|TAMS 0x00000000ef700000, 0x00000000ef700000| Complete 
| 248|0x00000000ef800000, 0x00000000ef900000, 0x00000000ef900000|100%| E|CS|TAMS 0x00000000ef800000, 0x00000000ef800000| Complete 
| 249|0x00000000ef900000, 0x00000000efa00000, 0x00000000efa00000|100%| E|CS|TAMS 0x00000000ef900000, 0x00000000ef900000| Complete 
| 250|0x00000000efa00000, 0x00000000efb00000, 0x00000000efb00000|100%| E|CS|TAMS 0x00000000efa00000, 0x00000000efa00000| Complete 
| 251|0x00000000efb00000, 0x00000000efc00000, 0x00000000efc00000|100%| E|CS|TAMS 0x00000000efb00000, 0x00000000efb00000| Complete 
| 252|0x00000000efc00000, 0x00000000efd00000, 0x00000000efd00000|100%| E|CS|TAMS 0x00000000efc00000, 0x00000000efc00000| Complete 
| 253|0x00000000efd00000, 0x00000000efe00000, 0x00000000efe00000|100%| E|CS|TAMS 0x00000000efd00000, 0x00000000efd00000| Complete 
| 254|0x00000000efe00000, 0x00000000eff00000, 0x00000000eff00000|100%| E|CS|TAMS 0x00000000efe00000, 0x00000000efe00000| Complete 
| 255|0x00000000eff00000, 0x00000000f0000000, 0x00000000f0000000|100%| E|CS|TAMS 0x00000000eff00000, 0x00000000eff00000| Complete 

Card table byte_map: [0x00000215c7600000,0x00000215c7700000] _byte_map_base: 0x00000215c6f00000

Marking Bits (Prev, Next): (CMBitMap*) 0x00000215aec04bd0, (CMBitMap*) 0x00000215aec04c10
 Prev Bits: [0x00000215c7800000, 0x00000215c8000000)
 Next Bits: [0x00000215c8000000, 0x00000215c8800000)

Polling page: 0x00000215aecb0000

Metaspace:

Usage:
  Non-class:     46.04 MB used.
      Class:      7.19 MB used.
       Both:     53.23 MB used.

Virtual space:
  Non-class space:       64.00 MB reserved,      46.38 MB ( 72%) committed,  1 nodes.
      Class space:      208.00 MB reserved,       7.50 MB (  4%) committed,  1 nodes.
             Both:      272.00 MB reserved,      53.88 MB ( 20%) committed. 

Chunk freelists:
   Non-Class:  1.31 MB
       Class:  8.50 MB
        Both:  9.81 MB

MaxMetaspaceSize: 256.00 MB
CompressedClassSpaceSize: 208.00 MB
Initial GC threshold: 21.00 MB
Current GC threshold: 59.63 MB
CDS: on
MetaspaceReclaimPolicy: balanced
 - commit_granule_bytes: 65536.
 - commit_granule_words: 8192.
 - virtual_space_node_default_size: 8388608.
 - enlarge_chunks_in_place: 1.
 - new_chunks_are_fully_committed: 0.
 - uncommit_free_chunks: 1.
 - use_allocation_guard: 0.
 - handle_deallocations: 1.


Internal statistics:

num_allocs_failed_limit: 9.
num_arena_births: 884.
num_arena_deaths: 0.
num_vsnodes_births: 2.
num_vsnodes_deaths: 0.
num_space_committed: 862.
num_space_uncommitted: 0.
num_chunks_returned_to_freelist: 9.
num_chunks_taken_from_freelist: 3195.
num_chunk_merges: 9.
num_chunk_splits: 1988.
num_chunks_enlarged: 1179.
num_inconsistent_stats: 0.

CodeHeap 'non-profiled nmethods': size=120000Kb used=9229Kb max_used=9229Kb free=110770Kb
 bounds [0x00000215bf990000, 0x00000215c02a0000, 0x00000215c6ec0000]
CodeHeap 'profiled nmethods': size=120000Kb used=23584Kb max_used=23584Kb free=96415Kb
 bounds [0x00000215b7ec0000, 0x00000215b95d0000, 0x00000215bf3f0000]
CodeHeap 'non-nmethods': size=5760Kb used=2329Kb max_used=2457Kb free=3430Kb
 bounds [0x00000215bf3f0000, 0x00000215bf680000, 0x00000215bf990000]
 total_blobs=12466 nmethods=11618 adapters=760
 compilation: enabled
              stopped_count=0, restarted_count=0
 full_count=0

Compilation events (20 events):
Event: 998.847 Thread 0x00000215cae256a0 nmethod 13031% 0x00000215c028f490 code [0x00000215c028f620, 0x00000215c028fd98]
Event: 998.850 Thread 0x00000215cae2a070 13034       3       org.gradle.internal.io.StreamByteBuffer$StreamByteBufferInputStream::read (19 bytes)
Event: 998.850 Thread 0x00000215cae2a070 nmethod 13034 0x00000215b95c6010 code [0x00000215b95c61c0, 0x00000215b95c6398]
Event: 998.851 Thread 0x00000215cae256a0 13035       4       java.lang.reflect.Constructor::newInstance (34 bytes)
Event: 998.854 Thread 0x00000215cae2a070 13038       3       java.io.ObjectStreamClass::getMethodSignature (55 bytes)
Event: 998.855 Thread 0x00000215cae2a070 nmethod 13038 0x00000215b95c6510 code [0x00000215b95c6740, 0x00000215b95c6dc8]
Event: 998.860 Thread 0x00000215cae2a070 13040       3       java.lang.reflect.Constructor::getExceptionTypes (11 bytes)
Event: 998.860 Thread 0x00000215cae2a070 nmethod 13040 0x00000215b95c7090 code [0x00000215b95c7240, 0x00000215b95c7508]
Event: 998.861 Thread 0x00000215cae2a070 13041       3       jdk.internal.misc.Unsafe::objectFieldOffset (18 bytes)
Event: 998.861 Thread 0x00000215cae2a070 nmethod 13041 0x00000215b95c7610 code [0x00000215b95c77c0, 0x00000215b95c79f8]
Event: 998.862 Thread 0x00000215cae256a0 nmethod 13035 0x00000215c0290390 code [0x00000215c0290580, 0x00000215c0290ec0]
Event: 998.862 Thread 0x00000215cae256a0 13037 %     4       sun.security.provider.SHA::implCompress0 @ 137 (506 bytes)
Event: 998.880 Thread 0x00000215cae256a0 nmethod 13037% 0x00000215c0291410 code [0x00000215c02915a0, 0x00000215c0291f58]
Event: 998.880 Thread 0x00000215cae256a0 13039       4       java.io.DataOutputStream::writeUTF (411 bytes)
Event: 998.890 Thread 0x00000215cae256a0 nmethod 13039 0x00000215c0292190 code [0x00000215c0292360, 0x00000215c0292c98]
Event: 998.890 Thread 0x00000215cae256a0 13036       4       java.security.MessageDigest::update (14 bytes)
Event: 998.892 Thread 0x00000215cae256a0 nmethod 13036 0x00000215c0293210 code [0x00000215c0293380, 0x00000215c0293438]
Event: 998.980 Thread 0x00000215cae256a0 13043   !   4       jdk.internal.loader.Resource::getBytes (244 bytes)
Event: 998.991 Thread 0x00000215cae2a070 13044  s    3       java.util.jar.JarFile::getInputStream (72 bytes)
Event: 998.992 Thread 0x00000215cae2a070 nmethod 13044 0x00000215b95c7b10 code [0x00000215b95c7d40, 0x00000215b95c8298]

GC Heap History (20 events):
Event: 84.220 GC heap before
{Heap before GC invocations=13 (full 0):
 garbage-first heap   total 262144K, used 196408K [0x00000000e0000000, 0x0000000100000000)
  region size 1024K, 153 young (156672K), 17 survivors (17408K)
 Metaspace       used 52318K, committed 52928K, reserved 278528K
  class space    used 7141K, committed 7424K, reserved 212992K
}
Event: 84.236 GC heap after
{Heap after GC invocations=14 (full 0):
 garbage-first heap   total 262144K, used 56698K [0x00000000e0000000, 0x0000000100000000)
  region size 1024K, 10 young (10240K), 10 survivors (10240K)
 Metaspace       used 52318K, committed 52928K, reserved 278528K
  class space    used 7141K, committed 7424K, reserved 212992K
}
Event: 114.990 GC heap before
{Heap before GC invocations=14 (full 0):
 garbage-first heap   total 262144K, used 202106K [0x00000000e0000000, 0x0000000100000000)
  region size 1024K, 153 young (156672K), 10 survivors (10240K)
 Metaspace       used 52620K, committed 53312K, reserved 278528K
  class space    used 7153K, committed 7488K, reserved 212992K
}
Event: 115.005 GC heap after
{Heap after GC invocations=15 (full 0):
 garbage-first heap   total 262144K, used 58229K [0x00000000e0000000, 0x0000000100000000)
  region size 1024K, 12 young (12288K), 12 survivors (12288K)
 Metaspace       used 52620K, committed 53312K, reserved 278528K
  class space    used 7153K, committed 7488K, reserved 212992K
}
Event: 144.485 GC heap before
{Heap before GC invocations=15 (full 0):
 garbage-first heap   total 262144K, used 202613K [0x00000000e0000000, 0x0000000100000000)
  region size 1024K, 153 young (156672K), 12 survivors (12288K)
 Metaspace       used 52749K, committed 53376K, reserved 278528K
  class space    used 7155K, committed 7488K, reserved 212992K
}
Event: 144.487 GC heap after
{Heap after GC invocations=16 (full 0):
 garbage-first heap   total 262144K, used 49886K [0x00000000e0000000, 0x0000000100000000)
  region size 1024K, 2 young (2048K), 2 survivors (2048K)
 Metaspace       used 52749K, committed 53376K, reserved 278528K
  class space    used 7155K, committed 7488K, reserved 212992K
}
Event: 164.846 GC heap before
{Heap before GC invocations=16 (full 0):
 garbage-first heap   total 262144K, used 203486K [0x00000000e0000000, 0x0000000100000000)
  region size 1024K, 153 young (156672K), 2 survivors (2048K)
 Metaspace       used 53060K, committed 53696K, reserved 278528K
  class space    used 7178K, committed 7488K, reserved 212992K
}
Event: 164.858 GC heap after
{Heap after GC invocations=17 (full 0):
 garbage-first heap   total 262144K, used 60544K [0x00000000e0000000, 0x0000000100000000)
  region size 1024K, 13 young (13312K), 13 survivors (13312K)
 Metaspace       used 53060K, committed 53696K, reserved 278528K
  class space    used 7178K, committed 7488K, reserved 212992K
}
Event: 165.663 GC heap before
{Heap before GC invocations=17 (full 0):
 garbage-first heap   total 262144K, used 203904K [0x00000000e0000000, 0x0000000100000000)
  region size 1024K, 153 young (156672K), 13 survivors (13312K)
 Metaspace       used 53070K, committed 53696K, reserved 278528K
  class space    used 7178K, committed 7488K, reserved 212992K
}
Event: 165.683 GC heap after
{Heap after GC invocations=18 (full 0):
 garbage-first heap   total 262144K, used 69549K [0x00000000e0000000, 0x0000000100000000)
  region size 1024K, 9 young (9216K), 9 survivors (9216K)
 Metaspace       used 53070K, committed 53696K, reserved 278528K
  class space    used 7178K, committed 7488K, reserved 212992K
}
Event: 486.170 GC heap before
{Heap before GC invocations=18 (full 0):
 garbage-first heap   total 262144K, used 209837K [0x00000000e0000000, 0x0000000100000000)
  region size 1024K, 147 young (150528K), 9 survivors (9216K)
 Metaspace       used 53410K, committed 54080K, reserved 278528K
  class space    used 7199K, committed 7552K, reserved 212992K
}
Event: 486.191 GC heap after
{Heap after GC invocations=19 (full 0):
 garbage-first heap   total 262144K, used 79216K [0x00000000e0000000, 0x0000000100000000)
  region size 1024K, 19 young (19456K), 19 survivors (19456K)
 Metaspace       used 53410K, committed 54080K, reserved 278528K
  class space    used 7199K, committed 7552K, reserved 212992K
}
Event: 487.255 GC heap before
{Heap before GC invocations=19 (full 0):
 garbage-first heap   total 262144K, used 209264K [0x00000000e0000000, 0x0000000100000000)
  region size 1024K, 146 young (149504K), 19 survivors (19456K)
 Metaspace       used 53419K, committed 54144K, reserved 278528K
  class space    used 7200K, committed 7552K, reserved 212992K
}
Event: 487.276 GC heap after
{Heap after GC invocations=20 (full 0):
 garbage-first heap   total 262144K, used 87782K [0x00000000e0000000, 0x0000000100000000)
  region size 1024K, 9 young (9216K), 9 survivors (9216K)
 Metaspace       used 53419K, committed 54144K, reserved 278528K
  class space    used 7200K, committed 7552K, reserved 212992K
}
Event: 722.420 GC heap before
{Heap before GC invocations=20 (full 0):
 garbage-first heap   total 262144K, used 209638K [0x00000000e0000000, 0x0000000100000000)
  region size 1024K, 128 young (131072K), 9 survivors (9216K)
 Metaspace       used 53597K, committed 54272K, reserved 278528K
  class space    used 7210K, committed 7552K, reserved 212992K
}
Event: 722.433 GC heap after
{Heap after GC invocations=21 (full 0):
 garbage-first heap   total 262144K, used 95462K [0x00000000e0000000, 0x0000000100000000)
  region size 1024K, 16 young (16384K), 16 survivors (16384K)
 Metaspace       used 53597K, committed 54272K, reserved 278528K
  class space    used 7210K, committed 7552K, reserved 212992K
}
Event: 723.346 GC heap before
{Heap before GC invocations=21 (full 0):
 garbage-first heap   total 262144K, used 209126K [0x00000000e0000000, 0x0000000100000000)
  region size 1024K, 128 young (131072K), 16 survivors (16384K)
 Metaspace       used 53602K, committed 54272K, reserved 278528K
  class space    used 7210K, committed 7552K, reserved 212992K
}
Event: 723.363 GC heap after
{Heap after GC invocations=22 (full 0):
 garbage-first heap   total 262144K, used 102580K [0x00000000e0000000, 0x0000000100000000)
  region size 1024K, 15 young (15360K), 15 survivors (15360K)
 Metaspace       used 53602K, committed 54272K, reserved 278528K
  class space    used 7210K, committed 7552K, reserved 212992K
}
Event: 724.123 GC heap before
{Heap before GC invocations=22 (full 0):
 garbage-first heap   total 262144K, used 211124K [0x00000000e0000000, 0x0000000100000000)
  region size 1024K, 121 young (123904K), 15 survivors (15360K)
 Metaspace       used 53605K, committed 54336K, reserved 278528K
  class space    used 7211K, committed 7552K, reserved 212992K
}
Event: 724.138 GC heap after
{Heap after GC invocations=23 (full 0):
 garbage-first heap   total 262144K, used 109727K [0x00000000e0000000, 0x0000000100000000)
  region size 1024K, 15 young (15360K), 15 survivors (15360K)
 Metaspace       used 53605K, committed 54336K, reserved 278528K
  class space    used 7211K, committed 7552K, reserved 212992K
}

Dll operation events (12 events):
Event: 0.015 Loaded shared library C:\Users\rojas\.jdks\corretto-17.0.7\bin\java.dll
Event: 0.027 Loaded shared library C:\Users\rojas\.jdks\corretto-17.0.7\bin\jsvml.dll
Event: 0.087 Loaded shared library C:\Users\rojas\.jdks\corretto-17.0.7\bin\net.dll
Event: 0.089 Loaded shared library C:\Users\rojas\.jdks\corretto-17.0.7\bin\nio.dll
Event: 0.104 Loaded shared library C:\Users\rojas\.jdks\corretto-17.0.7\bin\zip.dll
Event: 4.899 Loaded shared library C:\Users\rojas\.jdks\corretto-17.0.7\bin\jimage.dll
Event: 7.111 Loaded shared library C:\Users\rojas\.jdks\corretto-17.0.7\bin\verify.dll
Event: 12.564 Loaded shared library C:\Users\rojas\.gradle\native\68d5fa5c4cc2d200863cafc0d521ce42e7d3e7ee720ec0a83991735586a16f82\windows-amd64\native-platform.dll
Event: 12.671 Loaded shared library C:\Users\rojas\.gradle\native\e376f236ea51e6404a007f0833ffe2c6e607c4080706a723a18a27aeea778392\windows-amd64\native-platform-file-events.dll
Event: 19.368 Loaded shared library C:\Users\rojas\.jdks\corretto-17.0.7\bin\management.dll
Event: 19.404 Loaded shared library C:\Users\rojas\.jdks\corretto-17.0.7\bin\management_ext.dll
Event: 20.068 Loaded shared library C:\Users\rojas\.jdks\corretto-17.0.7\bin\sunmscapi.dll

Deoptimization events (20 events):
Event: 998.306 Thread 0x00000215d18e3c10 Uncommon trap: trap_request=0xffffff45 fr.pc=0x00000215bfbc005c relative=0x0000000000001bbc
Event: 998.306 Thread 0x00000215d18e3c10 Uncommon trap: reason=unstable_if action=reinterpret pc=0x00000215bfbc005c method=java.util.zip.ZipFile.getInputStream(Ljava/util/zip/ZipEntry;)Ljava/io/InputStream; @ 101 c2
Event: 998.306 Thread 0x00000215d18e3c10 DEOPT PACKING pc=0x00000215bfbc005c sp=0x000000f7879fbf60
Event: 998.306 Thread 0x00000215d18e3c10 DEOPT UNPACKING pc=0x00000215bf4469a3 sp=0x000000f7879fbeb0 mode 2
Event: 998.306 Thread 0x00000215d18e3c10 Uncommon trap: trap_request=0xffffff76 fr.pc=0x00000215bfc134dc relative=0x000000000000083c
Event: 998.306 Thread 0x00000215d18e3c10 Uncommon trap: reason=predicate action=maybe_recompile pc=0x00000215bfc134dc method=jdk.internal.loader.Resource.getBytes()[B @ 50 c2
Event: 998.306 Thread 0x00000215d18e3c10 DEOPT PACKING pc=0x00000215bfc134dc sp=0x000000f7879fbfb0
Event: 998.306 Thread 0x00000215d18e3c10 DEOPT UNPACKING pc=0x00000215bf4469a3 sp=0x000000f7879fbf40 mode 2
Event: 998.309 Thread 0x00000215d18e3c10 Uncommon trap: trap_request=0xffffff45 fr.pc=0x00000215bfa13964 relative=0x0000000000002124
Event: 998.309 Thread 0x00000215d18e3c10 Uncommon trap: reason=unstable_if action=reinterpret pc=0x00000215bfa13964 method=java.net.URLClassLoader.getAndVerifyPackage(Ljava/lang/String;Ljava/util/jar/Manifest;Ljava/net/URL;)Ljava/lang/Package; @ 62 c2
Event: 998.309 Thread 0x00000215d18e3c10 DEOPT PACKING pc=0x00000215bfa13964 sp=0x000000f7879fbac0
Event: 998.309 Thread 0x00000215d18e3c10 DEOPT UNPACKING pc=0x00000215bf4469a3 sp=0x000000f7879fbac8 mode 2
Event: 998.536 Thread 0x00000215d18e3c10 DEOPT PACKING pc=0x00000215b80ecb61 sp=0x000000f7879f83b0
Event: 998.536 Thread 0x00000215d18e3c10 DEOPT UNPACKING pc=0x00000215bf447143 sp=0x000000f7879f7930 mode 0
Event: 998.690 Thread 0x00000215d18e3c10 DEOPT PACKING pc=0x00000215b80ecb61 sp=0x000000f7879f9810
Event: 998.690 Thread 0x00000215d18e3c10 DEOPT UNPACKING pc=0x00000215bf447143 sp=0x000000f7879f8d90 mode 0
Event: 998.975 Thread 0x00000215d18e3c10 Uncommon trap: trap_request=0xffffff45 fr.pc=0x00000215bfcd76e4 relative=0x0000000000002344
Event: 998.975 Thread 0x00000215d18e3c10 Uncommon trap: reason=unstable_if action=reinterpret pc=0x00000215bfcd76e4 method=java.util.regex.Pattern.sequence(Ljava/util/regex/Pattern$Node;)Ljava/util/regex/Pattern$Node; @ 144 c2
Event: 998.975 Thread 0x00000215d18e3c10 DEOPT PACKING pc=0x00000215bfcd76e4 sp=0x000000f7879fc310
Event: 998.975 Thread 0x00000215d18e3c10 DEOPT UNPACKING pc=0x00000215bf4469a3 sp=0x000000f7879fc2c0 mode 2

Classes unloaded (0 events):
No events

Classes redefined (0 events):
No events

Internal exceptions (20 events):
Event: 998.833 Thread 0x00000215d18e3c10 Exception <a 'java/lang/NoSuchMethodError'{0x00000000ed72dc18}: static Lorg/jetbrains/plugins/gradle/model/ExternalProject;.<clinit>()V> (0x00000000ed72dc18) 
thrown [s\src\hotspot\share\prims\jni.cpp, line 1107]
Event: 998.848 Thread 0x00000215d18e3c10 Exception <a 'java/lang/NoSuchMethodError'{0x00000000ed747280}: static Lorg/jetbrains/plugins/gradle/model/BuildScriptClasspathModel;.<clinit>()V> (0x00000000ed747280) 
thrown [s\src\hotspot\share\prims\jni.cpp, line 1107]
Event: 998.848 Thread 0x00000215d18e3c10 Exception <a 'java/lang/NoSuchMethodError'{0x00000000ed7520d8}: static Lorg/jetbrains/plugins/gradle/model/GradleExtensions;.<clinit>()V> (0x00000000ed7520d8) 
thrown [s\src\hotspot\share\prims\jni.cpp, line 1107]
Event: 998.849 Thread 0x00000215d18e3c10 Exception <a 'java/lang/NoSuchMethodError'{0x00000000ed75ce20}: static Lorg/jetbrains/plugins/gradle/model/tests/ExternalTestsModel;.<clinit>()V> (0x00000000ed75ce20) 
thrown [s\src\hotspot\share\prims\jni.cpp, line 1107]
Event: 998.850 Thread 0x00000215d18e3c10 Exception <a 'java/lang/NoSuchMethodError'{0x00000000ed769658}: static Lorg/jetbrains/plugins/gradle/model/IntelliJProjectSettings;.<clinit>()V> (0x00000000ed769658) 
thrown [s\src\hotspot\share\prims\jni.cpp, line 1107]
Event: 998.850 Thread 0x00000215d18e3c10 Exception <a 'java/lang/NoSuchMethodError'{0x00000000ed7712f8}: static Lorg/jetbrains/plugins/gradle/model/IntelliJSettings;.<clinit>()V> (0x00000000ed7712f8) 
thrown [s\src\hotspot\share\prims\jni.cpp, line 1107]
Event: 998.851 Thread 0x00000215d18e3c10 Exception <a 'java/lang/NoSuchMethodError'{0x00000000ed77b5a0}: static Lorg/jetbrains/plugins/gradle/model/DependencyAccessorsModel;.<clinit>()V> (0x00000000ed77b5a0) 
thrown [s\src\hotspot\share\prims\jni.cpp, line 1107]
Event: 998.852 Thread 0x00000215d18e3c10 Exception <a 'java/lang/NoSuchMethodError'{0x00000000ed788d38}: static Lorg/jetbrains/kotlin/idea/gradleTooling/model/lombok/LombokModel;.<clinit>()V> (0x00000000ed788d38) 
thrown [s\src\hotspot\share\prims\jni.cpp, line 1107]
Event: 998.853 Thread 0x00000215d18e3c10 Exception <a 'java/lang/NoSuchMethodError'{0x00000000ed7974f8}: static Lorg/jetbrains/kotlin/idea/gradleTooling/PrepareKotlinIdeImportTaskModel;.<clinit>()V> (0x00000000ed7974f8) 
thrown [s\src\hotspot\share\prims\jni.cpp, line 1107]
Event: 998.854 Thread 0x00000215d18e3c10 Exception <a 'java/lang/NoSuchMethodError'{0x00000000ed7a2fb8}: static Lorg/jetbrains/plugins/gradle/model/FileCollectionDependency;.<clinit>()V> (0x00000000ed7a2fb8) 
thrown [s\src\hotspot\share\prims\jni.cpp, line 1107]
Event: 998.854 Thread 0x00000215d18e3c10 Exception <a 'java/lang/NoSuchMethodError'{0x00000000ed7ac6a8}: static Lorg/jetbrains/plugins/gradle/model/ExternalProjectDependency;.<clinit>()V> (0x00000000ed7ac6a8) 
thrown [s\src\hotspot\share\prims\jni.cpp, line 1107]
Event: 998.856 Thread 0x00000215d18e3c10 Exception <a 'java/lang/NoSuchMethodError'{0x00000000ed7b61d0}: static Lorg/jetbrains/plugins/gradle/model/ExternalLibraryDependency;.<clinit>()V> (0x00000000ed7b61d0) 
thrown [s\src\hotspot\share\prims\jni.cpp, line 1107]
Event: 998.857 Thread 0x00000215d18e3c10 Exception <a 'java/lang/NoSuchMethodError'{0x00000000ed7bf670}: static Lorg/jetbrains/plugins/gradle/model/UnresolvedExternalDependency;.<clinit>()V> (0x00000000ed7bf670) 
thrown [s\src\hotspot\share\prims\jni.cpp, line 1107]
Event: 998.869 Thread 0x00000215d18e3c10 Exception <a 'java/lang/NoSuchMethodError'{0x00000000ed6534e0}: static Lorg/gradle/tooling/internal/consumer/versioning/VersionDetails;.<clinit>()V> (0x00000000ed6534e0) 
thrown [s\src\hotspot\share\prims\jni.cpp, line 1107]
Event: 998.869 Thread 0x00000215d18e3c10 Exception <a 'java/lang/NoSuchMethodError'{0x00000000ed655e88}: static Lorg/gradle/tooling/internal/consumer/versioning/VersionDetails$R26VersionDetails;.<clinit>()V> (0x00000000ed655e88) 
thrown [s\src\hotspot\share\prims\jni.cpp, line 1107]
Event: 998.869 Thread 0x00000215d18e3c10 Exception <a 'java/lang/NoSuchMethodError'{0x00000000ed657400}: static Lorg/gradle/tooling/internal/consumer/versioning/VersionDetails$R28VersionDetails;.<clinit>()V> (0x00000000ed657400) 
thrown [s\src\hotspot\share\prims\jni.cpp, line 1107]
Event: 998.869 Thread 0x00000215d18e3c10 Exception <a 'java/lang/NoSuchMethodError'{0x00000000ed658bf0}: static Lorg/gradle/tooling/internal/consumer/versioning/VersionDetails$R35VersionDetails;.<clinit>()V> (0x00000000ed658bf0) 
thrown [s\src\hotspot\share\prims\jni.cpp, line 1107]
Event: 998.869 Thread 0x00000215d18e3c10 Exception <a 'java/lang/NoSuchMethodError'{0x00000000ed65a2c0}: static Lorg/gradle/tooling/internal/consumer/versioning/VersionDetails$R44VersionDetails;.<clinit>()V> (0x00000000ed65a2c0) 
thrown [s\src\hotspot\share\prims\jni.cpp, line 1107]
Event: 998.869 Thread 0x00000215d18e3c10 Exception <a 'java/lang/NoSuchMethodError'{0x00000000ed65b8c8}: static Lorg/gradle/tooling/internal/consumer/versioning/VersionDetails$R48VersionDetails;.<clinit>()V> (0x00000000ed65b8c8) 
thrown [s\src\hotspot\share\prims\jni.cpp, line 1107]
Event: 998.869 Thread 0x00000215d18e3c10 Exception <a 'java/lang/NoSuchMethodError'{0x00000000ed65cac8}: static Lorg/gradle/tooling/internal/consumer/versioning/VersionDetails$R51VersionDetails;.<clinit>()V> (0x00000000ed65cac8) 
thrown [s\src\hotspot\share\prims\jni.cpp, line 1107]

VM Operations (20 events):
Event: 860.235 Executing VM operation: Cleanup
Event: 860.235 Executing VM operation: Cleanup done
Event: 876.348 Executing VM operation: Cleanup
Event: 876.348 Executing VM operation: Cleanup done
Event: 908.671 Executing VM operation: Cleanup
Event: 908.671 Executing VM operation: Cleanup done
Event: 910.698 Executing VM operation: Cleanup
Event: 910.698 Executing VM operation: Cleanup done
Event: 985.310 Executing VM operation: Cleanup
Event: 985.310 Executing VM operation: Cleanup done
Event: 990.346 Executing VM operation: Cleanup
Event: 990.346 Executing VM operation: Cleanup done
Event: 994.391 Executing VM operation: Cleanup
Event: 994.391 Executing VM operation: Cleanup done
Event: 997.258 Executing VM operation: HandshakeAllThreads
Event: 997.259 Executing VM operation: HandshakeAllThreads done
Event: 997.259 Executing VM operation: Cleanup
Event: 997.259 Executing VM operation: Cleanup done
Event: 998.273 Executing VM operation: Cleanup
Event: 998.274 Executing VM operation: Cleanup done

Events (20 events):
Event: 996.806 Thread 0x00000215d18e3740 Thread exited: 0x00000215d18e3740
Event: 996.861 Thread 0x00000215cf7bbf80 Thread exited: 0x00000215cf7bbf80
Event: 996.900 Thread 0x00000215d18e5420 Thread exited: 0x00000215d18e5420
Event: 996.920 Thread 0x00000215d18e5dc0 Thread exited: 0x00000215d18e5dc0
Event: 996.920 loading class sun/net/ConnectionResetException
Event: 996.921 Thread 0x00000215d18e10c0 Thread exited: 0x00000215d18e10c0
Event: 996.921 Thread 0x00000215cf7bc920 Thread exited: 0x00000215cf7bc920
Event: 996.976 loading class sun/net/ConnectionResetException done
Event: 996.995 Thread 0x00000215d18e7aa0 Thread exited: 0x00000215d18e7aa0
Event: 997.018 Thread 0x00000215d18e3c10 Thread added: 0x00000215d18e3c10
Event: 997.041 Thread 0x00000215d18e4f50 Thread exited: 0x00000215d18e4f50
Event: 997.051 Thread 0x00000215d18e7100 Thread added: 0x00000215d18e7100
Event: 997.057 Thread 0x00000215d18e40e0 Thread added: 0x00000215d18e40e0
Event: 997.058 Thread 0x00000215d18e58f0 Thread added: 0x00000215d18e58f0
Event: 997.259 loading class java/lang/Short$ShortCache
Event: 997.300 loading class java/lang/Short$ShortCache done
Event: 999.026 loading class java/util/concurrent/Executors$FinalizableDelegatedExecutorService
Event: 999.031 loading class java/util/concurrent/Executors$DelegatedExecutorService
Event: 999.037 loading class java/util/concurrent/Executors$DelegatedExecutorService done
Event: 999.037 loading class java/util/concurrent/Executors$FinalizableDelegatedExecutorService done


Dynamic libraries:
0x00007ff6449d0000 - 0x00007ff6449dd000 	C:\Users\rojas\.jdks\corretto-17.0.7\bin\java.exe
0x00007ffb179f0000 - 0x00007ffb17be8000 	C:\Windows\SYSTEM32\ntdll.dll
0x00007ffb17610000 - 0x00007ffb176cd000 	C:\Windows\System32\KERNEL32.DLL
0x00007ffb153e0000 - 0x00007ffb156d6000 	C:\Windows\System32\KERNELBASE.dll
0x00007ffb15950000 - 0x00007ffb15a50000 	C:\Windows\System32\ucrtbase.dll
0x00007ffaef2f0000 - 0x00007ffaef305000 	C:\Users\rojas\.jdks\corretto-17.0.7\bin\VCRUNTIME140.dll
0x00007ffae7670000 - 0x00007ffae7687000 	C:\Users\rojas\.jdks\corretto-17.0.7\bin\jli.dll
0x00007ffb16480000 - 0x00007ffb1661e000 	C:\Windows\System32\USER32.dll
0x00007ffb15170000 - 0x00007ffb15192000 	C:\Windows\System32\win32u.dll
0x00007ffb026f0000 - 0x00007ffb0298a000 	C:\Windows\WinSxS\amd64_microsoft.windows.common-controls_6595b64144ccf1df_6.0.19041.3636_none_60b6a03d71f818d5\COMCTL32.dll
0x00007ffb16620000 - 0x00007ffb1664c000 	C:\Windows\System32\GDI32.dll
0x00007ffb17570000 - 0x00007ffb1760e000 	C:\Windows\System32\msvcrt.dll
0x00007ffb156e0000 - 0x00007ffb157fa000 	C:\Windows\System32\gdi32full.dll
0x00007ffb150d0000 - 0x00007ffb1516d000 	C:\Windows\System32\msvcp_win.dll
0x00007ffb16980000 - 0x00007ffb169b0000 	C:\Windows\System32\IMM32.DLL
0x00007ffabdc50000 - 0x00007ffabdceb000 	C:\Users\rojas\.jdks\corretto-17.0.7\bin\msvcp140.dll
0x00007ffa94b80000 - 0x00007ffa9579a000 	C:\Users\rojas\.jdks\corretto-17.0.7\bin\server\jvm.dll
0x00007ffb173e0000 - 0x00007ffb1748e000 	C:\Windows\System32\ADVAPI32.dll
0x00007ffb163e0000 - 0x00007ffb1647c000 	C:\Windows\System32\sechost.dll
0x00007ffb17880000 - 0x00007ffb179a6000 	C:\Windows\System32\RPCRT4.dll
0x00007ffb10720000 - 0x00007ffb10729000 	C:\Windows\SYSTEM32\WSOCK32.dll
0x00007ffb16af0000 - 0x00007ffb16b5b000 	C:\Windows\System32\WS2_32.dll
0x00007ffb0f2e0000 - 0x00007ffb0f2ea000 	C:\Windows\SYSTEM32\VERSION.dll
0x00007ffb0dbc0000 - 0x00007ffb0dbe7000 	C:\Windows\SYSTEM32\WINMM.dll
0x00007ffb12fb0000 - 0x00007ffb12fc2000 	C:\Windows\SYSTEM32\kernel.appcore.dll
0x00007ffafeb20000 - 0x00007ffafeb2a000 	C:\Users\rojas\.jdks\corretto-17.0.7\bin\jimage.dll
0x00007ffb0d240000 - 0x00007ffb0d424000 	C:\Windows\SYSTEM32\DBGHELP.DLL
0x00007ffb0c6b0000 - 0x00007ffb0c6e4000 	C:\Windows\SYSTEM32\dbgcore.DLL
0x00007ffb15350000 - 0x00007ffb153d2000 	C:\Windows\System32\bcryptPrimitives.dll
0x00007ffae5c50000 - 0x00007ffae5c75000 	C:\Users\rojas\.jdks\corretto-17.0.7\bin\java.dll
0x00007ffab7cd0000 - 0x00007ffab7da6000 	C:\Users\rojas\.jdks\corretto-17.0.7\bin\jsvml.dll
0x00007ffb16c90000 - 0x00007ffb173d4000 	C:\Windows\System32\SHELL32.dll
0x00007ffb131b0000 - 0x00007ffb1394b000 	C:\Windows\SYSTEM32\windows.storage.dll
0x00007ffb15a60000 - 0x00007ffb15db4000 	C:\Windows\System32\combase.dll
0x00007ffb14aa0000 - 0x00007ffb14acd000 	C:\Windows\SYSTEM32\Wldp.dll
0x00007ffb168d0000 - 0x00007ffb1697d000 	C:\Windows\System32\SHCORE.dll
0x00007ffb16b60000 - 0x00007ffb16bb5000 	C:\Windows\System32\shlwapi.dll
0x00007ffb15000000 - 0x00007ffb15025000 	C:\Windows\SYSTEM32\profapi.dll
0x00007ffae67c0000 - 0x00007ffae67d9000 	C:\Users\rojas\.jdks\corretto-17.0.7\bin\net.dll
0x00007ffb0f960000 - 0x00007ffb0fa6a000 	C:\Windows\SYSTEM32\WINHTTP.dll
0x00007ffb147a0000 - 0x00007ffb1480a000 	C:\Windows\system32\mswsock.dll
0x00007ffae3790000 - 0x00007ffae37a5000 	C:\Users\rojas\.jdks\corretto-17.0.7\bin\nio.dll
0x00007ffae3360000 - 0x00007ffae3378000 	C:\Users\rojas\.jdks\corretto-17.0.7\bin\zip.dll
0x00007ffaf5890000 - 0x00007ffaf58a0000 	C:\Users\rojas\.jdks\corretto-17.0.7\bin\verify.dll
0x00007ffaf3e30000 - 0x00007ffaf3e57000 	C:\Users\rojas\.gradle\native\68d5fa5c4cc2d200863cafc0d521ce42e7d3e7ee720ec0a83991735586a16f82\windows-amd64\native-platform.dll
0x00007ffaa6ce0000 - 0x00007ffaa6e24000 	C:\Users\rojas\.gradle\native\e376f236ea51e6404a007f0833ffe2c6e607c4080706a723a18a27aeea778392\windows-amd64\native-platform-file-events.dll
0x00007ffb0a860000 - 0x00007ffb0a869000 	C:\Users\rojas\.jdks\corretto-17.0.7\bin\management.dll
0x00007ffaf48a0000 - 0x00007ffaf48ab000 	C:\Users\rojas\.jdks\corretto-17.0.7\bin\management_ext.dll
0x00007ffb15a50000 - 0x00007ffb15a58000 	C:\Windows\System32\PSAPI.DLL
0x00007ffb14990000 - 0x00007ffb149a8000 	C:\Windows\SYSTEM32\CRYPTSP.dll
0x00007ffb140d0000 - 0x00007ffb14104000 	C:\Windows\system32\rsaenh.dll
0x00007ffb15920000 - 0x00007ffb15947000 	C:\Windows\System32\bcrypt.dll
0x00007ffb14f80000 - 0x00007ffb14fae000 	C:\Windows\SYSTEM32\USERENV.dll
0x00007ffb149b0000 - 0x00007ffb149bc000 	C:\Windows\SYSTEM32\CRYPTBASE.dll
0x00007ffb14490000 - 0x00007ffb144cb000 	C:\Windows\SYSTEM32\IPHLPAPI.DLL
0x00007ffb16c70000 - 0x00007ffb16c78000 	C:\Windows\System32\NSI.dll
0x00007ffb100e0000 - 0x00007ffb100f7000 	C:\Windows\SYSTEM32\dhcpcsvc6.DLL
0x00007ffb100c0000 - 0x00007ffb100dd000 	C:\Windows\SYSTEM32\dhcpcsvc.DLL
0x00007ffb144d0000 - 0x00007ffb1459a000 	C:\Windows\SYSTEM32\DNSAPI.dll
0x00007ffaf4890000 - 0x00007ffaf489e000 	C:\Users\rojas\.jdks\corretto-17.0.7\bin\sunmscapi.dll
0x00007ffb151a0000 - 0x00007ffb152fd000 	C:\Windows\System32\CRYPT32.dll
0x00007ffb14b10000 - 0x00007ffb14b37000 	C:\Windows\SYSTEM32\ncrypt.dll
0x00007ffb14ad0000 - 0x00007ffb14b0b000 	C:\Windows\SYSTEM32\NTASN1.dll
0x00007ffb015b0000 - 0x00007ffb015b7000 	C:\Windows\system32\wshunix.dll

dbghelp: loaded successfully - version: 4.0.5 - missing functions: none
symbol engine: initialized successfully - sym options: 0x614 - pdb path: .;C:\Users\rojas\.jdks\corretto-17.0.7\bin;C:\Windows\SYSTEM32;C:\Windows\WinSxS\amd64_microsoft.windows.common-controls_6595b64144ccf1df_6.0.19041.3636_none_60b6a03d71f818d5;C:\Users\rojas\.jdks\corretto-17.0.7\bin\server;C:\Users\rojas\.gradle\native\68d5fa5c4cc2d200863cafc0d521ce42e7d3e7ee720ec0a83991735586a16f82\windows-amd64;C:\Users\rojas\.gradle\native\e376f236ea51e6404a007f0833ffe2c6e607c4080706a723a18a27aeea778392\windows-amd64

VM Arguments:
jvm_args: --add-opens=java.base/java.util=ALL-UNNAMED --add-opens=java.base/java.lang=ALL-UNNAMED --add-opens=java.base/java.lang.invoke=ALL-UNNAMED --add-opens=java.prefs/java.util.prefs=ALL-UNNAMED --add-opens=java.base/java.nio.charset=ALL-UNNAMED --add-opens=java.base/java.net=ALL-UNNAMED --add-opens=java.base/java.util.concurrent.atomic=ALL-UNNAMED -XX:MaxMetaspaceSize=256m -XX:+HeapDumpOnOutOfMemoryError -Xms256m -Xmx512m -Dfile.encoding=windows-1252 -Duser.country=ES -Duser.language=es -Duser.variant 
java_command: org.gradle.launcher.daemon.bootstrap.GradleDaemon 7.6
java_class_path (initial): C:\Users\rojas\.gradle\wrapper\dists\gradle-7.6-bin\9l9tetv7ltxvx3i8an4pb86ye\gradle-7.6\lib\gradle-launcher-7.6.jar
Launcher Type: SUN_STANDARD

[Global flags]
     intx CICompilerCount                          = 3                                         {product} {ergonomic}
   size_t CompressedClassSpaceSize                 = 218103808                                 {product} {ergonomic}
     uint ConcGCThreads                            = 1                                         {product} {ergonomic}
     uint G1ConcRefinementThreads                  = 4                                         {product} {ergonomic}
   size_t G1HeapRegionSize                         = 1048576                                   {product} {ergonomic}
    uintx GCDrainStackTargetSize                   = 64                                        {product} {ergonomic}
     bool HeapDumpOnOutOfMemoryError               = true                                   {manageable} {command line}
   size_t InitialHeapSize                          = 268435456                                 {product} {command line}
   size_t MarkStackSize                            = 4194304                                   {product} {ergonomic}
   size_t MaxHeapSize                              = 536870912                                 {product} {command line}
   size_t MaxMetaspaceSize                         = 268435456                                 {product} {command line}
   size_t MaxNewSize                               = 321912832                                 {product} {ergonomic}
   size_t MinHeapDeltaBytes                        = 1048576                                   {product} {ergonomic}
   size_t MinHeapSize                              = 268435456                                 {product} {command line}
    uintx NonNMethodCodeHeapSize                   = 5832780                                {pd product} {ergonomic}
    uintx NonProfiledCodeHeapSize                  = 122912730                              {pd product} {ergonomic}
    uintx ProfiledCodeHeapSize                     = 122912730                              {pd product} {ergonomic}
    uintx ReservedCodeCacheSize                    = 251658240                              {pd product} {ergonomic}
     bool SegmentedCodeCache                       = true                                      {product} {ergonomic}
   size_t SoftMaxHeapSize                          = 536870912                              {manageable} {ergonomic}
     bool UseCompressedClassPointers               = true                           {product lp64_product} {ergonomic}
     bool UseCompressedOops                        = true                           {product lp64_product} {ergonomic}
     bool UseG1GC                                  = true                                      {product} {ergonomic}
     bool UseLargePagesIndividualAllocation        = false                                  {pd product} {ergonomic}

Logging:
Log output configuration:
 #0: stdout all=warning uptime,level,tags
 #1: stderr all=off uptime,level,tags

Environment Variables:
PATH=C:\Program Files\Microsoft\jdk-11.0.16.101-hotspot\bin;C:\Program Files\Common Files\Oracle\Java\javapath;C:\Program Files (x86)\Common Files\Oracle\Java\javapath;C:\Windows\system32;C:\Windows;C:\Windows\System32\Wbem;C:\Windows\System32\WindowsPowerShell\v1.0\;C:\Windows\System32\OpenSSH\;C:\Program Files (x86)\NVIDIA Corporation\PhysX\Common;C:\Program Files\NVIDIA Corporation\NVIDIA NvDLISR;C:\Program Files\PuTTY\;C:\Program Files\nodejs\;C:\Program Files\Git\cmd;C:\Program Files\Microsoft SQL Server\150\Tools\Binn\;C:\Program Files\Microsoft SQL Server\Client SDK\ODBC\170\Tools\Binn\;C:\Program Files\dotnet\;C:\Program Files\MySQL\MySQL Shell 8.0\bin\;C:\Users\rojas\AppData\Local\Microsoft\WindowsApps;C:\Users\rojas\AppData\Local\Programs\Microsoft VS Code\bin;C:\Users\rojas\AppData\Local\GitHubDesktop\bin;C:\Users\rojas\AppData\Roaming\npm;C:\Program Files (x86)\Nmap;C:\Users\rojas\.dotnet\tools
USERNAME=rojas
OS=Windows_NT
PROCESSOR_IDENTIFIER=Intel64 Family 6 Model 94 Stepping 3, GenuineIntel
TMP=C:\Users\rojas\AppData\Local\Temp
TEMP=C:\Users\rojas\AppData\Local\Temp



---------------  S Y S T E M  ---------------

OS:
 Windows 10 , 64 bit Build 19041 (10.0.19041.3636)
OS uptime: 7 days 3:20 hours

CPU: total 4 (initial active 4) (4 cores per cpu, 1 threads per core) family 6 model 94 stepping 3 microcode 0xcc, cx8, cmov, fxsr, mmx, 3dnowpref, sse, sse2, sse3, ssse3, sse4.1, sse4.2, popcnt, lzcnt, tsc, tscinvbit, avx, avx2, aes, erms, clmul, bmi1, bmi2, rtm, adx, fma, vzeroupper, clflush, clflushopt

Memory: 4k page, system-wide physical 12252M (232M free)
TotalPageFile size 20252M (AvailPageFile size 22M)
current process WorkingSet (physical memory assigned to process): 462M, peak: 463M
current process commit charge ("private bytes"): 497M, peak: 510M

vm_info: OpenJDK 64-Bit Server VM (17.0.7+7-LTS) for windows-amd64 JRE (17.0.7+7-LTS), built on Apr 14 2023 01:39:21 by "Administrator" with MS VC++ 15.9 (VS2017)

END.
