#
# There is insufficient memory for the Java Runtime Environment to continue.
# Native memory allocation (malloc) failed to allocate 32744 bytes for ChunkPool::allocate
# Possible reasons:
#   The system is out of physical RAM or swap space
#   The process is running with CompressedOops enabled, and the Java Heap may be blocking the growth of the native heap
# Possible solutions:
#   Reduce memory load on the system
#   Increase physical memory or swap space
#   Check if swap backing store is full
#   Decrease Java heap size (-Xmx/-Xms)
#   Decrease number of Java threads
#   Decrease Java thread stack sizes (-Xss)
#   Set larger code cache with -XX:ReservedCodeCacheSize=
#   JVM is running with Unscaled Compressed Oops mode in which the Java heap is
#     placed in the first 4GB address space. The Java Heap base address is the
#     maximum limit for the native heap growth. Please use -XX:HeapBaseMinAddress
#     to set the Java Heap base and to place the Java Heap above 4GB virtual address.
# This output file may be truncated or incomplete.
#
#  Out of Memory Error (arena.cpp:78), pid=3716, tid=16304
#
# JRE version: OpenJDK Runtime Environment Corretto-17.0.7.7.1 (17.0.7+7) (build 17.0.7+7-LTS)
# Java VM: OpenJDK 64-Bit Server VM Corretto-17.0.7.7.1 (17.0.7+7-LTS, mixed mode, sharing, tiered, compressed oops, compressed class ptrs, g1 gc, windows-amd64)
# No core dump will be written. Minidumps are not enabled by default on client versions of Windows
#

---------------  S U M M A R Y ------------

Command Line: --add-opens=java.base/java.util=ALL-UNNAMED --add-opens=java.base/java.lang=ALL-UNNAMED --add-opens=java.base/java.lang.invoke=ALL-UNNAMED --add-opens=java.prefs/java.util.prefs=ALL-UNNAMED --add-opens=java.base/java.nio.charset=ALL-UNNAMED --add-opens=java.base/java.net=ALL-UNNAMED --add-opens=java.base/java.util.concurrent.atomic=ALL-UNNAMED -XX:MaxMetaspaceSize=256m -XX:+HeapDumpOnOutOfMemoryError -Xms256m -Xmx512m -Dfile.encoding=windows-1252 -Duser.country=ES -Duser.language=es -Duser.variant org.gradle.launcher.daemon.bootstrap.GradleDaemon 7.6

Host: Intel(R) Core(TM) i5-6500T CPU @ 2.50GHz, 4 cores, 11G,  Windows 10 , 64 bit Build 19041 (10.0.19041.3636)
Time: Sat Nov 11 15:05:04 2023 Hora est. Pacífico, Sudamérica elapsed time: 52.510528 seconds (0d 0h 0m 52s)

---------------  T H R E A D  ---------------

Current thread (0x000001aa51cd81b0):  JavaThread "C2 CompilerThread0" daemon [_thread_in_native, id=16304, stack(0x00000015c5b00000,0x00000015c5c00000)]


Current CompileTask:
C2:  52510 4893   !   4       java.net.URLClassLoader::findClass (47 bytes)

Stack: [0x00000015c5b00000,0x00000015c5c00000]
Native frames: (J=compiled Java code, j=interpreted, Vv=VM code, C=native code)
V  [jvm.dll+0x64b53a]
V  [jvm.dll+0x7fef54]
V  [jvm.dll+0x80070e]
V  [jvm.dll+0x800d63]
V  [jvm.dll+0x236a2b]
V  [jvm.dll+0xbd698]
V  [jvm.dll+0xbda5c]
V  [jvm.dll+0x356098]
V  [jvm.dll+0x355871]
V  [jvm.dll+0x3558b4]
V  [jvm.dll+0x1b426e]
V  [jvm.dll+0x350de9]
V  [jvm.dll+0x34fd65]
V  [jvm.dll+0x1b17b4]
V  [jvm.dll+0x20addf]
V  [jvm.dll+0x20a287]
V  [jvm.dll+0x19a2ed]
V  [jvm.dll+0x21967d]
V  [jvm.dll+0x2178c4]
V  [jvm.dll+0x7b7dcb]
V  [jvm.dll+0x7b237a]
V  [jvm.dll+0x64a3a5]
C  [ucrtbase.dll+0x21bb2]
C  [KERNEL32.DLL+0x17344]
C  [ntdll.dll+0x526b1]


---------------  P R O C E S S  ---------------

Threads class SMR info:
_java_thread_list=0x000001aa58a92f90, length=40, elements={
0x000001aa379e2e20, 0x000001aa51cbd0f0, 0x000001aa51cbe480, 0x000001aa51cd3a70,
0x000001aa51cd6440, 0x000001aa51cd6d00, 0x000001aa51cd75c0, 0x000001aa51cd81b0,
0x000001aa51d3fe80, 0x000001aa51d483a0, 0x000001aa560c94c0, 0x000001aa560cbbc0,
0x000001aa563b6bc0, 0x000001aa57a479b0, 0x000001aa574d7890, 0x000001aa577715f0,
0x000001aa56d74600, 0x000001aa56b20650, 0x000001aa581d1420, 0x000001aa575cac70,
0x000001aa575c8f90, 0x000001aa575cbae0, 0x000001aa575cbfb0, 0x000001aa575cc480,
0x000001aa575cb140, 0x000001aa575ca2d0, 0x000001aa575cb610, 0x000001aa575cc950,
0x000001aa575c9460, 0x000001aa575c9930, 0x000001aa575c9e00, 0x000001aa575ca7a0,
0x000001aa5935e9e0, 0x000001aa5935f850, 0x000001aa5935f380, 0x000001aa5935fd20,
0x000001aa593606c0, 0x000001aa593623a0, 0x000001aa59363210, 0x000001aa57f418b0
}

Java Threads: ( => current thread )
  0x000001aa379e2e20 JavaThread "main" [_thread_blocked, id=14344, stack(0x00000015c4d00000,0x00000015c4e00000)]
  0x000001aa51cbd0f0 JavaThread "Reference Handler" daemon [_thread_blocked, id=4840, stack(0x00000015c5500000,0x00000015c5600000)]
  0x000001aa51cbe480 JavaThread "Finalizer" daemon [_thread_blocked, id=3336, stack(0x00000015c5600000,0x00000015c5700000)]
  0x000001aa51cd3a70 JavaThread "Signal Dispatcher" daemon [_thread_blocked, id=18284, stack(0x00000015c5700000,0x00000015c5800000)]
  0x000001aa51cd6440 JavaThread "Attach Listener" daemon [_thread_blocked, id=1724, stack(0x00000015c5800000,0x00000015c5900000)]
  0x000001aa51cd6d00 JavaThread "Service Thread" daemon [_thread_blocked, id=2628, stack(0x00000015c5900000,0x00000015c5a00000)]
  0x000001aa51cd75c0 JavaThread "Monitor Deflation Thread" daemon [_thread_blocked, id=22832, stack(0x00000015c5a00000,0x00000015c5b00000)]
=>0x000001aa51cd81b0 JavaThread "C2 CompilerThread0" daemon [_thread_in_native, id=16304, stack(0x00000015c5b00000,0x00000015c5c00000)]
  0x000001aa51d3fe80 JavaThread "C1 CompilerThread0" daemon [_thread_blocked, id=8828, stack(0x00000015c5c00000,0x00000015c5d00000)]
  0x000001aa51d483a0 JavaThread "Sweeper thread" daemon [_thread_blocked, id=21420, stack(0x00000015c5d00000,0x00000015c5e00000)]
  0x000001aa560c94c0 JavaThread "Common-Cleaner" daemon [_thread_blocked, id=13576, stack(0x00000015c5e00000,0x00000015c5f00000)]
  0x000001aa560cbbc0 JavaThread "Notification Thread" daemon [_thread_blocked, id=9320, stack(0x00000015c5f00000,0x00000015c6000000)]
  0x000001aa563b6bc0 JavaThread "Daemon health stats" [_thread_blocked, id=17456, stack(0x00000015c6400000,0x00000015c6500000)]
  0x000001aa57a479b0 JavaThread "Incoming local TCP Connector on port 62674" [_thread_in_native, id=15200, stack(0x00000015c6500000,0x00000015c6600000)]
  0x000001aa574d7890 JavaThread "Daemon periodic checks" [_thread_blocked, id=10396, stack(0x00000015c6600000,0x00000015c6700000)]
  0x000001aa577715f0 JavaThread "Daemon" [_thread_blocked, id=10488, stack(0x00000015c6700000,0x00000015c6800000)]
  0x000001aa56d74600 JavaThread "Handler for socket connection from /127.0.0.1:62674 to /127.0.0.1:62680" [_thread_in_native, id=21860, stack(0x00000015c6800000,0x00000015c6900000)]
  0x000001aa56b20650 JavaThread "Cancel handler" [_thread_blocked, id=12532, stack(0x00000015c6900000,0x00000015c6a00000)]
  0x000001aa581d1420 JavaThread "Daemon worker" [_thread_blocked, id=22236, stack(0x00000015c6a00000,0x00000015c6b00000)]
  0x000001aa575cac70 JavaThread "Asynchronous log dispatcher for DefaultDaemonConnection: socket connection from /127.0.0.1:62674 to /127.0.0.1:62680" [_thread_blocked, id=12164, stack(0x00000015c6b00000,0x00000015c6c00000)]
  0x000001aa575c8f90 JavaThread "Stdin handler" [_thread_blocked, id=6064, stack(0x00000015c6c00000,0x00000015c6d00000)]
  0x000001aa575cbae0 JavaThread "Daemon client event forwarder" [_thread_blocked, id=12772, stack(0x00000015c6d00000,0x00000015c6e00000)]
  0x000001aa575cbfb0 JavaThread "Cache worker for journal cache (C:\Users\rojas\.gradle\caches\journal-1)" [_thread_blocked, id=20864, stack(0x00000015c6e00000,0x00000015c6f00000)]
  0x000001aa575cc480 JavaThread "File lock request listener" [_thread_in_native, id=1384, stack(0x00000015c6f00000,0x00000015c7000000)]
  0x000001aa575cb140 JavaThread "File lock release action executor" [_thread_blocked, id=3200, stack(0x00000015c7000000,0x00000015c7100000)]
  0x000001aa575ca2d0 JavaThread "Cache worker for file hash cache (C:\Users\rojas\.gradle\caches\7.6\fileHashes)" [_thread_blocked, id=21052, stack(0x00000015c7100000,0x00000015c7200000)]
  0x000001aa575cb610 JavaThread "File watcher server" daemon [_thread_in_native, id=11808, stack(0x00000015c7200000,0x00000015c7300000)]
  0x000001aa575cc950 JavaThread "File watcher consumer" daemon [_thread_blocked, id=13068, stack(0x00000015c7300000,0x00000015c7400000)]
  0x000001aa575c9460 JavaThread "jar transforms" [_thread_blocked, id=2052, stack(0x00000015c7400000,0x00000015c7500000)]
  0x000001aa575c9930 JavaThread "jar transforms Thread 2" [_thread_blocked, id=6188, stack(0x00000015c7500000,0x00000015c7600000)]
  0x000001aa575c9e00 JavaThread "jar transforms Thread 3" [_thread_blocked, id=14496, stack(0x00000015c7600000,0x00000015c7700000)]
  0x000001aa575ca7a0 JavaThread "jar transforms Thread 4" [_thread_blocked, id=21584, stack(0x00000015c7700000,0x00000015c7800000)]
  0x000001aa5935e9e0 JavaThread "Cache worker for checksums cache (C:\Proyectos\BFFinder\Back-End\service-registry\.gradle\7.6\checksums)" [_thread_blocked, id=11428, stack(0x00000015c7800000,0x00000015c7900000)]
  0x000001aa5935f850 JavaThread "Cache worker for cache directory md-rule (C:\Users\rojas\.gradle\caches\7.6\md-rule)" [_thread_blocked, id=4604, stack(0x00000015c7900000,0x00000015c7a00000)]
  0x000001aa5935f380 JavaThread "Cache worker for file content cache (C:\Users\rojas\.gradle\caches\7.6\fileContent)" [_thread_blocked, id=15516, stack(0x00000015c7a00000,0x00000015c7b00000)]
  0x000001aa5935fd20 JavaThread "Cache worker for file hash cache (C:\Proyectos\BFFinder\Back-End\service-registry\.gradle\7.6\fileHashes)" [_thread_blocked, id=17512, stack(0x00000015c7b00000,0x00000015c7c00000)]
  0x000001aa593606c0 JavaThread "Cache worker for cache directory md-supplier (C:\Users\rojas\.gradle\caches\7.6\md-supplier)" [_thread_blocked, id=21428, stack(0x00000015c7c00000,0x00000015c7d00000)]
  0x000001aa593623a0 JavaThread "Cache worker for execution history cache (C:\Users\rojas\.gradle\caches\7.6\executionHistory)" [_thread_blocked, id=22860, stack(0x00000015c7d00000,0x00000015c7e00000)]
  0x000001aa59363210 JavaThread "Cache worker for dependencies-accessors (C:\Proyectos\BFFinder\Back-End\service-registry\.gradle\7.6\dependencies-accessors)" [_thread_blocked, id=17548, stack(0x00000015c8000000,0x00000015c8100000)]
  0x000001aa57f418b0 JavaThread "C2 CompilerThread1" daemon [_thread_in_native, id=17348, stack(0x00000015c8100000,0x00000015c8200000)]

Other Threads:
  0x000001aa51cb9d30 VMThread "VM Thread" [stack: 0x00000015c5400000,0x00000015c5500000] [id=21116]
  0x000001aa560cc090 WatcherThread [stack: 0x00000015c6000000,0x00000015c6100000] [id=3360]
  0x000001aa37a12990 GCTaskThread "GC Thread#0" [stack: 0x00000015c4f00000,0x00000015c5000000] [id=10724]
  0x000001aa5638b4f0 GCTaskThread "GC Thread#1" [stack: 0x00000015c6100000,0x00000015c6200000] [id=21848]
  0x000001aa563f85d0 GCTaskThread "GC Thread#2" [stack: 0x00000015c6200000,0x00000015c6300000] [id=9272]
  0x000001aa562f84a0 GCTaskThread "GC Thread#3" [stack: 0x00000015c6300000,0x00000015c6400000] [id=22032]
  0x000001aa37a177e0 ConcurrentGCThread "G1 Main Marker" [stack: 0x00000015c5000000,0x00000015c5100000] [id=15448]
  0x000001aa37a18100 ConcurrentGCThread "G1 Conc#0" [stack: 0x00000015c5100000,0x00000015c5200000] [id=14664]
  0x000001aa51b760c0 ConcurrentGCThread "G1 Refine#0" [stack: 0x00000015c5200000,0x00000015c5300000] [id=5908]
  0x000001aa51b769f0 ConcurrentGCThread "G1 Service" [stack: 0x00000015c5300000,0x00000015c5400000] [id=14904]

Threads with active compile tasks:
C2 CompilerThread0    52608 4893   !   4       java.net.URLClassLoader::findClass (47 bytes)
C2 CompilerThread1    52608 4894       4       java.net.URLClassLoader$1::run (5 bytes)

VM state: not at safepoint (normal execution)

VM Mutex/Monitor currently owned by a thread: None

Heap address: 0x00000000e0000000, size: 512 MB, Compressed Oops mode: 32-bit

CDS archive(s) mapped at: [0x0000000800000000-0x0000000800bc0000-0x0000000800bc0000), size 12320768, SharedBaseAddress: 0x0000000800000000, ArchiveRelocationMode: 0.
Compressed class space mapped at: 0x0000000801000000-0x000000080e000000, reserved size: 218103808
Narrow klass base: 0x0000000800000000, Narrow klass shift: 0, Narrow klass range: 0x100000000

GC Precious Log:
 CPUs: 4 total, 4 available
 Memory: 12252M
 Large Page Support: Disabled
 NUMA Support: Disabled
 Compressed Oops: Enabled (32-bit)
 Heap Region Size: 1M
 Heap Min Capacity: 256M
 Heap Initial Capacity: 256M
 Heap Max Capacity: 512M
 Pre-touch: Disabled
 Parallel Workers: 4
 Concurrent Workers: 1
 Concurrent Refinement Workers: 4
 Periodic GC: Disabled

Heap:
 garbage-first heap   total 262144K, used 123622K [0x00000000e0000000, 0x0000000100000000)
  region size 1024K, 64 young (65536K), 9 survivors (9216K)
 Metaspace       used 40773K, committed 41280K, reserved 278528K
  class space    used 5625K, committed 5888K, reserved 212992K

Heap Regions: E=young(eden), S=young(survivor), O=old, HS=humongous(starts), HC=humongous(continues), CS=collection set, F=free, OA=open archive, CA=closed archive, TAMS=top-at-mark-start (previous, next)
|   0|0x00000000e0000000, 0x00000000e0100000, 0x00000000e0100000|100%| O|  |TAMS 0x00000000e0100000, 0x00000000e0000000| Untracked 
|   1|0x00000000e0100000, 0x00000000e0200000, 0x00000000e0200000|100%| O|  |TAMS 0x00000000e0200000, 0x00000000e0100000| Untracked 
|   2|0x00000000e0200000, 0x00000000e0300000, 0x00000000e0300000|100%|HS|  |TAMS 0x00000000e0300000, 0x00000000e0200000| Complete 
|   3|0x00000000e0300000, 0x00000000e0400000, 0x00000000e0400000|100%|HC|  |TAMS 0x00000000e0400000, 0x00000000e0300000| Complete 
|   4|0x00000000e0400000, 0x00000000e0500000, 0x00000000e0500000|100%|HC|  |TAMS 0x00000000e0500000, 0x00000000e0400000| Complete 
|   5|0x00000000e0500000, 0x00000000e0600000, 0x00000000e0600000|100%| O|  |TAMS 0x00000000e0600000, 0x00000000e0500000| Untracked 
|   6|0x00000000e0600000, 0x00000000e0700000, 0x00000000e0700000|100%| O|  |TAMS 0x00000000e0700000, 0x00000000e0600000| Untracked 
|   7|0x00000000e0700000, 0x00000000e0800000, 0x00000000e0800000|100%|HS|  |TAMS 0x00000000e0800000, 0x00000000e0700000| Complete 
|   8|0x00000000e0800000, 0x00000000e0900000, 0x00000000e0900000|100%| O|  |TAMS 0x00000000e0900000, 0x00000000e0800000| Untracked 
|   9|0x00000000e0900000, 0x00000000e0a00000, 0x00000000e0a00000|100%| O|  |TAMS 0x00000000e0a00000, 0x00000000e0900000| Untracked 
|  10|0x00000000e0a00000, 0x00000000e0b00000, 0x00000000e0b00000|100%| O|  |TAMS 0x00000000e0b00000, 0x00000000e0a00000| Untracked 
|  11|0x00000000e0b00000, 0x00000000e0c00000, 0x00000000e0c00000|100%|HS|  |TAMS 0x00000000e0c00000, 0x00000000e0b00000| Complete 
|  12|0x00000000e0c00000, 0x00000000e0d00000, 0x00000000e0d00000|100%|HC|  |TAMS 0x00000000e0d00000, 0x00000000e0c00000| Complete 
|  13|0x00000000e0d00000, 0x00000000e0e00000, 0x00000000e0e00000|100%|HS|  |TAMS 0x00000000e0e00000, 0x00000000e0d00000| Complete 
|  14|0x00000000e0e00000, 0x00000000e0f00000, 0x00000000e0f00000|100%|HC|  |TAMS 0x00000000e0f00000, 0x00000000e0e00000| Complete 
|  15|0x00000000e0f00000, 0x00000000e1000000, 0x00000000e1000000|100%|HC|  |TAMS 0x00000000e1000000, 0x00000000e0f00000| Complete 
|  16|0x00000000e1000000, 0x00000000e1100000, 0x00000000e1100000|100%|HS|  |TAMS 0x00000000e1100000, 0x00000000e1000000| Complete 
|  17|0x00000000e1100000, 0x00000000e1200000, 0x00000000e1200000|100%|HC|  |TAMS 0x00000000e1200000, 0x00000000e1100000| Complete 
|  18|0x00000000e1200000, 0x00000000e1300000, 0x00000000e1300000|100%|HC|  |TAMS 0x00000000e1300000, 0x00000000e1200000| Complete 
|  19|0x00000000e1300000, 0x00000000e1400000, 0x00000000e1400000|100%|HS|  |TAMS 0x00000000e1400000, 0x00000000e1300000| Complete 
|  20|0x00000000e1400000, 0x00000000e1500000, 0x00000000e1500000|100%|HC|  |TAMS 0x00000000e1500000, 0x00000000e1400000| Complete 
|  21|0x00000000e1500000, 0x00000000e1600000, 0x00000000e1600000|100%|HC|  |TAMS 0x00000000e1600000, 0x00000000e1500000| Complete 
|  22|0x00000000e1600000, 0x00000000e1700000, 0x00000000e1700000|100%|HC|  |TAMS 0x00000000e1700000, 0x00000000e1600000| Complete 
|  23|0x00000000e1700000, 0x00000000e1800000, 0x00000000e1800000|100%|HC|  |TAMS 0x00000000e1800000, 0x00000000e1700000| Complete 
|  24|0x00000000e1800000, 0x00000000e1900000, 0x00000000e1900000|100%|HC|  |TAMS 0x00000000e1900000, 0x00000000e1800000| Complete 
|  25|0x00000000e1900000, 0x00000000e1a00000, 0x00000000e1a00000|100%|HS|  |TAMS 0x00000000e1a00000, 0x00000000e1900000| Complete 
|  26|0x00000000e1a00000, 0x00000000e1b00000, 0x00000000e1b00000|100%|HC|  |TAMS 0x00000000e1b00000, 0x00000000e1a00000| Complete 
|  27|0x00000000e1b00000, 0x00000000e1c00000, 0x00000000e1c00000|100%|HC|  |TAMS 0x00000000e1c00000, 0x00000000e1b00000| Complete 
|  28|0x00000000e1c00000, 0x00000000e1d00000, 0x00000000e1d00000|100%|HC|  |TAMS 0x00000000e1d00000, 0x00000000e1c00000| Complete 
|  29|0x00000000e1d00000, 0x00000000e1e00000, 0x00000000e1e00000|100%|HC|  |TAMS 0x00000000e1e00000, 0x00000000e1d00000| Complete 
|  30|0x00000000e1e00000, 0x00000000e1f00000, 0x00000000e1f00000|100%|HC|  |TAMS 0x00000000e1f00000, 0x00000000e1e00000| Complete 
|  31|0x00000000e1f00000, 0x00000000e2000000, 0x00000000e2000000|100%|HC|  |TAMS 0x00000000e2000000, 0x00000000e1f00000| Complete 
|  32|0x00000000e2000000, 0x00000000e2100000, 0x00000000e2100000|100%|HC|  |TAMS 0x00000000e2100000, 0x00000000e2000000| Complete 
|  33|0x00000000e2100000, 0x00000000e2200000, 0x00000000e2200000|100%|HC|  |TAMS 0x00000000e2200000, 0x00000000e2100000| Complete 
|  34|0x00000000e2200000, 0x00000000e2300000, 0x00000000e2300000|100%|HC|  |TAMS 0x00000000e2300000, 0x00000000e2200000| Complete 
|  35|0x00000000e2300000, 0x00000000e2400000, 0x00000000e2400000|100%|HC|  |TAMS 0x00000000e2400000, 0x00000000e2300000| Complete 
|  36|0x00000000e2400000, 0x00000000e2500000, 0x00000000e2500000|100%|HC|  |TAMS 0x00000000e2500000, 0x00000000e2400000| Complete 
|  37|0x00000000e2500000, 0x00000000e2600000, 0x00000000e2600000|100%|HS|  |TAMS 0x00000000e2600000, 0x00000000e2500000| Complete 
|  38|0x00000000e2600000, 0x00000000e2700000, 0x00000000e2700000|100%|HC|  |TAMS 0x00000000e2700000, 0x00000000e2600000| Complete 
|  39|0x00000000e2700000, 0x00000000e2800000, 0x00000000e2800000|100%|HS|  |TAMS 0x00000000e2700000, 0x00000000e2700000| Complete 
|  40|0x00000000e2800000, 0x00000000e2900000, 0x00000000e2900000|100%|HC|  |TAMS 0x00000000e2800000, 0x00000000e2800000| Complete 
|  41|0x00000000e2900000, 0x00000000e2a00000, 0x00000000e2a00000|100%|HC|  |TAMS 0x00000000e2900000, 0x00000000e2900000| Complete 
|  42|0x00000000e2a00000, 0x00000000e2b00000, 0x00000000e2b00000|100%| O|  |TAMS 0x00000000e2b00000, 0x00000000e2a00000| Untracked 
|  43|0x00000000e2b00000, 0x00000000e2c00000, 0x00000000e2c00000|100%| O|  |TAMS 0x00000000e2c00000, 0x00000000e2b00000| Untracked 
|  44|0x00000000e2c00000, 0x00000000e2d00000, 0x00000000e2d00000|100%| O|  |TAMS 0x00000000e2d00000, 0x00000000e2c00000| Untracked 
|  45|0x00000000e2d00000, 0x00000000e2e00000, 0x00000000e2e00000|100%| O|  |TAMS 0x00000000e2e00000, 0x00000000e2d00000| Untracked 
|  46|0x00000000e2e00000, 0x00000000e2f00000, 0x00000000e2f00000|100%| O|  |TAMS 0x00000000e2f00000, 0x00000000e2e00000| Untracked 
|  47|0x00000000e2f00000, 0x00000000e3000000, 0x00000000e3000000|100%| O|  |TAMS 0x00000000e3000000, 0x00000000e2f00000| Untracked 
|  48|0x00000000e3000000, 0x00000000e3100000, 0x00000000e3100000|100%| O|  |TAMS 0x00000000e3100000, 0x00000000e3000000| Untracked 
|  49|0x00000000e3100000, 0x00000000e3200000, 0x00000000e3200000|100%| O|  |TAMS 0x00000000e3200000, 0x00000000e3100000| Untracked 
|  50|0x00000000e3200000, 0x00000000e3300000, 0x00000000e3300000|100%| O|  |TAMS 0x00000000e3300000, 0x00000000e3200000| Untracked 
|  51|0x00000000e3300000, 0x00000000e3400000, 0x00000000e3400000|100%| O|  |TAMS 0x00000000e3400000, 0x00000000e3300000| Untracked 
|  52|0x00000000e3400000, 0x00000000e3500000, 0x00000000e3500000|100%| O|  |TAMS 0x00000000e3500000, 0x00000000e3400000| Untracked 
|  53|0x00000000e3500000, 0x00000000e3600000, 0x00000000e3600000|100%| O|  |TAMS 0x00000000e3600000, 0x00000000e3500000| Untracked 
|  54|0x00000000e3600000, 0x00000000e3700000, 0x00000000e3700000|100%| O|  |TAMS 0x00000000e3700000, 0x00000000e3600000| Untracked 
|  55|0x00000000e3700000, 0x00000000e375ea00, 0x00000000e3800000| 36%| O|  |TAMS 0x00000000e375ea00, 0x00000000e3700000| Untracked 
|  56|0x00000000e3800000, 0x00000000e3900000, 0x00000000e3900000|100%|HS|  |TAMS 0x00000000e3800000, 0x00000000e3800000| Complete 
|  57|0x00000000e3900000, 0x00000000e3a00000, 0x00000000e3a00000|100%|HC|  |TAMS 0x00000000e3900000, 0x00000000e3900000| Complete 
|  58|0x00000000e3a00000, 0x00000000e3b00000, 0x00000000e3b00000|100%|HC|  |TAMS 0x00000000e3a00000, 0x00000000e3a00000| Complete 
|  59|0x00000000e3b00000, 0x00000000e3c00000, 0x00000000e3c00000|100%|HS|  |TAMS 0x00000000e3b00000, 0x00000000e3b00000| Complete 
|  60|0x00000000e3c00000, 0x00000000e3c00000, 0x00000000e3d00000|  0%| F|  |TAMS 0x00000000e3c00000, 0x00000000e3c00000| Untracked 
|  61|0x00000000e3d00000, 0x00000000e3d00000, 0x00000000e3e00000|  0%| F|  |TAMS 0x00000000e3d00000, 0x00000000e3d00000| Untracked 
|  62|0x00000000e3e00000, 0x00000000e3e00000, 0x00000000e3f00000|  0%| F|  |TAMS 0x00000000e3e00000, 0x00000000e3e00000| Untracked 
|  63|0x00000000e3f00000, 0x00000000e3f00000, 0x00000000e4000000|  0%| F|  |TAMS 0x00000000e3f00000, 0x00000000e3f00000| Untracked 
|  64|0x00000000e4000000, 0x00000000e4000000, 0x00000000e4100000|  0%| F|  |TAMS 0x00000000e4000000, 0x00000000e4000000| Untracked 
|  65|0x00000000e4100000, 0x00000000e4100000, 0x00000000e4200000|  0%| F|  |TAMS 0x00000000e4100000, 0x00000000e4100000| Untracked 
|  66|0x00000000e4200000, 0x00000000e4200000, 0x00000000e4300000|  0%| F|  |TAMS 0x00000000e4200000, 0x00000000e4200000| Untracked 
|  67|0x00000000e4300000, 0x00000000e4300000, 0x00000000e4400000|  0%| F|  |TAMS 0x00000000e4300000, 0x00000000e4300000| Untracked 
|  68|0x00000000e4400000, 0x00000000e4400000, 0x00000000e4500000|  0%| F|  |TAMS 0x00000000e4400000, 0x00000000e4400000| Untracked 
|  69|0x00000000e4500000, 0x00000000e4500000, 0x00000000e4600000|  0%| F|  |TAMS 0x00000000e4500000, 0x00000000e4500000| Untracked 
|  70|0x00000000e4600000, 0x00000000e4600000, 0x00000000e4700000|  0%| F|  |TAMS 0x00000000e4600000, 0x00000000e4600000| Untracked 
|  71|0x00000000e4700000, 0x00000000e4700000, 0x00000000e4800000|  0%| F|  |TAMS 0x00000000e4700000, 0x00000000e4700000| Untracked 
|  72|0x00000000e4800000, 0x00000000e4800000, 0x00000000e4900000|  0%| F|  |TAMS 0x00000000e4800000, 0x00000000e4800000| Untracked 
|  73|0x00000000e4900000, 0x00000000e4900000, 0x00000000e4a00000|  0%| F|  |TAMS 0x00000000e4900000, 0x00000000e4900000| Untracked 
|  74|0x00000000e4a00000, 0x00000000e4a00000, 0x00000000e4b00000|  0%| F|  |TAMS 0x00000000e4a00000, 0x00000000e4a00000| Untracked 
|  75|0x00000000e4b00000, 0x00000000e4b00000, 0x00000000e4c00000|  0%| F|  |TAMS 0x00000000e4b00000, 0x00000000e4b00000| Untracked 
|  76|0x00000000e4c00000, 0x00000000e4c00000, 0x00000000e4d00000|  0%| F|  |TAMS 0x00000000e4c00000, 0x00000000e4c00000| Untracked 
|  77|0x00000000e4d00000, 0x00000000e4d00000, 0x00000000e4e00000|  0%| F|  |TAMS 0x00000000e4d00000, 0x00000000e4d00000| Untracked 
|  78|0x00000000e4e00000, 0x00000000e4e00000, 0x00000000e4f00000|  0%| F|  |TAMS 0x00000000e4e00000, 0x00000000e4e00000| Untracked 
|  79|0x00000000e4f00000, 0x00000000e4f00000, 0x00000000e5000000|  0%| F|  |TAMS 0x00000000e4f00000, 0x00000000e4f00000| Untracked 
|  80|0x00000000e5000000, 0x00000000e5000000, 0x00000000e5100000|  0%| F|  |TAMS 0x00000000e5000000, 0x00000000e5000000| Untracked 
|  81|0x00000000e5100000, 0x00000000e5100000, 0x00000000e5200000|  0%| F|  |TAMS 0x00000000e5100000, 0x00000000e5100000| Untracked 
|  82|0x00000000e5200000, 0x00000000e5200000, 0x00000000e5300000|  0%| F|  |TAMS 0x00000000e5200000, 0x00000000e5200000| Untracked 
|  83|0x00000000e5300000, 0x00000000e5300000, 0x00000000e5400000|  0%| F|  |TAMS 0x00000000e5300000, 0x00000000e5300000| Untracked 
|  84|0x00000000e5400000, 0x00000000e5400000, 0x00000000e5500000|  0%| F|  |TAMS 0x00000000e5400000, 0x00000000e5400000| Untracked 
|  85|0x00000000e5500000, 0x00000000e5500000, 0x00000000e5600000|  0%| F|  |TAMS 0x00000000e5500000, 0x00000000e5500000| Untracked 
|  86|0x00000000e5600000, 0x00000000e5600000, 0x00000000e5700000|  0%| F|  |TAMS 0x00000000e5600000, 0x00000000e5600000| Untracked 
|  87|0x00000000e5700000, 0x00000000e5700000, 0x00000000e5800000|  0%| F|  |TAMS 0x00000000e5700000, 0x00000000e5700000| Untracked 
|  88|0x00000000e5800000, 0x00000000e5800000, 0x00000000e5900000|  0%| F|  |TAMS 0x00000000e5800000, 0x00000000e5800000| Untracked 
|  89|0x00000000e5900000, 0x00000000e5900000, 0x00000000e5a00000|  0%| F|  |TAMS 0x00000000e5900000, 0x00000000e5900000| Untracked 
|  90|0x00000000e5a00000, 0x00000000e5a00000, 0x00000000e5b00000|  0%| F|  |TAMS 0x00000000e5a00000, 0x00000000e5a00000| Untracked 
|  91|0x00000000e5b00000, 0x00000000e5b00000, 0x00000000e5c00000|  0%| F|  |TAMS 0x00000000e5b00000, 0x00000000e5b00000| Untracked 
|  92|0x00000000e5c00000, 0x00000000e5c00000, 0x00000000e5d00000|  0%| F|  |TAMS 0x00000000e5c00000, 0x00000000e5c00000| Untracked 
|  93|0x00000000e5d00000, 0x00000000e5d00000, 0x00000000e5e00000|  0%| F|  |TAMS 0x00000000e5d00000, 0x00000000e5d00000| Untracked 
|  94|0x00000000e5e00000, 0x00000000e5e00000, 0x00000000e5f00000|  0%| F|  |TAMS 0x00000000e5e00000, 0x00000000e5e00000| Untracked 
|  95|0x00000000e5f00000, 0x00000000e5f00000, 0x00000000e6000000|  0%| F|  |TAMS 0x00000000e5f00000, 0x00000000e5f00000| Untracked 
|  96|0x00000000e6000000, 0x00000000e6000000, 0x00000000e6100000|  0%| F|  |TAMS 0x00000000e6000000, 0x00000000e6000000| Untracked 
|  97|0x00000000e6100000, 0x00000000e6100000, 0x00000000e6200000|  0%| F|  |TAMS 0x00000000e6100000, 0x00000000e6100000| Untracked 
|  98|0x00000000e6200000, 0x00000000e6200000, 0x00000000e6300000|  0%| F|  |TAMS 0x00000000e6200000, 0x00000000e6200000| Untracked 
|  99|0x00000000e6300000, 0x00000000e6300000, 0x00000000e6400000|  0%| F|  |TAMS 0x00000000e6300000, 0x00000000e6300000| Untracked 
| 100|0x00000000e6400000, 0x00000000e6400000, 0x00000000e6500000|  0%| F|  |TAMS 0x00000000e6400000, 0x00000000e6400000| Untracked 
| 101|0x00000000e6500000, 0x00000000e6500000, 0x00000000e6600000|  0%| F|  |TAMS 0x00000000e6500000, 0x00000000e6500000| Untracked 
| 102|0x00000000e6600000, 0x00000000e6600000, 0x00000000e6700000|  0%| F|  |TAMS 0x00000000e6600000, 0x00000000e6600000| Untracked 
| 103|0x00000000e6700000, 0x00000000e6700000, 0x00000000e6800000|  0%| F|  |TAMS 0x00000000e6700000, 0x00000000e6700000| Untracked 
| 104|0x00000000e6800000, 0x00000000e6800000, 0x00000000e6900000|  0%| F|  |TAMS 0x00000000e6800000, 0x00000000e6800000| Untracked 
| 105|0x00000000e6900000, 0x00000000e6900000, 0x00000000e6a00000|  0%| F|  |TAMS 0x00000000e6900000, 0x00000000e6900000| Untracked 
| 106|0x00000000e6a00000, 0x00000000e6a00000, 0x00000000e6b00000|  0%| F|  |TAMS 0x00000000e6a00000, 0x00000000e6a00000| Untracked 
| 107|0x00000000e6b00000, 0x00000000e6b00000, 0x00000000e6c00000|  0%| F|  |TAMS 0x00000000e6b00000, 0x00000000e6b00000| Untracked 
| 108|0x00000000e6c00000, 0x00000000e6c00000, 0x00000000e6d00000|  0%| F|  |TAMS 0x00000000e6c00000, 0x00000000e6c00000| Untracked 
| 109|0x00000000e6d00000, 0x00000000e6d00000, 0x00000000e6e00000|  0%| F|  |TAMS 0x00000000e6d00000, 0x00000000e6d00000| Untracked 
| 110|0x00000000e6e00000, 0x00000000e6e00000, 0x00000000e6f00000|  0%| F|  |TAMS 0x00000000e6e00000, 0x00000000e6e00000| Untracked 
| 111|0x00000000e6f00000, 0x00000000e6f00000, 0x00000000e7000000|  0%| F|  |TAMS 0x00000000e6f00000, 0x00000000e6f00000| Untracked 
| 112|0x00000000e7000000, 0x00000000e7000000, 0x00000000e7100000|  0%| F|  |TAMS 0x00000000e7000000, 0x00000000e7000000| Untracked 
| 113|0x00000000e7100000, 0x00000000e7100000, 0x00000000e7200000|  0%| F|  |TAMS 0x00000000e7100000, 0x00000000e7100000| Untracked 
| 114|0x00000000e7200000, 0x00000000e7200000, 0x00000000e7300000|  0%| F|  |TAMS 0x00000000e7200000, 0x00000000e7200000| Untracked 
| 115|0x00000000e7300000, 0x00000000e7300000, 0x00000000e7400000|  0%| F|  |TAMS 0x00000000e7300000, 0x00000000e7300000| Untracked 
| 116|0x00000000e7400000, 0x00000000e7400000, 0x00000000e7500000|  0%| F|  |TAMS 0x00000000e7400000, 0x00000000e7400000| Untracked 
| 117|0x00000000e7500000, 0x00000000e7500000, 0x00000000e7600000|  0%| F|  |TAMS 0x00000000e7500000, 0x00000000e7500000| Untracked 
| 118|0x00000000e7600000, 0x00000000e7600000, 0x00000000e7700000|  0%| F|  |TAMS 0x00000000e7600000, 0x00000000e7600000| Untracked 
| 119|0x00000000e7700000, 0x00000000e7700000, 0x00000000e7800000|  0%| F|  |TAMS 0x00000000e7700000, 0x00000000e7700000| Untracked 
| 120|0x00000000e7800000, 0x00000000e7800000, 0x00000000e7900000|  0%| F|  |TAMS 0x00000000e7800000, 0x00000000e7800000| Untracked 
| 121|0x00000000e7900000, 0x00000000e7900000, 0x00000000e7a00000|  0%| F|  |TAMS 0x00000000e7900000, 0x00000000e7900000| Untracked 
| 122|0x00000000e7a00000, 0x00000000e7a00000, 0x00000000e7b00000|  0%| F|  |TAMS 0x00000000e7a00000, 0x00000000e7a00000| Untracked 
| 123|0x00000000e7b00000, 0x00000000e7b00000, 0x00000000e7c00000|  0%| F|  |TAMS 0x00000000e7b00000, 0x00000000e7b00000| Untracked 
| 124|0x00000000e7c00000, 0x00000000e7c00000, 0x00000000e7d00000|  0%| F|  |TAMS 0x00000000e7c00000, 0x00000000e7c00000| Untracked 
| 125|0x00000000e7d00000, 0x00000000e7d00000, 0x00000000e7e00000|  0%| F|  |TAMS 0x00000000e7d00000, 0x00000000e7d00000| Untracked 
| 126|0x00000000e7e00000, 0x00000000e7e00000, 0x00000000e7f00000|  0%| F|  |TAMS 0x00000000e7e00000, 0x00000000e7e00000| Untracked 
| 127|0x00000000e7f00000, 0x00000000e7f00000, 0x00000000e8000000|  0%| F|  |TAMS 0x00000000e7f00000, 0x00000000e7f00000| Untracked 
| 128|0x00000000e8000000, 0x00000000e8000000, 0x00000000e8100000|  0%| F|  |TAMS 0x00000000e8000000, 0x00000000e8000000| Untracked 
| 129|0x00000000e8100000, 0x00000000e8100000, 0x00000000e8200000|  0%| F|  |TAMS 0x00000000e8100000, 0x00000000e8100000| Untracked 
| 130|0x00000000e8200000, 0x00000000e8200000, 0x00000000e8300000|  0%| F|  |TAMS 0x00000000e8200000, 0x00000000e8200000| Untracked 
| 131|0x00000000e8300000, 0x00000000e8300000, 0x00000000e8400000|  0%| F|  |TAMS 0x00000000e8300000, 0x00000000e8300000| Untracked 
| 132|0x00000000e8400000, 0x00000000e8400000, 0x00000000e8500000|  0%| F|  |TAMS 0x00000000e8400000, 0x00000000e8400000| Untracked 
| 133|0x00000000e8500000, 0x00000000e8500000, 0x00000000e8600000|  0%| F|  |TAMS 0x00000000e8500000, 0x00000000e8500000| Untracked 
| 134|0x00000000e8600000, 0x00000000e8600000, 0x00000000e8700000|  0%| F|  |TAMS 0x00000000e8600000, 0x00000000e8600000| Untracked 
| 135|0x00000000e8700000, 0x00000000e8700000, 0x00000000e8800000|  0%| F|  |TAMS 0x00000000e8700000, 0x00000000e8700000| Untracked 
| 136|0x00000000e8800000, 0x00000000e8800000, 0x00000000e8900000|  0%| F|  |TAMS 0x00000000e8800000, 0x00000000e8800000| Untracked 
| 137|0x00000000e8900000, 0x00000000e8900000, 0x00000000e8a00000|  0%| F|  |TAMS 0x00000000e8900000, 0x00000000e8900000| Untracked 
| 138|0x00000000e8a00000, 0x00000000e8a00000, 0x00000000e8b00000|  0%| F|  |TAMS 0x00000000e8a00000, 0x00000000e8a00000| Untracked 
| 139|0x00000000e8b00000, 0x00000000e8b00000, 0x00000000e8c00000|  0%| F|  |TAMS 0x00000000e8b00000, 0x00000000e8b00000| Untracked 
| 140|0x00000000e8c00000, 0x00000000e8c00000, 0x00000000e8d00000|  0%| F|  |TAMS 0x00000000e8c00000, 0x00000000e8c00000| Untracked 
| 141|0x00000000e8d00000, 0x00000000e8d00000, 0x00000000e8e00000|  0%| F|  |TAMS 0x00000000e8d00000, 0x00000000e8d00000| Untracked 
| 142|0x00000000e8e00000, 0x00000000e8e00000, 0x00000000e8f00000|  0%| F|  |TAMS 0x00000000e8e00000, 0x00000000e8e00000| Untracked 
| 143|0x00000000e8f00000, 0x00000000e8f00000, 0x00000000e9000000|  0%| F|  |TAMS 0x00000000e8f00000, 0x00000000e8f00000| Untracked 
| 144|0x00000000e9000000, 0x00000000e9000000, 0x00000000e9100000|  0%| F|  |TAMS 0x00000000e9000000, 0x00000000e9000000| Untracked 
| 145|0x00000000e9100000, 0x00000000e9100000, 0x00000000e9200000|  0%| F|  |TAMS 0x00000000e9100000, 0x00000000e9100000| Untracked 
| 146|0x00000000e9200000, 0x00000000e9200000, 0x00000000e9300000|  0%| F|  |TAMS 0x00000000e9200000, 0x00000000e9200000| Untracked 
| 147|0x00000000e9300000, 0x00000000e9300000, 0x00000000e9400000|  0%| F|  |TAMS 0x00000000e9300000, 0x00000000e9300000| Untracked 
| 148|0x00000000e9400000, 0x00000000e9400000, 0x00000000e9500000|  0%| F|  |TAMS 0x00000000e9400000, 0x00000000e9400000| Untracked 
| 149|0x00000000e9500000, 0x00000000e9500000, 0x00000000e9600000|  0%| F|  |TAMS 0x00000000e9500000, 0x00000000e9500000| Untracked 
| 150|0x00000000e9600000, 0x00000000e9600000, 0x00000000e9700000|  0%| F|  |TAMS 0x00000000e9600000, 0x00000000e9600000| Untracked 
| 151|0x00000000e9700000, 0x00000000e9700000, 0x00000000e9800000|  0%| F|  |TAMS 0x00000000e9700000, 0x00000000e9700000| Untracked 
| 152|0x00000000e9800000, 0x00000000e9800000, 0x00000000e9900000|  0%| F|  |TAMS 0x00000000e9800000, 0x00000000e9800000| Untracked 
| 153|0x00000000e9900000, 0x00000000e9900000, 0x00000000e9a00000|  0%| F|  |TAMS 0x00000000e9900000, 0x00000000e9900000| Untracked 
| 154|0x00000000e9a00000, 0x00000000e9a00000, 0x00000000e9b00000|  0%| F|  |TAMS 0x00000000e9a00000, 0x00000000e9a00000| Untracked 
| 155|0x00000000e9b00000, 0x00000000e9b00000, 0x00000000e9c00000|  0%| F|  |TAMS 0x00000000e9b00000, 0x00000000e9b00000| Untracked 
| 156|0x00000000e9c00000, 0x00000000e9c00000, 0x00000000e9d00000|  0%| F|  |TAMS 0x00000000e9c00000, 0x00000000e9c00000| Untracked 
| 157|0x00000000e9d00000, 0x00000000e9d00000, 0x00000000e9e00000|  0%| F|  |TAMS 0x00000000e9d00000, 0x00000000e9d00000| Untracked 
| 158|0x00000000e9e00000, 0x00000000e9e00000, 0x00000000e9f00000|  0%| F|  |TAMS 0x00000000e9e00000, 0x00000000e9e00000| Untracked 
| 159|0x00000000e9f00000, 0x00000000e9f00000, 0x00000000ea000000|  0%| F|  |TAMS 0x00000000e9f00000, 0x00000000e9f00000| Untracked 
| 160|0x00000000ea000000, 0x00000000ea000000, 0x00000000ea100000|  0%| F|  |TAMS 0x00000000ea000000, 0x00000000ea000000| Untracked 
| 161|0x00000000ea100000, 0x00000000ea100000, 0x00000000ea200000|  0%| F|  |TAMS 0x00000000ea100000, 0x00000000ea100000| Untracked 
| 162|0x00000000ea200000, 0x00000000ea200000, 0x00000000ea300000|  0%| F|  |TAMS 0x00000000ea200000, 0x00000000ea200000| Untracked 
| 163|0x00000000ea300000, 0x00000000ea300000, 0x00000000ea400000|  0%| F|  |TAMS 0x00000000ea300000, 0x00000000ea300000| Untracked 
| 164|0x00000000ea400000, 0x00000000ea400000, 0x00000000ea500000|  0%| F|  |TAMS 0x00000000ea400000, 0x00000000ea400000| Untracked 
| 165|0x00000000ea500000, 0x00000000ea500000, 0x00000000ea600000|  0%| F|  |TAMS 0x00000000ea500000, 0x00000000ea500000| Untracked 
| 166|0x00000000ea600000, 0x00000000ea600000, 0x00000000ea700000|  0%| F|  |TAMS 0x00000000ea600000, 0x00000000ea600000| Untracked 
| 167|0x00000000ea700000, 0x00000000ea700000, 0x00000000ea800000|  0%| F|  |TAMS 0x00000000ea700000, 0x00000000ea700000| Untracked 
| 168|0x00000000ea800000, 0x00000000ea800000, 0x00000000ea900000|  0%| F|  |TAMS 0x00000000ea800000, 0x00000000ea800000| Untracked 
| 169|0x00000000ea900000, 0x00000000ea900000, 0x00000000eaa00000|  0%| F|  |TAMS 0x00000000ea900000, 0x00000000ea900000| Untracked 
| 170|0x00000000eaa00000, 0x00000000eaa00000, 0x00000000eab00000|  0%| F|  |TAMS 0x00000000eaa00000, 0x00000000eaa00000| Untracked 
| 171|0x00000000eab00000, 0x00000000eab00000, 0x00000000eac00000|  0%| F|  |TAMS 0x00000000eab00000, 0x00000000eab00000| Untracked 
| 172|0x00000000eac00000, 0x00000000eac00000, 0x00000000ead00000|  0%| F|  |TAMS 0x00000000eac00000, 0x00000000eac00000| Untracked 
| 173|0x00000000ead00000, 0x00000000ead00000, 0x00000000eae00000|  0%| F|  |TAMS 0x00000000ead00000, 0x00000000ead00000| Untracked 
| 174|0x00000000eae00000, 0x00000000eae00000, 0x00000000eaf00000|  0%| F|  |TAMS 0x00000000eae00000, 0x00000000eae00000| Untracked 
| 175|0x00000000eaf00000, 0x00000000eaf00000, 0x00000000eb000000|  0%| F|  |TAMS 0x00000000eaf00000, 0x00000000eaf00000| Untracked 
| 176|0x00000000eb000000, 0x00000000eb000000, 0x00000000eb100000|  0%| F|  |TAMS 0x00000000eb000000, 0x00000000eb000000| Untracked 
| 177|0x00000000eb100000, 0x00000000eb100000, 0x00000000eb200000|  0%| F|  |TAMS 0x00000000eb100000, 0x00000000eb100000| Untracked 
| 178|0x00000000eb200000, 0x00000000eb200000, 0x00000000eb300000|  0%| F|  |TAMS 0x00000000eb200000, 0x00000000eb200000| Untracked 
| 179|0x00000000eb300000, 0x00000000eb300000, 0x00000000eb400000|  0%| F|  |TAMS 0x00000000eb300000, 0x00000000eb300000| Untracked 
| 180|0x00000000eb400000, 0x00000000eb400000, 0x00000000eb500000|  0%| F|  |TAMS 0x00000000eb400000, 0x00000000eb400000| Untracked 
| 181|0x00000000eb500000, 0x00000000eb500000, 0x00000000eb600000|  0%| F|  |TAMS 0x00000000eb500000, 0x00000000eb500000| Untracked 
| 182|0x00000000eb600000, 0x00000000eb600000, 0x00000000eb700000|  0%| F|  |TAMS 0x00000000eb600000, 0x00000000eb600000| Untracked 
| 183|0x00000000eb700000, 0x00000000eb700000, 0x00000000eb800000|  0%| F|  |TAMS 0x00000000eb700000, 0x00000000eb700000| Untracked 
| 184|0x00000000eb800000, 0x00000000eb800000, 0x00000000eb900000|  0%| F|  |TAMS 0x00000000eb800000, 0x00000000eb800000| Untracked 
| 185|0x00000000eb900000, 0x00000000eb900000, 0x00000000eba00000|  0%| F|  |TAMS 0x00000000eb900000, 0x00000000eb900000| Untracked 
| 186|0x00000000eba00000, 0x00000000eba00000, 0x00000000ebb00000|  0%| F|  |TAMS 0x00000000eba00000, 0x00000000eba00000| Untracked 
| 187|0x00000000ebb00000, 0x00000000ebb00000, 0x00000000ebc00000|  0%| F|  |TAMS 0x00000000ebb00000, 0x00000000ebb00000| Untracked 
| 188|0x00000000ebc00000, 0x00000000ebc00000, 0x00000000ebd00000|  0%| F|  |TAMS 0x00000000ebc00000, 0x00000000ebc00000| Untracked 
| 189|0x00000000ebd00000, 0x00000000ebd00000, 0x00000000ebe00000|  0%| F|  |TAMS 0x00000000ebd00000, 0x00000000ebd00000| Untracked 
| 190|0x00000000ebe00000, 0x00000000ebe00000, 0x00000000ebf00000|  0%| F|  |TAMS 0x00000000ebe00000, 0x00000000ebe00000| Untracked 
| 191|0x00000000ebf00000, 0x00000000ebf00000, 0x00000000ec000000|  0%| F|  |TAMS 0x00000000ebf00000, 0x00000000ebf00000| Untracked 
| 192|0x00000000ec000000, 0x00000000ec100000, 0x00000000ec100000|100%| E|  |TAMS 0x00000000ec000000, 0x00000000ec000000| Complete 
| 193|0x00000000ec100000, 0x00000000ec200000, 0x00000000ec200000|100%| E|CS|TAMS 0x00000000ec100000, 0x00000000ec100000| Complete 
| 194|0x00000000ec200000, 0x00000000ec300000, 0x00000000ec300000|100%| E|CS|TAMS 0x00000000ec200000, 0x00000000ec200000| Complete 
| 195|0x00000000ec300000, 0x00000000ec400000, 0x00000000ec400000|100%| E|CS|TAMS 0x00000000ec300000, 0x00000000ec300000| Complete 
| 196|0x00000000ec400000, 0x00000000ec500000, 0x00000000ec500000|100%| E|CS|TAMS 0x00000000ec400000, 0x00000000ec400000| Complete 
| 197|0x00000000ec500000, 0x00000000ec600000, 0x00000000ec600000|100%| E|CS|TAMS 0x00000000ec500000, 0x00000000ec500000| Complete 
| 198|0x00000000ec600000, 0x00000000ec700000, 0x00000000ec700000|100%| E|CS|TAMS 0x00000000ec600000, 0x00000000ec600000| Complete 
| 199|0x00000000ec700000, 0x00000000ec800000, 0x00000000ec800000|100%| E|CS|TAMS 0x00000000ec700000, 0x00000000ec700000| Complete 
| 200|0x00000000ec800000, 0x00000000ec900000, 0x00000000ec900000|100%| E|CS|TAMS 0x00000000ec800000, 0x00000000ec800000| Complete 
| 201|0x00000000ec900000, 0x00000000eca00000, 0x00000000eca00000|100%| E|CS|TAMS 0x00000000ec900000, 0x00000000ec900000| Complete 
| 202|0x00000000eca00000, 0x00000000ecb00000, 0x00000000ecb00000|100%| E|CS|TAMS 0x00000000eca00000, 0x00000000eca00000| Complete 
| 203|0x00000000ecb00000, 0x00000000ecc00000, 0x00000000ecc00000|100%| E|CS|TAMS 0x00000000ecb00000, 0x00000000ecb00000| Complete 
| 204|0x00000000ecc00000, 0x00000000ecd00000, 0x00000000ecd00000|100%| E|CS|TAMS 0x00000000ecc00000, 0x00000000ecc00000| Complete 
| 205|0x00000000ecd00000, 0x00000000ece00000, 0x00000000ece00000|100%| E|CS|TAMS 0x00000000ecd00000, 0x00000000ecd00000| Complete 
| 206|0x00000000ece00000, 0x00000000ecf00000, 0x00000000ecf00000|100%| E|CS|TAMS 0x00000000ece00000, 0x00000000ece00000| Complete 
| 207|0x00000000ecf00000, 0x00000000ed000000, 0x00000000ed000000|100%| E|CS|TAMS 0x00000000ecf00000, 0x00000000ecf00000| Complete 
| 208|0x00000000ed000000, 0x00000000ed100000, 0x00000000ed100000|100%| E|CS|TAMS 0x00000000ed000000, 0x00000000ed000000| Complete 
| 209|0x00000000ed100000, 0x00000000ed200000, 0x00000000ed200000|100%| E|CS|TAMS 0x00000000ed100000, 0x00000000ed100000| Complete 
| 210|0x00000000ed200000, 0x00000000ed300000, 0x00000000ed300000|100%| E|CS|TAMS 0x00000000ed200000, 0x00000000ed200000| Complete 
| 211|0x00000000ed300000, 0x00000000ed400000, 0x00000000ed400000|100%| E|CS|TAMS 0x00000000ed300000, 0x00000000ed300000| Complete 
| 212|0x00000000ed400000, 0x00000000ed500000, 0x00000000ed500000|100%| E|CS|TAMS 0x00000000ed400000, 0x00000000ed400000| Complete 
| 213|0x00000000ed500000, 0x00000000ed600000, 0x00000000ed600000|100%| E|CS|TAMS 0x00000000ed500000, 0x00000000ed500000| Complete 
| 214|0x00000000ed600000, 0x00000000ed700000, 0x00000000ed700000|100%| E|CS|TAMS 0x00000000ed600000, 0x00000000ed600000| Complete 
| 215|0x00000000ed700000, 0x00000000ed800000, 0x00000000ed800000|100%| E|CS|TAMS 0x00000000ed700000, 0x00000000ed700000| Complete 
| 216|0x00000000ed800000, 0x00000000ed900000, 0x00000000ed900000|100%| E|CS|TAMS 0x00000000ed800000, 0x00000000ed800000| Complete 
| 217|0x00000000ed900000, 0x00000000eda00000, 0x00000000eda00000|100%| E|CS|TAMS 0x00000000ed900000, 0x00000000ed900000| Complete 
| 218|0x00000000eda00000, 0x00000000edb00000, 0x00000000edb00000|100%| E|CS|TAMS 0x00000000eda00000, 0x00000000eda00000| Complete 
| 219|0x00000000edb00000, 0x00000000edc00000, 0x00000000edc00000|100%| E|CS|TAMS 0x00000000edb00000, 0x00000000edb00000| Complete 
| 220|0x00000000edc00000, 0x00000000edd00000, 0x00000000edd00000|100%| E|CS|TAMS 0x00000000edc00000, 0x00000000edc00000| Complete 
| 221|0x00000000edd00000, 0x00000000ede00000, 0x00000000ede00000|100%| E|CS|TAMS 0x00000000edd00000, 0x00000000edd00000| Complete 
| 222|0x00000000ede00000, 0x00000000edf00000, 0x00000000edf00000|100%| E|CS|TAMS 0x00000000ede00000, 0x00000000ede00000| Complete 
| 223|0x00000000edf00000, 0x00000000ee000000, 0x00000000ee000000|100%| E|CS|TAMS 0x00000000edf00000, 0x00000000edf00000| Complete 
| 224|0x00000000ee000000, 0x00000000ee100000, 0x00000000ee100000|100%| E|CS|TAMS 0x00000000ee000000, 0x00000000ee000000| Complete 
| 225|0x00000000ee100000, 0x00000000ee200000, 0x00000000ee200000|100%| E|CS|TAMS 0x00000000ee100000, 0x00000000ee100000| Complete 
| 226|0x00000000ee200000, 0x00000000ee300000, 0x00000000ee300000|100%| E|CS|TAMS 0x00000000ee200000, 0x00000000ee200000| Complete 
| 227|0x00000000ee300000, 0x00000000ee400000, 0x00000000ee400000|100%| E|CS|TAMS 0x00000000ee300000, 0x00000000ee300000| Complete 
| 228|0x00000000ee400000, 0x00000000ee500000, 0x00000000ee500000|100%| E|  |TAMS 0x00000000ee400000, 0x00000000ee400000| Complete 
| 229|0x00000000ee500000, 0x00000000ee600000, 0x00000000ee600000|100%| E|CS|TAMS 0x00000000ee500000, 0x00000000ee500000| Complete 
| 230|0x00000000ee600000, 0x00000000ee700000, 0x00000000ee700000|100%| E|CS|TAMS 0x00000000ee600000, 0x00000000ee600000| Complete 
| 231|0x00000000ee700000, 0x00000000ee800000, 0x00000000ee800000|100%| E|CS|TAMS 0x00000000ee700000, 0x00000000ee700000| Complete 
| 232|0x00000000ee800000, 0x00000000ee900000, 0x00000000ee900000|100%| E|CS|TAMS 0x00000000ee800000, 0x00000000ee800000| Complete 
| 233|0x00000000ee900000, 0x00000000eea00000, 0x00000000eea00000|100%| E|CS|TAMS 0x00000000ee900000, 0x00000000ee900000| Complete 
| 234|0x00000000eea00000, 0x00000000eeb00000, 0x00000000eeb00000|100%| E|CS|TAMS 0x00000000eea00000, 0x00000000eea00000| Complete 
| 235|0x00000000eeb00000, 0x00000000eec00000, 0x00000000eec00000|100%| E|CS|TAMS 0x00000000eeb00000, 0x00000000eeb00000| Complete 
| 236|0x00000000eec00000, 0x00000000eed00000, 0x00000000eed00000|100%| E|CS|TAMS 0x00000000eec00000, 0x00000000eec00000| Complete 
| 237|0x00000000eed00000, 0x00000000eee00000, 0x00000000eee00000|100%| E|CS|TAMS 0x00000000eed00000, 0x00000000eed00000| Complete 
| 238|0x00000000eee00000, 0x00000000eef00000, 0x00000000eef00000|100%| E|CS|TAMS 0x00000000eee00000, 0x00000000eee00000| Complete 
| 239|0x00000000eef00000, 0x00000000ef000000, 0x00000000ef000000|100%| E|CS|TAMS 0x00000000eef00000, 0x00000000eef00000| Complete 
| 240|0x00000000ef000000, 0x00000000ef100000, 0x00000000ef100000|100%| E|CS|TAMS 0x00000000ef000000, 0x00000000ef000000| Complete 
| 241|0x00000000ef100000, 0x00000000ef200000, 0x00000000ef200000|100%| E|CS|TAMS 0x00000000ef100000, 0x00000000ef100000| Complete 
| 242|0x00000000ef200000, 0x00000000ef300000, 0x00000000ef300000|100%| E|CS|TAMS 0x00000000ef200000, 0x00000000ef200000| Complete 
| 243|0x00000000ef300000, 0x00000000ef400000, 0x00000000ef400000|100%| E|CS|TAMS 0x00000000ef300000, 0x00000000ef300000| Complete 
| 244|0x00000000ef400000, 0x00000000ef500000, 0x00000000ef500000|100%| E|CS|TAMS 0x00000000ef400000, 0x00000000ef400000| Complete 
| 245|0x00000000ef500000, 0x00000000ef55aff0, 0x00000000ef600000| 35%| S|CS|TAMS 0x00000000ef500000, 0x00000000ef500000| Complete 
| 246|0x00000000ef600000, 0x00000000ef700000, 0x00000000ef700000|100%| S|CS|TAMS 0x00000000ef600000, 0x00000000ef600000| Complete 
| 247|0x00000000ef700000, 0x00000000ef800000, 0x00000000ef800000|100%| S|CS|TAMS 0x00000000ef700000, 0x00000000ef700000| Complete 
| 248|0x00000000ef800000, 0x00000000ef900000, 0x00000000ef900000|100%| S|CS|TAMS 0x00000000ef800000, 0x00000000ef800000| Complete 
| 249|0x00000000ef900000, 0x00000000efa00000, 0x00000000efa00000|100%| S|CS|TAMS 0x00000000ef900000, 0x00000000ef900000| Complete 
| 250|0x00000000efa00000, 0x00000000efb00000, 0x00000000efb00000|100%| S|CS|TAMS 0x00000000efa00000, 0x00000000efa00000| Complete 
| 251|0x00000000efb00000, 0x00000000efc00000, 0x00000000efc00000|100%| S|CS|TAMS 0x00000000efb00000, 0x00000000efb00000| Complete 
| 252|0x00000000efc00000, 0x00000000efd00000, 0x00000000efd00000|100%| S|CS|TAMS 0x00000000efc00000, 0x00000000efc00000| Complete 
| 253|0x00000000efd00000, 0x00000000efe00000, 0x00000000efe00000|100%| S|CS|TAMS 0x00000000efd00000, 0x00000000efd00000| Complete 
| 254|0x00000000efe00000, 0x00000000eff00000, 0x00000000eff00000|100%| E|CS|TAMS 0x00000000efe00000, 0x00000000efe00000| Complete 
| 255|0x00000000eff00000, 0x00000000f0000000, 0x00000000f0000000|100%| E|CS|TAMS 0x00000000eff00000, 0x00000000eff00000| Complete 

Card table byte_map: [0x000001aa4e500000,0x000001aa4e600000] _byte_map_base: 0x000001aa4de00000

Marking Bits (Prev, Next): (CMBitMap*) 0x000001aa37a12eb0, (CMBitMap*) 0x000001aa37a12ef0
 Prev Bits: [0x000001aa4e700000, 0x000001aa4ef00000)
 Next Bits: [0x000001aa4ef00000, 0x000001aa4f700000)

Polling page: 0x000001aa371c0000

Metaspace:

Usage:
  Non-class:     34.32 MB used.
      Class:      5.49 MB used.
       Both:     39.82 MB used.

Virtual space:
  Non-class space:       64.00 MB reserved,      34.56 MB ( 54%) committed,  1 nodes.
      Class space:      208.00 MB reserved,       5.75 MB (  3%) committed,  1 nodes.
             Both:      272.00 MB reserved,      40.31 MB ( 15%) committed. 

Chunk freelists:
   Non-Class:  13.16 MB
       Class:  10.08 MB
        Both:  23.24 MB

MaxMetaspaceSize: 256.00 MB
CompressedClassSpaceSize: 208.00 MB
Initial GC threshold: 21.00 MB
Current GC threshold: 58.69 MB
CDS: on
MetaspaceReclaimPolicy: balanced
 - commit_granule_bytes: 65536.
 - commit_granule_words: 8192.
 - virtual_space_node_default_size: 8388608.
 - enlarge_chunks_in_place: 1.
 - new_chunks_are_fully_committed: 0.
 - uncommit_free_chunks: 1.
 - use_allocation_guard: 0.
 - handle_deallocations: 1.


Internal statistics:

num_allocs_failed_limit: 6.
num_arena_births: 448.
num_arena_deaths: 0.
num_vsnodes_births: 2.
num_vsnodes_deaths: 0.
num_space_committed: 645.
num_space_uncommitted: 0.
num_chunks_returned_to_freelist: 6.
num_chunks_taken_from_freelist: 2017.
num_chunk_merges: 6.
num_chunk_splits: 1320.
num_chunks_enlarged: 886.
num_inconsistent_stats: 0.

CodeHeap 'non-profiled nmethods': size=120000Kb used=2901Kb max_used=2901Kb free=117098Kb
 bounds [0x000001aa46fd0000, 0x000001aa472b0000, 0x000001aa4e500000]
CodeHeap 'profiled nmethods': size=120000Kb used=10600Kb max_used=10600Kb free=109399Kb
 bounds [0x000001aa3f500000, 0x000001aa3ff60000, 0x000001aa46a30000]
CodeHeap 'non-nmethods': size=5760Kb used=2306Kb max_used=2366Kb free=3453Kb
 bounds [0x000001aa46a30000, 0x000001aa46ca0000, 0x000001aa46fd0000]
 total_blobs=5707 nmethods=4886 adapters=733
 compilation: enabled
              stopped_count=0, restarted_count=0
 full_count=0

Compilation events (20 events):
Event: 52.129 Thread 0x000001aa51d3fe80 4892       3       java.util.Properties$LineReader::readLine (584 bytes)
Event: 52.132 Thread 0x000001aa51d3fe80 nmethod 4892 0x000001aa3ff38190 code [0x000001aa3ff38560, 0x000001aa3ff3b0d8]
Event: 52.132 Thread 0x000001aa51cd81b0 4893   !   4       java.net.URLClassLoader::findClass (47 bytes)
Event: 52.135 Thread 0x000001aa51d3fe80 4895       1       org.gradle.internal.logging.progress.DefaultProgressLoggerFactory::access$200 (5 bytes)
Event: 52.135 Thread 0x000001aa51d3fe80 nmethod 4895 0x000001aa472a5110 code [0x000001aa472a52a0, 0x000001aa472a5358]
Event: 52.136 Thread 0x000001aa51d3fe80 4897       3       org.objectweb.asm.ClassReader::readCode (5109 bytes)
Event: 52.161 Thread 0x000001aa51d3fe80 nmethod 4897 0x000001aa3ff3be10 code [0x000001aa3ff3d340, 0x000001aa3ff4f1a8]
Event: 52.162 Thread 0x000001aa51d3fe80 4901       3       java.lang.ThreadLocal$ThreadLocalMap::expungeStaleEntry (146 bytes)
Event: 52.162 Thread 0x000001aa57f418b0 4904       4       java.lang.AbstractStringBuilder::isLatin1 (19 bytes)
Event: 52.162 Thread 0x000001aa57f418b0 nmethod 4904 0x000001aa472a5410 code [0x000001aa472a5580, 0x000001aa472a5618]
Event: 52.162 Thread 0x000001aa57f418b0 4894       4       java.net.URLClassLoader$1::run (5 bytes)
Event: 52.162 Thread 0x000001aa51d3fe80 nmethod 4901 0x000001aa3ff57210 code [0x000001aa3ff57440, 0x000001aa3ff58258]
Event: 52.163 Thread 0x000001aa51d3fe80 4902       2       jdk.internal.loader.BuiltinClassLoader::hasClassPath (13 bytes)
Event: 52.163 Thread 0x000001aa51d3fe80 nmethod 4902 0x000001aa3ff58590 code [0x000001aa3ff58720, 0x000001aa3ff58838]
Event: 52.163 Thread 0x000001aa51d3fe80 4898       3       org.objectweb.asm.ClassReader::readShort (27 bytes)
Event: 52.163 Thread 0x000001aa51d3fe80 nmethod 4898 0x000001aa3ff58910 code [0x000001aa3ff58aa0, 0x000001aa3ff58c18]
Event: 52.163 Thread 0x000001aa51d3fe80 4903       3       com.google.common.collect.ObjectArrays::checkElementNotNull (36 bytes)
Event: 52.164 Thread 0x000001aa51d3fe80 nmethod 4903 0x000001aa3ff58d10 code [0x000001aa3ff58f40, 0x000001aa3ff59598]
Event: 52.164 Thread 0x000001aa51d3fe80 4899       3       org.objectweb.asm.ClassReader::createLabel (21 bytes)
Event: 52.164 Thread 0x000001aa51d3fe80 nmethod 4899 0x000001aa3ff59810 code [0x000001aa3ff599e0, 0x000001aa3ff59e98]

GC Heap History (12 events):
Event: 3.979 GC heap before
{Heap before GC invocations=0 (full 0):
 garbage-first heap   total 262144K, used 13312K [0x00000000e0000000, 0x0000000100000000)
  region size 1024K, 13 young (13312K), 0 survivors (0K)
 Metaspace       used 972K, committed 1088K, reserved 278528K
  class space    used 75K, committed 128K, reserved 212992K
}
Event: 4.200 GC heap after
{Heap after GC invocations=1 (full 0):
 garbage-first heap   total 262144K, used 3728K [0x00000000e0000000, 0x0000000100000000)
  region size 1024K, 2 young (2048K), 2 survivors (2048K)
 Metaspace       used 972K, committed 1088K, reserved 278528K
  class space    used 75K, committed 128K, reserved 212992K
}
Event: 5.900 GC heap before
{Heap before GC invocations=1 (full 0):
 garbage-first heap   total 262144K, used 21136K [0x00000000e0000000, 0x0000000100000000)
  region size 1024K, 17 young (17408K), 2 survivors (2048K)
 Metaspace       used 3833K, committed 4032K, reserved 278528K
  class space    used 475K, committed 576K, reserved 212992K
}
Event: 5.905 GC heap after
{Heap after GC invocations=2 (full 0):
 garbage-first heap   total 262144K, used 9456K [0x00000000e0000000, 0x0000000100000000)
  region size 1024K, 3 young (3072K), 3 survivors (3072K)
 Metaspace       used 3833K, committed 4032K, reserved 278528K
  class space    used 475K, committed 576K, reserved 212992K
}
Event: 7.129 GC heap before
{Heap before GC invocations=2 (full 0):
 garbage-first heap   total 262144K, used 33008K [0x00000000e0000000, 0x0000000100000000)
  region size 1024K, 25 young (25600K), 3 survivors (3072K)
 Metaspace       used 3958K, committed 4160K, reserved 278528K
  class space    used 476K, committed 576K, reserved 212992K
}
Event: 7.132 GC heap after
{Heap after GC invocations=3 (full 0):
 garbage-first heap   total 262144K, used 13690K [0x00000000e0000000, 0x0000000100000000)
  region size 1024K, 4 young (4096K), 4 survivors (4096K)
 Metaspace       used 3958K, committed 4160K, reserved 278528K
  class space    used 476K, committed 576K, reserved 212992K
}
Event: 25.261 GC heap before
{Heap before GC invocations=3 (full 0):
 garbage-first heap   total 262144K, used 142714K [0x00000000e0000000, 0x0000000100000000)
  region size 1024K, 103 young (105472K), 4 survivors (4096K)
 Metaspace       used 21168K, committed 21504K, reserved 278528K
  class space    used 3155K, committed 3328K, reserved 212992K
}
Event: 25.273 GC heap after
{Heap after GC invocations=4 (full 0):
 garbage-first heap   total 262144K, used 53908K [0x00000000e0000000, 0x0000000100000000)
  region size 1024K, 15 young (15360K), 15 survivors (15360K)
 Metaspace       used 21168K, committed 21504K, reserved 278528K
  class space    used 3155K, committed 3328K, reserved 212992K
}
Event: 37.093 GC heap before
{Heap before GC invocations=5 (full 0):
 garbage-first heap   total 262144K, used 158356K [0x00000000e0000000, 0x0000000100000000)
  region size 1024K, 115 young (117760K), 15 survivors (15360K)
 Metaspace       used 35472K, committed 35840K, reserved 278528K
  class space    used 4947K, committed 5120K, reserved 212992K
}
Event: 37.111 GC heap after
{Heap after GC invocations=6 (full 0):
 garbage-first heap   total 262144K, used 62290K [0x00000000e0000000, 0x0000000100000000)
  region size 1024K, 9 young (9216K), 9 survivors (9216K)
 Metaspace       used 35472K, committed 35840K, reserved 278528K
  class space    used 4947K, committed 5120K, reserved 212992K
}
Event: 37.159 GC heap before
{Heap before GC invocations=6 (full 0):
 garbage-first heap   total 262144K, used 63314K [0x00000000e0000000, 0x0000000100000000)
  region size 1024K, 11 young (11264K), 9 survivors (9216K)
 Metaspace       used 35613K, committed 35968K, reserved 278528K
  class space    used 4969K, committed 5120K, reserved 212992K
}
Event: 37.166 GC heap after
{Heap after GC invocations=7 (full 0):
 garbage-first heap   total 262144K, used 62182K [0x00000000e0000000, 0x0000000100000000)
  region size 1024K, 9 young (9216K), 9 survivors (9216K)
 Metaspace       used 35613K, committed 35968K, reserved 278528K
  class space    used 4969K, committed 5120K, reserved 212992K
}

Dll operation events (12 events):
Event: 0.102 Loaded shared library C:\Users\rojas\.jdks\corretto-17.0.7\bin\java.dll
Event: 0.450 Loaded shared library C:\Users\rojas\.jdks\corretto-17.0.7\bin\jsvml.dll
Event: 1.256 Loaded shared library C:\Users\rojas\.jdks\corretto-17.0.7\bin\net.dll
Event: 1.369 Loaded shared library C:\Users\rojas\.jdks\corretto-17.0.7\bin\nio.dll
Event: 1.564 Loaded shared library C:\Users\rojas\.jdks\corretto-17.0.7\bin\zip.dll
Event: 2.640 Loaded shared library C:\Users\rojas\.jdks\corretto-17.0.7\bin\jimage.dll
Event: 3.787 Loaded shared library C:\Users\rojas\.jdks\corretto-17.0.7\bin\verify.dll
Event: 4.769 Loaded shared library C:\Users\rojas\.gradle\native\68d5fa5c4cc2d200863cafc0d521ce42e7d3e7ee720ec0a83991735586a16f82\windows-amd64\native-platform.dll
Event: 4.778 Loaded shared library C:\Users\rojas\.gradle\native\e376f236ea51e6404a007f0833ffe2c6e607c4080706a723a18a27aeea778392\windows-amd64\native-platform-file-events.dll
Event: 8.463 Loaded shared library C:\Users\rojas\.jdks\corretto-17.0.7\bin\management.dll
Event: 8.466 Loaded shared library C:\Users\rojas\.jdks\corretto-17.0.7\bin\management_ext.dll
Event: 12.878 Loaded shared library C:\Users\rojas\.jdks\corretto-17.0.7\bin\sunmscapi.dll

Deoptimization events (20 events):
Event: 51.652 Thread 0x000001aa581d1420 Uncommon trap: trap_request=0xffffffde fr.pc=0x000001aa471e4358 relative=0x0000000000003278
Event: 51.652 Thread 0x000001aa581d1420 Uncommon trap: reason=class_check action=maybe_recompile pc=0x000001aa471e4358 method=java.util.regex.Pattern$CharProperty.study(Ljava/util/regex/Pattern$TreeInfo;)Z @ 25 c2
Event: 51.652 Thread 0x000001aa581d1420 DEOPT PACKING pc=0x000001aa471e4358 sp=0x00000015c6af9430
Event: 51.652 Thread 0x000001aa581d1420 DEOPT UNPACKING pc=0x000001aa46a869a3 sp=0x00000015c6af9328 mode 2
Event: 51.838 Thread 0x000001aa581d1420 Uncommon trap: trap_request=0xffffff45 fr.pc=0x000001aa47164180 relative=0x00000000000002e0
Event: 51.838 Thread 0x000001aa581d1420 Uncommon trap: reason=unstable_if action=reinterpret pc=0x000001aa47164180 method=java.util.HashMap.getNode(Ljava/lang/Object;)Ljava/util/HashMap$Node; @ 57 c2
Event: 51.838 Thread 0x000001aa581d1420 DEOPT PACKING pc=0x000001aa47164180 sp=0x00000015c6af7cd0
Event: 51.838 Thread 0x000001aa581d1420 DEOPT UNPACKING pc=0x000001aa46a869a3 sp=0x00000015c6af7bf0 mode 2
Event: 51.838 Thread 0x000001aa581d1420 Uncommon trap: trap_request=0xffffff45 fr.pc=0x000001aa471ca1a8 relative=0x00000000000007c8
Event: 51.838 Thread 0x000001aa581d1420 Uncommon trap: reason=unstable_if action=reinterpret pc=0x000001aa471ca1a8 method=java.util.HashMap.putVal(ILjava/lang/Object;Ljava/lang/Object;ZZ)Ljava/lang/Object; @ 85 c2
Event: 51.838 Thread 0x000001aa581d1420 DEOPT PACKING pc=0x000001aa471ca1a8 sp=0x00000015c6af7ca0
Event: 51.838 Thread 0x000001aa581d1420 DEOPT UNPACKING pc=0x000001aa46a869a3 sp=0x00000015c6af7bd0 mode 2
Event: 51.845 Thread 0x000001aa581d1420 Uncommon trap: trap_request=0xffffff45 fr.pc=0x000001aa47200004 relative=0x0000000000000344
Event: 51.845 Thread 0x000001aa581d1420 Uncommon trap: reason=unstable_if action=reinterpret pc=0x000001aa47200004 method=org.gradle.internal.reflect.PropertyAccessorType.isGetGetterName(Ljava/lang/String;)Z @ 14 c2
Event: 51.845 Thread 0x000001aa581d1420 DEOPT PACKING pc=0x000001aa47200004 sp=0x00000015c6af8760
Event: 51.845 Thread 0x000001aa581d1420 DEOPT UNPACKING pc=0x000001aa46a869a3 sp=0x00000015c6af86b8 mode 2
Event: 52.047 Thread 0x000001aa581d1420 Uncommon trap: trap_request=0xffffff45 fr.pc=0x000001aa471eb274 relative=0x0000000000001794
Event: 52.047 Thread 0x000001aa581d1420 Uncommon trap: reason=unstable_if action=reinterpret pc=0x000001aa471eb274 method=java.util.concurrent.ConcurrentHashMap.computeIfAbsent(Ljava/lang/Object;Ljava/util/function/Function;)Ljava/lang/Object; @ 123 c2
Event: 52.047 Thread 0x000001aa581d1420 DEOPT PACKING pc=0x000001aa471eb274 sp=0x00000015c6af9650
Event: 52.047 Thread 0x000001aa581d1420 DEOPT UNPACKING pc=0x000001aa46a869a3 sp=0x00000015c6af95d0 mode 2

Classes unloaded (0 events):
No events

Classes redefined (0 events):
No events

Internal exceptions (20 events):
Event: 50.773 Thread 0x000001aa581d1420 Exception <a 'java/lang/ClassNotFoundException'{0x00000000ed781b18}: org/gradle/plugin/use/internal/PluginsAwareScriptBeanInfo> (0x00000000ed781b18) 
thrown [s\src\hotspot\share\classfile\systemDictionary.cpp, line 256]
Event: 50.773 Thread 0x000001aa581d1420 Exception <a 'java/lang/ClassNotFoundException'{0x00000000ed78c1c0}: org/gradle/plugin/use/internal/PluginsAwareScriptCustomizer> (0x00000000ed78c1c0) 
thrown [s\src\hotspot\share\classfile\systemDictionary.cpp, line 256]
Event: 50.774 Thread 0x000001aa581d1420 Exception <a 'java/lang/ClassNotFoundException'{0x00000000ed79e800}: org/gradle/initialization/SettingsScriptCustomizer> (0x00000000ed79e800) 
thrown [s\src\hotspot\share\classfile\systemDictionary.cpp, line 256]
Event: 50.775 Thread 0x000001aa581d1420 Exception <a 'java/lang/ClassNotFoundException'{0x00000000ed7ac8f8}: settings_6m0gbno800osdks0qk9l00g8wCustomizer> (0x00000000ed7ac8f8) 
thrown [s\src\hotspot\share\classfile\systemDictionary.cpp, line 256]
Event: 50.786 Thread 0x000001aa581d1420 Exception <a 'java/lang/ClassNotFoundException'{0x00000000ed60fd00}: org/gradle/initialization/DefaultSettings_DecoratedBeanInfo> (0x00000000ed60fd00) 
thrown [s\src\hotspot\share\classfile\systemDictionary.cpp, line 256]
Event: 50.787 Thread 0x000001aa581d1420 Exception <a 'java/lang/ClassNotFoundException'{0x00000000ed61fe00}: org/gradle/initialization/DefaultSettingsBeanInfo> (0x00000000ed61fe00) 
thrown [s\src\hotspot\share\classfile\systemDictionary.cpp, line 256]
Event: 50.787 Thread 0x000001aa581d1420 Exception <a 'java/lang/ClassNotFoundException'{0x00000000ed62fee8}: org/gradle/initialization/DefaultSettingsCustomizer> (0x00000000ed62fee8) 
thrown [s\src\hotspot\share\classfile\systemDictionary.cpp, line 256]
Event: 50.790 Thread 0x000001aa581d1420 Exception <a 'java/lang/ClassNotFoundException'{0x00000000ed671e30}: org/gradle/initialization/DefaultSettings_DecoratedCustomizer> (0x00000000ed671e30) 
thrown [s\src\hotspot\share\classfile\systemDictionary.cpp, line 256]
Event: 50.803 Thread 0x000001aa581d1420 Exception <a 'java/lang/ClassNotFoundException'{0x00000000ed6e28d8}: org/gradle/initialization/DefaultProjectDescriptorBeanInfo> (0x00000000ed6e28d8) 
thrown [s\src\hotspot\share\classfile\systemDictionary.cpp, line 256]
Event: 50.803 Thread 0x000001aa581d1420 Exception <a 'java/lang/ClassNotFoundException'{0x00000000ed6f2b00}: org/gradle/initialization/DefaultProjectDescriptorCustomizer> (0x00000000ed6f2b00) 
thrown [s\src\hotspot\share\classfile\systemDictionary.cpp, line 256]
Event: 51.072 Thread 0x000001aa581d1420 Exception <a 'java/lang/ClassNotFoundException'{0x00000000ed3f7000}: org/jetbrains/plugins/gradle/model/web/WebConfigurationBeanInfo> (0x00000000ed3f7000) 
thrown [s\src\hotspot\share\classfile\systemDictionary.cpp, line 256]
Event: 51.073 Thread 0x000001aa581d1420 Exception <a 'java/lang/ClassNotFoundException'{0x00000000ed3ff388}: org/jetbrains/plugins/gradle/model/web/WebConfigurationCustomizer> (0x00000000ed3ff388) 
thrown [s\src\hotspot\share\classfile\systemDictionary.cpp, line 256]
Event: 51.160 Thread 0x000001aa581d1420 Exception <a 'java/lang/ClassNotFoundException'{0x00000000ed21e7d0}: org/jetbrains/plugins/gradle/model/scala/ScalaModelBeanInfo> (0x00000000ed21e7d0) 
thrown [s\src\hotspot\share\classfile\systemDictionary.cpp, line 256]
Event: 51.170 Thread 0x000001aa581d1420 Exception <a 'java/lang/ClassNotFoundException'{0x00000000ed226ad8}: org/jetbrains/plugins/gradle/model/scala/ScalaModelCustomizer> (0x00000000ed226ad8) 
thrown [s\src\hotspot\share\classfile\systemDictionary.cpp, line 256]
Event: 51.196 Thread 0x000001aa581d1420 Exception <a 'java/lang/ClassNotFoundException'{0x00000000ed257b88}: org/jetbrains/plugins/gradle/model/DependencyAccessorsModelBeanInfo> (0x00000000ed257b88) 
thrown [s\src\hotspot\share\classfile\systemDictionary.cpp, line 256]
Event: 51.197 Thread 0x000001aa581d1420 Exception <a 'java/lang/ClassNotFoundException'{0x00000000ed25ff38}: org/jetbrains/plugins/gradle/model/DependencyAccessorsModelCustomizer> (0x00000000ed25ff38) 
thrown [s\src\hotspot\share\classfile\systemDictionary.cpp, line 256]
Event: 51.515 Thread 0x000001aa581d1420 Exception <a 'java/lang/ClassNotFoundException'{0x00000000ecb4f350}: org/gradle/api/internal/project/DefaultProject_DecoratedBeanInfo> (0x00000000ecb4f350) 
thrown [s\src\hotspot\share\classfile\systemDictionary.cpp, line 256]
Event: 51.515 Thread 0x000001aa581d1420 Exception <a 'java/lang/ClassNotFoundException'{0x00000000ecb5bea8}: org/gradle/api/internal/project/DefaultProjectBeanInfo> (0x00000000ecb5bea8) 
thrown [s\src\hotspot\share\classfile\systemDictionary.cpp, line 256]
Event: 51.516 Thread 0x000001aa581d1420 Exception <a 'java/lang/ClassNotFoundException'{0x00000000ecb68a08}: org/gradle/api/internal/project/DefaultProjectCustomizer> (0x00000000ecb68a08) 
thrown [s\src\hotspot\share\classfile\systemDictionary.cpp, line 256]
Event: 51.523 Thread 0x000001aa581d1420 Exception <a 'java/lang/ClassNotFoundException'{0x00000000eca0e940}: org/gradle/api/internal/project/DefaultProject_DecoratedCustomizer> (0x00000000eca0e940) 
thrown [s\src\hotspot\share\classfile\systemDictionary.cpp, line 256]

VM Operations (20 events):
Event: 44.285 Executing VM operation: Cleanup
Event: 44.286 Executing VM operation: Cleanup done
Event: 45.919 Executing VM operation: HandshakeAllThreads
Event: 45.919 Executing VM operation: HandshakeAllThreads done
Event: 45.919 Executing VM operation: Cleanup
Event: 45.919 Executing VM operation: Cleanup done
Event: 46.928 Executing VM operation: Cleanup
Event: 46.928 Executing VM operation: Cleanup done
Event: 47.939 Executing VM operation: Cleanup
Event: 47.939 Executing VM operation: Cleanup done
Event: 48.942 Executing VM operation: Cleanup
Event: 48.942 Executing VM operation: Cleanup done
Event: 49.949 Executing VM operation: Cleanup
Event: 49.949 Executing VM operation: Cleanup done
Event: 50.950 Executing VM operation: Cleanup
Event: 50.950 Executing VM operation: Cleanup done
Event: 51.420 Executing VM operation: HandshakeAllThreads
Event: 51.420 Executing VM operation: HandshakeAllThreads done
Event: 51.647 Executing VM operation: HandshakeAllThreads
Event: 51.647 Executing VM operation: HandshakeAllThreads done

Events (20 events):
Event: 50.917 loading class java/util/zip/GZIPOutputStream
Event: 50.917 loading class java/util/zip/GZIPOutputStream done
Event: 50.924 loading class java/lang/ThreadLocal$SuppliedThreadLocal
Event: 50.924 loading class java/lang/ThreadLocal$SuppliedThreadLocal done
Event: 51.202 Thread 0x000001aa59363210 Thread added: 0x000001aa59363210
Event: 51.353 loading class java/nio/file/AtomicMoveNotSupportedException
Event: 51.354 loading class java/nio/file/AtomicMoveNotSupportedException done
Event: 51.419 loading class java/io/FileWriter
Event: 51.419 loading class java/io/FileWriter done
Event: 51.525 loading class org/xml/sax/Locator
Event: 51.525 loading class org/xml/sax/Locator done
Event: 51.525 loading class org/xml/sax/SAXParseException
Event: 51.525 loading class org/xml/sax/SAXParseException done
Event: 51.527 loading class org/xml/sax/Attributes
Event: 51.527 loading class org/xml/sax/Attributes done
Event: 51.647 loading class java/util/ArrayList$ListItr
Event: 51.647 loading class java/util/ArrayList$ListItr done
Event: 51.954 loading class java/lang/StringIndexOutOfBoundsException
Event: 51.954 loading class java/lang/StringIndexOutOfBoundsException done
Event: 52.162 Thread 0x000001aa57f418b0 Thread added: 0x000001aa57f418b0


Dynamic libraries:
0x00007ff6449d0000 - 0x00007ff6449dd000 	C:\Users\rojas\.jdks\corretto-17.0.7\bin\java.exe
0x00007ffb179f0000 - 0x00007ffb17be8000 	C:\Windows\SYSTEM32\ntdll.dll
0x00007ffb17610000 - 0x00007ffb176cd000 	C:\Windows\System32\KERNEL32.DLL
0x00007ffb153e0000 - 0x00007ffb156d6000 	C:\Windows\System32\KERNELBASE.dll
0x00007ffb15950000 - 0x00007ffb15a50000 	C:\Windows\System32\ucrtbase.dll
0x00007ffae7670000 - 0x00007ffae7687000 	C:\Users\rojas\.jdks\corretto-17.0.7\bin\jli.dll
0x00007ffb16480000 - 0x00007ffb1661e000 	C:\Windows\System32\USER32.dll
0x00007ffb15170000 - 0x00007ffb15192000 	C:\Windows\System32\win32u.dll
0x00007ffb16620000 - 0x00007ffb1664c000 	C:\Windows\System32\GDI32.dll
0x00007ffb156e0000 - 0x00007ffb157fa000 	C:\Windows\System32\gdi32full.dll
0x00007ffb150d0000 - 0x00007ffb1516d000 	C:\Windows\System32\msvcp_win.dll
0x00007ffaef2f0000 - 0x00007ffaef305000 	C:\Users\rojas\.jdks\corretto-17.0.7\bin\VCRUNTIME140.dll
0x00007ffb026f0000 - 0x00007ffb0298a000 	C:\Windows\WinSxS\amd64_microsoft.windows.common-controls_6595b64144ccf1df_6.0.19041.3636_none_60b6a03d71f818d5\COMCTL32.dll
0x00007ffb17570000 - 0x00007ffb1760e000 	C:\Windows\System32\msvcrt.dll
0x00007ffb16980000 - 0x00007ffb169b0000 	C:\Windows\System32\IMM32.DLL
0x00007ffabdc50000 - 0x00007ffabdceb000 	C:\Users\rojas\.jdks\corretto-17.0.7\bin\msvcp140.dll
0x00007ffa94b80000 - 0x00007ffa9579a000 	C:\Users\rojas\.jdks\corretto-17.0.7\bin\server\jvm.dll
0x00007ffb173e0000 - 0x00007ffb1748e000 	C:\Windows\System32\ADVAPI32.dll
0x00007ffb163e0000 - 0x00007ffb1647c000 	C:\Windows\System32\sechost.dll
0x00007ffb17880000 - 0x00007ffb179a6000 	C:\Windows\System32\RPCRT4.dll
0x00007ffb10720000 - 0x00007ffb10729000 	C:\Windows\SYSTEM32\WSOCK32.dll
0x00007ffb16af0000 - 0x00007ffb16b5b000 	C:\Windows\System32\WS2_32.dll
0x00007ffb0dbc0000 - 0x00007ffb0dbe7000 	C:\Windows\SYSTEM32\WINMM.dll
0x00007ffb0f2e0000 - 0x00007ffb0f2ea000 	C:\Windows\SYSTEM32\VERSION.dll
0x00007ffb12fb0000 - 0x00007ffb12fc2000 	C:\Windows\SYSTEM32\kernel.appcore.dll
0x00007ffafeb20000 - 0x00007ffafeb2a000 	C:\Users\rojas\.jdks\corretto-17.0.7\bin\jimage.dll
0x00007ffb0d240000 - 0x00007ffb0d424000 	C:\Windows\SYSTEM32\DBGHELP.DLL
0x00007ffb0c6b0000 - 0x00007ffb0c6e4000 	C:\Windows\SYSTEM32\dbgcore.DLL
0x00007ffb15350000 - 0x00007ffb153d2000 	C:\Windows\System32\bcryptPrimitives.dll
0x00007ffae5c50000 - 0x00007ffae5c75000 	C:\Users\rojas\.jdks\corretto-17.0.7\bin\java.dll
0x00007ffab7cd0000 - 0x00007ffab7da6000 	C:\Users\rojas\.jdks\corretto-17.0.7\bin\jsvml.dll
0x00007ffb16c90000 - 0x00007ffb173d4000 	C:\Windows\System32\SHELL32.dll
0x00007ffb131b0000 - 0x00007ffb1394b000 	C:\Windows\SYSTEM32\windows.storage.dll
0x00007ffb15a60000 - 0x00007ffb15db4000 	C:\Windows\System32\combase.dll
0x00007ffb14aa0000 - 0x00007ffb14acd000 	C:\Windows\SYSTEM32\Wldp.dll
0x00007ffb168d0000 - 0x00007ffb1697d000 	C:\Windows\System32\SHCORE.dll
0x00007ffb16b60000 - 0x00007ffb16bb5000 	C:\Windows\System32\shlwapi.dll
0x00007ffb15000000 - 0x00007ffb15025000 	C:\Windows\SYSTEM32\profapi.dll
0x00007ffae67c0000 - 0x00007ffae67d9000 	C:\Users\rojas\.jdks\corretto-17.0.7\bin\net.dll
0x00007ffb0f960000 - 0x00007ffb0fa6a000 	C:\Windows\SYSTEM32\WINHTTP.dll
0x00007ffb147a0000 - 0x00007ffb1480a000 	C:\Windows\system32\mswsock.dll
0x00007ffae3790000 - 0x00007ffae37a5000 	C:\Users\rojas\.jdks\corretto-17.0.7\bin\nio.dll
0x00007ffae3360000 - 0x00007ffae3378000 	C:\Users\rojas\.jdks\corretto-17.0.7\bin\zip.dll
0x00007ffaf5890000 - 0x00007ffaf58a0000 	C:\Users\rojas\.jdks\corretto-17.0.7\bin\verify.dll
0x00007ffaf3e30000 - 0x00007ffaf3e57000 	C:\Users\rojas\.gradle\native\68d5fa5c4cc2d200863cafc0d521ce42e7d3e7ee720ec0a83991735586a16f82\windows-amd64\native-platform.dll
0x00007ffaa6ce0000 - 0x00007ffaa6e24000 	C:\Users\rojas\.gradle\native\e376f236ea51e6404a007f0833ffe2c6e607c4080706a723a18a27aeea778392\windows-amd64\native-platform-file-events.dll
0x00007ffb0a860000 - 0x00007ffb0a869000 	C:\Users\rojas\.jdks\corretto-17.0.7\bin\management.dll
0x00007ffaf48a0000 - 0x00007ffaf48ab000 	C:\Users\rojas\.jdks\corretto-17.0.7\bin\management_ext.dll
0x00007ffb15a50000 - 0x00007ffb15a58000 	C:\Windows\System32\PSAPI.DLL
0x00007ffb14990000 - 0x00007ffb149a8000 	C:\Windows\SYSTEM32\CRYPTSP.dll
0x00007ffb140d0000 - 0x00007ffb14104000 	C:\Windows\system32\rsaenh.dll
0x00007ffb15920000 - 0x00007ffb15947000 	C:\Windows\System32\bcrypt.dll
0x00007ffb14f80000 - 0x00007ffb14fae000 	C:\Windows\SYSTEM32\USERENV.dll
0x00007ffb149b0000 - 0x00007ffb149bc000 	C:\Windows\SYSTEM32\CRYPTBASE.dll
0x00007ffb14490000 - 0x00007ffb144cb000 	C:\Windows\SYSTEM32\IPHLPAPI.DLL
0x00007ffb16c70000 - 0x00007ffb16c78000 	C:\Windows\System32\NSI.dll
0x00007ffb100e0000 - 0x00007ffb100f7000 	C:\Windows\SYSTEM32\dhcpcsvc6.DLL
0x00007ffb100c0000 - 0x00007ffb100dd000 	C:\Windows\SYSTEM32\dhcpcsvc.DLL
0x00007ffb144d0000 - 0x00007ffb1459a000 	C:\Windows\SYSTEM32\DNSAPI.dll
0x00007ffaf4890000 - 0x00007ffaf489e000 	C:\Users\rojas\.jdks\corretto-17.0.7\bin\sunmscapi.dll
0x00007ffb151a0000 - 0x00007ffb152fd000 	C:\Windows\System32\CRYPT32.dll
0x00007ffb14b10000 - 0x00007ffb14b37000 	C:\Windows\SYSTEM32\ncrypt.dll
0x00007ffb14ad0000 - 0x00007ffb14b0b000 	C:\Windows\SYSTEM32\NTASN1.dll
0x00007ffb015b0000 - 0x00007ffb015b7000 	C:\Windows\system32\wshunix.dll

dbghelp: loaded successfully - version: 4.0.5 - missing functions: none
symbol engine: initialized successfully - sym options: 0x614 - pdb path: .;C:\Users\rojas\.jdks\corretto-17.0.7\bin;C:\Windows\SYSTEM32;C:\Windows\WinSxS\amd64_microsoft.windows.common-controls_6595b64144ccf1df_6.0.19041.3636_none_60b6a03d71f818d5;C:\Users\rojas\.jdks\corretto-17.0.7\bin\server;C:\Users\rojas\.gradle\native\68d5fa5c4cc2d200863cafc0d521ce42e7d3e7ee720ec0a83991735586a16f82\windows-amd64;C:\Users\rojas\.gradle\native\e376f236ea51e6404a007f0833ffe2c6e607c4080706a723a18a27aeea778392\windows-amd64

VM Arguments:
jvm_args: --add-opens=java.base/java.util=ALL-UNNAMED --add-opens=java.base/java.lang=ALL-UNNAMED --add-opens=java.base/java.lang.invoke=ALL-UNNAMED --add-opens=java.prefs/java.util.prefs=ALL-UNNAMED --add-opens=java.base/java.nio.charset=ALL-UNNAMED --add-opens=java.base/java.net=ALL-UNNAMED --add-opens=java.base/java.util.concurrent.atomic=ALL-UNNAMED -XX:MaxMetaspaceSize=256m -XX:+HeapDumpOnOutOfMemoryError -Xms256m -Xmx512m -Dfile.encoding=windows-1252 -Duser.country=ES -Duser.language=es -Duser.variant 
java_command: org.gradle.launcher.daemon.bootstrap.GradleDaemon 7.6
java_class_path (initial): C:\Users\rojas\.gradle\wrapper\dists\gradle-7.6-bin\9l9tetv7ltxvx3i8an4pb86ye\gradle-7.6\lib\gradle-launcher-7.6.jar
Launcher Type: SUN_STANDARD

[Global flags]
     intx CICompilerCount                          = 3                                         {product} {ergonomic}
   size_t CompressedClassSpaceSize                 = 218103808                                 {product} {ergonomic}
     uint ConcGCThreads                            = 1                                         {product} {ergonomic}
     uint G1ConcRefinementThreads                  = 4                                         {product} {ergonomic}
   size_t G1HeapRegionSize                         = 1048576                                   {product} {ergonomic}
    uintx GCDrainStackTargetSize                   = 64                                        {product} {ergonomic}
     bool HeapDumpOnOutOfMemoryError               = true                                   {manageable} {command line}
   size_t InitialHeapSize                          = 268435456                                 {product} {command line}
   size_t MarkStackSize                            = 4194304                                   {product} {ergonomic}
   size_t MaxHeapSize                              = 536870912                                 {product} {command line}
   size_t MaxMetaspaceSize                         = 268435456                                 {product} {command line}
   size_t MaxNewSize                               = 321912832                                 {product} {ergonomic}
   size_t MinHeapDeltaBytes                        = 1048576                                   {product} {ergonomic}
   size_t MinHeapSize                              = 268435456                                 {product} {command line}
    uintx NonNMethodCodeHeapSize                   = 5832780                                {pd product} {ergonomic}
    uintx NonProfiledCodeHeapSize                  = 122912730                              {pd product} {ergonomic}
    uintx ProfiledCodeHeapSize                     = 122912730                              {pd product} {ergonomic}
    uintx ReservedCodeCacheSize                    = 251658240                              {pd product} {ergonomic}
     bool SegmentedCodeCache                       = true                                      {product} {ergonomic}
   size_t SoftMaxHeapSize                          = 536870912                              {manageable} {ergonomic}
     bool UseCompressedClassPointers               = true                           {product lp64_product} {ergonomic}
     bool UseCompressedOops                        = true                           {product lp64_product} {ergonomic}
     bool UseG1GC                                  = true                                      {product} {ergonomic}
     bool UseLargePagesIndividualAllocation        = false                                  {pd product} {ergonomic}

Logging:
Log output configuration:
 #0: stdout all=warning uptime,level,tags
 #1: stderr all=off uptime,level,tags

Environment Variables:
PATH=C:\Program Files\Microsoft\jdk-11.0.16.101-hotspot\bin;C:\Program Files\Common Files\Oracle\Java\javapath;C:\Program Files (x86)\Common Files\Oracle\Java\javapath;C:\Windows\system32;C:\Windows;C:\Windows\System32\Wbem;C:\Windows\System32\WindowsPowerShell\v1.0\;C:\Windows\System32\OpenSSH\;C:\Program Files (x86)\NVIDIA Corporation\PhysX\Common;C:\Program Files\NVIDIA Corporation\NVIDIA NvDLISR;C:\Program Files\PuTTY\;C:\Program Files\nodejs\;C:\Program Files\Git\cmd;C:\Program Files\Microsoft SQL Server\150\Tools\Binn\;C:\Program Files\Microsoft SQL Server\Client SDK\ODBC\170\Tools\Binn\;C:\Program Files\dotnet\;C:\Program Files\MySQL\MySQL Shell 8.0\bin\;C:\Users\rojas\AppData\Local\Microsoft\WindowsApps;C:\Users\rojas\AppData\Local\Programs\Microsoft VS Code\bin;C:\Users\rojas\AppData\Local\GitHubDesktop\bin;C:\Users\rojas\AppData\Roaming\npm;C:\Program Files (x86)\Nmap;C:\Users\rojas\.dotnet\tools
USERNAME=rojas
OS=Windows_NT
PROCESSOR_IDENTIFIER=Intel64 Family 6 Model 94 Stepping 3, GenuineIntel
TMP=C:\Users\rojas\AppData\Local\Temp
TEMP=C:\Users\rojas\AppData\Local\Temp



---------------  S Y S T E M  ---------------

OS:
 Windows 10 , 64 bit Build 19041 (10.0.19041.3636)
OS uptime: 7 days 3:20 hours

CPU: total 4 (initial active 4) (4 cores per cpu, 1 threads per core) family 6 model 94 stepping 3 microcode 0xcc, cx8, cmov, fxsr, mmx, 3dnowpref, sse, sse2, sse3, ssse3, sse4.1, sse4.2, popcnt, lzcnt, tsc, tscinvbit, avx, avx2, aes, erms, clmul, bmi1, bmi2, rtm, adx, fma, vzeroupper, clflush, clflushopt

Memory: 4k page, system-wide physical 12252M (617M free)
TotalPageFile size 20252M (AvailPageFile size 3M)
current process WorkingSet (physical memory assigned to process): 353M, peak: 356M
current process commit charge ("private bytes"): 468M, peak: 472M

vm_info: OpenJDK 64-Bit Server VM (17.0.7+7-LTS) for windows-amd64 JRE (17.0.7+7-LTS), built on Apr 14 2023 01:39:21 by "Administrator" with MS VC++ 15.9 (VS2017)

END.
