#
# There is insufficient memory for the Java Runtime Environment to continue.
# Native memory allocation (malloc) failed to allocate 32744 bytes for ChunkPool::allocate
# Possible reasons:
#   The system is out of physical RAM or swap space
#   The process is running with CompressedOops enabled, and the Java Heap may be blocking the growth of the native heap
# Possible solutions:
#   Reduce memory load on the system
#   Increase physical memory or swap space
#   Check if swap backing store is full
#   Decrease Java heap size (-Xmx/-Xms)
#   Decrease number of Java threads
#   Decrease Java thread stack sizes (-Xss)
#   Set larger code cache with -XX:ReservedCodeCacheSize=
#   JVM is running with Unscaled Compressed Oops mode in which the Java heap is
#     placed in the first 4GB address space. The Java Heap base address is the
#     maximum limit for the native heap growth. Please use -XX:HeapBaseMinAddress
#     to set the Java Heap base and to place the Java Heap above 4GB virtual address.
# This output file may be truncated or incomplete.
#
#  Out of Memory Error (arena.cpp:78), pid=13640, tid=7368
#
# JRE version: OpenJDK Runtime Environment Corretto-17.0.7.7.1 (17.0.7+7) (build 17.0.7+7-LTS)
# Java VM: OpenJDK 64-Bit Server VM Corretto-17.0.7.7.1 (17.0.7+7-LTS, mixed mode, sharing, tiered, compressed oops, compressed class ptrs, g1 gc, windows-amd64)
# No core dump will be written. Minidumps are not enabled by default on client versions of Windows
#

---------------  S U M M A R Y ------------

Command Line: --add-opens=java.base/java.util=ALL-UNNAMED --add-opens=java.base/java.lang=ALL-UNNAMED --add-opens=java.base/java.lang.invoke=ALL-UNNAMED --add-opens=java.prefs/java.util.prefs=ALL-UNNAMED --add-opens=java.base/java.nio.charset=ALL-UNNAMED --add-opens=java.base/java.net=ALL-UNNAMED --add-opens=java.base/java.util.concurrent.atomic=ALL-UNNAMED -XX:MaxMetaspaceSize=256m -XX:+HeapDumpOnOutOfMemoryError -Xms256m -Xmx512m -Dfile.encoding=windows-1252 -Duser.country=ES -Duser.language=es -Duser.variant org.gradle.launcher.daemon.bootstrap.GradleDaemon 7.6

Host: Intel(R) Core(TM) i5-6500T CPU @ 2.50GHz, 4 cores, 11G,  Windows 10 , 64 bit Build 19041 (10.0.19041.3636)
Time: Sat Nov 11 15:34:19 2023 Hora est. Pacífico, Sudamérica elapsed time: 137.964879 seconds (0d 0h 2m 17s)

---------------  T H R E A D  ---------------

Current thread (0x00000205f35111f0):  JavaThread "C2 CompilerThread1" daemon [_thread_in_native, id=7368, stack(0x0000004ce0d00000,0x0000004ce0e00000)]


Current CompileTask:
C2: 137964 8155       4       java.lang.String::<init> (14 bytes)

Stack: [0x0000004ce0d00000,0x0000004ce0e00000]
Native frames: (J=compiled Java code, j=interpreted, Vv=VM code, C=native code)
V  [jvm.dll+0x64b53a]
V  [jvm.dll+0x7fef54]
V  [jvm.dll+0x80070e]
V  [jvm.dll+0x800d63]
V  [jvm.dll+0x236a2b]
V  [jvm.dll+0xbd698]
V  [jvm.dll+0xbda5c]
V  [jvm.dll+0x117468]
V  [jvm.dll+0x673ba8]
V  [jvm.dll+0x1b184c]
V  [jvm.dll+0x20addf]
V  [jvm.dll+0x20a287]
V  [jvm.dll+0x19a2ed]
V  [jvm.dll+0x21967d]
V  [jvm.dll+0x2178c4]
V  [jvm.dll+0x7b7dcb]
V  [jvm.dll+0x7b237a]
V  [jvm.dll+0x64a3a5]
C  [ucrtbase.dll+0x21bb2]
C  [KERNEL32.DLL+0x17344]
C  [ntdll.dll+0x526b1]


---------------  P R O C E S S  ---------------

Threads class SMR info:
_java_thread_list=0x00000205f120a2d0, length=86, elements={
0x00000205cfae2e20, 0x00000205ebcfa700, 0x00000205ebcfb480, 0x00000205ebd10ae0,
0x00000205ebd134b0, 0x00000205ebd13d70, 0x00000205ebd14630, 0x00000205ebd152d0,
0x00000205ebd18090, 0x00000205ebd89490, 0x00000205f00c9460, 0x00000205f00cf1b0,
0x00000205f16b7c20, 0x00000205f0220d10, 0x00000205f19d8e40, 0x00000205f1e53420,
0x00000205ebd6c3f0, 0x00000205f006d320, 0x00000205f0bf2010, 0x00000205f0b5e570,
0x00000205f0b5ba20, 0x00000205f0b5b550, 0x00000205f0b5cd60, 0x00000205f0b5bef0,
0x00000205f0b5c3c0, 0x00000205f0b5c890, 0x00000205f0b5e0a0, 0x00000205f0b5ea40,
0x00000205f0b5ef10, 0x00000205f0b5d700, 0x00000205f1d1cbb0, 0x00000205f1d1c210,
0x00000205f1d1b870, 0x00000205f1d1f230, 0x00000205f1d1a530, 0x00000205f1d1b3a0,
0x00000205f1d18d20, 0x00000205f1d1aa00, 0x00000205f1d196c0, 0x00000205f1d1aed0,
0x00000205f1d1def0, 0x00000205f1d1d550, 0x00000205f1d19b90, 0x00000205f1d1fbd0,
0x00000205f1d191f0, 0x00000205f1d1a060, 0x00000205f1d1c6e0, 0x00000205f1d1e3c0,
0x00000205f1d1bd40, 0x00000205f1d1da20, 0x00000205f1d1e890, 0x00000205f1d1ed60,
0x00000205f1d18380, 0x00000205f0b5dbd0, 0x00000205f1228670, 0x00000205f1226e60,
0x00000205f1225b20, 0x00000205f1229010, 0x00000205f1225650, 0x00000205f1225ff0,
0x00000205f12264c0, 0x00000205f122c030, 0x00000205f1227800, 0x00000205f122c500,
0x00000205f122c9d0, 0x00000205f1226990, 0x00000205f12294e0, 0x00000205f1225180,
0x00000205f1228b40, 0x00000205f122b1c0, 0x00000205f1227330, 0x00000205f1227cd0,
0x00000205f12281a0, 0x00000205f122a820, 0x00000205f1229e80, 0x00000205f122acf0,
0x00000205f122a350, 0x00000205f122b690, 0x00000205f122bb60, 0x00000205f1de7450,
0x00000205f1de3a90, 0x00000205f1de5770, 0x00000205f1de6f80, 0x00000205f1de6110,
0x00000205f1de7df0, 0x00000205f35111f0
}

Java Threads: ( => current thread )
  0x00000205cfae2e20 JavaThread "main" [_thread_blocked, id=6104, stack(0x0000004cddd00000,0x0000004cdde00000)]
  0x00000205ebcfa700 JavaThread "Reference Handler" daemon [_thread_blocked, id=17656, stack(0x0000004cde400000,0x0000004cde500000)]
  0x00000205ebcfb480 JavaThread "Finalizer" daemon [_thread_blocked, id=9716, stack(0x0000004cde500000,0x0000004cde600000)]
  0x00000205ebd10ae0 JavaThread "Signal Dispatcher" daemon [_thread_blocked, id=17312, stack(0x0000004cde600000,0x0000004cde700000)]
  0x00000205ebd134b0 JavaThread "Attach Listener" daemon [_thread_blocked, id=2984, stack(0x0000004cde700000,0x0000004cde800000)]
  0x00000205ebd13d70 JavaThread "Service Thread" daemon [_thread_blocked, id=6916, stack(0x0000004cde800000,0x0000004cde900000)]
  0x00000205ebd14630 JavaThread "Monitor Deflation Thread" daemon [_thread_blocked, id=14772, stack(0x0000004cde900000,0x0000004cdea00000)]
  0x00000205ebd152d0 JavaThread "C2 CompilerThread0" daemon [_thread_in_native, id=9916, stack(0x0000004cdea00000,0x0000004cdeb00000)]
  0x00000205ebd18090 JavaThread "C1 CompilerThread0" daemon [_thread_blocked, id=16324, stack(0x0000004cdeb00000,0x0000004cdec00000)]
  0x00000205ebd89490 JavaThread "Sweeper thread" daemon [_thread_blocked, id=18072, stack(0x0000004cdec00000,0x0000004cded00000)]
  0x00000205f00c9460 JavaThread "Common-Cleaner" daemon [_thread_blocked, id=13864, stack(0x0000004cded00000,0x0000004cdee00000)]
  0x00000205f00cf1b0 JavaThread "Notification Thread" daemon [_thread_blocked, id=20800, stack(0x0000004cdee00000,0x0000004cdef00000)]
  0x00000205f16b7c20 JavaThread "Daemon health stats" [_thread_blocked, id=14376, stack(0x0000004cdf000000,0x0000004cdf100000)]
  0x00000205f0220d10 JavaThread "Incoming local TCP Connector on port 1781" [_thread_in_native, id=17088, stack(0x0000004cdf400000,0x0000004cdf500000)]
  0x00000205f19d8e40 JavaThread "Daemon periodic checks" [_thread_blocked, id=17920, stack(0x0000004cdf500000,0x0000004cdf600000)]
  0x00000205f1e53420 JavaThread "Daemon" [_thread_blocked, id=22980, stack(0x0000004cdf600000,0x0000004cdf700000)]
  0x00000205ebd6c3f0 JavaThread "Handler for socket connection from /127.0.0.1:1781 to /127.0.0.1:1790" [_thread_in_native, id=18572, stack(0x0000004cdf700000,0x0000004cdf800000)]
  0x00000205f006d320 JavaThread "Cancel handler" [_thread_blocked, id=17976, stack(0x0000004cdf800000,0x0000004cdf900000)]
  0x00000205f0bf2010 JavaThread "Daemon worker" [_thread_in_Java, id=14600, stack(0x0000004cdf900000,0x0000004cdfa00000)]
  0x00000205f0b5e570 JavaThread "Asynchronous log dispatcher for DefaultDaemonConnection: socket connection from /127.0.0.1:1781 to /127.0.0.1:1790" [_thread_blocked, id=23512, stack(0x0000004cdfa00000,0x0000004cdfb00000)]
  0x00000205f0b5ba20 JavaThread "Daemon client event forwarder" [_thread_blocked, id=18356, stack(0x0000004cdfc00000,0x0000004cdfd00000)]
  0x00000205f0b5b550 JavaThread "Cache worker for journal cache (C:\Users\rojas\.gradle\caches\journal-1)" [_thread_blocked, id=22288, stack(0x0000004cdfd00000,0x0000004cdfe00000)]
  0x00000205f0b5cd60 JavaThread "File lock request listener" [_thread_in_native, id=22656, stack(0x0000004cdfe00000,0x0000004cdff00000)]
  0x00000205f0b5bef0 JavaThread "File lock release action executor" [_thread_blocked, id=22576, stack(0x0000004cdff00000,0x0000004ce0000000)]
  0x00000205f0b5c3c0 JavaThread "Cache worker for file hash cache (C:\Users\rojas\.gradle\caches\7.6\fileHashes)" [_thread_blocked, id=14264, stack(0x0000004ce0000000,0x0000004ce0100000)]
  0x00000205f0b5c890 JavaThread "File watcher server" daemon [_thread_in_native, id=23044, stack(0x0000004ce0100000,0x0000004ce0200000)]
  0x00000205f0b5e0a0 JavaThread "File watcher consumer" daemon [_thread_blocked, id=15528, stack(0x0000004ce0200000,0x0000004ce0300000)]
  0x00000205f0b5ea40 JavaThread "jar transforms" [_thread_blocked, id=5592, stack(0x0000004ce0300000,0x0000004ce0400000)]
  0x00000205f0b5ef10 JavaThread "jar transforms Thread 2" [_thread_blocked, id=22636, stack(0x0000004ce0400000,0x0000004ce0500000)]
  0x00000205f0b5d700 JavaThread "jar transforms Thread 3" [_thread_blocked, id=18132, stack(0x0000004ce0500000,0x0000004ce0600000)]
  0x00000205f1d1cbb0 JavaThread "jar transforms Thread 4" [_thread_blocked, id=22012, stack(0x0000004ce0600000,0x0000004ce0700000)]
  0x00000205f1d1c210 JavaThread "Cache worker for checksums cache (C:\Proyectos\BFFinder\Back-End\service-registry\.gradle\7.6\checksums)" [_thread_blocked, id=23256, stack(0x0000004ce0700000,0x0000004ce0800000)]
  0x00000205f1d1b870 JavaThread "Cache worker for cache directory md-rule (C:\Users\rojas\.gradle\caches\7.6\md-rule)" [_thread_blocked, id=16656, stack(0x0000004ce0800000,0x0000004ce0900000)]
  0x00000205f1d1f230 JavaThread "Cache worker for file content cache (C:\Users\rojas\.gradle\caches\7.6\fileContent)" [_thread_blocked, id=7472, stack(0x0000004ce0900000,0x0000004ce0a00000)]
  0x00000205f1d1a530 JavaThread "Cache worker for file hash cache (C:\Proyectos\BFFinder\Back-End\service-registry\.gradle\7.6\fileHashes)" [_thread_blocked, id=15316, stack(0x0000004ce0a00000,0x0000004ce0b00000)]
  0x00000205f1d1b3a0 JavaThread "Cache worker for cache directory md-supplier (C:\Users\rojas\.gradle\caches\7.6\md-supplier)" [_thread_blocked, id=21356, stack(0x0000004ce0b00000,0x0000004ce0c00000)]
  0x00000205f1d18d20 JavaThread "Cache worker for execution history cache (C:\Users\rojas\.gradle\caches\7.6\executionHistory)" [_thread_blocked, id=6376, stack(0x0000004ce0c00000,0x0000004ce0d00000)]
  0x00000205f1d1aa00 JavaThread "Cache worker for dependencies-accessors (C:\Proyectos\BFFinder\Back-End\service-registry\.gradle\7.6\dependencies-accessors)" [_thread_blocked, id=12904, stack(0x0000004cddc00000,0x0000004cddd00000)]
  0x00000205f1d196c0 JavaThread "Cache worker for Build Output Cleanup Cache (C:\Proyectos\BFFinder\Back-End\service-registry\.gradle\buildOutputCleanup)" [_thread_blocked, id=16368, stack(0x0000004cddb00000,0x0000004cddc00000)]
  0x00000205f1d1aed0 JavaThread "Unconstrained build operations" [_thread_blocked, id=16968, stack(0x0000004cdfb00000,0x0000004cdfc00000)]
  0x00000205f1d1def0 JavaThread "Unconstrained build operations Thread 2" [_thread_blocked, id=17316, stack(0x0000004ce1100000,0x0000004ce1200000)]
  0x00000205f1d1d550 JavaThread "Unconstrained build operations Thread 3" [_thread_blocked, id=6352, stack(0x0000004ce1200000,0x0000004ce1300000)]
  0x00000205f1d19b90 JavaThread "Unconstrained build operations Thread 4" [_thread_blocked, id=21404, stack(0x0000004ce1300000,0x0000004ce1400000)]
  0x00000205f1d1fbd0 JavaThread "Unconstrained build operations Thread 5" [_thread_blocked, id=11932, stack(0x0000004ce1400000,0x0000004ce1500000)]
  0x00000205f1d191f0 JavaThread "Unconstrained build operations Thread 6" [_thread_blocked, id=12992, stack(0x0000004ce1500000,0x0000004ce1600000)]
  0x00000205f1d1a060 JavaThread "Unconstrained build operations Thread 7" [_thread_blocked, id=4816, stack(0x0000004ce1600000,0x0000004ce1700000)]
  0x00000205f1d1c6e0 JavaThread "Unconstrained build operations Thread 8" [_thread_blocked, id=12024, stack(0x0000004ce1700000,0x0000004ce1800000)]
  0x00000205f1d1e3c0 JavaThread "Unconstrained build operations Thread 9" [_thread_blocked, id=6496, stack(0x0000004ce1800000,0x0000004ce1900000)]
  0x00000205f1d1bd40 JavaThread "Unconstrained build operations Thread 10" [_thread_blocked, id=7968, stack(0x0000004ce1900000,0x0000004ce1a00000)]
  0x00000205f1d1da20 JavaThread "Unconstrained build operations Thread 11" [_thread_blocked, id=6532, stack(0x0000004ce1a00000,0x0000004ce1b00000)]
  0x00000205f1d1e890 JavaThread "Unconstrained build operations Thread 12" [_thread_blocked, id=17292, stack(0x0000004ce1b00000,0x0000004ce1c00000)]
  0x00000205f1d1ed60 JavaThread "Unconstrained build operations Thread 13" [_thread_blocked, id=14684, stack(0x0000004ce1c00000,0x0000004ce1d00000)]
  0x00000205f1d18380 JavaThread "Unconstrained build operations Thread 14" [_thread_blocked, id=8644, stack(0x0000004ce1d00000,0x0000004ce1e00000)]
  0x00000205f0b5dbd0 JavaThread "Unconstrained build operations Thread 15" [_thread_blocked, id=13724, stack(0x0000004ce1e00000,0x0000004ce1f00000)]
  0x00000205f1228670 JavaThread "Unconstrained build operations Thread 16" [_thread_blocked, id=22344, stack(0x0000004ce1f00000,0x0000004ce2000000)]
  0x00000205f1226e60 JavaThread "Unconstrained build operations Thread 17" [_thread_blocked, id=14200, stack(0x0000004ce2000000,0x0000004ce2100000)]
  0x00000205f1225b20 JavaThread "Unconstrained build operations Thread 18" [_thread_blocked, id=16252, stack(0x0000004ce2100000,0x0000004ce2200000)]
  0x00000205f1229010 JavaThread "Memory manager" [_thread_blocked, id=8012, stack(0x0000004ce2200000,0x0000004ce2300000)]
  0x00000205f1225650 JavaThread "included builds" [_thread_blocked, id=20612, stack(0x0000004ce2300000,0x0000004ce2400000)]
  0x00000205f1225ff0 JavaThread "Execution worker" [_thread_blocked, id=5044, stack(0x0000004ce2400000,0x0000004ce2500000)]
  0x00000205f12264c0 JavaThread "Execution worker Thread 2" [_thread_blocked, id=4700, stack(0x0000004ce2500000,0x0000004ce2600000)]
  0x00000205f122c030 JavaThread "Execution worker Thread 3" [_thread_blocked, id=11220, stack(0x0000004ce2600000,0x0000004ce2700000)]
  0x00000205f1227800 JavaThread "Cache worker for execution history cache (C:\Proyectos\BFFinder\Back-End\service-registry\.gradle\7.6\executionHistory)" [_thread_blocked, id=4536, stack(0x0000004ce2700000,0x0000004ce2800000)]
  0x00000205f122c500 JavaThread "Unconstrained build operations Thread 19" [_thread_blocked, id=12800, stack(0x0000004ce2800000,0x0000004ce2900000)]
  0x00000205f122c9d0 JavaThread "Unconstrained build operations Thread 20" [_thread_blocked, id=18988, stack(0x0000004ce2900000,0x0000004ce2a00000)]
  0x00000205f1226990 JavaThread "Unconstrained build operations Thread 21" [_thread_blocked, id=13488, stack(0x0000004ce2a00000,0x0000004ce2b00000)]
  0x00000205f12294e0 JavaThread "Unconstrained build operations Thread 22" [_thread_blocked, id=12312, stack(0x0000004ce2b00000,0x0000004ce2c00000)]
  0x00000205f1225180 JavaThread "Unconstrained build operations Thread 23" [_thread_blocked, id=3368, stack(0x0000004ce2c00000,0x0000004ce2d00000)]
  0x00000205f1228b40 JavaThread "Unconstrained build operations Thread 24" [_thread_blocked, id=7964, stack(0x0000004ce2d00000,0x0000004ce2e00000)]
  0x00000205f122b1c0 JavaThread "Unconstrained build operations Thread 25" [_thread_blocked, id=6596, stack(0x0000004ce2e00000,0x0000004ce2f00000)]
  0x00000205f1227330 JavaThread "Unconstrained build operations Thread 26" [_thread_blocked, id=21640, stack(0x0000004ce2f00000,0x0000004ce3000000)]
  0x00000205f1227cd0 JavaThread "Unconstrained build operations Thread 27" [_thread_blocked, id=860, stack(0x0000004ce3000000,0x0000004ce3100000)]
  0x00000205f12281a0 JavaThread "Unconstrained build operations Thread 28" [_thread_blocked, id=10196, stack(0x0000004ce3100000,0x0000004ce3200000)]
  0x00000205f122a820 JavaThread "Unconstrained build operations Thread 29" [_thread_blocked, id=3664, stack(0x0000004ce3200000,0x0000004ce3300000)]
  0x00000205f1229e80 JavaThread "Unconstrained build operations Thread 30" [_thread_blocked, id=7308, stack(0x0000004ce3300000,0x0000004ce3400000)]
  0x00000205f122acf0 JavaThread "Unconstrained build operations Thread 31" [_thread_blocked, id=8680, stack(0x0000004ce3400000,0x0000004ce3500000)]
  0x00000205f122a350 JavaThread "Unconstrained build operations Thread 32" [_thread_blocked, id=10188, stack(0x0000004ce3500000,0x0000004ce3600000)]
  0x00000205f122b690 JavaThread "Unconstrained build operations Thread 33" [_thread_blocked, id=16360, stack(0x0000004ce3600000,0x0000004ce3700000)]
  0x00000205f122bb60 JavaThread "Unconstrained build operations Thread 34" [_thread_blocked, id=16920, stack(0x0000004ce3700000,0x0000004ce3800000)]
  0x00000205f1de7450 JavaThread "Unconstrained build operations Thread 35" [_thread_blocked, id=6316, stack(0x0000004ce3800000,0x0000004ce3900000)]
  0x00000205f1de3a90 JavaThread "Unconstrained build operations Thread 36" [_thread_blocked, id=17560, stack(0x0000004ce3900000,0x0000004ce3a00000)]
  0x00000205f1de5770 JavaThread "Unconstrained build operations Thread 37" [_thread_blocked, id=13368, stack(0x0000004ce3a00000,0x0000004ce3b00000)]
  0x00000205f1de6f80 JavaThread "Unconstrained build operations Thread 38" [_thread_blocked, id=14788, stack(0x0000004ce3b00000,0x0000004ce3c00000)]
  0x00000205f1de6110 JavaThread "Unconstrained build operations Thread 39" [_thread_blocked, id=19748, stack(0x0000004ce3c00000,0x0000004ce3d00000)]
  0x00000205f1de7df0 JavaThread "Unconstrained build operations Thread 40" [_thread_blocked, id=13852, stack(0x0000004ce3d00000,0x0000004ce3e00000)]
=>0x00000205f35111f0 JavaThread "C2 CompilerThread1" daemon [_thread_in_native, id=7368, stack(0x0000004ce0d00000,0x0000004ce0e00000)]

Other Threads:
  0x00000205ebcf5c60 VMThread "VM Thread" [stack: 0x0000004cde300000,0x0000004cde400000] [id=576]
  0x00000205f00cfe90 WatcherThread [stack: 0x0000004cdef00000,0x0000004cdf000000] [id=20024]
  0x00000205cfb118a0 GCTaskThread "GC Thread#0" [stack: 0x0000004cdde00000,0x0000004cddf00000] [id=10928]
  0x00000205f0285710 GCTaskThread "GC Thread#1" [stack: 0x0000004cdf100000,0x0000004cdf200000] [id=22652]
  0x00000205f02859c0 GCTaskThread "GC Thread#2" [stack: 0x0000004cdf200000,0x0000004cdf300000] [id=20928]
  0x00000205f0225bc0 GCTaskThread "GC Thread#3" [stack: 0x0000004cdf300000,0x0000004cdf400000] [id=8648]
  0x00000205cfb166f0 ConcurrentGCThread "G1 Main Marker" [stack: 0x0000004cddf00000,0x0000004cde000000] [id=7400]
  0x00000205cfb17010 ConcurrentGCThread "G1 Conc#0" [stack: 0x0000004cde000000,0x0000004cde100000] [id=18240]
  0x00000205cfbbd360 ConcurrentGCThread "G1 Refine#0" [stack: 0x0000004cde100000,0x0000004cde200000] [id=5116]
  0x00000205f152cab0 ConcurrentGCThread "G1 Refine#1" [stack: 0x0000004ce0f00000,0x0000004ce1000000] [id=17860]
  0x00000205f152d070 ConcurrentGCThread "G1 Refine#2" [stack: 0x0000004ce1000000,0x0000004ce1100000] [id=1284]
  0x00000205cfbbdc90 ConcurrentGCThread "G1 Service" [stack: 0x0000004cde200000,0x0000004cde300000] [id=7812]

Threads with active compile tasks:
C2 CompilerThread0   138007 8141       4       org.gradle.api.internal.artifacts.ivyservice.modulecache.ModuleMetadataSerializer$Reader::readMavenDependency (148 bytes)
C2 CompilerThread1   138007 8155       4       java.lang.String::<init> (14 bytes)

VM state: not at safepoint (normal execution)

VM Mutex/Monitor currently owned by a thread: None

Heap address: 0x00000000e0000000, size: 512 MB, Compressed Oops mode: 32-bit

CDS archive(s) mapped at: [0x0000000800000000-0x0000000800bc0000-0x0000000800bc0000), size 12320768, SharedBaseAddress: 0x0000000800000000, ArchiveRelocationMode: 0.
Compressed class space mapped at: 0x0000000801000000-0x000000080e000000, reserved size: 218103808
Narrow klass base: 0x0000000800000000, Narrow klass shift: 0, Narrow klass range: 0x100000000

GC Precious Log:
 CPUs: 4 total, 4 available
 Memory: 12252M
 Large Page Support: Disabled
 NUMA Support: Disabled
 Compressed Oops: Enabled (32-bit)
 Heap Region Size: 1M
 Heap Min Capacity: 256M
 Heap Initial Capacity: 256M
 Heap Max Capacity: 512M
 Pre-touch: Disabled
 Parallel Workers: 4
 Concurrent Workers: 1
 Concurrent Refinement Workers: 4
 Periodic GC: Disabled

Heap:
 garbage-first heap   total 262144K, used 210938K [0x00000000e0000000, 0x0000000100000000)
  region size 1024K, 131 young (134144K), 12 survivors (12288K)
 Metaspace       used 52969K, committed 53696K, reserved 278528K
  class space    used 7288K, committed 7616K, reserved 212992K

Heap Regions: E=young(eden), S=young(survivor), O=old, HS=humongous(starts), HC=humongous(continues), CS=collection set, F=free, OA=open archive, CA=closed archive, TAMS=top-at-mark-start (previous, next)
|   0|0x00000000e0000000, 0x00000000e0100000, 0x00000000e0100000|100%| O|  |TAMS 0x00000000e0100000, 0x00000000e0000000| Untracked 
|   1|0x00000000e0100000, 0x00000000e0200000, 0x00000000e0200000|100%| O|  |TAMS 0x00000000e0200000, 0x00000000e0100000| Untracked 
|   2|0x00000000e0200000, 0x00000000e0300000, 0x00000000e0300000|100%|HS|  |TAMS 0x00000000e0300000, 0x00000000e0200000| Complete 
|   3|0x00000000e0300000, 0x00000000e0400000, 0x00000000e0400000|100%|HC|  |TAMS 0x00000000e0400000, 0x00000000e0300000| Complete 
|   4|0x00000000e0400000, 0x00000000e0500000, 0x00000000e0500000|100%|HC|  |TAMS 0x00000000e0500000, 0x00000000e0400000| Complete 
|   5|0x00000000e0500000, 0x00000000e0600000, 0x00000000e0600000|100%| O|  |TAMS 0x00000000e0600000, 0x00000000e0500000| Untracked 
|   6|0x00000000e0600000, 0x00000000e0700000, 0x00000000e0700000|100%| O|  |TAMS 0x00000000e0700000, 0x00000000e0600000| Untracked 
|   7|0x00000000e0700000, 0x00000000e0800000, 0x00000000e0800000|100%| O|  |TAMS 0x00000000e0700000, 0x00000000e0700000| Untracked 
|   8|0x00000000e0800000, 0x00000000e0900000, 0x00000000e0900000|100%| O|  |TAMS 0x00000000e0900000, 0x00000000e0800000| Untracked 
|   9|0x00000000e0900000, 0x00000000e0a00000, 0x00000000e0a00000|100%| O|  |TAMS 0x00000000e0a00000, 0x00000000e0900000| Untracked 
|  10|0x00000000e0a00000, 0x00000000e0b00000, 0x00000000e0b00000|100%| O|  |TAMS 0x00000000e0b00000, 0x00000000e0a00000| Untracked 
|  11|0x00000000e0b00000, 0x00000000e0c00000, 0x00000000e0c00000|100%|HS|  |TAMS 0x00000000e0c00000, 0x00000000e0b00000| Complete 
|  12|0x00000000e0c00000, 0x00000000e0d00000, 0x00000000e0d00000|100%|HC|  |TAMS 0x00000000e0d00000, 0x00000000e0c00000| Complete 
|  13|0x00000000e0d00000, 0x00000000e0e00000, 0x00000000e0e00000|100%|HS|  |TAMS 0x00000000e0e00000, 0x00000000e0d00000| Complete 
|  14|0x00000000e0e00000, 0x00000000e0f00000, 0x00000000e0f00000|100%|HC|  |TAMS 0x00000000e0f00000, 0x00000000e0e00000| Complete 
|  15|0x00000000e0f00000, 0x00000000e1000000, 0x00000000e1000000|100%|HC|  |TAMS 0x00000000e1000000, 0x00000000e0f00000| Complete 
|  16|0x00000000e1000000, 0x00000000e1100000, 0x00000000e1100000|100%|HS|  |TAMS 0x00000000e1100000, 0x00000000e1000000| Complete 
|  17|0x00000000e1100000, 0x00000000e1200000, 0x00000000e1200000|100%|HC|  |TAMS 0x00000000e1200000, 0x00000000e1100000| Complete 
|  18|0x00000000e1200000, 0x00000000e1300000, 0x00000000e1300000|100%|HC|  |TAMS 0x00000000e1300000, 0x00000000e1200000| Complete 
|  19|0x00000000e1300000, 0x00000000e1400000, 0x00000000e1400000|100%|HS|  |TAMS 0x00000000e1400000, 0x00000000e1300000| Complete 
|  20|0x00000000e1400000, 0x00000000e1500000, 0x00000000e1500000|100%|HC|  |TAMS 0x00000000e1500000, 0x00000000e1400000| Complete 
|  21|0x00000000e1500000, 0x00000000e1600000, 0x00000000e1600000|100%|HC|  |TAMS 0x00000000e1600000, 0x00000000e1500000| Complete 
|  22|0x00000000e1600000, 0x00000000e1700000, 0x00000000e1700000|100%| O|  |TAMS 0x00000000e1600000, 0x00000000e1600000| Untracked 
|  23|0x00000000e1700000, 0x00000000e1800000, 0x00000000e1800000|100%| O|  |TAMS 0x00000000e1700000, 0x00000000e1700000| Untracked 
|  24|0x00000000e1800000, 0x00000000e1900000, 0x00000000e1900000|100%| O|  |TAMS 0x00000000e1900000, 0x00000000e1800000| Untracked 
|  25|0x00000000e1900000, 0x00000000e1a00000, 0x00000000e1a00000|100%| O|  |TAMS 0x00000000e1a00000, 0x00000000e1900000| Untracked 
|  26|0x00000000e1a00000, 0x00000000e1b00000, 0x00000000e1b00000|100%| O|  |TAMS 0x00000000e1b00000, 0x00000000e1a00000| Untracked 
|  27|0x00000000e1b00000, 0x00000000e1c00000, 0x00000000e1c00000|100%| O|  |TAMS 0x00000000e1c00000, 0x00000000e1b00000| Untracked 
|  28|0x00000000e1c00000, 0x00000000e1d00000, 0x00000000e1d00000|100%| O|  |TAMS 0x00000000e1d00000, 0x00000000e1c00000| Untracked 
|  29|0x00000000e1d00000, 0x00000000e1e00000, 0x00000000e1e00000|100%| O|  |TAMS 0x00000000e1e00000, 0x00000000e1d00000| Untracked 
|  30|0x00000000e1e00000, 0x00000000e1f00000, 0x00000000e1f00000|100%| O|  |TAMS 0x00000000e1f00000, 0x00000000e1e00000| Untracked 
|  31|0x00000000e1f00000, 0x00000000e2000000, 0x00000000e2000000|100%| O|  |TAMS 0x00000000e2000000, 0x00000000e1f00000| Untracked 
|  32|0x00000000e2000000, 0x00000000e2100000, 0x00000000e2100000|100%| O|  |TAMS 0x00000000e2100000, 0x00000000e2000000| Untracked 
|  33|0x00000000e2100000, 0x00000000e2200000, 0x00000000e2200000|100%| O|  |TAMS 0x00000000e2200000, 0x00000000e2100000| Untracked 
|  34|0x00000000e2200000, 0x00000000e2300000, 0x00000000e2300000|100%| O|  |TAMS 0x00000000e2300000, 0x00000000e2200000| Untracked 
|  35|0x00000000e2300000, 0x00000000e2400000, 0x00000000e2400000|100%| O|  |TAMS 0x00000000e2400000, 0x00000000e2300000| Untracked 
|  36|0x00000000e2400000, 0x00000000e2500000, 0x00000000e2500000|100%| O|  |TAMS 0x00000000e248a000, 0x00000000e2400000| Untracked 
|  37|0x00000000e2500000, 0x00000000e2600000, 0x00000000e2600000|100%| O|  |TAMS 0x00000000e2500000, 0x00000000e2500000| Untracked 
|  38|0x00000000e2600000, 0x00000000e2700000, 0x00000000e2700000|100%| O|  |TAMS 0x00000000e2600000, 0x00000000e2600000| Untracked 
|  39|0x00000000e2700000, 0x00000000e2800000, 0x00000000e2800000|100%| O|  |TAMS 0x00000000e2700000, 0x00000000e2700000| Untracked 
|  40|0x00000000e2800000, 0x00000000e2900000, 0x00000000e2900000|100%| O|  |TAMS 0x00000000e2800000, 0x00000000e2800000| Untracked 
|  41|0x00000000e2900000, 0x00000000e2982600, 0x00000000e2a00000| 50%| O|  |TAMS 0x00000000e2900000, 0x00000000e2900000| Untracked 
|  42|0x00000000e2a00000, 0x00000000e2b00000, 0x00000000e2b00000|100%|HS|  |TAMS 0x00000000e2a00000, 0x00000000e2a00000| Complete 
|  43|0x00000000e2b00000, 0x00000000e2c00000, 0x00000000e2c00000|100%|HC|  |TAMS 0x00000000e2b00000, 0x00000000e2b00000| Complete 
|  44|0x00000000e2c00000, 0x00000000e2d00000, 0x00000000e2d00000|100%|HC|  |TAMS 0x00000000e2c00000, 0x00000000e2c00000| Complete 
|  45|0x00000000e2d00000, 0x00000000e2e00000, 0x00000000e2e00000|100%|HS|  |TAMS 0x00000000e2d00000, 0x00000000e2d00000| Complete 
|  46|0x00000000e2e00000, 0x00000000e2f00000, 0x00000000e2f00000|100%|HC|  |TAMS 0x00000000e2e00000, 0x00000000e2e00000| Complete 
|  47|0x00000000e2f00000, 0x00000000e3000000, 0x00000000e3000000|100%|HC|  |TAMS 0x00000000e2f00000, 0x00000000e2f00000| Complete 
|  48|0x00000000e3000000, 0x00000000e3100000, 0x00000000e3100000|100%|HC|  |TAMS 0x00000000e3000000, 0x00000000e3000000| Complete 
|  49|0x00000000e3100000, 0x00000000e3200000, 0x00000000e3200000|100%|HS|  |TAMS 0x00000000e3100000, 0x00000000e3100000| Complete 
|  50|0x00000000e3200000, 0x00000000e3300000, 0x00000000e3300000|100%|HC|  |TAMS 0x00000000e3200000, 0x00000000e3200000| Complete 
|  51|0x00000000e3300000, 0x00000000e3400000, 0x00000000e3400000|100%|HS|  |TAMS 0x00000000e3300000, 0x00000000e3300000| Complete 
|  52|0x00000000e3400000, 0x00000000e3500000, 0x00000000e3500000|100%|HC|  |TAMS 0x00000000e3400000, 0x00000000e3400000| Complete 
|  53|0x00000000e3500000, 0x00000000e3600000, 0x00000000e3600000|100%|HC|  |TAMS 0x00000000e3500000, 0x00000000e3500000| Complete 
|  54|0x00000000e3600000, 0x00000000e3700000, 0x00000000e3700000|100%|HC|  |TAMS 0x00000000e3600000, 0x00000000e3600000| Complete 
|  55|0x00000000e3700000, 0x00000000e3800000, 0x00000000e3800000|100%|HC|  |TAMS 0x00000000e3700000, 0x00000000e3700000| Complete 
|  56|0x00000000e3800000, 0x00000000e3900000, 0x00000000e3900000|100%|HC|  |TAMS 0x00000000e3800000, 0x00000000e3800000| Complete 
|  57|0x00000000e3900000, 0x00000000e3a00000, 0x00000000e3a00000|100%|HS|  |TAMS 0x00000000e3900000, 0x00000000e3900000| Complete 
|  58|0x00000000e3a00000, 0x00000000e3b00000, 0x00000000e3b00000|100%|HS|  |TAMS 0x00000000e3a00000, 0x00000000e3a00000| Complete 
|  59|0x00000000e3b00000, 0x00000000e3c00000, 0x00000000e3c00000|100%|HC|  |TAMS 0x00000000e3b00000, 0x00000000e3b00000| Complete 
|  60|0x00000000e3c00000, 0x00000000e3d00000, 0x00000000e3d00000|100%|HS|  |TAMS 0x00000000e3c00000, 0x00000000e3c00000| Complete 
|  61|0x00000000e3d00000, 0x00000000e3e00000, 0x00000000e3e00000|100%|HC|  |TAMS 0x00000000e3d00000, 0x00000000e3d00000| Complete 
|  62|0x00000000e3e00000, 0x00000000e3f00000, 0x00000000e3f00000|100%|HC|  |TAMS 0x00000000e3e00000, 0x00000000e3e00000| Complete 
|  63|0x00000000e3f00000, 0x00000000e4000000, 0x00000000e4000000|100%|HS|  |TAMS 0x00000000e3f00000, 0x00000000e3f00000| Complete 
|  64|0x00000000e4000000, 0x00000000e4100000, 0x00000000e4100000|100%|HC|  |TAMS 0x00000000e4000000, 0x00000000e4000000| Complete 
|  65|0x00000000e4100000, 0x00000000e4200000, 0x00000000e4200000|100%|HC|  |TAMS 0x00000000e4100000, 0x00000000e4100000| Complete 
|  66|0x00000000e4200000, 0x00000000e4300000, 0x00000000e4300000|100%|HS|  |TAMS 0x00000000e4200000, 0x00000000e4200000| Complete 
|  67|0x00000000e4300000, 0x00000000e4400000, 0x00000000e4400000|100%|HC|  |TAMS 0x00000000e4300000, 0x00000000e4300000| Complete 
|  68|0x00000000e4400000, 0x00000000e4500000, 0x00000000e4500000|100%|HC|  |TAMS 0x00000000e4400000, 0x00000000e4400000| Complete 
|  69|0x00000000e4500000, 0x00000000e4600000, 0x00000000e4600000|100%|HS|  |TAMS 0x00000000e4500000, 0x00000000e4500000| Complete 
|  70|0x00000000e4600000, 0x00000000e4700000, 0x00000000e4700000|100%|HC|  |TAMS 0x00000000e4600000, 0x00000000e4600000| Complete 
|  71|0x00000000e4700000, 0x00000000e4800000, 0x00000000e4800000|100%|HS|  |TAMS 0x00000000e4700000, 0x00000000e4700000| Complete 
|  72|0x00000000e4800000, 0x00000000e4900000, 0x00000000e4900000|100%|HC|  |TAMS 0x00000000e4800000, 0x00000000e4800000| Complete 
|  73|0x00000000e4900000, 0x00000000e4a00000, 0x00000000e4a00000|100%|HC|  |TAMS 0x00000000e4900000, 0x00000000e4900000| Complete 
|  74|0x00000000e4a00000, 0x00000000e4b00000, 0x00000000e4b00000|100%|HC|  |TAMS 0x00000000e4a00000, 0x00000000e4a00000| Complete 
|  75|0x00000000e4b00000, 0x00000000e4c00000, 0x00000000e4c00000|100%|HC|  |TAMS 0x00000000e4b00000, 0x00000000e4b00000| Complete 
|  76|0x00000000e4c00000, 0x00000000e4d00000, 0x00000000e4d00000|100%|HC|  |TAMS 0x00000000e4c00000, 0x00000000e4c00000| Complete 
|  77|0x00000000e4d00000, 0x00000000e4e00000, 0x00000000e4e00000|100%|HS|  |TAMS 0x00000000e4d00000, 0x00000000e4d00000| Complete 
|  78|0x00000000e4e00000, 0x00000000e4e00000, 0x00000000e4f00000|  0%| F|  |TAMS 0x00000000e4e00000, 0x00000000e4e00000| Untracked 
|  79|0x00000000e4f00000, 0x00000000e4f00000, 0x00000000e5000000|  0%| F|  |TAMS 0x00000000e4f00000, 0x00000000e4f00000| Untracked 
|  80|0x00000000e5000000, 0x00000000e5000000, 0x00000000e5100000|  0%| F|  |TAMS 0x00000000e5000000, 0x00000000e5000000| Untracked 
|  81|0x00000000e5100000, 0x00000000e5100000, 0x00000000e5200000|  0%| F|  |TAMS 0x00000000e5100000, 0x00000000e5100000| Untracked 
|  82|0x00000000e5200000, 0x00000000e5200000, 0x00000000e5300000|  0%| F|  |TAMS 0x00000000e5200000, 0x00000000e5200000| Untracked 
|  83|0x00000000e5300000, 0x00000000e5300000, 0x00000000e5400000|  0%| F|  |TAMS 0x00000000e5300000, 0x00000000e5300000| Untracked 
|  84|0x00000000e5400000, 0x00000000e5400000, 0x00000000e5500000|  0%| F|  |TAMS 0x00000000e5400000, 0x00000000e5400000| Untracked 
|  85|0x00000000e5500000, 0x00000000e5500000, 0x00000000e5600000|  0%| F|  |TAMS 0x00000000e5500000, 0x00000000e5500000| Untracked 
|  86|0x00000000e5600000, 0x00000000e5600000, 0x00000000e5700000|  0%| F|  |TAMS 0x00000000e5600000, 0x00000000e5600000| Untracked 
|  87|0x00000000e5700000, 0x00000000e5700000, 0x00000000e5800000|  0%| F|  |TAMS 0x00000000e5700000, 0x00000000e5700000| Untracked 
|  88|0x00000000e5800000, 0x00000000e5800000, 0x00000000e5900000|  0%| F|  |TAMS 0x00000000e5800000, 0x00000000e5800000| Untracked 
|  89|0x00000000e5900000, 0x00000000e5900000, 0x00000000e5a00000|  0%| F|  |TAMS 0x00000000e5900000, 0x00000000e5900000| Untracked 
|  90|0x00000000e5a00000, 0x00000000e5a00000, 0x00000000e5b00000|  0%| F|  |TAMS 0x00000000e5a00000, 0x00000000e5a00000| Untracked 
|  91|0x00000000e5b00000, 0x00000000e5b00000, 0x00000000e5c00000|  0%| F|  |TAMS 0x00000000e5b00000, 0x00000000e5b00000| Untracked 
|  92|0x00000000e5c00000, 0x00000000e5c00000, 0x00000000e5d00000|  0%| F|  |TAMS 0x00000000e5c00000, 0x00000000e5c00000| Untracked 
|  93|0x00000000e5d00000, 0x00000000e5d00000, 0x00000000e5e00000|  0%| F|  |TAMS 0x00000000e5d00000, 0x00000000e5d00000| Untracked 
|  94|0x00000000e5e00000, 0x00000000e5e00000, 0x00000000e5f00000|  0%| F|  |TAMS 0x00000000e5e00000, 0x00000000e5e00000| Untracked 
|  95|0x00000000e5f00000, 0x00000000e5f00000, 0x00000000e6000000|  0%| F|  |TAMS 0x00000000e5f00000, 0x00000000e5f00000| Untracked 
|  96|0x00000000e6000000, 0x00000000e6000000, 0x00000000e6100000|  0%| F|  |TAMS 0x00000000e6000000, 0x00000000e6000000| Untracked 
|  97|0x00000000e6100000, 0x00000000e6100000, 0x00000000e6200000|  0%| F|  |TAMS 0x00000000e6100000, 0x00000000e6100000| Untracked 
|  98|0x00000000e6200000, 0x00000000e6200000, 0x00000000e6300000|  0%| F|  |TAMS 0x00000000e6200000, 0x00000000e6200000| Untracked 
|  99|0x00000000e6300000, 0x00000000e6300000, 0x00000000e6400000|  0%| F|  |TAMS 0x00000000e6300000, 0x00000000e6300000| Untracked 
| 100|0x00000000e6400000, 0x00000000e6400000, 0x00000000e6500000|  0%| F|  |TAMS 0x00000000e6400000, 0x00000000e6400000| Untracked 
| 101|0x00000000e6500000, 0x00000000e6500000, 0x00000000e6600000|  0%| F|  |TAMS 0x00000000e6500000, 0x00000000e6500000| Untracked 
| 102|0x00000000e6600000, 0x00000000e6600000, 0x00000000e6700000|  0%| F|  |TAMS 0x00000000e6600000, 0x00000000e6600000| Untracked 
| 103|0x00000000e6700000, 0x00000000e6700000, 0x00000000e6800000|  0%| F|  |TAMS 0x00000000e6700000, 0x00000000e6700000| Untracked 
| 104|0x00000000e6800000, 0x00000000e6800000, 0x00000000e6900000|  0%| F|  |TAMS 0x00000000e6800000, 0x00000000e6800000| Untracked 
| 105|0x00000000e6900000, 0x00000000e6900000, 0x00000000e6a00000|  0%| F|  |TAMS 0x00000000e6900000, 0x00000000e6900000| Untracked 
| 106|0x00000000e6a00000, 0x00000000e6a00000, 0x00000000e6b00000|  0%| F|  |TAMS 0x00000000e6a00000, 0x00000000e6a00000| Untracked 
| 107|0x00000000e6b00000, 0x00000000e6b00000, 0x00000000e6c00000|  0%| F|  |TAMS 0x00000000e6b00000, 0x00000000e6b00000| Untracked 
| 108|0x00000000e6c00000, 0x00000000e6c00000, 0x00000000e6d00000|  0%| F|  |TAMS 0x00000000e6c00000, 0x00000000e6c00000| Untracked 
| 109|0x00000000e6d00000, 0x00000000e6d7c380, 0x00000000e6e00000| 48%| S|CS|TAMS 0x00000000e6d00000, 0x00000000e6d00000| Complete 
| 110|0x00000000e6e00000, 0x00000000e6f00000, 0x00000000e6f00000|100%| S|CS|TAMS 0x00000000e6e00000, 0x00000000e6e00000| Complete 
| 111|0x00000000e6f00000, 0x00000000e7000000, 0x00000000e7000000|100%| S|CS|TAMS 0x00000000e6f00000, 0x00000000e6f00000| Complete 
| 112|0x00000000e7000000, 0x00000000e7100000, 0x00000000e7100000|100%| S|CS|TAMS 0x00000000e7000000, 0x00000000e7000000| Complete 
| 113|0x00000000e7100000, 0x00000000e7200000, 0x00000000e7200000|100%| S|CS|TAMS 0x00000000e7100000, 0x00000000e7100000| Complete 
| 114|0x00000000e7200000, 0x00000000e7300000, 0x00000000e7300000|100%| S|CS|TAMS 0x00000000e7200000, 0x00000000e7200000| Complete 
| 115|0x00000000e7300000, 0x00000000e7400000, 0x00000000e7400000|100%| S|CS|TAMS 0x00000000e7300000, 0x00000000e7300000| Complete 
| 116|0x00000000e7400000, 0x00000000e7500000, 0x00000000e7500000|100%| S|CS|TAMS 0x00000000e7400000, 0x00000000e7400000| Complete 
| 117|0x00000000e7500000, 0x00000000e7600000, 0x00000000e7600000|100%| S|CS|TAMS 0x00000000e7500000, 0x00000000e7500000| Complete 
| 118|0x00000000e7600000, 0x00000000e7700000, 0x00000000e7700000|100%| S|CS|TAMS 0x00000000e7600000, 0x00000000e7600000| Complete 
| 119|0x00000000e7700000, 0x00000000e7800000, 0x00000000e7800000|100%| S|CS|TAMS 0x00000000e7700000, 0x00000000e7700000| Complete 
| 120|0x00000000e7800000, 0x00000000e7900000, 0x00000000e7900000|100%| S|CS|TAMS 0x00000000e7800000, 0x00000000e7800000| Complete 
| 121|0x00000000e7900000, 0x00000000e7900000, 0x00000000e7a00000|  0%| F|  |TAMS 0x00000000e7900000, 0x00000000e7900000| Untracked 
| 122|0x00000000e7a00000, 0x00000000e7a00000, 0x00000000e7b00000|  0%| F|  |TAMS 0x00000000e7a00000, 0x00000000e7a00000| Untracked 
| 123|0x00000000e7b00000, 0x00000000e7b00000, 0x00000000e7c00000|  0%| F|  |TAMS 0x00000000e7b00000, 0x00000000e7b00000| Untracked 
| 124|0x00000000e7c00000, 0x00000000e7c00000, 0x00000000e7d00000|  0%| F|  |TAMS 0x00000000e7c00000, 0x00000000e7c00000| Untracked 
| 125|0x00000000e7d00000, 0x00000000e7d00000, 0x00000000e7e00000|  0%| F|  |TAMS 0x00000000e7d00000, 0x00000000e7d00000| Untracked 
| 126|0x00000000e7e00000, 0x00000000e7e00000, 0x00000000e7f00000|  0%| F|  |TAMS 0x00000000e7e00000, 0x00000000e7e00000| Untracked 
| 127|0x00000000e7f00000, 0x00000000e7f00000, 0x00000000e8000000|  0%| F|  |TAMS 0x00000000e7f00000, 0x00000000e7f00000| Untracked 
| 128|0x00000000e8000000, 0x00000000e8000000, 0x00000000e8100000|  0%| F|  |TAMS 0x00000000e8000000, 0x00000000e8000000| Untracked 
| 129|0x00000000e8100000, 0x00000000e8100000, 0x00000000e8200000|  0%| F|  |TAMS 0x00000000e8100000, 0x00000000e8100000| Untracked 
| 130|0x00000000e8200000, 0x00000000e8200000, 0x00000000e8300000|  0%| F|  |TAMS 0x00000000e8200000, 0x00000000e8200000| Untracked 
| 131|0x00000000e8300000, 0x00000000e8300000, 0x00000000e8400000|  0%| F|  |TAMS 0x00000000e8300000, 0x00000000e8300000| Untracked 
| 132|0x00000000e8400000, 0x00000000e8400000, 0x00000000e8500000|  0%| F|  |TAMS 0x00000000e8400000, 0x00000000e8400000| Untracked 
| 133|0x00000000e8500000, 0x00000000e8500000, 0x00000000e8600000|  0%| F|  |TAMS 0x00000000e8500000, 0x00000000e8500000| Untracked 
| 134|0x00000000e8600000, 0x00000000e8600000, 0x00000000e8700000|  0%| F|  |TAMS 0x00000000e8600000, 0x00000000e8600000| Untracked 
| 135|0x00000000e8700000, 0x00000000e8700000, 0x00000000e8800000|  0%| F|  |TAMS 0x00000000e8700000, 0x00000000e8700000| Untracked 
| 136|0x00000000e8800000, 0x00000000e8800000, 0x00000000e8900000|  0%| F|  |TAMS 0x00000000e8800000, 0x00000000e8800000| Untracked 
| 137|0x00000000e8900000, 0x00000000e8980800, 0x00000000e8a00000| 50%| E|  |TAMS 0x00000000e8900000, 0x00000000e8900000| Complete 
| 138|0x00000000e8a00000, 0x00000000e8b00000, 0x00000000e8b00000|100%| E|CS|TAMS 0x00000000e8a00000, 0x00000000e8a00000| Complete 
| 139|0x00000000e8b00000, 0x00000000e8c00000, 0x00000000e8c00000|100%| E|CS|TAMS 0x00000000e8b00000, 0x00000000e8b00000| Complete 
| 140|0x00000000e8c00000, 0x00000000e8d00000, 0x00000000e8d00000|100%| E|CS|TAMS 0x00000000e8c00000, 0x00000000e8c00000| Complete 
| 141|0x00000000e8d00000, 0x00000000e8e00000, 0x00000000e8e00000|100%| E|CS|TAMS 0x00000000e8d00000, 0x00000000e8d00000| Complete 
| 142|0x00000000e8e00000, 0x00000000e8f00000, 0x00000000e8f00000|100%| E|CS|TAMS 0x00000000e8e00000, 0x00000000e8e00000| Complete 
| 143|0x00000000e8f00000, 0x00000000e9000000, 0x00000000e9000000|100%| E|CS|TAMS 0x00000000e8f00000, 0x00000000e8f00000| Complete 
| 144|0x00000000e9000000, 0x00000000e9100000, 0x00000000e9100000|100%| E|CS|TAMS 0x00000000e9000000, 0x00000000e9000000| Complete 
| 145|0x00000000e9100000, 0x00000000e9200000, 0x00000000e9200000|100%| E|CS|TAMS 0x00000000e9100000, 0x00000000e9100000| Complete 
| 146|0x00000000e9200000, 0x00000000e9300000, 0x00000000e9300000|100%| E|CS|TAMS 0x00000000e9200000, 0x00000000e9200000| Complete 
| 147|0x00000000e9300000, 0x00000000e9400000, 0x00000000e9400000|100%| E|CS|TAMS 0x00000000e9300000, 0x00000000e9300000| Complete 
| 148|0x00000000e9400000, 0x00000000e9500000, 0x00000000e9500000|100%| E|CS|TAMS 0x00000000e9400000, 0x00000000e9400000| Complete 
| 149|0x00000000e9500000, 0x00000000e9600000, 0x00000000e9600000|100%| E|CS|TAMS 0x00000000e9500000, 0x00000000e9500000| Complete 
| 150|0x00000000e9600000, 0x00000000e9700000, 0x00000000e9700000|100%| E|CS|TAMS 0x00000000e9600000, 0x00000000e9600000| Complete 
| 151|0x00000000e9700000, 0x00000000e9800000, 0x00000000e9800000|100%| E|CS|TAMS 0x00000000e9700000, 0x00000000e9700000| Complete 
| 152|0x00000000e9800000, 0x00000000e9900000, 0x00000000e9900000|100%| E|CS|TAMS 0x00000000e9800000, 0x00000000e9800000| Complete 
| 153|0x00000000e9900000, 0x00000000e9a00000, 0x00000000e9a00000|100%| E|CS|TAMS 0x00000000e9900000, 0x00000000e9900000| Complete 
| 154|0x00000000e9a00000, 0x00000000e9b00000, 0x00000000e9b00000|100%| E|CS|TAMS 0x00000000e9a00000, 0x00000000e9a00000| Complete 
| 155|0x00000000e9b00000, 0x00000000e9c00000, 0x00000000e9c00000|100%| E|CS|TAMS 0x00000000e9b00000, 0x00000000e9b00000| Complete 
| 156|0x00000000e9c00000, 0x00000000e9d00000, 0x00000000e9d00000|100%| E|CS|TAMS 0x00000000e9c00000, 0x00000000e9c00000| Complete 
| 157|0x00000000e9d00000, 0x00000000e9e00000, 0x00000000e9e00000|100%| E|CS|TAMS 0x00000000e9d00000, 0x00000000e9d00000| Complete 
| 158|0x00000000e9e00000, 0x00000000e9f00000, 0x00000000e9f00000|100%| E|CS|TAMS 0x00000000e9e00000, 0x00000000e9e00000| Complete 
| 159|0x00000000e9f00000, 0x00000000ea000000, 0x00000000ea000000|100%| E|CS|TAMS 0x00000000e9f00000, 0x00000000e9f00000| Complete 
| 160|0x00000000ea000000, 0x00000000ea100000, 0x00000000ea100000|100%| E|CS|TAMS 0x00000000ea000000, 0x00000000ea000000| Complete 
| 161|0x00000000ea100000, 0x00000000ea200000, 0x00000000ea200000|100%| E|CS|TAMS 0x00000000ea100000, 0x00000000ea100000| Complete 
| 162|0x00000000ea200000, 0x00000000ea300000, 0x00000000ea300000|100%| E|CS|TAMS 0x00000000ea200000, 0x00000000ea200000| Complete 
| 163|0x00000000ea300000, 0x00000000ea400000, 0x00000000ea400000|100%| E|CS|TAMS 0x00000000ea300000, 0x00000000ea300000| Complete 
| 164|0x00000000ea400000, 0x00000000ea500000, 0x00000000ea500000|100%| E|CS|TAMS 0x00000000ea400000, 0x00000000ea400000| Complete 
| 165|0x00000000ea500000, 0x00000000ea600000, 0x00000000ea600000|100%| E|CS|TAMS 0x00000000ea500000, 0x00000000ea500000| Complete 
| 166|0x00000000ea600000, 0x00000000ea700000, 0x00000000ea700000|100%| E|CS|TAMS 0x00000000ea600000, 0x00000000ea600000| Complete 
| 167|0x00000000ea700000, 0x00000000ea800000, 0x00000000ea800000|100%| E|CS|TAMS 0x00000000ea700000, 0x00000000ea700000| Complete 
| 168|0x00000000ea800000, 0x00000000ea900000, 0x00000000ea900000|100%| E|CS|TAMS 0x00000000ea800000, 0x00000000ea800000| Complete 
| 169|0x00000000ea900000, 0x00000000eaa00000, 0x00000000eaa00000|100%| E|CS|TAMS 0x00000000ea900000, 0x00000000ea900000| Complete 
| 170|0x00000000eaa00000, 0x00000000eab00000, 0x00000000eab00000|100%| E|CS|TAMS 0x00000000eaa00000, 0x00000000eaa00000| Complete 
| 171|0x00000000eab00000, 0x00000000eac00000, 0x00000000eac00000|100%| E|CS|TAMS 0x00000000eab00000, 0x00000000eab00000| Complete 
| 172|0x00000000eac00000, 0x00000000ead00000, 0x00000000ead00000|100%| E|CS|TAMS 0x00000000eac00000, 0x00000000eac00000| Complete 
| 173|0x00000000ead00000, 0x00000000eae00000, 0x00000000eae00000|100%| E|CS|TAMS 0x00000000ead00000, 0x00000000ead00000| Complete 
| 174|0x00000000eae00000, 0x00000000eaf00000, 0x00000000eaf00000|100%| E|CS|TAMS 0x00000000eae00000, 0x00000000eae00000| Complete 
| 175|0x00000000eaf00000, 0x00000000eb000000, 0x00000000eb000000|100%| E|CS|TAMS 0x00000000eaf00000, 0x00000000eaf00000| Complete 
| 176|0x00000000eb000000, 0x00000000eb100000, 0x00000000eb100000|100%| E|CS|TAMS 0x00000000eb000000, 0x00000000eb000000| Complete 
| 177|0x00000000eb100000, 0x00000000eb200000, 0x00000000eb200000|100%| E|CS|TAMS 0x00000000eb100000, 0x00000000eb100000| Complete 
| 178|0x00000000eb200000, 0x00000000eb300000, 0x00000000eb300000|100%| E|CS|TAMS 0x00000000eb200000, 0x00000000eb200000| Complete 
| 179|0x00000000eb300000, 0x00000000eb400000, 0x00000000eb400000|100%| E|CS|TAMS 0x00000000eb300000, 0x00000000eb300000| Complete 
| 180|0x00000000eb400000, 0x00000000eb500000, 0x00000000eb500000|100%| E|CS|TAMS 0x00000000eb400000, 0x00000000eb400000| Complete 
| 181|0x00000000eb500000, 0x00000000eb600000, 0x00000000eb600000|100%| E|CS|TAMS 0x00000000eb500000, 0x00000000eb500000| Complete 
| 182|0x00000000eb600000, 0x00000000eb700000, 0x00000000eb700000|100%| E|CS|TAMS 0x00000000eb600000, 0x00000000eb600000| Complete 
| 183|0x00000000eb700000, 0x00000000eb800000, 0x00000000eb800000|100%| E|CS|TAMS 0x00000000eb700000, 0x00000000eb700000| Complete 
| 184|0x00000000eb800000, 0x00000000eb900000, 0x00000000eb900000|100%| E|CS|TAMS 0x00000000eb800000, 0x00000000eb800000| Complete 
| 185|0x00000000eb900000, 0x00000000eba00000, 0x00000000eba00000|100%| E|CS|TAMS 0x00000000eb900000, 0x00000000eb900000| Complete 
| 186|0x00000000eba00000, 0x00000000ebb00000, 0x00000000ebb00000|100%| E|CS|TAMS 0x00000000eba00000, 0x00000000eba00000| Complete 
| 187|0x00000000ebb00000, 0x00000000ebc00000, 0x00000000ebc00000|100%| E|CS|TAMS 0x00000000ebb00000, 0x00000000ebb00000| Complete 
| 188|0x00000000ebc00000, 0x00000000ebd00000, 0x00000000ebd00000|100%| E|CS|TAMS 0x00000000ebc00000, 0x00000000ebc00000| Complete 
| 189|0x00000000ebd00000, 0x00000000ebe00000, 0x00000000ebe00000|100%| E|CS|TAMS 0x00000000ebd00000, 0x00000000ebd00000| Complete 
| 190|0x00000000ebe00000, 0x00000000ebf00000, 0x00000000ebf00000|100%| E|CS|TAMS 0x00000000ebe00000, 0x00000000ebe00000| Complete 
| 191|0x00000000ebf00000, 0x00000000ec000000, 0x00000000ec000000|100%| E|CS|TAMS 0x00000000ebf00000, 0x00000000ebf00000| Complete 
| 192|0x00000000ec000000, 0x00000000ec100000, 0x00000000ec100000|100%| E|CS|TAMS 0x00000000ec000000, 0x00000000ec000000| Complete 
| 193|0x00000000ec100000, 0x00000000ec200000, 0x00000000ec200000|100%| E|CS|TAMS 0x00000000ec100000, 0x00000000ec100000| Complete 
| 194|0x00000000ec200000, 0x00000000ec300000, 0x00000000ec300000|100%| E|CS|TAMS 0x00000000ec200000, 0x00000000ec200000| Complete 
| 195|0x00000000ec300000, 0x00000000ec400000, 0x00000000ec400000|100%| E|CS|TAMS 0x00000000ec300000, 0x00000000ec300000| Complete 
| 196|0x00000000ec400000, 0x00000000ec500000, 0x00000000ec500000|100%| E|CS|TAMS 0x00000000ec400000, 0x00000000ec400000| Complete 
| 197|0x00000000ec500000, 0x00000000ec600000, 0x00000000ec600000|100%| E|CS|TAMS 0x00000000ec500000, 0x00000000ec500000| Complete 
| 198|0x00000000ec600000, 0x00000000ec700000, 0x00000000ec700000|100%| E|CS|TAMS 0x00000000ec600000, 0x00000000ec600000| Complete 
| 199|0x00000000ec700000, 0x00000000ec800000, 0x00000000ec800000|100%| E|CS|TAMS 0x00000000ec700000, 0x00000000ec700000| Complete 
| 200|0x00000000ec800000, 0x00000000ec900000, 0x00000000ec900000|100%| E|CS|TAMS 0x00000000ec800000, 0x00000000ec800000| Complete 
| 201|0x00000000ec900000, 0x00000000eca00000, 0x00000000eca00000|100%| E|CS|TAMS 0x00000000ec900000, 0x00000000ec900000| Complete 
| 202|0x00000000eca00000, 0x00000000ecb00000, 0x00000000ecb00000|100%| E|CS|TAMS 0x00000000eca00000, 0x00000000eca00000| Complete 
| 203|0x00000000ecb00000, 0x00000000ecc00000, 0x00000000ecc00000|100%| E|CS|TAMS 0x00000000ecb00000, 0x00000000ecb00000| Complete 
| 204|0x00000000ecc00000, 0x00000000ecd00000, 0x00000000ecd00000|100%| E|CS|TAMS 0x00000000ecc00000, 0x00000000ecc00000| Complete 
| 205|0x00000000ecd00000, 0x00000000ece00000, 0x00000000ece00000|100%| E|CS|TAMS 0x00000000ecd00000, 0x00000000ecd00000| Complete 
| 206|0x00000000ece00000, 0x00000000ecf00000, 0x00000000ecf00000|100%| E|CS|TAMS 0x00000000ece00000, 0x00000000ece00000| Complete 
| 207|0x00000000ecf00000, 0x00000000ed000000, 0x00000000ed000000|100%| E|CS|TAMS 0x00000000ecf00000, 0x00000000ecf00000| Complete 
| 208|0x00000000ed000000, 0x00000000ed100000, 0x00000000ed100000|100%| E|CS|TAMS 0x00000000ed000000, 0x00000000ed000000| Complete 
| 209|0x00000000ed100000, 0x00000000ed200000, 0x00000000ed200000|100%| E|CS|TAMS 0x00000000ed100000, 0x00000000ed100000| Complete 
| 210|0x00000000ed200000, 0x00000000ed300000, 0x00000000ed300000|100%| E|CS|TAMS 0x00000000ed200000, 0x00000000ed200000| Complete 
| 211|0x00000000ed300000, 0x00000000ed400000, 0x00000000ed400000|100%| E|CS|TAMS 0x00000000ed300000, 0x00000000ed300000| Complete 
| 212|0x00000000ed400000, 0x00000000ed500000, 0x00000000ed500000|100%| E|CS|TAMS 0x00000000ed400000, 0x00000000ed400000| Complete 
| 213|0x00000000ed500000, 0x00000000ed600000, 0x00000000ed600000|100%| E|CS|TAMS 0x00000000ed500000, 0x00000000ed500000| Complete 
| 214|0x00000000ed600000, 0x00000000ed700000, 0x00000000ed700000|100%| E|CS|TAMS 0x00000000ed600000, 0x00000000ed600000| Complete 
| 215|0x00000000ed700000, 0x00000000ed800000, 0x00000000ed800000|100%| E|CS|TAMS 0x00000000ed700000, 0x00000000ed700000| Complete 
| 216|0x00000000ed800000, 0x00000000ed900000, 0x00000000ed900000|100%| E|CS|TAMS 0x00000000ed800000, 0x00000000ed800000| Complete 
| 217|0x00000000ed900000, 0x00000000eda00000, 0x00000000eda00000|100%| E|CS|TAMS 0x00000000ed900000, 0x00000000ed900000| Complete 
| 218|0x00000000eda00000, 0x00000000edb00000, 0x00000000edb00000|100%| E|CS|TAMS 0x00000000eda00000, 0x00000000eda00000| Complete 
| 219|0x00000000edb00000, 0x00000000edc00000, 0x00000000edc00000|100%| E|CS|TAMS 0x00000000edb00000, 0x00000000edb00000| Complete 
| 220|0x00000000edc00000, 0x00000000edd00000, 0x00000000edd00000|100%| E|CS|TAMS 0x00000000edc00000, 0x00000000edc00000| Complete 
| 221|0x00000000edd00000, 0x00000000ede00000, 0x00000000ede00000|100%| E|CS|TAMS 0x00000000edd00000, 0x00000000edd00000| Complete 
| 222|0x00000000ede00000, 0x00000000edf00000, 0x00000000edf00000|100%| E|CS|TAMS 0x00000000ede00000, 0x00000000ede00000| Complete 
| 223|0x00000000edf00000, 0x00000000ee000000, 0x00000000ee000000|100%| E|CS|TAMS 0x00000000edf00000, 0x00000000edf00000| Complete 
| 224|0x00000000ee000000, 0x00000000ee100000, 0x00000000ee100000|100%| E|CS|TAMS 0x00000000ee000000, 0x00000000ee000000| Complete 
| 225|0x00000000ee100000, 0x00000000ee200000, 0x00000000ee200000|100%| E|CS|TAMS 0x00000000ee100000, 0x00000000ee100000| Complete 
| 226|0x00000000ee200000, 0x00000000ee300000, 0x00000000ee300000|100%| E|CS|TAMS 0x00000000ee200000, 0x00000000ee200000| Complete 
| 227|0x00000000ee300000, 0x00000000ee400000, 0x00000000ee400000|100%| E|CS|TAMS 0x00000000ee300000, 0x00000000ee300000| Complete 
| 228|0x00000000ee400000, 0x00000000ee500000, 0x00000000ee500000|100%| E|CS|TAMS 0x00000000ee400000, 0x00000000ee400000| Complete 
| 229|0x00000000ee500000, 0x00000000ee600000, 0x00000000ee600000|100%| E|CS|TAMS 0x00000000ee500000, 0x00000000ee500000| Complete 
| 230|0x00000000ee600000, 0x00000000ee700000, 0x00000000ee700000|100%| E|CS|TAMS 0x00000000ee600000, 0x00000000ee600000| Complete 
| 231|0x00000000ee700000, 0x00000000ee800000, 0x00000000ee800000|100%| E|CS|TAMS 0x00000000ee700000, 0x00000000ee700000| Complete 
| 232|0x00000000ee800000, 0x00000000ee900000, 0x00000000ee900000|100%| E|CS|TAMS 0x00000000ee800000, 0x00000000ee800000| Complete 
| 233|0x00000000ee900000, 0x00000000eea00000, 0x00000000eea00000|100%| E|CS|TAMS 0x00000000ee900000, 0x00000000ee900000| Complete 
| 234|0x00000000eea00000, 0x00000000eeb00000, 0x00000000eeb00000|100%| E|CS|TAMS 0x00000000eea00000, 0x00000000eea00000| Complete 
| 235|0x00000000eeb00000, 0x00000000eec00000, 0x00000000eec00000|100%| E|CS|TAMS 0x00000000eeb00000, 0x00000000eeb00000| Complete 
| 236|0x00000000eec00000, 0x00000000eed00000, 0x00000000eed00000|100%| E|CS|TAMS 0x00000000eec00000, 0x00000000eec00000| Complete 
| 237|0x00000000eed00000, 0x00000000eee00000, 0x00000000eee00000|100%| E|CS|TAMS 0x00000000eed00000, 0x00000000eed00000| Complete 
| 238|0x00000000eee00000, 0x00000000eef00000, 0x00000000eef00000|100%| E|CS|TAMS 0x00000000eee00000, 0x00000000eee00000| Complete 
| 239|0x00000000eef00000, 0x00000000ef000000, 0x00000000ef000000|100%| E|CS|TAMS 0x00000000eef00000, 0x00000000eef00000| Complete 
| 240|0x00000000ef000000, 0x00000000ef100000, 0x00000000ef100000|100%| E|CS|TAMS 0x00000000ef000000, 0x00000000ef000000| Complete 
| 241|0x00000000ef100000, 0x00000000ef200000, 0x00000000ef200000|100%| E|CS|TAMS 0x00000000ef100000, 0x00000000ef100000| Complete 
| 242|0x00000000ef200000, 0x00000000ef300000, 0x00000000ef300000|100%| E|CS|TAMS 0x00000000ef200000, 0x00000000ef200000| Complete 
| 243|0x00000000ef300000, 0x00000000ef400000, 0x00000000ef400000|100%| E|  |TAMS 0x00000000ef300000, 0x00000000ef300000| Complete 
| 244|0x00000000ef400000, 0x00000000ef500000, 0x00000000ef500000|100%| E|CS|TAMS 0x00000000ef400000, 0x00000000ef400000| Complete 
| 245|0x00000000ef500000, 0x00000000ef600000, 0x00000000ef600000|100%| E|CS|TAMS 0x00000000ef500000, 0x00000000ef500000| Complete 
| 246|0x00000000ef600000, 0x00000000ef700000, 0x00000000ef700000|100%| E|CS|TAMS 0x00000000ef600000, 0x00000000ef600000| Complete 
| 247|0x00000000ef700000, 0x00000000ef800000, 0x00000000ef800000|100%| E|CS|TAMS 0x00000000ef700000, 0x00000000ef700000| Complete 
| 248|0x00000000ef800000, 0x00000000ef900000, 0x00000000ef900000|100%| E|CS|TAMS 0x00000000ef800000, 0x00000000ef800000| Complete 
| 249|0x00000000ef900000, 0x00000000efa00000, 0x00000000efa00000|100%| E|CS|TAMS 0x00000000ef900000, 0x00000000ef900000| Complete 
| 250|0x00000000efa00000, 0x00000000efb00000, 0x00000000efb00000|100%| E|CS|TAMS 0x00000000efa00000, 0x00000000efa00000| Complete 
| 251|0x00000000efb00000, 0x00000000efc00000, 0x00000000efc00000|100%| E|CS|TAMS 0x00000000efb00000, 0x00000000efb00000| Complete 
| 252|0x00000000efc00000, 0x00000000efd00000, 0x00000000efd00000|100%| E|CS|TAMS 0x00000000efc00000, 0x00000000efc00000| Complete 
| 253|0x00000000efd00000, 0x00000000efe00000, 0x00000000efe00000|100%| E|CS|TAMS 0x00000000efd00000, 0x00000000efd00000| Complete 
| 254|0x00000000efe00000, 0x00000000eff00000, 0x00000000eff00000|100%| E|CS|TAMS 0x00000000efe00000, 0x00000000efe00000| Complete 
| 255|0x00000000eff00000, 0x00000000f0000000, 0x00000000f0000000|100%| E|CS|TAMS 0x00000000eff00000, 0x00000000eff00000| Complete 

Card table byte_map: [0x00000205e8550000,0x00000205e8650000] _byte_map_base: 0x00000205e7e50000

Marking Bits (Prev, Next): (CMBitMap*) 0x00000205cfb11dc0, (CMBitMap*) 0x00000205cfb11e00
 Prev Bits: [0x00000205e8750000, 0x00000205e8f50000)
 Next Bits: [0x00000205e8f50000, 0x00000205e9750000)

Polling page: 0x00000205cf940000

Metaspace:

Usage:
  Non-class:     44.61 MB used.
      Class:      7.12 MB used.
       Both:     51.73 MB used.

Virtual space:
  Non-class space:       64.00 MB reserved,      45.00 MB ( 70%) committed,  1 nodes.
      Class space:      208.00 MB reserved,       7.44 MB (  4%) committed,  1 nodes.
             Both:      272.00 MB reserved,      52.44 MB ( 19%) committed. 

Chunk freelists:
   Non-Class:  2.55 MB
       Class:  8.55 MB
        Both:  11.09 MB

MaxMetaspaceSize: 256.00 MB
CompressedClassSpaceSize: 208.00 MB
Initial GC threshold: 21.00 MB
Current GC threshold: 58.69 MB
CDS: on
MetaspaceReclaimPolicy: balanced
 - commit_granule_bytes: 65536.
 - commit_granule_words: 8192.
 - virtual_space_node_default_size: 8388608.
 - enlarge_chunks_in_place: 1.
 - new_chunks_are_fully_committed: 0.
 - uncommit_free_chunks: 1.
 - use_allocation_guard: 0.
 - handle_deallocations: 1.


Internal statistics:

num_allocs_failed_limit: 6.
num_arena_births: 734.
num_arena_deaths: 0.
num_vsnodes_births: 2.
num_vsnodes_deaths: 0.
num_space_committed: 839.
num_space_uncommitted: 0.
num_chunks_returned_to_freelist: 6.
num_chunks_taken_from_freelist: 2925.
num_chunk_merges: 6.
num_chunk_splits: 1868.
num_chunks_enlarged: 1163.
num_inconsistent_stats: 0.

CodeHeap 'non-profiled nmethods': size=120000Kb used=4093Kb max_used=4093Kb free=115906Kb
 bounds [0x00000205e0900000, 0x00000205e0d00000, 0x00000205e7e30000]
CodeHeap 'profiled nmethods': size=120000Kb used=14120Kb max_used=14120Kb free=105879Kb
 bounds [0x00000205d8e30000, 0x00000205d9c00000, 0x00000205e0360000]
CodeHeap 'non-nmethods': size=5760Kb used=2339Kb max_used=2418Kb free=3420Kb
 bounds [0x00000205e0360000, 0x00000205e05d0000, 0x00000205e0900000]
 total_blobs=8206 nmethods=7343 adapters=774
 compilation: enabled
              stopped_count=0, restarted_count=0
 full_count=0

Compilation events (20 events):
Event: 137.910 Thread 0x00000205ebd18090 nmethod 8152 0x00000205e0cfd290 code [0x00000205e0cfd420, 0x00000205e0cfd538]
Event: 137.913 Thread 0x00000205ebd152d0 nmethod 8150 0x00000205e0cfd590 code [0x00000205e0cfd780, 0x00000205e0cfde30]
Event: 137.913 Thread 0x00000205ebd152d0 8140       4       java.lang.ThreadLocal$ThreadLocalMap::set (133 bytes)
Event: 137.918 Thread 0x00000205ebd18090 8154       3       io.spring.gradle.dependencymanagement.org.codehaus.plexus.util.xml.pull.MXParser::parseStartTag (1210 bytes)
Event: 137.922 Thread 0x00000205ebd18090 nmethod 8154 0x00000205d9be9790 code [0x00000205d9bea160, 0x00000205d9bf0858]
Event: 137.923 Thread 0x00000205ebd152d0 nmethod 8140 0x00000205e0cfe510 code [0x00000205e0cfe6c0, 0x00000205e0cfee58]
Event: 137.923 Thread 0x00000205ebd152d0 8141       4       org.gradle.api.internal.artifacts.ivyservice.modulecache.ModuleMetadataSerializer$Reader::readMavenDependency (148 bytes)
Event: 137.925 Thread 0x00000205ebd18090 8156       3       io.spring.gradle.dependencymanagement.org.codehaus.plexus.util.xml.Xpp3DomBuilder::build (348 bytes)
Event: 137.927 Thread 0x00000205ebd18090 nmethod 8156 0x00000205d9bf2d10 code [0x00000205d9bf32a0, 0x00000205d9bf6628]
Event: 137.927 Thread 0x00000205ebd18090 8158       3       io.spring.gradle.dependencymanagement.org.codehaus.plexus.util.xml.pull.MXParser::getAttributeName (81 bytes)
Event: 137.928 Thread 0x00000205ebd18090 nmethod 8158 0x00000205d9bf7a10 code [0x00000205d9bf7c80, 0x00000205d9bf87f8]
Event: 137.928 Thread 0x00000205ebd18090 8157       3       io.spring.gradle.dependencymanagement.org.codehaus.plexus.util.xml.pull.MXParser::joinPC (69 bytes)
Event: 137.928 Thread 0x00000205ebd18090 nmethod 8157 0x00000205d9bf8c10 code [0x00000205d9bf8dc0, 0x00000205d9bf9078]
Event: 137.928 Thread 0x00000205ebd18090 8159       1       io.spring.gradle.dependencymanagement.org.apache.maven.model.DistributionManagement::setStatus (6 bytes)
Event: 137.928 Thread 0x00000205ebd18090 nmethod 8159 0x00000205e0cff190 code [0x00000205e0cff320, 0x00000205e0cff438]
Event: 137.957 Thread 0x00000205ebd18090 8161       3       java.util.Properties::entrySet (19 bytes)
Event: 137.957 Thread 0x00000205ebd18090 nmethod 8161 0x00000205d9bf9190 code [0x00000205d9bf9380, 0x00000205d9bf99e8]
Event: 137.957 Thread 0x00000205ebd18090 8162       3       java.util.Properties$EntrySet::iterator (10 bytes)
Event: 137.957 Thread 0x00000205f35111f0 8155       4       java.lang.String::<init> (14 bytes)
Event: 137.960 Thread 0x00000205ebd18090 nmethod 8162 0x00000205d9bf9c10 code [0x00000205d9bf9dc0, 0x00000205d9bf9f88]

GC Heap History (14 events):
Event: 1.388 GC heap before
{Heap before GC invocations=0 (full 0):
 garbage-first heap   total 262144K, used 13312K [0x00000000e0000000, 0x0000000100000000)
  region size 1024K, 13 young (13312K), 0 survivors (0K)
 Metaspace       used 973K, committed 1088K, reserved 278528K
  class space    used 75K, committed 128K, reserved 212992K
}
Event: 1.632 GC heap after
{Heap after GC invocations=1 (full 0):
 garbage-first heap   total 262144K, used 3733K [0x00000000e0000000, 0x0000000100000000)
  region size 1024K, 2 young (2048K), 2 survivors (2048K)
 Metaspace       used 973K, committed 1088K, reserved 278528K
  class space    used 75K, committed 128K, reserved 212992K
}
Event: 3.813 GC heap before
{Heap before GC invocations=1 (full 0):
 garbage-first heap   total 262144K, used 21141K [0x00000000e0000000, 0x0000000100000000)
  region size 1024K, 17 young (17408K), 2 survivors (2048K)
 Metaspace       used 3822K, committed 4032K, reserved 278528K
  class space    used 475K, committed 576K, reserved 212992K
}
Event: 3.816 GC heap after
{Heap after GC invocations=2 (full 0):
 garbage-first heap   total 262144K, used 9507K [0x00000000e0000000, 0x0000000100000000)
  region size 1024K, 3 young (3072K), 3 survivors (3072K)
 Metaspace       used 3822K, committed 4032K, reserved 278528K
  class space    used 475K, committed 576K, reserved 212992K
}
Event: 5.049 GC heap before
{Heap before GC invocations=2 (full 0):
 garbage-first heap   total 262144K, used 33059K [0x00000000e0000000, 0x0000000100000000)
  region size 1024K, 25 young (25600K), 3 survivors (3072K)
 Metaspace       used 3939K, committed 4096K, reserved 278528K
  class space    used 475K, committed 576K, reserved 212992K
}
Event: 5.073 GC heap after
{Heap after GC invocations=3 (full 0):
 garbage-first heap   total 262144K, used 12970K [0x00000000e0000000, 0x0000000100000000)
  region size 1024K, 4 young (4096K), 4 survivors (4096K)
 Metaspace       used 3939K, committed 4096K, reserved 278528K
  class space    used 475K, committed 576K, reserved 212992K
}
Event: 29.694 GC heap before
{Heap before GC invocations=3 (full 0):
 garbage-first heap   total 262144K, used 123562K [0x00000000e0000000, 0x0000000100000000)
  region size 1024K, 102 young (104448K), 4 survivors (4096K)
 Metaspace       used 21185K, committed 21504K, reserved 278528K
  class space    used 3143K, committed 3328K, reserved 212992K
}
Event: 29.706 GC heap after
{Heap after GC invocations=4 (full 0):
 garbage-first heap   total 262144K, used 35255K [0x00000000e0000000, 0x0000000100000000)
  region size 1024K, 14 young (14336K), 14 survivors (14336K)
 Metaspace       used 21185K, committed 21504K, reserved 278528K
  class space    used 3143K, committed 3328K, reserved 212992K
}
Event: 53.808 GC heap before
{Heap before GC invocations=5 (full 0):
 garbage-first heap   total 262144K, used 138679K [0x00000000e0000000, 0x0000000100000000)
  region size 1024K, 112 young (114688K), 14 survivors (14336K)
 Metaspace       used 35066K, committed 35456K, reserved 278528K
  class space    used 4869K, committed 5056K, reserved 212992K
}
Event: 53.833 GC heap after
{Heap after GC invocations=6 (full 0):
 garbage-first heap   total 262144K, used 43007K [0x00000000e0000000, 0x0000000100000000)
  region size 1024K, 9 young (9216K), 9 survivors (9216K)
 Metaspace       used 35066K, committed 35456K, reserved 278528K
  class space    used 4869K, committed 5056K, reserved 212992K
}
Event: 54.364 GC heap before
{Heap before GC invocations=6 (full 0):
 garbage-first heap   total 262144K, used 47103K [0x00000000e0000000, 0x0000000100000000)
  region size 1024K, 14 young (14336K), 9 survivors (9216K)
 Metaspace       used 35588K, committed 35968K, reserved 278528K
  class space    used 4943K, committed 5120K, reserved 212992K
}
Event: 54.370 GC heap after
{Heap after GC invocations=7 (full 0):
 garbage-first heap   total 262144K, used 43880K [0x00000000e0000000, 0x0000000100000000)
  region size 1024K, 2 young (2048K), 2 survivors (2048K)
 Metaspace       used 35588K, committed 35968K, reserved 278528K
  class space    used 4943K, committed 5120K, reserved 212992K
}
Event: 116.801 GC heap before
{Heap before GC invocations=8 (full 0):
 garbage-first heap   total 262144K, used 187240K [0x00000000e0000000, 0x0000000100000000)
  region size 1024K, 135 young (138240K), 2 survivors (2048K)
 Metaspace       used 47035K, committed 47616K, reserved 278528K
  class space    used 6577K, committed 6848K, reserved 212992K
}
Event: 116.819 GC heap after
{Heap after GC invocations=9 (full 0):
 garbage-first heap   total 262144K, used 61434K [0x00000000e0000000, 0x0000000100000000)
  region size 1024K, 12 young (12288K), 12 survivors (12288K)
 Metaspace       used 47035K, committed 47616K, reserved 278528K
  class space    used 6577K, committed 6848K, reserved 212992K
}

Dll operation events (12 events):
Event: 0.016 Loaded shared library C:\Users\rojas\.jdks\corretto-17.0.7\bin\java.dll
Event: 0.066 Loaded shared library C:\Users\rojas\.jdks\corretto-17.0.7\bin\jsvml.dll
Event: 0.231 Loaded shared library C:\Users\rojas\.jdks\corretto-17.0.7\bin\net.dll
Event: 0.233 Loaded shared library C:\Users\rojas\.jdks\corretto-17.0.7\bin\nio.dll
Event: 0.238 Loaded shared library C:\Users\rojas\.jdks\corretto-17.0.7\bin\zip.dll
Event: 0.930 Loaded shared library C:\Users\rojas\.jdks\corretto-17.0.7\bin\jimage.dll
Event: 1.172 Loaded shared library C:\Users\rojas\.jdks\corretto-17.0.7\bin\verify.dll
Event: 2.165 Loaded shared library C:\Users\rojas\.gradle\native\68d5fa5c4cc2d200863cafc0d521ce42e7d3e7ee720ec0a83991735586a16f82\windows-amd64\native-platform.dll
Event: 2.210 Loaded shared library C:\Users\rojas\.gradle\native\e376f236ea51e6404a007f0833ffe2c6e607c4080706a723a18a27aeea778392\windows-amd64\native-platform-file-events.dll
Event: 6.975 Loaded shared library C:\Users\rojas\.jdks\corretto-17.0.7\bin\management.dll
Event: 6.984 Loaded shared library C:\Users\rojas\.jdks\corretto-17.0.7\bin\management_ext.dll
Event: 10.410 Loaded shared library C:\Users\rojas\.jdks\corretto-17.0.7\bin\sunmscapi.dll

Deoptimization events (20 events):
Event: 129.864 Thread 0x00000205f0bf2010 Uncommon trap: trap_request=0xffffffde fr.pc=0x00000205e0cb874c relative=0x0000000000002acc
Event: 129.864 Thread 0x00000205f0bf2010 Uncommon trap: reason=class_check action=maybe_recompile pc=0x00000205e0cb874c method=org.gradle.api.internal.artifacts.ivyservice.resolveengine.result.DesugaredAttributeContainerSerializer.read(Lorg/gradle/internal/serialize/Decoder;)Lorg/gradle/api/inte
Event: 129.864 Thread 0x00000205f0bf2010 DEOPT PACKING pc=0x00000205e0cb874c sp=0x0000004cdf9f9420
Event: 129.864 Thread 0x00000205f0bf2010 DEOPT UNPACKING pc=0x00000205e03b69a3 sp=0x0000004cdf9f9410 mode 2
Event: 129.864 Thread 0x00000205f0bf2010 Uncommon trap: trap_request=0xffffffde fr.pc=0x00000205e0cb874c relative=0x0000000000002acc
Event: 129.864 Thread 0x00000205f0bf2010 Uncommon trap: reason=class_check action=maybe_recompile pc=0x00000205e0cb874c method=org.gradle.api.internal.artifacts.ivyservice.resolveengine.result.DesugaredAttributeContainerSerializer.read(Lorg/gradle/internal/serialize/Decoder;)Lorg/gradle/api/inte
Event: 129.864 Thread 0x00000205f0bf2010 DEOPT PACKING pc=0x00000205e0cb874c sp=0x0000004cdf9f9420
Event: 129.864 Thread 0x00000205f0bf2010 DEOPT UNPACKING pc=0x00000205e03b69a3 sp=0x0000004cdf9f9410 mode 2
Event: 129.864 Thread 0x00000205f0bf2010 Uncommon trap: trap_request=0xffffff45 fr.pc=0x00000205e0a271e0 relative=0x00000000000001c0
Event: 129.864 Thread 0x00000205f0bf2010 Uncommon trap: reason=unstable_if action=reinterpret pc=0x00000205e0a271e0 method=com.esotericsoftware.kryo.io.Input.require(I)I @ 65 c2
Event: 129.864 Thread 0x00000205f0bf2010 DEOPT PACKING pc=0x00000205e0a271e0 sp=0x0000004cdf9f92a0
Event: 129.864 Thread 0x00000205f0bf2010 DEOPT UNPACKING pc=0x00000205e03b69a3 sp=0x0000004cdf9f9250 mode 2
Event: 137.786 Thread 0x00000205f0bf2010 DEOPT PACKING pc=0x00000205d9aa06fe sp=0x0000004cdf9f7c20
Event: 137.786 Thread 0x00000205f0bf2010 DEOPT UNPACKING pc=0x00000205e03b7143 sp=0x0000004cdf9f7090 mode 0
Event: 137.872 Thread 0x00000205f0bf2010 DEOPT PACKING pc=0x00000205d93a3943 sp=0x0000004cdf9f7de0
Event: 137.872 Thread 0x00000205f0bf2010 DEOPT UNPACKING pc=0x00000205e03b7143 sp=0x0000004cdf9f7268 mode 0
Event: 137.917 Thread 0x00000205f0bf2010 Uncommon trap: trap_request=0xffffff45 fr.pc=0x00000205e0c5413c relative=0x000000000000253c
Event: 137.917 Thread 0x00000205f0bf2010 Uncommon trap: reason=unstable_if action=reinterpret pc=0x00000205e0c5413c method=io.spring.gradle.dependencymanagement.org.codehaus.plexus.util.xml.pull.MXParser.isS(C)Z @ 21 c2
Event: 137.918 Thread 0x00000205f0bf2010 DEOPT PACKING pc=0x00000205e0c5413c sp=0x0000004cdf9f90c0
Event: 137.918 Thread 0x00000205f0bf2010 DEOPT UNPACKING pc=0x00000205e03b69a3 sp=0x0000004cdf9f8ff8 mode 2

Classes unloaded (0 events):
No events

Classes redefined (0 events):
No events

Internal exceptions (20 events):
Event: 117.829 Thread 0x00000205f0b5ba20 Exception <a 'java/lang/NoSuchMethodError'{0x00000000ee951520}: static Lorg/gradle/internal/build/event/types/DefaultTaskStartedProgressEvent;.<clinit>()V> (0x00000000ee951520) 
thrown [s\src\hotspot\share\prims\jni.cpp, line 1107]
Event: 117.830 Thread 0x00000205f0b5ba20 Exception <a 'java/lang/NoSuchMethodError'{0x00000000ee952a70}: static Lorg/gradle/internal/build/event/types/AbstractProgressEvent;.<clinit>()V> (0x00000000ee952a70) 
thrown [s\src\hotspot\share\prims\jni.cpp, line 1107]
Event: 117.830 Thread 0x00000205f0b5ba20 Exception <a 'java/lang/NoSuchMethodError'{0x00000000ee95c848}: static Lorg/gradle/internal/build/event/types/DefaultTaskDescriptor;.<clinit>()V> (0x00000000ee95c848) 
thrown [s\src\hotspot\share\prims\jni.cpp, line 1107]
Event: 117.831 Thread 0x00000205f0b5ba20 Exception <a 'java/lang/NoSuchMethodError'{0x00000000ee989cb0}: static Lorg/gradle/internal/operations/OperationIdentifier;.<clinit>()V> (0x00000000ee989cb0) 
thrown [s\src\hotspot\share\prims\jni.cpp, line 1107]
Event: 117.839 Thread 0x00000205f0b5ba20 Exception <a 'java/lang/NoSuchMethodError'{0x00000000ee992078}: static Lorg/gradle/internal/build/event/types/DefaultTaskFinishedProgressEvent;.<clinit>()V> (0x00000000ee992078) 
thrown [s\src\hotspot\share\prims\jni.cpp, line 1107]
Event: 117.840 Thread 0x00000205f0b5ba20 Exception <a 'java/lang/NoSuchMethodError'{0x00000000ee9ccfc8}: static Lorg/gradle/internal/build/event/types/DefaultTaskSuccessResult;.<clinit>()V> (0x00000000ee9ccfc8) 
thrown [s\src\hotspot\share\prims\jni.cpp, line 1107]
Event: 117.840 Thread 0x00000205f0b5ba20 Exception <a 'java/lang/NoSuchMethodError'{0x00000000ee9ce238}: static Lorg/gradle/internal/build/event/types/AbstractTaskResult;.<clinit>()V> (0x00000000ee9ce238) 
thrown [s\src\hotspot\share\prims\jni.cpp, line 1107]
Event: 117.840 Thread 0x00000205f0b5ba20 Exception <a 'java/lang/NoSuchMethodError'{0x00000000ee9cf8e0}: static Lorg/gradle/internal/build/event/types/AbstractResult;.<clinit>()V> (0x00000000ee9cf8e0) 
thrown [s\src\hotspot\share\prims\jni.cpp, line 1107]
Event: 129.342 Thread 0x00000205f0bf2010 Exception <a 'java/lang/ClassNotFoundException'{0x00000000ea75d2e8}: org/gradle/api/internal/tasks/DefaultSourceSetContainer_DecoratedBeanInfo> (0x00000000ea75d2e8) 
thrown [s\src\hotspot\share\classfile\systemDictionary.cpp, line 256]
Event: 129.342 Thread 0x00000205f0bf2010 Exception <a 'java/lang/ClassNotFoundException'{0x00000000ea767250}: org/gradle/api/internal/tasks/DefaultSourceSetContainerBeanInfo> (0x00000000ea767250) 
thrown [s\src\hotspot\share\classfile\systemDictionary.cpp, line 256]
Event: 129.343 Thread 0x00000205f0bf2010 Exception <a 'java/lang/ClassNotFoundException'{0x00000000ea76f3f0}: org/gradle/api/internal/AbstractValidatingNamedDomainObjectContainerBeanInfo> (0x00000000ea76f3f0) 
thrown [s\src\hotspot\share\classfile\systemDictionary.cpp, line 256]
Event: 129.343 Thread 0x00000205f0bf2010 Exception <a 'java/lang/ClassNotFoundException'{0x00000000ea778218}: org/gradle/api/internal/AbstractNamedDomainObjectContainerBeanInfo> (0x00000000ea778218) 
thrown [s\src\hotspot\share\classfile\systemDictionary.cpp, line 256]
Event: 129.343 Thread 0x00000205f0bf2010 Exception <a 'java/lang/ClassNotFoundException'{0x00000000ea7802e0}: org/gradle/api/internal/AbstractNamedDomainObjectContainerCustomizer> (0x00000000ea7802e0) 
thrown [s\src\hotspot\share\classfile\systemDictionary.cpp, line 256]
Event: 129.345 Thread 0x00000205f0bf2010 Exception <a 'java/lang/ClassNotFoundException'{0x00000000ea79b998}: org/gradle/api/internal/AbstractValidatingNamedDomainObjectContainerCustomizer> (0x00000000ea79b998) 
thrown [s\src\hotspot\share\classfile\systemDictionary.cpp, line 256]
Event: 129.346 Thread 0x00000205f0bf2010 Exception <a 'java/lang/ClassNotFoundException'{0x00000000ea7b0928}: org/gradle/api/internal/tasks/DefaultSourceSetContainerCustomizer> (0x00000000ea7b0928) 
thrown [s\src\hotspot\share\classfile\systemDictionary.cpp, line 256]
Event: 129.348 Thread 0x00000205f0bf2010 Exception <a 'java/lang/ClassNotFoundException'{0x00000000ea7c60f8}: org/gradle/api/internal/tasks/DefaultSourceSetContainer_DecoratedCustomizer> (0x00000000ea7c60f8) 
thrown [s\src\hotspot\share\classfile\systemDictionary.cpp, line 256]
Event: 129.350 Thread 0x00000205f0bf2010 Exception <a 'java/lang/ClassNotFoundException'{0x00000000ea6138b8}: org/jetbrains/plugins/gradle/tooling/tasks/DependenciesReport$ProjectNameFunctionBeanInfo> (0x00000000ea6138b8) 
thrown [s\src\hotspot\share\classfile\systemDictionary.cpp, line 256]
Event: 129.351 Thread 0x00000205f0bf2010 Exception <a 'java/lang/ClassNotFoundException'{0x00000000ea61bf10}: org/jetbrains/plugins/gradle/tooling/tasks/DependenciesReport$ProjectNameFunctionCustomizer> (0x00000000ea61bf10) 
thrown [s\src\hotspot\share\classfile\systemDictionary.cpp, line 256]
Event: 129.353 Thread 0x00000205f0bf2010 Exception <a 'java/lang/ClassNotFoundException'{0x00000000ea63e3d0}: org/jetbrains/plugins/gradle/tooling/tasks/DependenciesReport$ReportGenerator$IdGeneratorBeanInfo> (0x00000000ea63e3d0) 
thrown [s\src\hotspot\share\classfile\systemDictionary.cpp, line 256]
Event: 129.354 Thread 0x00000205f0bf2010 Exception <a 'java/lang/ClassNotFoundException'{0x00000000ea646ad0}: org/jetbrains/plugins/gradle/tooling/tasks/DependenciesReport$ReportGenerator$IdGeneratorCustomizer> (0x00000000ea646ad0) 
thrown [s\src\hotspot\share\classfile\systemDictionary.cpp, line 256]

VM Operations (20 events):
Event: 128.860 Executing VM operation: HandshakeAllThreads
Event: 128.860 Executing VM operation: HandshakeAllThreads done
Event: 129.139 Executing VM operation: ICBufferFull
Event: 129.139 Executing VM operation: ICBufferFull done
Event: 129.167 Executing VM operation: HandshakeAllThreads
Event: 129.167 Executing VM operation: HandshakeAllThreads done
Event: 129.479 Executing VM operation: ICBufferFull
Event: 129.479 Executing VM operation: ICBufferFull done
Event: 129.826 Executing VM operation: HandshakeAllThreads
Event: 129.827 Executing VM operation: HandshakeAllThreads done
Event: 129.836 Executing VM operation: ICBufferFull
Event: 129.860 Executing VM operation: ICBufferFull done
Event: 130.870 Executing VM operation: Cleanup
Event: 130.870 Executing VM operation: Cleanup done
Event: 131.878 Executing VM operation: Cleanup
Event: 131.878 Executing VM operation: Cleanup done
Event: 137.929 Executing VM operation: Cleanup
Event: 137.932 Executing VM operation: Cleanup done
Event: 137.952 Executing VM operation: HandshakeAllThreads
Event: 137.952 Executing VM operation: HandshakeAllThreads done

Events (20 events):
Event: 129.832 Thread 0x00000205ebd89490 flushing nmethod 0x00000205d8f99610
Event: 129.832 Thread 0x00000205ebd89490 flushing nmethod 0x00000205d8fe8e90
Event: 129.832 Thread 0x00000205ebd89490 flushing nmethod 0x00000205d9081f10
Event: 129.833 Thread 0x00000205ebd89490 flushing nmethod 0x00000205d910bb90
Event: 129.833 Thread 0x00000205ebd89490 flushing nmethod 0x00000205d910c090
Event: 129.833 Thread 0x00000205ebd89490 flushing nmethod 0x00000205d910fb90
Event: 129.833 Thread 0x00000205ebd89490 flushing nmethod 0x00000205d9119c10
Event: 129.833 Thread 0x00000205ebd89490 flushing nmethod 0x00000205d913c010
Event: 129.833 Thread 0x00000205ebd89490 flushing nmethod 0x00000205d91d6d10
Event: 129.833 Thread 0x00000205ebd89490 flushing nmethod 0x00000205d91dc390
Event: 129.833 Thread 0x00000205ebd89490 flushing nmethod 0x00000205d9222610
Event: 129.833 Thread 0x00000205ebd89490 flushing nmethod 0x00000205d926a790
Event: 129.835 Thread 0x00000205ebd89490 flushing nmethod 0x00000205d94a2690
Event: 129.835 Thread 0x00000205ebd89490 flushing nmethod 0x00000205d94eed10
Event: 129.835 Thread 0x00000205ebd89490 flushing nmethod 0x00000205d950ed10
Event: 129.835 Thread 0x00000205ebd89490 flushing nmethod 0x00000205d954b110
Event: 129.836 Thread 0x00000205ebd89490 flushing nmethod 0x00000205d968ca10
Event: 129.836 Thread 0x00000205ebd89490 flushing nmethod 0x00000205d96a6a90
Event: 129.836 Thread 0x00000205ebd89490 flushing nmethod 0x00000205d96d5010
Event: 137.957 Thread 0x00000205f35111f0 Thread added: 0x00000205f35111f0


Dynamic libraries:
0x00007ff659b30000 - 0x00007ff659b3d000 	C:\Users\rojas\.jdks\corretto-17.0.7\bin\java.exe
0x00007ffb179f0000 - 0x00007ffb17be8000 	C:\Windows\SYSTEM32\ntdll.dll
0x00007ffb17610000 - 0x00007ffb176cd000 	C:\Windows\System32\KERNEL32.DLL
0x00007ffb153e0000 - 0x00007ffb156d6000 	C:\Windows\System32\KERNELBASE.dll
0x00007ffb15950000 - 0x00007ffb15a50000 	C:\Windows\System32\ucrtbase.dll
0x00007ffb015b0000 - 0x00007ffb015c7000 	C:\Users\rojas\.jdks\corretto-17.0.7\bin\jli.dll
0x00007ffb16480000 - 0x00007ffb1661e000 	C:\Windows\System32\USER32.dll
0x00007ffb15170000 - 0x00007ffb15192000 	C:\Windows\System32\win32u.dll
0x00007ffb16620000 - 0x00007ffb1664c000 	C:\Windows\System32\GDI32.dll
0x00007ffb156e0000 - 0x00007ffb157fa000 	C:\Windows\System32\gdi32full.dll
0x00007ffb150d0000 - 0x00007ffb1516d000 	C:\Windows\System32\msvcp_win.dll
0x00007ffaf4890000 - 0x00007ffaf48a5000 	C:\Users\rojas\.jdks\corretto-17.0.7\bin\VCRUNTIME140.dll
0x00007ffb026f0000 - 0x00007ffb0298a000 	C:\Windows\WinSxS\amd64_microsoft.windows.common-controls_6595b64144ccf1df_6.0.19041.3636_none_60b6a03d71f818d5\COMCTL32.dll
0x00007ffb17570000 - 0x00007ffb1760e000 	C:\Windows\System32\msvcrt.dll
0x00007ffb16980000 - 0x00007ffb169b0000 	C:\Windows\System32\IMM32.DLL
0x00007ffabdc50000 - 0x00007ffabdceb000 	C:\Users\rojas\.jdks\corretto-17.0.7\bin\msvcp140.dll
0x00007ffa90c30000 - 0x00007ffa9184a000 	C:\Users\rojas\.jdks\corretto-17.0.7\bin\server\jvm.dll
0x00007ffb173e0000 - 0x00007ffb1748e000 	C:\Windows\System32\ADVAPI32.dll
0x00007ffb163e0000 - 0x00007ffb1647c000 	C:\Windows\System32\sechost.dll
0x00007ffb17880000 - 0x00007ffb179a6000 	C:\Windows\System32\RPCRT4.dll
0x00007ffb10720000 - 0x00007ffb10729000 	C:\Windows\SYSTEM32\WSOCK32.dll
0x00007ffb16af0000 - 0x00007ffb16b5b000 	C:\Windows\System32\WS2_32.dll
0x00007ffb0dbc0000 - 0x00007ffb0dbe7000 	C:\Windows\SYSTEM32\WINMM.dll
0x00007ffb0f2e0000 - 0x00007ffb0f2ea000 	C:\Windows\SYSTEM32\VERSION.dll
0x00007ffb12fb0000 - 0x00007ffb12fc2000 	C:\Windows\SYSTEM32\kernel.appcore.dll
0x00007ffb016c0000 - 0x00007ffb016ca000 	C:\Users\rojas\.jdks\corretto-17.0.7\bin\jimage.dll
0x00007ffb0d240000 - 0x00007ffb0d424000 	C:\Windows\SYSTEM32\DBGHELP.DLL
0x00007ffb0c6b0000 - 0x00007ffb0c6e4000 	C:\Windows\SYSTEM32\dbgcore.DLL
0x00007ffb15350000 - 0x00007ffb153d2000 	C:\Windows\System32\bcryptPrimitives.dll
0x00007ffaf2bc0000 - 0x00007ffaf2be5000 	C:\Users\rojas\.jdks\corretto-17.0.7\bin\java.dll
0x00007ffab7cd0000 - 0x00007ffab7da6000 	C:\Users\rojas\.jdks\corretto-17.0.7\bin\jsvml.dll
0x00007ffb16c90000 - 0x00007ffb173d4000 	C:\Windows\System32\SHELL32.dll
0x00007ffb131b0000 - 0x00007ffb1394b000 	C:\Windows\SYSTEM32\windows.storage.dll
0x00007ffb15a60000 - 0x00007ffb15db4000 	C:\Windows\System32\combase.dll
0x00007ffb14aa0000 - 0x00007ffb14acd000 	C:\Windows\SYSTEM32\Wldp.dll
0x00007ffb168d0000 - 0x00007ffb1697d000 	C:\Windows\System32\SHCORE.dll
0x00007ffb16b60000 - 0x00007ffb16bb5000 	C:\Windows\System32\shlwapi.dll
0x00007ffb15000000 - 0x00007ffb15025000 	C:\Windows\SYSTEM32\profapi.dll
0x00007ffaf1950000 - 0x00007ffaf1969000 	C:\Users\rojas\.jdks\corretto-17.0.7\bin\net.dll
0x00007ffb0f960000 - 0x00007ffb0fa6a000 	C:\Windows\SYSTEM32\WINHTTP.dll
0x00007ffb147a0000 - 0x00007ffb1480a000 	C:\Windows\system32\mswsock.dll
0x00007ffaf1930000 - 0x00007ffaf1945000 	C:\Users\rojas\.jdks\corretto-17.0.7\bin\nio.dll
0x00007ffaf1910000 - 0x00007ffaf1928000 	C:\Users\rojas\.jdks\corretto-17.0.7\bin\zip.dll
0x00007ffb015a0000 - 0x00007ffb015b0000 	C:\Users\rojas\.jdks\corretto-17.0.7\bin\verify.dll
0x00007ffb016e0000 - 0x00007ffb01707000 	C:\Users\rojas\.gradle\native\68d5fa5c4cc2d200863cafc0d521ce42e7d3e7ee720ec0a83991735586a16f82\windows-amd64\native-platform.dll
0x00007ffaa6b60000 - 0x00007ffaa6ca4000 	C:\Users\rojas\.gradle\native\e376f236ea51e6404a007f0833ffe2c6e607c4080706a723a18a27aeea778392\windows-amd64\native-platform-file-events.dll
0x00007ffafeb20000 - 0x00007ffafeb29000 	C:\Users\rojas\.jdks\corretto-17.0.7\bin\management.dll
0x00007ffafe5f0000 - 0x00007ffafe5fb000 	C:\Users\rojas\.jdks\corretto-17.0.7\bin\management_ext.dll
0x00007ffb15a50000 - 0x00007ffb15a58000 	C:\Windows\System32\PSAPI.DLL
0x00007ffb14990000 - 0x00007ffb149a8000 	C:\Windows\SYSTEM32\CRYPTSP.dll
0x00007ffb140d0000 - 0x00007ffb14104000 	C:\Windows\system32\rsaenh.dll
0x00007ffb15920000 - 0x00007ffb15947000 	C:\Windows\System32\bcrypt.dll
0x00007ffb14f80000 - 0x00007ffb14fae000 	C:\Windows\SYSTEM32\USERENV.dll
0x00007ffb149b0000 - 0x00007ffb149bc000 	C:\Windows\SYSTEM32\CRYPTBASE.dll
0x00007ffb14490000 - 0x00007ffb144cb000 	C:\Windows\SYSTEM32\IPHLPAPI.DLL
0x00007ffb16c70000 - 0x00007ffb16c78000 	C:\Windows\System32\NSI.dll
0x00007ffb100e0000 - 0x00007ffb100f7000 	C:\Windows\SYSTEM32\dhcpcsvc6.DLL
0x00007ffb100c0000 - 0x00007ffb100dd000 	C:\Windows\SYSTEM32\dhcpcsvc.DLL
0x00007ffb144d0000 - 0x00007ffb1459a000 	C:\Windows\SYSTEM32\DNSAPI.dll
0x00007ffaf5900000 - 0x00007ffaf590e000 	C:\Users\rojas\.jdks\corretto-17.0.7\bin\sunmscapi.dll
0x00007ffb151a0000 - 0x00007ffb152fd000 	C:\Windows\System32\CRYPT32.dll
0x00007ffb14b10000 - 0x00007ffb14b37000 	C:\Windows\SYSTEM32\ncrypt.dll
0x00007ffb14ad0000 - 0x00007ffb14b0b000 	C:\Windows\SYSTEM32\NTASN1.dll
0x00007ffb0a860000 - 0x00007ffb0a867000 	C:\Windows\system32\wshunix.dll
0x00007ffb141f0000 - 0x00007ffb14223000 	C:\Windows\SYSTEM32\ntmarta.dll

dbghelp: loaded successfully - version: 4.0.5 - missing functions: none
symbol engine: initialized successfully - sym options: 0x614 - pdb path: .;C:\Users\rojas\.jdks\corretto-17.0.7\bin;C:\Windows\SYSTEM32;C:\Windows\WinSxS\amd64_microsoft.windows.common-controls_6595b64144ccf1df_6.0.19041.3636_none_60b6a03d71f818d5;C:\Users\rojas\.jdks\corretto-17.0.7\bin\server;C:\Users\rojas\.gradle\native\68d5fa5c4cc2d200863cafc0d521ce42e7d3e7ee720ec0a83991735586a16f82\windows-amd64;C:\Users\rojas\.gradle\native\e376f236ea51e6404a007f0833ffe2c6e607c4080706a723a18a27aeea778392\windows-amd64

VM Arguments:
jvm_args: --add-opens=java.base/java.util=ALL-UNNAMED --add-opens=java.base/java.lang=ALL-UNNAMED --add-opens=java.base/java.lang.invoke=ALL-UNNAMED --add-opens=java.prefs/java.util.prefs=ALL-UNNAMED --add-opens=java.base/java.nio.charset=ALL-UNNAMED --add-opens=java.base/java.net=ALL-UNNAMED --add-opens=java.base/java.util.concurrent.atomic=ALL-UNNAMED -XX:MaxMetaspaceSize=256m -XX:+HeapDumpOnOutOfMemoryError -Xms256m -Xmx512m -Dfile.encoding=windows-1252 -Duser.country=ES -Duser.language=es -Duser.variant 
java_command: org.gradle.launcher.daemon.bootstrap.GradleDaemon 7.6
java_class_path (initial): C:\Users\rojas\.gradle\wrapper\dists\gradle-7.6-bin\9l9tetv7ltxvx3i8an4pb86ye\gradle-7.6\lib\gradle-launcher-7.6.jar
Launcher Type: SUN_STANDARD

[Global flags]
     intx CICompilerCount                          = 3                                         {product} {ergonomic}
   size_t CompressedClassSpaceSize                 = 218103808                                 {product} {ergonomic}
     uint ConcGCThreads                            = 1                                         {product} {ergonomic}
     uint G1ConcRefinementThreads                  = 4                                         {product} {ergonomic}
   size_t G1HeapRegionSize                         = 1048576                                   {product} {ergonomic}
    uintx GCDrainStackTargetSize                   = 64                                        {product} {ergonomic}
     bool HeapDumpOnOutOfMemoryError               = true                                   {manageable} {command line}
   size_t InitialHeapSize                          = 268435456                                 {product} {command line}
   size_t MarkStackSize                            = 4194304                                   {product} {ergonomic}
   size_t MaxHeapSize                              = 536870912                                 {product} {command line}
   size_t MaxMetaspaceSize                         = 268435456                                 {product} {command line}
   size_t MaxNewSize                               = 321912832                                 {product} {ergonomic}
   size_t MinHeapDeltaBytes                        = 1048576                                   {product} {ergonomic}
   size_t MinHeapSize                              = 268435456                                 {product} {command line}
    uintx NonNMethodCodeHeapSize                   = 5832780                                {pd product} {ergonomic}
    uintx NonProfiledCodeHeapSize                  = 122912730                              {pd product} {ergonomic}
    uintx ProfiledCodeHeapSize                     = 122912730                              {pd product} {ergonomic}
    uintx ReservedCodeCacheSize                    = 251658240                              {pd product} {ergonomic}
     bool SegmentedCodeCache                       = true                                      {product} {ergonomic}
   size_t SoftMaxHeapSize                          = 536870912                              {manageable} {ergonomic}
     bool UseCompressedClassPointers               = true                           {product lp64_product} {ergonomic}
     bool UseCompressedOops                        = true                           {product lp64_product} {ergonomic}
     bool UseG1GC                                  = true                                      {product} {ergonomic}
     bool UseLargePagesIndividualAllocation        = false                                  {pd product} {ergonomic}

Logging:
Log output configuration:
 #0: stdout all=warning uptime,level,tags
 #1: stderr all=off uptime,level,tags

Environment Variables:
PATH=C:\Program Files\Microsoft\jdk-11.0.16.101-hotspot\bin;C:\Program Files\Common Files\Oracle\Java\javapath;C:\Program Files (x86)\Common Files\Oracle\Java\javapath;C:\Windows\system32;C:\Windows;C:\Windows\System32\Wbem;C:\Windows\System32\WindowsPowerShell\v1.0\;C:\Windows\System32\OpenSSH\;C:\Program Files (x86)\NVIDIA Corporation\PhysX\Common;C:\Program Files\NVIDIA Corporation\NVIDIA NvDLISR;C:\Program Files\PuTTY\;C:\Program Files\nodejs\;C:\Program Files\Git\cmd;C:\Program Files\Microsoft SQL Server\150\Tools\Binn\;C:\Program Files\Microsoft SQL Server\Client SDK\ODBC\170\Tools\Binn\;C:\Program Files\dotnet\;C:\Program Files\MySQL\MySQL Shell 8.0\bin\;C:\Users\rojas\AppData\Local\Microsoft\WindowsApps;C:\Users\rojas\AppData\Local\Programs\Microsoft VS Code\bin;C:\Users\rojas\AppData\Local\GitHubDesktop\bin;C:\Users\rojas\AppData\Roaming\npm;C:\Program Files (x86)\Nmap;C:\Users\rojas\.dotnet\tools
USERNAME=rojas
OS=Windows_NT
PROCESSOR_IDENTIFIER=Intel64 Family 6 Model 94 Stepping 3, GenuineIntel
TMP=C:\Users\rojas\AppData\Local\Temp
TEMP=C:\Users\rojas\AppData\Local\Temp



---------------  S Y S T E M  ---------------

OS:
 Windows 10 , 64 bit Build 19041 (10.0.19041.3636)
OS uptime: 7 days 3:50 hours

CPU: total 4 (initial active 4) (4 cores per cpu, 1 threads per core) family 6 model 94 stepping 3 microcode 0xcc, cx8, cmov, fxsr, mmx, 3dnowpref, sse, sse2, sse3, ssse3, sse4.1, sse4.2, popcnt, lzcnt, tsc, tscinvbit, avx, avx2, aes, erms, clmul, bmi1, bmi2, rtm, adx, fma, vzeroupper, clflush, clflushopt

Memory: 4k page, system-wide physical 12252M (438M free)
TotalPageFile size 20252M (AvailPageFile size 3M)
current process WorkingSet (physical memory assigned to process): 379M, peak: 396M
current process commit charge ("private bytes"): 455M, peak: 472M

vm_info: OpenJDK 64-Bit Server VM (17.0.7+7-LTS) for windows-amd64 JRE (17.0.7+7-LTS), built on Apr 14 2023 01:39:21 by "Administrator" with MS VC++ 15.9 (VS2017)

END.
