#
# There is insufficient memory for the Java Runtime Environment to continue.
# Native memory allocation (malloc) failed to allocate 1106000 bytes for Chunk::new
# Possible reasons:
#   The system is out of physical RAM or swap space
#   The process is running with CompressedOops enabled, and the Java Heap may be blocking the growth of the native heap
# Possible solutions:
#   Reduce memory load on the system
#   Increase physical memory or swap space
#   Check if swap backing store is full
#   Decrease Java heap size (-Xmx/-Xms)
#   Decrease number of Java threads
#   Decrease Java thread stack sizes (-Xss)
#   Set larger code cache with -XX:ReservedCodeCacheSize=
#   JVM is running with Unscaled Compressed Oops mode in which the Java heap is
#     placed in the first 4GB address space. The Java Heap base address is the
#     maximum limit for the native heap growth. Please use -XX:HeapBaseMinAddress
#     to set the Java Heap base and to place the Java Heap above 4GB virtual address.
# This output file may be truncated or incomplete.
#
#  Out of Memory Error (arena.cpp:189), pid=23540, tid=19332
#
# JRE version: OpenJDK Runtime Environment Corretto-17.0.7.7.1 (17.0.7+7) (build 17.0.7+7-LTS)
# Java VM: OpenJDK 64-Bit Server VM Corretto-17.0.7.7.1 (17.0.7+7-LTS, mixed mode, sharing, tiered, compressed oops, compressed class ptrs, g1 gc, windows-amd64)
# No core dump will be written. Minidumps are not enabled by default on client versions of Windows
#

---------------  S U M M A R Y ------------

Command Line: --add-opens=java.base/java.util=ALL-UNNAMED --add-opens=java.base/java.lang=ALL-UNNAMED --add-opens=java.base/java.lang.invoke=ALL-UNNAMED --add-opens=java.prefs/java.util.prefs=ALL-UNNAMED --add-opens=java.base/java.nio.charset=ALL-UNNAMED --add-opens=java.base/java.net=ALL-UNNAMED --add-opens=java.base/java.util.concurrent.atomic=ALL-UNNAMED -XX:MaxMetaspaceSize=256m -XX:+HeapDumpOnOutOfMemoryError -Xms256m -Xmx512m -Dfile.encoding=windows-1252 -Duser.country=ES -Duser.language=es -Duser.variant org.gradle.launcher.daemon.bootstrap.GradleDaemon 7.6

Host: Intel(R) Core(TM) i5-6500T CPU @ 2.50GHz, 4 cores, 11G,  Windows 10 , 64 bit Build 19041 (10.0.19041.3636)
Time: Sat Nov 11 15:34:18 2023 Hora est. Pacífico, Sudamérica elapsed time: 137.650707 seconds (0d 0h 2m 17s)

---------------  T H R E A D  ---------------

Current thread (0x000001f0bb2440c0):  JavaThread "C2 CompilerThread0" daemon [_thread_in_native, id=19332, stack(0x000000c01e800000,0x000000c01e900000)]


Current CompileTask:
C2: 137650 10284       4       sun.reflect.generics.parser.SignatureParser::parsePackageNameAndSimpleClassTypeSignature (119 bytes)

Stack: [0x000000c01e800000,0x000000c01e900000]
Native frames: (J=compiled Java code, j=interpreted, Vv=VM code, C=native code)
V  [jvm.dll+0x64b53a]
V  [jvm.dll+0x7fef54]
V  [jvm.dll+0x80070e]
V  [jvm.dll+0x800d63]
V  [jvm.dll+0x236a2b]
V  [jvm.dll+0xbd47c]
V  [jvm.dll+0xbda5c]
V  [jvm.dll+0x350c37]
V  [jvm.dll+0x1b1592]
V  [jvm.dll+0x20addf]
V  [jvm.dll+0x20a287]
V  [jvm.dll+0x19a2ed]
V  [jvm.dll+0x21967d]
V  [jvm.dll+0x2178c4]
V  [jvm.dll+0x7b7dcb]
V  [jvm.dll+0x7b237a]
V  [jvm.dll+0x64a3a5]
C  [ucrtbase.dll+0x21bb2]
C  [KERNEL32.DLL+0x17344]
C  [ntdll.dll+0x526b1]


---------------  P R O C E S S  ---------------

Threads class SMR info:
_java_thread_list=0x000001f0c2be8730, length=86, elements={
0x000001f09ef0bfe0, 0x000001f0bb228ad0, 0x000001f0bb229940, 0x000001f0bb23f510,
0x000001f0bb241fd0, 0x000001f0bb242980, 0x000001f0bb243330, 0x000001f0bb2440c0,
0x000001f0bb246b70, 0x000001f0bb2ad3c0, 0x000001f0bb4323f0, 0x000001f0bb4328c0,
0x000001f0c051df30, 0x000001f0c03f3b40, 0x000001f0bb590670, 0x000001f0c107b040,
0x000001f0bb465020, 0x000001f0c0a8e3f0, 0x000001f0c0a8f260, 0x000001f0c0a8d0b0,
0x000001f0c0a8e8c0, 0x000001f0c0a8f730, 0x000001f0c0a8c710, 0x000001f0c0a8d580,
0x000001f0c0a8ed90, 0x000001f0c0a8c240, 0x000001f0c0a8da50, 0x000001f0c17bd040,
0x000001f0c17bbd00, 0x000001f0c17bc6a0, 0x000001f0c17bcb70, 0x000001f0c17b7000,
0x000001f0c17bc1d0, 0x000001f0c17b7e70, 0x000001f0c17b5cc0, 0x000001f0c17b6190,
0x000001f0c17b74d0, 0x000001f0c17b6b30, 0x000001f0c17b8ce0, 0x000001f0c17b9680,
0x000001f0c17b9b50, 0x000001f0c17ba020, 0x000001f0c17ba4f0, 0x000001f0c17bae90,
0x000001f0c17bb360, 0x000001f0c17bb830, 0x000001f0c0a8cbe0, 0x000001f0c2bcc8d0,
0x000001f0c2bce0e0, 0x000001f0c2bc8a40, 0x000001f0c2bcbf30, 0x000001f0c2bcea80,
0x000001f0c2bc8f10, 0x000001f0c2bc9d80, 0x000001f0c2bcef50, 0x000001f0c2bcdc10,
0x000001f0c2bc7700, 0x000001f0c2bc7bd0, 0x000001f0c2bcabf0, 0x000001f0c2bcc400,
0x000001f0c2bc93e0, 0x000001f0c2bc80a0, 0x000001f0c2bc98b0, 0x000001f0c2bca720,
0x000001f0c2bcba60, 0x000001f0c2bce5b0, 0x000001f0c2bcd740, 0x000001f0c2bca250,
0x000001f0c2bcb0c0, 0x000001f0c2bccda0, 0x000001f0c2b21000, 0x000001f0c2b1be30,
0x000001f0c2b20190, 0x000001f0c2b1e4b0, 0x000001f0c2b1a150, 0x000001f0c2b1e980,
0x000001f0c2b20b30, 0x000001f0c2b1db10, 0x000001f0c2b1ee50, 0x000001f0c2b1d170,
0x000001f0c2b1f7f0, 0x000001f0c2b1dfe0, 0x000001f0c2b1c7d0, 0x000001f0c2b1f320,
0x000001f0c2b1afc0, 0x000001f0c2b1c300
}

Java Threads: ( => current thread )
  0x000001f09ef0bfe0 JavaThread "main" [_thread_blocked, id=15952, stack(0x000000c01da00000,0x000000c01db00000)]
  0x000001f0bb228ad0 JavaThread "Reference Handler" daemon [_thread_blocked, id=22040, stack(0x000000c01e200000,0x000000c01e300000)]
  0x000001f0bb229940 JavaThread "Finalizer" daemon [_thread_blocked, id=19880, stack(0x000000c01e300000,0x000000c01e400000)]
  0x000001f0bb23f510 JavaThread "Signal Dispatcher" daemon [_thread_blocked, id=14728, stack(0x000000c01e400000,0x000000c01e500000)]
  0x000001f0bb241fd0 JavaThread "Attach Listener" daemon [_thread_blocked, id=3120, stack(0x000000c01e500000,0x000000c01e600000)]
  0x000001f0bb242980 JavaThread "Service Thread" daemon [_thread_blocked, id=10708, stack(0x000000c01e600000,0x000000c01e700000)]
  0x000001f0bb243330 JavaThread "Monitor Deflation Thread" daemon [_thread_blocked, id=17644, stack(0x000000c01e700000,0x000000c01e800000)]
=>0x000001f0bb2440c0 JavaThread "C2 CompilerThread0" daemon [_thread_in_native, id=19332, stack(0x000000c01e800000,0x000000c01e900000)]
  0x000001f0bb246b70 JavaThread "C1 CompilerThread0" daemon [_thread_in_native, id=16752, stack(0x000000c01e900000,0x000000c01ea00000)]
  0x000001f0bb2ad3c0 JavaThread "Sweeper thread" daemon [_thread_blocked, id=5572, stack(0x000000c01ea00000,0x000000c01eb00000)]
  0x000001f0bb4323f0 JavaThread "Common-Cleaner" daemon [_thread_blocked, id=12896, stack(0x000000c01eb00000,0x000000c01ec00000)]
  0x000001f0bb4328c0 JavaThread "Notification Thread" daemon [_thread_blocked, id=6560, stack(0x000000c01ec00000,0x000000c01ed00000)]
  0x000001f0c051df30 JavaThread "Daemon health stats" [_thread_blocked, id=16912, stack(0x000000c01f100000,0x000000c01f200000)]
  0x000001f0c03f3b40 JavaThread "Incoming local TCP Connector on port 1786" [_thread_in_native, id=15600, stack(0x000000c01f200000,0x000000c01f300000)]
  0x000001f0bb590670 JavaThread "Daemon periodic checks" [_thread_blocked, id=9696, stack(0x000000c01f300000,0x000000c01f400000)]
  0x000001f0c107b040 JavaThread "Daemon" [_thread_blocked, id=6464, stack(0x000000c01f400000,0x000000c01f500000)]
  0x000001f0bb465020 JavaThread "Handler for socket connection from /127.0.0.1:1786 to /127.0.0.1:1791" [_thread_in_native, id=15964, stack(0x000000c01f500000,0x000000c01f600000)]
  0x000001f0c0a8e3f0 JavaThread "Cancel handler" [_thread_blocked, id=22032, stack(0x000000c01f600000,0x000000c01f700000)]
  0x000001f0c0a8f260 JavaThread "Daemon worker" [_thread_in_vm, id=8696, stack(0x000000c01f700000,0x000000c01f800000)]
  0x000001f0c0a8d0b0 JavaThread "Asynchronous log dispatcher for DefaultDaemonConnection: socket connection from /127.0.0.1:1786 to /127.0.0.1:1791" [_thread_blocked, id=12424, stack(0x000000c01f800000,0x000000c01f900000)]
  0x000001f0c0a8e8c0 JavaThread "Daemon client event forwarder" [_thread_blocked, id=9936, stack(0x000000c01fa00000,0x000000c01fb00000)]
  0x000001f0c0a8f730 JavaThread "Cache worker for journal cache (C:\Users\rojas\.gradle\caches\journal-1)" [_thread_blocked, id=17040, stack(0x000000c01fb00000,0x000000c01fc00000)]
  0x000001f0c0a8c710 JavaThread "File lock request listener" [_thread_in_native, id=6412, stack(0x000000c01fc00000,0x000000c01fd00000)]
  0x000001f0c0a8d580 JavaThread "File lock release action executor" [_thread_blocked, id=6832, stack(0x000000c01fd00000,0x000000c01fe00000)]
  0x000001f0c0a8ed90 JavaThread "Cache worker for file hash cache (C:\Users\rojas\.gradle\caches\7.6\fileHashes)" [_thread_blocked, id=15924, stack(0x000000c01fe00000,0x000000c01ff00000)]
  0x000001f0c0a8c240 JavaThread "File watcher server" daemon [_thread_in_native, id=17832, stack(0x000000c01ff00000,0x000000c020000000)]
  0x000001f0c0a8da50 JavaThread "File watcher consumer" daemon [_thread_blocked, id=18412, stack(0x000000c020000000,0x000000c020100000)]
  0x000001f0c17bd040 JavaThread "jar transforms" [_thread_blocked, id=6436, stack(0x000000c020100000,0x000000c020200000)]
  0x000001f0c17bbd00 JavaThread "jar transforms Thread 2" [_thread_blocked, id=8992, stack(0x000000c020200000,0x000000c020300000)]
  0x000001f0c17bc6a0 JavaThread "jar transforms Thread 3" [_thread_blocked, id=20472, stack(0x000000c020300000,0x000000c020400000)]
  0x000001f0c17bcb70 JavaThread "jar transforms Thread 4" [_thread_blocked, id=7848, stack(0x000000c020400000,0x000000c020500000)]
  0x000001f0c17b7000 JavaThread "Cache worker for checksums cache (C:\Proyectos\BFFinder\Back-End\CloudGateway\.gradle\7.6\checksums)" [_thread_blocked, id=15616, stack(0x000000c020500000,0x000000c020600000)]
  0x000001f0c17bc1d0 JavaThread "Cache worker for cache directory md-rule (C:\Users\rojas\.gradle\caches\7.6\md-rule)" [_thread_blocked, id=9364, stack(0x000000c020600000,0x000000c020700000)]
  0x000001f0c17b7e70 JavaThread "Cache worker for file content cache (C:\Users\rojas\.gradle\caches\7.6\fileContent)" [_thread_blocked, id=13256, stack(0x000000c020700000,0x000000c020800000)]
  0x000001f0c17b5cc0 JavaThread "Cache worker for file hash cache (C:\Proyectos\BFFinder\Back-End\CloudGateway\.gradle\7.6\fileHashes)" [_thread_blocked, id=23168, stack(0x000000c020800000,0x000000c020900000)]
  0x000001f0c17b6190 JavaThread "Cache worker for cache directory md-supplier (C:\Users\rojas\.gradle\caches\7.6\md-supplier)" [_thread_blocked, id=12840, stack(0x000000c020900000,0x000000c020a00000)]
  0x000001f0c17b74d0 JavaThread "Cache worker for execution history cache (C:\Users\rojas\.gradle\caches\7.6\executionHistory)" [_thread_blocked, id=8808, stack(0x000000c020a00000,0x000000c020b00000)]
  0x000001f0c17b6b30 JavaThread "Cache worker for dependencies-accessors (C:\Proyectos\BFFinder\Back-End\CloudGateway\.gradle\7.6\dependencies-accessors)" [_thread_blocked, id=16376, stack(0x000000c01d900000,0x000000c01da00000)]
  0x000001f0c17b8ce0 JavaThread "Cache worker for Build Output Cleanup Cache (C:\Proyectos\BFFinder\Back-End\CloudGateway\.gradle\buildOutputCleanup)" [_thread_blocked, id=8024, stack(0x000000c01f900000,0x000000c01fa00000)]
  0x000001f0c17b9680 JavaThread "Unconstrained build operations" [_thread_blocked, id=13568, stack(0x000000c020e00000,0x000000c020f00000)]
  0x000001f0c17b9b50 JavaThread "Unconstrained build operations Thread 2" [_thread_blocked, id=20340, stack(0x000000c020f00000,0x000000c021000000)]
  0x000001f0c17ba020 JavaThread "Unconstrained build operations Thread 3" [_thread_blocked, id=4952, stack(0x000000c021000000,0x000000c021100000)]
  0x000001f0c17ba4f0 JavaThread "Unconstrained build operations Thread 4" [_thread_blocked, id=7160, stack(0x000000c021100000,0x000000c021200000)]
  0x000001f0c17bae90 JavaThread "Unconstrained build operations Thread 5" [_thread_blocked, id=19112, stack(0x000000c021200000,0x000000c021300000)]
  0x000001f0c17bb360 JavaThread "Unconstrained build operations Thread 6" [_thread_blocked, id=22624, stack(0x000000c021300000,0x000000c021400000)]
  0x000001f0c17bb830 JavaThread "Unconstrained build operations Thread 7" [_thread_blocked, id=14288, stack(0x000000c021400000,0x000000c021500000)]
  0x000001f0c0a8cbe0 JavaThread "Unconstrained build operations Thread 8" [_thread_blocked, id=17872, stack(0x000000c021500000,0x000000c021600000)]
  0x000001f0c2bcc8d0 JavaThread "Unconstrained build operations Thread 9" [_thread_blocked, id=4440, stack(0x000000c021600000,0x000000c021700000)]
  0x000001f0c2bce0e0 JavaThread "Unconstrained build operations Thread 10" [_thread_blocked, id=19108, stack(0x000000c021700000,0x000000c021800000)]
  0x000001f0c2bc8a40 JavaThread "Unconstrained build operations Thread 11" [_thread_blocked, id=20244, stack(0x000000c021800000,0x000000c021900000)]
  0x000001f0c2bcbf30 JavaThread "Unconstrained build operations Thread 12" [_thread_blocked, id=21524, stack(0x000000c021900000,0x000000c021a00000)]
  0x000001f0c2bcea80 JavaThread "Unconstrained build operations Thread 13" [_thread_blocked, id=20052, stack(0x000000c021a00000,0x000000c021b00000)]
  0x000001f0c2bc8f10 JavaThread "Unconstrained build operations Thread 14" [_thread_blocked, id=9004, stack(0x000000c021b00000,0x000000c021c00000)]
  0x000001f0c2bc9d80 JavaThread "Unconstrained build operations Thread 15" [_thread_blocked, id=15744, stack(0x000000c021c00000,0x000000c021d00000)]
  0x000001f0c2bcef50 JavaThread "Unconstrained build operations Thread 16" [_thread_blocked, id=12040, stack(0x000000c021d00000,0x000000c021e00000)]
  0x000001f0c2bcdc10 JavaThread "Unconstrained build operations Thread 17" [_thread_blocked, id=20104, stack(0x000000c021e00000,0x000000c021f00000)]
  0x000001f0c2bc7700 JavaThread "Unconstrained build operations Thread 18" [_thread_blocked, id=11548, stack(0x000000c021f00000,0x000000c022000000)]
  0x000001f0c2bc7bd0 JavaThread "Memory manager" [_thread_blocked, id=17540, stack(0x000000c022000000,0x000000c022100000)]
  0x000001f0c2bcabf0 JavaThread "included builds" [_thread_blocked, id=13412, stack(0x000000c022100000,0x000000c022200000)]
  0x000001f0c2bcc400 JavaThread "Execution worker" [_thread_blocked, id=7148, stack(0x000000c022200000,0x000000c022300000)]
  0x000001f0c2bc93e0 JavaThread "Execution worker Thread 2" [_thread_blocked, id=15868, stack(0x000000c022300000,0x000000c022400000)]
  0x000001f0c2bc80a0 JavaThread "Execution worker Thread 3" [_thread_blocked, id=17772, stack(0x000000c022400000,0x000000c022500000)]
  0x000001f0c2bc98b0 JavaThread "Cache worker for execution history cache (C:\Proyectos\BFFinder\Back-End\CloudGateway\.gradle\7.6\executionHistory)" [_thread_blocked, id=21412, stack(0x000000c022500000,0x000000c022600000)]
  0x000001f0c2bca720 JavaThread "Unconstrained build operations Thread 19" [_thread_blocked, id=15076, stack(0x000000c022600000,0x000000c022700000)]
  0x000001f0c2bcba60 JavaThread "Unconstrained build operations Thread 20" [_thread_blocked, id=22204, stack(0x000000c022700000,0x000000c022800000)]
  0x000001f0c2bce5b0 JavaThread "Unconstrained build operations Thread 21" [_thread_blocked, id=16344, stack(0x000000c022800000,0x000000c022900000)]
  0x000001f0c2bcd740 JavaThread "Unconstrained build operations Thread 22" [_thread_blocked, id=21848, stack(0x000000c022900000,0x000000c022a00000)]
  0x000001f0c2bca250 JavaThread "Unconstrained build operations Thread 23" [_thread_blocked, id=20084, stack(0x000000c022a00000,0x000000c022b00000)]
  0x000001f0c2bcb0c0 JavaThread "Unconstrained build operations Thread 24" [_thread_blocked, id=10600, stack(0x000000c022b00000,0x000000c022c00000)]
  0x000001f0c2bccda0 JavaThread "Unconstrained build operations Thread 25" [_thread_blocked, id=16900, stack(0x000000c022c00000,0x000000c022d00000)]
  0x000001f0c2b21000 JavaThread "Unconstrained build operations Thread 26" [_thread_blocked, id=9680, stack(0x000000c022d00000,0x000000c022e00000)]
  0x000001f0c2b1be30 JavaThread "Unconstrained build operations Thread 27" [_thread_blocked, id=3352, stack(0x000000c022e00000,0x000000c022f00000)]
  0x000001f0c2b20190 JavaThread "Unconstrained build operations Thread 28" [_thread_blocked, id=4040, stack(0x000000c022f00000,0x000000c023000000)]
  0x000001f0c2b1e4b0 JavaThread "Unconstrained build operations Thread 29" [_thread_blocked, id=9444, stack(0x000000c023000000,0x000000c023100000)]
  0x000001f0c2b1a150 JavaThread "Unconstrained build operations Thread 30" [_thread_blocked, id=20456, stack(0x000000c023100000,0x000000c023200000)]
  0x000001f0c2b1e980 JavaThread "Unconstrained build operations Thread 31" [_thread_blocked, id=3972, stack(0x000000c023200000,0x000000c023300000)]
  0x000001f0c2b20b30 JavaThread "Unconstrained build operations Thread 32" [_thread_blocked, id=22004, stack(0x000000c023300000,0x000000c023400000)]
  0x000001f0c2b1db10 JavaThread "Unconstrained build operations Thread 33" [_thread_blocked, id=588, stack(0x000000c023400000,0x000000c023500000)]
  0x000001f0c2b1ee50 JavaThread "Unconstrained build operations Thread 34" [_thread_blocked, id=23520, stack(0x000000c023500000,0x000000c023600000)]
  0x000001f0c2b1d170 JavaThread "Unconstrained build operations Thread 35" [_thread_blocked, id=23108, stack(0x000000c023600000,0x000000c023700000)]
  0x000001f0c2b1f7f0 JavaThread "Unconstrained build operations Thread 36" [_thread_blocked, id=3844, stack(0x000000c023700000,0x000000c023800000)]
  0x000001f0c2b1dfe0 JavaThread "Unconstrained build operations Thread 37" [_thread_blocked, id=11376, stack(0x000000c023800000,0x000000c023900000)]
  0x000001f0c2b1c7d0 JavaThread "Unconstrained build operations Thread 38" [_thread_blocked, id=8532, stack(0x000000c023900000,0x000000c023a00000)]
  0x000001f0c2b1f320 JavaThread "Unconstrained build operations Thread 39" [_thread_blocked, id=17664, stack(0x000000c023a00000,0x000000c023b00000)]
  0x000001f0c2b1afc0 JavaThread "Unconstrained build operations Thread 40" [_thread_blocked, id=17348, stack(0x000000c023b00000,0x000000c023c00000)]
  0x000001f0c2b1c300 JavaThread "idea-tooling-model-converter" [_thread_blocked, id=2336, stack(0x000000c023c00000,0x000000c023d00000)]

Other Threads:
  0x000001f0bb222f30 VMThread "VM Thread" [stack: 0x000000c01e100000,0x000000c01e200000] [id=10912]
  0x000001f0bb435db0 WatcherThread [stack: 0x000000c01ed00000,0x000000c01ee00000] [id=796]
  0x000001f0a0f91bf0 GCTaskThread "GC Thread#0" [stack: 0x000000c01dc00000,0x000000c01dd00000] [id=10504]
  0x000001f0bbb2dc10 GCTaskThread "GC Thread#1" [stack: 0x000000c01ee00000,0x000000c01ef00000] [id=18012]
  0x000001f0bbb2dec0 GCTaskThread "GC Thread#2" [stack: 0x000000c01ef00000,0x000000c01f000000] [id=16008]
  0x000001f0bbb2e170 GCTaskThread "GC Thread#3" [stack: 0x000000c01f000000,0x000000c01f100000] [id=16676]
  0x000001f0a0f96b30 ConcurrentGCThread "G1 Main Marker" [stack: 0x000000c01dd00000,0x000000c01de00000] [id=9280]
  0x000001f0a0f97540 ConcurrentGCThread "G1 Conc#0" [stack: 0x000000c01de00000,0x000000c01df00000] [id=16304]
  0x000001f0a103db40 ConcurrentGCThread "G1 Refine#0" [stack: 0x000000c01df00000,0x000000c01e000000] [id=18632]
  0x000001f0c33d2950 ConcurrentGCThread "G1 Refine#1" [stack: 0x000000c01db00000,0x000000c01dc00000] [id=12892]
  0x000001f0c33d2f10 ConcurrentGCThread "G1 Refine#2" [stack: 0x000000c020d00000,0x000000c020e00000] [id=10576]
  0x000001f0a103e560 ConcurrentGCThread "G1 Service" [stack: 0x000000c01e000000,0x000000c01e100000] [id=12968]

Threads with active compile tasks:
C2 CompilerThread0   137712 10284       4       sun.reflect.generics.parser.SignatureParser::parsePackageNameAndSimpleClassTypeSignature (119 bytes)

VM state: not at safepoint (normal execution)

VM Mutex/Monitor currently owned by a thread: None

Heap address: 0x00000000e0000000, size: 512 MB, Compressed Oops mode: 32-bit

CDS archive(s) mapped at: [0x0000000800000000-0x0000000800bc0000-0x0000000800bc0000), size 12320768, SharedBaseAddress: 0x0000000800000000, ArchiveRelocationMode: 0.
Compressed class space mapped at: 0x0000000801000000-0x000000080e000000, reserved size: 218103808
Narrow klass base: 0x0000000800000000, Narrow klass shift: 0, Narrow klass range: 0x100000000

GC Precious Log:
 CPUs: 4 total, 4 available
 Memory: 12252M
 Large Page Support: Disabled
 NUMA Support: Disabled
 Compressed Oops: Enabled (32-bit)
 Heap Region Size: 1M
 Heap Min Capacity: 256M
 Heap Initial Capacity: 256M
 Heap Max Capacity: 512M
 Pre-touch: Disabled
 Parallel Workers: 4
 Concurrent Workers: 1
 Concurrent Refinement Workers: 4
 Periodic GC: Disabled

Heap:
 garbage-first heap   total 262144K, used 194490K [0x00000000e0000000, 0x0000000100000000)
  region size 1024K, 84 young (86016K), 13 survivors (13312K)
 Metaspace       used 58639K, committed 59328K, reserved 278528K
  class space    used 7978K, committed 8320K, reserved 212992K

Heap Regions: E=young(eden), S=young(survivor), O=old, HS=humongous(starts), HC=humongous(continues), CS=collection set, F=free, OA=open archive, CA=closed archive, TAMS=top-at-mark-start (previous, next)
|   0|0x00000000e0000000, 0x00000000e0100000, 0x00000000e0100000|100%| O|  |TAMS 0x00000000e0100000, 0x00000000e0000000| Untracked 
|   1|0x00000000e0100000, 0x00000000e0200000, 0x00000000e0200000|100%| O|  |TAMS 0x00000000e0200000, 0x00000000e0100000| Untracked 
|   2|0x00000000e0200000, 0x00000000e0300000, 0x00000000e0300000|100%|HS|  |TAMS 0x00000000e0300000, 0x00000000e0200000| Complete 
|   3|0x00000000e0300000, 0x00000000e0400000, 0x00000000e0400000|100%|HC|  |TAMS 0x00000000e0400000, 0x00000000e0300000| Complete 
|   4|0x00000000e0400000, 0x00000000e0500000, 0x00000000e0500000|100%|HC|  |TAMS 0x00000000e0500000, 0x00000000e0400000| Complete 
|   5|0x00000000e0500000, 0x00000000e0600000, 0x00000000e0600000|100%| O|  |TAMS 0x00000000e0600000, 0x00000000e0500000| Untracked 
|   6|0x00000000e0600000, 0x00000000e0700000, 0x00000000e0700000|100%| O|  |TAMS 0x00000000e0700000, 0x00000000e0600000| Untracked 
|   7|0x00000000e0700000, 0x00000000e0800000, 0x00000000e0800000|100%| O|  |TAMS 0x00000000e0700000, 0x00000000e0700000| Untracked 
|   8|0x00000000e0800000, 0x00000000e0900000, 0x00000000e0900000|100%| O|  |TAMS 0x00000000e0900000, 0x00000000e0800000| Untracked 
|   9|0x00000000e0900000, 0x00000000e0a00000, 0x00000000e0a00000|100%| O|  |TAMS 0x00000000e0a00000, 0x00000000e0900000| Untracked 
|  10|0x00000000e0a00000, 0x00000000e0b00000, 0x00000000e0b00000|100%|HS|  |TAMS 0x00000000e0a00000, 0x00000000e0a00000| Complete 
|  11|0x00000000e0b00000, 0x00000000e0c00000, 0x00000000e0c00000|100%|HS|  |TAMS 0x00000000e0c00000, 0x00000000e0b00000| Complete 
|  12|0x00000000e0c00000, 0x00000000e0d00000, 0x00000000e0d00000|100%|HC|  |TAMS 0x00000000e0d00000, 0x00000000e0c00000| Complete 
|  13|0x00000000e0d00000, 0x00000000e0e00000, 0x00000000e0e00000|100%|HS|  |TAMS 0x00000000e0e00000, 0x00000000e0d00000| Complete 
|  14|0x00000000e0e00000, 0x00000000e0f00000, 0x00000000e0f00000|100%|HC|  |TAMS 0x00000000e0f00000, 0x00000000e0e00000| Complete 
|  15|0x00000000e0f00000, 0x00000000e1000000, 0x00000000e1000000|100%|HC|  |TAMS 0x00000000e1000000, 0x00000000e0f00000| Complete 
|  16|0x00000000e1000000, 0x00000000e1100000, 0x00000000e1100000|100%|HS|  |TAMS 0x00000000e1100000, 0x00000000e1000000| Complete 
|  17|0x00000000e1100000, 0x00000000e1200000, 0x00000000e1200000|100%|HC|  |TAMS 0x00000000e1200000, 0x00000000e1100000| Complete 
|  18|0x00000000e1200000, 0x00000000e1300000, 0x00000000e1300000|100%|HC|  |TAMS 0x00000000e1300000, 0x00000000e1200000| Complete 
|  19|0x00000000e1300000, 0x00000000e1400000, 0x00000000e1400000|100%|HS|  |TAMS 0x00000000e1400000, 0x00000000e1300000| Complete 
|  20|0x00000000e1400000, 0x00000000e1500000, 0x00000000e1500000|100%|HC|  |TAMS 0x00000000e1500000, 0x00000000e1400000| Complete 
|  21|0x00000000e1500000, 0x00000000e1600000, 0x00000000e1600000|100%|HC|  |TAMS 0x00000000e1600000, 0x00000000e1500000| Complete 
|  22|0x00000000e1600000, 0x00000000e1700000, 0x00000000e1700000|100%| O|  |TAMS 0x00000000e1600000, 0x00000000e1600000| Untracked 
|  23|0x00000000e1700000, 0x00000000e1800000, 0x00000000e1800000|100%| O|  |TAMS 0x00000000e1700000, 0x00000000e1700000| Untracked 
|  24|0x00000000e1800000, 0x00000000e1900000, 0x00000000e1900000|100%| O|  |TAMS 0x00000000e1900000, 0x00000000e1800000| Untracked 
|  25|0x00000000e1900000, 0x00000000e1a00000, 0x00000000e1a00000|100%| O|  |TAMS 0x00000000e1a00000, 0x00000000e1900000| Untracked 
|  26|0x00000000e1a00000, 0x00000000e1b00000, 0x00000000e1b00000|100%| O|  |TAMS 0x00000000e1b00000, 0x00000000e1a00000| Untracked 
|  27|0x00000000e1b00000, 0x00000000e1c00000, 0x00000000e1c00000|100%| O|  |TAMS 0x00000000e1c00000, 0x00000000e1b00000| Untracked 
|  28|0x00000000e1c00000, 0x00000000e1d00000, 0x00000000e1d00000|100%| O|  |TAMS 0x00000000e1d00000, 0x00000000e1c00000| Untracked 
|  29|0x00000000e1d00000, 0x00000000e1e00000, 0x00000000e1e00000|100%| O|  |TAMS 0x00000000e1e00000, 0x00000000e1d00000| Untracked 
|  30|0x00000000e1e00000, 0x00000000e1f00000, 0x00000000e1f00000|100%| O|  |TAMS 0x00000000e1f00000, 0x00000000e1e00000| Untracked 
|  31|0x00000000e1f00000, 0x00000000e2000000, 0x00000000e2000000|100%| O|  |TAMS 0x00000000e2000000, 0x00000000e1f00000| Untracked 
|  32|0x00000000e2000000, 0x00000000e2100000, 0x00000000e2100000|100%| O|  |TAMS 0x00000000e2100000, 0x00000000e2000000| Untracked 
|  33|0x00000000e2100000, 0x00000000e2200000, 0x00000000e2200000|100%| O|  |TAMS 0x00000000e2200000, 0x00000000e2100000| Untracked 
|  34|0x00000000e2200000, 0x00000000e2300000, 0x00000000e2300000|100%| O|  |TAMS 0x00000000e2300000, 0x00000000e2200000| Untracked 
|  35|0x00000000e2300000, 0x00000000e2400000, 0x00000000e2400000|100%| O|  |TAMS 0x00000000e23f8a00, 0x00000000e2300000| Untracked 
|  36|0x00000000e2400000, 0x00000000e2500000, 0x00000000e2500000|100%|HS|  |TAMS 0x00000000e2400000, 0x00000000e2400000| Complete 
|  37|0x00000000e2500000, 0x00000000e2600000, 0x00000000e2600000|100%|HC|  |TAMS 0x00000000e2500000, 0x00000000e2500000| Complete 
|  38|0x00000000e2600000, 0x00000000e2700000, 0x00000000e2700000|100%|HC|  |TAMS 0x00000000e2600000, 0x00000000e2600000| Complete 
|  39|0x00000000e2700000, 0x00000000e2800000, 0x00000000e2800000|100%|HS|  |TAMS 0x00000000e2700000, 0x00000000e2700000| Complete 
|  40|0x00000000e2800000, 0x00000000e2900000, 0x00000000e2900000|100%|HC|  |TAMS 0x00000000e2800000, 0x00000000e2800000| Complete 
|  41|0x00000000e2900000, 0x00000000e2a00000, 0x00000000e2a00000|100%|HC|  |TAMS 0x00000000e2900000, 0x00000000e2900000| Complete 
|  42|0x00000000e2a00000, 0x00000000e2b00000, 0x00000000e2b00000|100%|HC|  |TAMS 0x00000000e2a00000, 0x00000000e2a00000| Complete 
|  43|0x00000000e2b00000, 0x00000000e2c00000, 0x00000000e2c00000|100%| O|  |TAMS 0x00000000e2b00000, 0x00000000e2b00000| Untracked 
|  44|0x00000000e2c00000, 0x00000000e2d00000, 0x00000000e2d00000|100%| O|  |TAMS 0x00000000e2c00000, 0x00000000e2c00000| Untracked 
|  45|0x00000000e2d00000, 0x00000000e2e00000, 0x00000000e2e00000|100%| O|  |TAMS 0x00000000e2d00000, 0x00000000e2d00000| Untracked 
|  46|0x00000000e2e00000, 0x00000000e2f00000, 0x00000000e2f00000|100%| O|  |TAMS 0x00000000e2e00000, 0x00000000e2e00000| Untracked 
|  47|0x00000000e2f00000, 0x00000000e3000000, 0x00000000e3000000|100%| O|  |TAMS 0x00000000e2f00000, 0x00000000e2f00000| Untracked 
|  48|0x00000000e3000000, 0x00000000e3100000, 0x00000000e3100000|100%| O|  |TAMS 0x00000000e3000000, 0x00000000e3000000| Untracked 
|  49|0x00000000e3100000, 0x00000000e3200000, 0x00000000e3200000|100%| O|  |TAMS 0x00000000e3100000, 0x00000000e3100000| Untracked 
|  50|0x00000000e3200000, 0x00000000e3300000, 0x00000000e3300000|100%| O|  |TAMS 0x00000000e3200000, 0x00000000e3200000| Untracked 
|  51|0x00000000e3300000, 0x00000000e3400000, 0x00000000e3400000|100%| O|  |TAMS 0x00000000e3300000, 0x00000000e3300000| Untracked 
|  52|0x00000000e3400000, 0x00000000e3500000, 0x00000000e3500000|100%| O|  |TAMS 0x00000000e3400000, 0x00000000e3400000| Untracked 
|  53|0x00000000e3500000, 0x00000000e3600000, 0x00000000e3600000|100%| O|  |TAMS 0x00000000e3500000, 0x00000000e3500000| Untracked 
|  54|0x00000000e3600000, 0x00000000e3700000, 0x00000000e3700000|100%| O|  |TAMS 0x00000000e3600000, 0x00000000e3600000| Untracked 
|  55|0x00000000e3700000, 0x00000000e3800000, 0x00000000e3800000|100%| O|  |TAMS 0x00000000e3700000, 0x00000000e3700000| Untracked 
|  56|0x00000000e3800000, 0x00000000e3900000, 0x00000000e3900000|100%| O|  |TAMS 0x00000000e3800000, 0x00000000e3800000| Untracked 
|  57|0x00000000e3900000, 0x00000000e3a00000, 0x00000000e3a00000|100%| O|  |TAMS 0x00000000e3900000, 0x00000000e3900000| Untracked 
|  58|0x00000000e3a00000, 0x00000000e3b00000, 0x00000000e3b00000|100%| O|  |TAMS 0x00000000e3a00000, 0x00000000e3a00000| Untracked 
|  59|0x00000000e3b00000, 0x00000000e3c00000, 0x00000000e3c00000|100%| O|  |TAMS 0x00000000e3b00000, 0x00000000e3b00000| Untracked 
|  60|0x00000000e3c00000, 0x00000000e3d00000, 0x00000000e3d00000|100%| O|  |TAMS 0x00000000e3c00000, 0x00000000e3c00000| Untracked 
|  61|0x00000000e3d00000, 0x00000000e3e00000, 0x00000000e3e00000|100%|HS|  |TAMS 0x00000000e3d00000, 0x00000000e3d00000| Complete 
|  62|0x00000000e3e00000, 0x00000000e3f00000, 0x00000000e3f00000|100%|HC|  |TAMS 0x00000000e3e00000, 0x00000000e3e00000| Complete 
|  63|0x00000000e3f00000, 0x00000000e4000000, 0x00000000e4000000|100%|HS|  |TAMS 0x00000000e3f00000, 0x00000000e3f00000| Complete 
|  64|0x00000000e4000000, 0x00000000e4100000, 0x00000000e4100000|100%|HC|  |TAMS 0x00000000e4000000, 0x00000000e4000000| Complete 
|  65|0x00000000e4100000, 0x00000000e4200000, 0x00000000e4200000|100%|HC|  |TAMS 0x00000000e4100000, 0x00000000e4100000| Complete 
|  66|0x00000000e4200000, 0x00000000e4300000, 0x00000000e4300000|100%|HC|  |TAMS 0x00000000e4200000, 0x00000000e4200000| Complete 
|  67|0x00000000e4300000, 0x00000000e4400000, 0x00000000e4400000|100%|HC|  |TAMS 0x00000000e4300000, 0x00000000e4300000| Complete 
|  68|0x00000000e4400000, 0x00000000e4500000, 0x00000000e4500000|100%|HC|  |TAMS 0x00000000e4400000, 0x00000000e4400000| Complete 
|  69|0x00000000e4500000, 0x00000000e4600000, 0x00000000e4600000|100%|HS|  |TAMS 0x00000000e4500000, 0x00000000e4500000| Complete 
|  70|0x00000000e4600000, 0x00000000e4700000, 0x00000000e4700000|100%|HC|  |TAMS 0x00000000e4600000, 0x00000000e4600000| Complete 
|  71|0x00000000e4700000, 0x00000000e4800000, 0x00000000e4800000|100%|HS|  |TAMS 0x00000000e4700000, 0x00000000e4700000| Complete 
|  72|0x00000000e4800000, 0x00000000e4900000, 0x00000000e4900000|100%|HC|  |TAMS 0x00000000e4800000, 0x00000000e4800000| Complete 
|  73|0x00000000e4900000, 0x00000000e4a00000, 0x00000000e4a00000|100%|HC|  |TAMS 0x00000000e4900000, 0x00000000e4900000| Complete 
|  74|0x00000000e4a00000, 0x00000000e4b00000, 0x00000000e4b00000|100%|HS|  |TAMS 0x00000000e4a00000, 0x00000000e4a00000| Complete 
|  75|0x00000000e4b00000, 0x00000000e4c00000, 0x00000000e4c00000|100%|HC|  |TAMS 0x00000000e4b00000, 0x00000000e4b00000| Complete 
|  76|0x00000000e4c00000, 0x00000000e4d00000, 0x00000000e4d00000|100%|HC|  |TAMS 0x00000000e4c00000, 0x00000000e4c00000| Complete 
|  77|0x00000000e4d00000, 0x00000000e4e00000, 0x00000000e4e00000|100%|HS|  |TAMS 0x00000000e4d00000, 0x00000000e4d00000| Complete 
|  78|0x00000000e4e00000, 0x00000000e4f00000, 0x00000000e4f00000|100%|HC|  |TAMS 0x00000000e4e00000, 0x00000000e4e00000| Complete 
|  79|0x00000000e4f00000, 0x00000000e5000000, 0x00000000e5000000|100%|HC|  |TAMS 0x00000000e4f00000, 0x00000000e4f00000| Complete 
|  80|0x00000000e5000000, 0x00000000e5100000, 0x00000000e5100000|100%|HS|  |TAMS 0x00000000e5000000, 0x00000000e5000000| Complete 
|  81|0x00000000e5100000, 0x00000000e5200000, 0x00000000e5200000|100%|HC|  |TAMS 0x00000000e5100000, 0x00000000e5100000| Complete 
|  82|0x00000000e5200000, 0x00000000e5300000, 0x00000000e5300000|100%|HS|  |TAMS 0x00000000e5200000, 0x00000000e5200000| Complete 
|  83|0x00000000e5300000, 0x00000000e5400000, 0x00000000e5400000|100%|HC|  |TAMS 0x00000000e5300000, 0x00000000e5300000| Complete 
|  84|0x00000000e5400000, 0x00000000e5500000, 0x00000000e5500000|100%|HC|  |TAMS 0x00000000e5400000, 0x00000000e5400000| Complete 
|  85|0x00000000e5500000, 0x00000000e5600000, 0x00000000e5600000|100%|HC|  |TAMS 0x00000000e5500000, 0x00000000e5500000| Complete 
|  86|0x00000000e5600000, 0x00000000e5700000, 0x00000000e5700000|100%|HC|  |TAMS 0x00000000e5600000, 0x00000000e5600000| Complete 
|  87|0x00000000e5700000, 0x00000000e5800000, 0x00000000e5800000|100%|HC|  |TAMS 0x00000000e5700000, 0x00000000e5700000| Complete 
|  88|0x00000000e5800000, 0x00000000e5900000, 0x00000000e5900000|100%|HS|  |TAMS 0x00000000e5800000, 0x00000000e5800000| Complete 
|  89|0x00000000e5900000, 0x00000000e5a00000, 0x00000000e5a00000|100%| O|  |TAMS 0x00000000e5900000, 0x00000000e5900000| Untracked 
|  90|0x00000000e5a00000, 0x00000000e5b00000, 0x00000000e5b00000|100%| O|  |TAMS 0x00000000e5a00000, 0x00000000e5a00000| Untracked 
|  91|0x00000000e5b00000, 0x00000000e5c00000, 0x00000000e5c00000|100%| O|  |TAMS 0x00000000e5b00000, 0x00000000e5b00000| Untracked 
|  92|0x00000000e5c00000, 0x00000000e5d00000, 0x00000000e5d00000|100%| O|  |TAMS 0x00000000e5c00000, 0x00000000e5c00000| Untracked 
|  93|0x00000000e5d00000, 0x00000000e5e00000, 0x00000000e5e00000|100%| O|  |TAMS 0x00000000e5d00000, 0x00000000e5d00000| Untracked 
|  94|0x00000000e5e00000, 0x00000000e5f00000, 0x00000000e5f00000|100%| O|  |TAMS 0x00000000e5e00000, 0x00000000e5e00000| Untracked 
|  95|0x00000000e5f00000, 0x00000000e6000000, 0x00000000e6000000|100%| O|  |TAMS 0x00000000e5f00000, 0x00000000e5f00000| Untracked 
|  96|0x00000000e6000000, 0x00000000e6100000, 0x00000000e6100000|100%| O|  |TAMS 0x00000000e6000000, 0x00000000e6000000| Untracked 
|  97|0x00000000e6100000, 0x00000000e6200000, 0x00000000e6200000|100%| O|  |TAMS 0x00000000e6100000, 0x00000000e6100000| Untracked 
|  98|0x00000000e6200000, 0x00000000e6300000, 0x00000000e6300000|100%| O|  |TAMS 0x00000000e6200000, 0x00000000e6200000| Untracked 
|  99|0x00000000e6300000, 0x00000000e6400000, 0x00000000e6400000|100%| O|  |TAMS 0x00000000e6300000, 0x00000000e6300000| Untracked 
| 100|0x00000000e6400000, 0x00000000e6500000, 0x00000000e6500000|100%| O|  |TAMS 0x00000000e6400000, 0x00000000e6400000| Untracked 
| 101|0x00000000e6500000, 0x00000000e6600000, 0x00000000e6600000|100%| O|  |TAMS 0x00000000e6500000, 0x00000000e6500000| Untracked 
| 102|0x00000000e6600000, 0x00000000e6700000, 0x00000000e6700000|100%| O|  |TAMS 0x00000000e6600000, 0x00000000e6600000| Untracked 
| 103|0x00000000e6700000, 0x00000000e6800000, 0x00000000e6800000|100%| O|  |TAMS 0x00000000e6700000, 0x00000000e6700000| Untracked 
| 104|0x00000000e6800000, 0x00000000e6900000, 0x00000000e6900000|100%| O|  |TAMS 0x00000000e6800000, 0x00000000e6800000| Untracked 
| 105|0x00000000e6900000, 0x00000000e6a00000, 0x00000000e6a00000|100%| O|  |TAMS 0x00000000e6900000, 0x00000000e6900000| Untracked 
| 106|0x00000000e6a00000, 0x00000000e6b00000, 0x00000000e6b00000|100%| O|  |TAMS 0x00000000e6a00000, 0x00000000e6a00000| Untracked 
| 107|0x00000000e6b00000, 0x00000000e6b00000, 0x00000000e6c00000|  0%| F|  |TAMS 0x00000000e6b00000, 0x00000000e6b00000| Untracked 
| 108|0x00000000e6c00000, 0x00000000e6c00000, 0x00000000e6d00000|  0%| F|  |TAMS 0x00000000e6c00000, 0x00000000e6c00000| Untracked 
| 109|0x00000000e6d00000, 0x00000000e6d00000, 0x00000000e6e00000|  0%| F|  |TAMS 0x00000000e6d00000, 0x00000000e6d00000| Untracked 
| 110|0x00000000e6e00000, 0x00000000e6e00000, 0x00000000e6f00000|  0%| F|  |TAMS 0x00000000e6e00000, 0x00000000e6e00000| Untracked 
| 111|0x00000000e6f00000, 0x00000000e6f00000, 0x00000000e7000000|  0%| F|  |TAMS 0x00000000e6f00000, 0x00000000e6f00000| Untracked 
| 112|0x00000000e7000000, 0x00000000e7000000, 0x00000000e7100000|  0%| F|  |TAMS 0x00000000e7000000, 0x00000000e7000000| Untracked 
| 113|0x00000000e7100000, 0x00000000e7100000, 0x00000000e7200000|  0%| F|  |TAMS 0x00000000e7100000, 0x00000000e7100000| Untracked 
| 114|0x00000000e7200000, 0x00000000e7200000, 0x00000000e7300000|  0%| F|  |TAMS 0x00000000e7200000, 0x00000000e7200000| Untracked 
| 115|0x00000000e7300000, 0x00000000e7300000, 0x00000000e7400000|  0%| F|  |TAMS 0x00000000e7300000, 0x00000000e7300000| Untracked 
| 116|0x00000000e7400000, 0x00000000e7400000, 0x00000000e7500000|  0%| F|  |TAMS 0x00000000e7400000, 0x00000000e7400000| Untracked 
| 117|0x00000000e7500000, 0x00000000e7500000, 0x00000000e7600000|  0%| F|  |TAMS 0x00000000e7500000, 0x00000000e7500000| Untracked 
| 118|0x00000000e7600000, 0x00000000e7600000, 0x00000000e7700000|  0%| F|  |TAMS 0x00000000e7600000, 0x00000000e7600000| Untracked 
| 119|0x00000000e7700000, 0x00000000e7700000, 0x00000000e7800000|  0%| F|  |TAMS 0x00000000e7700000, 0x00000000e7700000| Untracked 
| 120|0x00000000e7800000, 0x00000000e7800000, 0x00000000e7900000|  0%| F|  |TAMS 0x00000000e7800000, 0x00000000e7800000| Untracked 
| 121|0x00000000e7900000, 0x00000000e7900000, 0x00000000e7a00000|  0%| F|  |TAMS 0x00000000e7900000, 0x00000000e7900000| Untracked 
| 122|0x00000000e7a00000, 0x00000000e7a00000, 0x00000000e7b00000|  0%| F|  |TAMS 0x00000000e7a00000, 0x00000000e7a00000| Untracked 
| 123|0x00000000e7b00000, 0x00000000e7b00000, 0x00000000e7c00000|  0%| F|  |TAMS 0x00000000e7b00000, 0x00000000e7b00000| Untracked 
| 124|0x00000000e7c00000, 0x00000000e7c00000, 0x00000000e7d00000|  0%| F|  |TAMS 0x00000000e7c00000, 0x00000000e7c00000| Untracked 
| 125|0x00000000e7d00000, 0x00000000e7d00000, 0x00000000e7e00000|  0%| F|  |TAMS 0x00000000e7d00000, 0x00000000e7d00000| Untracked 
| 126|0x00000000e7e00000, 0x00000000e7e00000, 0x00000000e7f00000|  0%| F|  |TAMS 0x00000000e7e00000, 0x00000000e7e00000| Untracked 
| 127|0x00000000e7f00000, 0x00000000e7f00000, 0x00000000e8000000|  0%| F|  |TAMS 0x00000000e7f00000, 0x00000000e7f00000| Untracked 
| 128|0x00000000e8000000, 0x00000000e8000000, 0x00000000e8100000|  0%| F|  |TAMS 0x00000000e8000000, 0x00000000e8000000| Untracked 
| 129|0x00000000e8100000, 0x00000000e8100000, 0x00000000e8200000|  0%| F|  |TAMS 0x00000000e8100000, 0x00000000e8100000| Untracked 
| 130|0x00000000e8200000, 0x00000000e8200000, 0x00000000e8300000|  0%| F|  |TAMS 0x00000000e8200000, 0x00000000e8200000| Untracked 
| 131|0x00000000e8300000, 0x00000000e8300000, 0x00000000e8400000|  0%| F|  |TAMS 0x00000000e8300000, 0x00000000e8300000| Untracked 
| 132|0x00000000e8400000, 0x00000000e8400000, 0x00000000e8500000|  0%| F|  |TAMS 0x00000000e8400000, 0x00000000e8400000| Untracked 
| 133|0x00000000e8500000, 0x00000000e8500000, 0x00000000e8600000|  0%| F|  |TAMS 0x00000000e8500000, 0x00000000e8500000| Untracked 
| 134|0x00000000e8600000, 0x00000000e8600000, 0x00000000e8700000|  0%| F|  |TAMS 0x00000000e8600000, 0x00000000e8600000| Untracked 
| 135|0x00000000e8700000, 0x00000000e87eeb90, 0x00000000e8800000| 93%| S|CS|TAMS 0x00000000e8700000, 0x00000000e8700000| Complete 
| 136|0x00000000e8800000, 0x00000000e8900000, 0x00000000e8900000|100%| S|CS|TAMS 0x00000000e8800000, 0x00000000e8800000| Complete 
| 137|0x00000000e8900000, 0x00000000e8a00000, 0x00000000e8a00000|100%| S|CS|TAMS 0x00000000e8900000, 0x00000000e8900000| Complete 
| 138|0x00000000e8a00000, 0x00000000e8b00000, 0x00000000e8b00000|100%| S|CS|TAMS 0x00000000e8a00000, 0x00000000e8a00000| Complete 
| 139|0x00000000e8b00000, 0x00000000e8c00000, 0x00000000e8c00000|100%| S|CS|TAMS 0x00000000e8b00000, 0x00000000e8b00000| Complete 
| 140|0x00000000e8c00000, 0x00000000e8c00000, 0x00000000e8d00000|  0%| F|  |TAMS 0x00000000e8c00000, 0x00000000e8c00000| Untracked 
| 141|0x00000000e8d00000, 0x00000000e8d00000, 0x00000000e8e00000|  0%| F|  |TAMS 0x00000000e8d00000, 0x00000000e8d00000| Untracked 
| 142|0x00000000e8e00000, 0x00000000e8e00000, 0x00000000e8f00000|  0%| F|  |TAMS 0x00000000e8e00000, 0x00000000e8e00000| Untracked 
| 143|0x00000000e8f00000, 0x00000000e8f00000, 0x00000000e9000000|  0%| F|  |TAMS 0x00000000e8f00000, 0x00000000e8f00000| Untracked 
| 144|0x00000000e9000000, 0x00000000e9000000, 0x00000000e9100000|  0%| F|  |TAMS 0x00000000e9000000, 0x00000000e9000000| Untracked 
| 145|0x00000000e9100000, 0x00000000e9100000, 0x00000000e9200000|  0%| F|  |TAMS 0x00000000e9100000, 0x00000000e9100000| Untracked 
| 146|0x00000000e9200000, 0x00000000e9200000, 0x00000000e9300000|  0%| F|  |TAMS 0x00000000e9200000, 0x00000000e9200000| Untracked 
| 147|0x00000000e9300000, 0x00000000e9300000, 0x00000000e9400000|  0%| F|  |TAMS 0x00000000e9300000, 0x00000000e9300000| Untracked 
| 148|0x00000000e9400000, 0x00000000e9400000, 0x00000000e9500000|  0%| F|  |TAMS 0x00000000e9400000, 0x00000000e9400000| Untracked 
| 149|0x00000000e9500000, 0x00000000e9600000, 0x00000000e9600000|100%| S|CS|TAMS 0x00000000e9500000, 0x00000000e9500000| Complete 
| 150|0x00000000e9600000, 0x00000000e9700000, 0x00000000e9700000|100%| S|CS|TAMS 0x00000000e9600000, 0x00000000e9600000| Complete 
| 151|0x00000000e9700000, 0x00000000e9800000, 0x00000000e9800000|100%| S|CS|TAMS 0x00000000e9700000, 0x00000000e9700000| Complete 
| 152|0x00000000e9800000, 0x00000000e9900000, 0x00000000e9900000|100%| S|CS|TAMS 0x00000000e9800000, 0x00000000e9800000| Complete 
| 153|0x00000000e9900000, 0x00000000e9a00000, 0x00000000e9a00000|100%| S|CS|TAMS 0x00000000e9900000, 0x00000000e9900000| Complete 
| 154|0x00000000e9a00000, 0x00000000e9b00000, 0x00000000e9b00000|100%| S|CS|TAMS 0x00000000e9a00000, 0x00000000e9a00000| Complete 
| 155|0x00000000e9b00000, 0x00000000e9c00000, 0x00000000e9c00000|100%| S|CS|TAMS 0x00000000e9b00000, 0x00000000e9b00000| Complete 
| 156|0x00000000e9c00000, 0x00000000e9c00000, 0x00000000e9d00000|  0%| F|  |TAMS 0x00000000e9c00000, 0x00000000e9c00000| Untracked 
| 157|0x00000000e9d00000, 0x00000000e9d00000, 0x00000000e9e00000|  0%| F|  |TAMS 0x00000000e9d00000, 0x00000000e9d00000| Untracked 
| 158|0x00000000e9e00000, 0x00000000e9f00000, 0x00000000e9f00000|100%| S|CS|TAMS 0x00000000e9e00000, 0x00000000e9e00000| Complete 
| 159|0x00000000e9f00000, 0x00000000e9f00000, 0x00000000ea000000|  0%| F|  |TAMS 0x00000000e9f00000, 0x00000000e9f00000| Untracked 
| 160|0x00000000ea000000, 0x00000000ea000000, 0x00000000ea100000|  0%| F|  |TAMS 0x00000000ea000000, 0x00000000ea000000| Untracked 
| 161|0x00000000ea100000, 0x00000000ea100000, 0x00000000ea200000|  0%| F|  |TAMS 0x00000000ea100000, 0x00000000ea100000| Untracked 
| 162|0x00000000ea200000, 0x00000000ea200000, 0x00000000ea300000|  0%| F|  |TAMS 0x00000000ea200000, 0x00000000ea200000| Untracked 
| 163|0x00000000ea300000, 0x00000000ea300000, 0x00000000ea400000|  0%| F|  |TAMS 0x00000000ea300000, 0x00000000ea300000| Untracked 
| 164|0x00000000ea400000, 0x00000000ea400000, 0x00000000ea500000|  0%| F|  |TAMS 0x00000000ea400000, 0x00000000ea400000| Untracked 
| 165|0x00000000ea500000, 0x00000000ea500000, 0x00000000ea600000|  0%| F|  |TAMS 0x00000000ea500000, 0x00000000ea500000| Untracked 
| 166|0x00000000ea600000, 0x00000000ea600000, 0x00000000ea700000|  0%| F|  |TAMS 0x00000000ea600000, 0x00000000ea600000| Untracked 
| 167|0x00000000ea700000, 0x00000000ea700000, 0x00000000ea800000|  0%| F|  |TAMS 0x00000000ea700000, 0x00000000ea700000| Untracked 
| 168|0x00000000ea800000, 0x00000000ea800000, 0x00000000ea900000|  0%| F|  |TAMS 0x00000000ea800000, 0x00000000ea800000| Untracked 
| 169|0x00000000ea900000, 0x00000000ea900000, 0x00000000eaa00000|  0%| F|  |TAMS 0x00000000ea900000, 0x00000000ea900000| Untracked 
| 170|0x00000000eaa00000, 0x00000000eaa00000, 0x00000000eab00000|  0%| F|  |TAMS 0x00000000eaa00000, 0x00000000eaa00000| Untracked 
| 171|0x00000000eab00000, 0x00000000eab00000, 0x00000000eac00000|  0%| F|  |TAMS 0x00000000eab00000, 0x00000000eab00000| Untracked 
| 172|0x00000000eac00000, 0x00000000eac00000, 0x00000000ead00000|  0%| F|  |TAMS 0x00000000eac00000, 0x00000000eac00000| Untracked 
| 173|0x00000000ead00000, 0x00000000ead00000, 0x00000000eae00000|  0%| F|  |TAMS 0x00000000ead00000, 0x00000000ead00000| Untracked 
| 174|0x00000000eae00000, 0x00000000eae00000, 0x00000000eaf00000|  0%| F|  |TAMS 0x00000000eae00000, 0x00000000eae00000| Untracked 
| 175|0x00000000eaf00000, 0x00000000eaf00000, 0x00000000eb000000|  0%| F|  |TAMS 0x00000000eaf00000, 0x00000000eaf00000| Untracked 
| 176|0x00000000eb000000, 0x00000000eb000000, 0x00000000eb100000|  0%| F|  |TAMS 0x00000000eb000000, 0x00000000eb000000| Untracked 
| 177|0x00000000eb100000, 0x00000000eb100000, 0x00000000eb200000|  0%| F|  |TAMS 0x00000000eb100000, 0x00000000eb100000| Untracked 
| 178|0x00000000eb200000, 0x00000000eb200000, 0x00000000eb300000|  0%| F|  |TAMS 0x00000000eb200000, 0x00000000eb200000| Untracked 
| 179|0x00000000eb300000, 0x00000000eb300000, 0x00000000eb400000|  0%| F|  |TAMS 0x00000000eb300000, 0x00000000eb300000| Untracked 
| 180|0x00000000eb400000, 0x00000000eb400000, 0x00000000eb500000|  0%| F|  |TAMS 0x00000000eb400000, 0x00000000eb400000| Untracked 
| 181|0x00000000eb500000, 0x00000000eb500000, 0x00000000eb600000|  0%| F|  |TAMS 0x00000000eb500000, 0x00000000eb500000| Untracked 
| 182|0x00000000eb600000, 0x00000000eb600000, 0x00000000eb700000|  0%| F|  |TAMS 0x00000000eb600000, 0x00000000eb600000| Untracked 
| 183|0x00000000eb700000, 0x00000000eb700000, 0x00000000eb800000|  0%| F|  |TAMS 0x00000000eb700000, 0x00000000eb700000| Untracked 
| 184|0x00000000eb800000, 0x00000000eb800000, 0x00000000eb900000|  0%| F|  |TAMS 0x00000000eb800000, 0x00000000eb800000| Untracked 
| 185|0x00000000eb900000, 0x00000000eb915d88, 0x00000000eba00000|  8%| E|  |TAMS 0x00000000eb900000, 0x00000000eb900000| Complete 
| 186|0x00000000eba00000, 0x00000000ebb00000, 0x00000000ebb00000|100%| E|CS|TAMS 0x00000000eba00000, 0x00000000eba00000| Complete 
| 187|0x00000000ebb00000, 0x00000000ebc00000, 0x00000000ebc00000|100%| E|CS|TAMS 0x00000000ebb00000, 0x00000000ebb00000| Complete 
| 188|0x00000000ebc00000, 0x00000000ebd00000, 0x00000000ebd00000|100%| E|CS|TAMS 0x00000000ebc00000, 0x00000000ebc00000| Complete 
| 189|0x00000000ebd00000, 0x00000000ebe00000, 0x00000000ebe00000|100%| E|CS|TAMS 0x00000000ebd00000, 0x00000000ebd00000| Complete 
| 190|0x00000000ebe00000, 0x00000000ebf00000, 0x00000000ebf00000|100%| E|CS|TAMS 0x00000000ebe00000, 0x00000000ebe00000| Complete 
| 191|0x00000000ebf00000, 0x00000000ec000000, 0x00000000ec000000|100%| E|CS|TAMS 0x00000000ebf00000, 0x00000000ebf00000| Complete 
| 192|0x00000000ec000000, 0x00000000ec100000, 0x00000000ec100000|100%| E|CS|TAMS 0x00000000ec000000, 0x00000000ec000000| Complete 
| 193|0x00000000ec100000, 0x00000000ec200000, 0x00000000ec200000|100%| E|CS|TAMS 0x00000000ec100000, 0x00000000ec100000| Complete 
| 194|0x00000000ec200000, 0x00000000ec300000, 0x00000000ec300000|100%| E|CS|TAMS 0x00000000ec200000, 0x00000000ec200000| Complete 
| 195|0x00000000ec300000, 0x00000000ec400000, 0x00000000ec400000|100%| E|CS|TAMS 0x00000000ec300000, 0x00000000ec300000| Complete 
| 196|0x00000000ec400000, 0x00000000ec500000, 0x00000000ec500000|100%| E|CS|TAMS 0x00000000ec400000, 0x00000000ec400000| Complete 
| 197|0x00000000ec500000, 0x00000000ec600000, 0x00000000ec600000|100%| E|CS|TAMS 0x00000000ec500000, 0x00000000ec500000| Complete 
| 198|0x00000000ec600000, 0x00000000ec700000, 0x00000000ec700000|100%| E|CS|TAMS 0x00000000ec600000, 0x00000000ec600000| Complete 
| 199|0x00000000ec700000, 0x00000000ec800000, 0x00000000ec800000|100%| E|CS|TAMS 0x00000000ec700000, 0x00000000ec700000| Complete 
| 200|0x00000000ec800000, 0x00000000ec900000, 0x00000000ec900000|100%| E|CS|TAMS 0x00000000ec800000, 0x00000000ec800000| Complete 
| 201|0x00000000ec900000, 0x00000000eca00000, 0x00000000eca00000|100%| E|CS|TAMS 0x00000000ec900000, 0x00000000ec900000| Complete 
| 202|0x00000000eca00000, 0x00000000ecb00000, 0x00000000ecb00000|100%| E|CS|TAMS 0x00000000eca00000, 0x00000000eca00000| Complete 
| 203|0x00000000ecb00000, 0x00000000ecc00000, 0x00000000ecc00000|100%| E|CS|TAMS 0x00000000ecb00000, 0x00000000ecb00000| Complete 
| 204|0x00000000ecc00000, 0x00000000ecd00000, 0x00000000ecd00000|100%| E|CS|TAMS 0x00000000ecc00000, 0x00000000ecc00000| Complete 
| 205|0x00000000ecd00000, 0x00000000ece00000, 0x00000000ece00000|100%| E|CS|TAMS 0x00000000ecd00000, 0x00000000ecd00000| Complete 
| 206|0x00000000ece00000, 0x00000000ecf00000, 0x00000000ecf00000|100%| E|CS|TAMS 0x00000000ece00000, 0x00000000ece00000| Complete 
| 207|0x00000000ecf00000, 0x00000000ed000000, 0x00000000ed000000|100%| E|CS|TAMS 0x00000000ecf00000, 0x00000000ecf00000| Complete 
| 208|0x00000000ed000000, 0x00000000ed100000, 0x00000000ed100000|100%| E|CS|TAMS 0x00000000ed000000, 0x00000000ed000000| Complete 
| 209|0x00000000ed100000, 0x00000000ed200000, 0x00000000ed200000|100%| E|CS|TAMS 0x00000000ed100000, 0x00000000ed100000| Complete 
| 210|0x00000000ed200000, 0x00000000ed300000, 0x00000000ed300000|100%| E|CS|TAMS 0x00000000ed200000, 0x00000000ed200000| Complete 
| 211|0x00000000ed300000, 0x00000000ed400000, 0x00000000ed400000|100%| E|CS|TAMS 0x00000000ed300000, 0x00000000ed300000| Complete 
| 212|0x00000000ed400000, 0x00000000ed500000, 0x00000000ed500000|100%| E|CS|TAMS 0x00000000ed400000, 0x00000000ed400000| Complete 
| 213|0x00000000ed500000, 0x00000000ed600000, 0x00000000ed600000|100%| E|CS|TAMS 0x00000000ed500000, 0x00000000ed500000| Complete 
| 214|0x00000000ed600000, 0x00000000ed700000, 0x00000000ed700000|100%| E|CS|TAMS 0x00000000ed600000, 0x00000000ed600000| Complete 
| 215|0x00000000ed700000, 0x00000000ed800000, 0x00000000ed800000|100%| E|CS|TAMS 0x00000000ed700000, 0x00000000ed700000| Complete 
| 216|0x00000000ed800000, 0x00000000ed900000, 0x00000000ed900000|100%| E|CS|TAMS 0x00000000ed800000, 0x00000000ed800000| Complete 
| 217|0x00000000ed900000, 0x00000000eda00000, 0x00000000eda00000|100%| E|CS|TAMS 0x00000000ed900000, 0x00000000ed900000| Complete 
| 218|0x00000000eda00000, 0x00000000edb00000, 0x00000000edb00000|100%| E|CS|TAMS 0x00000000eda00000, 0x00000000eda00000| Complete 
| 219|0x00000000edb00000, 0x00000000edc00000, 0x00000000edc00000|100%| E|CS|TAMS 0x00000000edb00000, 0x00000000edb00000| Complete 
| 220|0x00000000edc00000, 0x00000000edd00000, 0x00000000edd00000|100%| E|CS|TAMS 0x00000000edc00000, 0x00000000edc00000| Complete 
| 221|0x00000000edd00000, 0x00000000ede00000, 0x00000000ede00000|100%| E|CS|TAMS 0x00000000edd00000, 0x00000000edd00000| Complete 
| 222|0x00000000ede00000, 0x00000000edf00000, 0x00000000edf00000|100%| E|CS|TAMS 0x00000000ede00000, 0x00000000ede00000| Complete 
| 223|0x00000000edf00000, 0x00000000ee000000, 0x00000000ee000000|100%| E|CS|TAMS 0x00000000edf00000, 0x00000000edf00000| Complete 
| 224|0x00000000ee000000, 0x00000000ee100000, 0x00000000ee100000|100%| E|CS|TAMS 0x00000000ee000000, 0x00000000ee000000| Complete 
| 225|0x00000000ee100000, 0x00000000ee200000, 0x00000000ee200000|100%| E|CS|TAMS 0x00000000ee100000, 0x00000000ee100000| Complete 
| 226|0x00000000ee200000, 0x00000000ee300000, 0x00000000ee300000|100%| E|CS|TAMS 0x00000000ee200000, 0x00000000ee200000| Complete 
| 227|0x00000000ee300000, 0x00000000ee400000, 0x00000000ee400000|100%| E|CS|TAMS 0x00000000ee300000, 0x00000000ee300000| Complete 
| 228|0x00000000ee400000, 0x00000000ee500000, 0x00000000ee500000|100%| E|CS|TAMS 0x00000000ee400000, 0x00000000ee400000| Complete 
| 229|0x00000000ee500000, 0x00000000ee600000, 0x00000000ee600000|100%| E|CS|TAMS 0x00000000ee500000, 0x00000000ee500000| Complete 
| 230|0x00000000ee600000, 0x00000000ee700000, 0x00000000ee700000|100%| E|CS|TAMS 0x00000000ee600000, 0x00000000ee600000| Complete 
| 231|0x00000000ee700000, 0x00000000ee800000, 0x00000000ee800000|100%| E|CS|TAMS 0x00000000ee700000, 0x00000000ee700000| Complete 
| 232|0x00000000ee800000, 0x00000000ee900000, 0x00000000ee900000|100%| E|CS|TAMS 0x00000000ee800000, 0x00000000ee800000| Complete 
| 233|0x00000000ee900000, 0x00000000eea00000, 0x00000000eea00000|100%| E|CS|TAMS 0x00000000ee900000, 0x00000000ee900000| Complete 
| 234|0x00000000eea00000, 0x00000000eeb00000, 0x00000000eeb00000|100%| E|CS|TAMS 0x00000000eea00000, 0x00000000eea00000| Complete 
| 235|0x00000000eeb00000, 0x00000000eec00000, 0x00000000eec00000|100%| E|CS|TAMS 0x00000000eeb00000, 0x00000000eeb00000| Complete 
| 236|0x00000000eec00000, 0x00000000eed00000, 0x00000000eed00000|100%| E|CS|TAMS 0x00000000eec00000, 0x00000000eec00000| Complete 
| 237|0x00000000eed00000, 0x00000000eee00000, 0x00000000eee00000|100%| E|CS|TAMS 0x00000000eed00000, 0x00000000eed00000| Complete 
| 238|0x00000000eee00000, 0x00000000eef00000, 0x00000000eef00000|100%| E|CS|TAMS 0x00000000eee00000, 0x00000000eee00000| Complete 
| 239|0x00000000eef00000, 0x00000000ef000000, 0x00000000ef000000|100%| E|CS|TAMS 0x00000000eef00000, 0x00000000eef00000| Complete 
| 240|0x00000000ef000000, 0x00000000ef100000, 0x00000000ef100000|100%| E|CS|TAMS 0x00000000ef000000, 0x00000000ef000000| Complete 
| 241|0x00000000ef100000, 0x00000000ef200000, 0x00000000ef200000|100%| E|CS|TAMS 0x00000000ef100000, 0x00000000ef100000| Complete 
| 242|0x00000000ef200000, 0x00000000ef300000, 0x00000000ef300000|100%| E|CS|TAMS 0x00000000ef200000, 0x00000000ef200000| Complete 
| 243|0x00000000ef300000, 0x00000000ef400000, 0x00000000ef400000|100%| E|CS|TAMS 0x00000000ef300000, 0x00000000ef300000| Complete 
| 244|0x00000000ef400000, 0x00000000ef500000, 0x00000000ef500000|100%| E|CS|TAMS 0x00000000ef400000, 0x00000000ef400000| Complete 
| 245|0x00000000ef500000, 0x00000000ef600000, 0x00000000ef600000|100%| E|CS|TAMS 0x00000000ef500000, 0x00000000ef500000| Complete 
| 246|0x00000000ef600000, 0x00000000ef700000, 0x00000000ef700000|100%| E|CS|TAMS 0x00000000ef600000, 0x00000000ef600000| Complete 
| 247|0x00000000ef700000, 0x00000000ef800000, 0x00000000ef800000|100%| E|CS|TAMS 0x00000000ef700000, 0x00000000ef700000| Complete 
| 248|0x00000000ef800000, 0x00000000ef900000, 0x00000000ef900000|100%| E|CS|TAMS 0x00000000ef800000, 0x00000000ef800000| Complete 
| 249|0x00000000ef900000, 0x00000000efa00000, 0x00000000efa00000|100%| E|CS|TAMS 0x00000000ef900000, 0x00000000ef900000| Complete 
| 250|0x00000000efa00000, 0x00000000efb00000, 0x00000000efb00000|100%| E|CS|TAMS 0x00000000efa00000, 0x00000000efa00000| Complete 
| 251|0x00000000efb00000, 0x00000000efc00000, 0x00000000efc00000|100%| E|CS|TAMS 0x00000000efb00000, 0x00000000efb00000| Complete 
| 252|0x00000000efc00000, 0x00000000efd00000, 0x00000000efd00000|100%| E|CS|TAMS 0x00000000efc00000, 0x00000000efc00000| Complete 
| 253|0x00000000efd00000, 0x00000000efe00000, 0x00000000efe00000|100%| E|CS|TAMS 0x00000000efd00000, 0x00000000efd00000| Complete 
| 254|0x00000000efe00000, 0x00000000eff00000, 0x00000000eff00000|100%| E|CS|TAMS 0x00000000efe00000, 0x00000000efe00000| Complete 
| 255|0x00000000eff00000, 0x00000000f0000000, 0x00000000f0000000|100%| E|CS|TAMS 0x00000000eff00000, 0x00000000eff00000| Complete 

Card table byte_map: [0x000001f0b7a80000,0x000001f0b7b80000] _byte_map_base: 0x000001f0b7380000

Marking Bits (Prev, Next): (CMBitMap*) 0x000001f0a0f92200, (CMBitMap*) 0x000001f0a0f92240
 Prev Bits: [0x000001f0b7c80000, 0x000001f0b8480000)
 Next Bits: [0x000001f0b8480000, 0x000001f0b8c80000)

Polling page: 0x000001f0a0740000

Metaspace:

Usage:
  Non-class:     49.56 MB used.
      Class:      7.80 MB used.
       Both:     57.35 MB used.

Virtual space:
  Non-class space:       64.00 MB reserved,      49.88 MB ( 78%) committed,  1 nodes.
      Class space:      208.00 MB reserved,       8.13 MB (  4%) committed,  1 nodes.
             Both:      272.00 MB reserved,      58.00 MB ( 21%) committed. 

Chunk freelists:
   Non-Class:  13.75 MB
       Class:  7.86 MB
        Both:  21.61 MB

MaxMetaspaceSize: 256.00 MB
CompressedClassSpaceSize: 208.00 MB
Initial GC threshold: 21.00 MB
Current GC threshold: 58.69 MB
CDS: on
MetaspaceReclaimPolicy: balanced
 - commit_granule_bytes: 65536.
 - commit_granule_words: 8192.
 - virtual_space_node_default_size: 8388608.
 - enlarge_chunks_in_place: 1.
 - new_chunks_are_fully_committed: 0.
 - uncommit_free_chunks: 1.
 - use_allocation_guard: 0.
 - handle_deallocations: 1.


Internal statistics:

num_allocs_failed_limit: 6.
num_arena_births: 808.
num_arena_deaths: 0.
num_vsnodes_births: 2.
num_vsnodes_deaths: 0.
num_space_committed: 928.
num_space_uncommitted: 0.
num_chunks_returned_to_freelist: 6.
num_chunks_taken_from_freelist: 3332.
num_chunk_merges: 6.
num_chunk_splits: 2081.
num_chunks_enlarged: 1250.
num_inconsistent_stats: 0.

CodeHeap 'non-profiled nmethods': size=120000Kb used=4765Kb max_used=5240Kb free=115234Kb
 bounds [0x000001f0b0550000, 0x000001f0b0a70000, 0x000001f0b7a80000]
CodeHeap 'profiled nmethods': size=120000Kb used=16475Kb max_used=18847Kb free=103524Kb
 bounds [0x000001f0a8a80000, 0x000001f0a9cf0000, 0x000001f0affb0000]
CodeHeap 'non-nmethods': size=5760Kb used=2342Kb max_used=2417Kb free=3417Kb
 bounds [0x000001f0affb0000, 0x000001f0b0220000, 0x000001f0b0550000]
 total_blobs=9669 nmethods=8803 adapters=776
 compilation: enabled
              stopped_count=0, restarted_count=0
 full_count=0

Compilation events (20 events):
Event: 137.602 Thread 0x000001f0bb246b70 10316       3       groovyjarjarasm.asm.Frame::push (59 bytes)
Event: 137.603 Thread 0x000001f0bb246b70 nmethod 10316 0x000001f0a8cd2110 code [0x000001f0a8cd2340, 0x000001f0a8cd2af8]
Event: 137.603 Thread 0x000001f0bb246b70 10317       3       groovyjarjarasm.asm.Handler::getExceptionTableLength (21 bytes)
Event: 137.603 Thread 0x000001f0bb246b70 nmethod 10317 0x000001f0a8ccb810 code [0x000001f0a8ccb9a0, 0x000001f0a8ccbb38]
Event: 137.606 Thread 0x000001f0bb246b70 10318       3       groovyjarjarasm.asm.MethodWriter::endCurrentBasicBlockWithNoSuccessor (94 bytes)
Event: 137.606 Thread 0x000001f0bb246b70 nmethod 10318 0x000001f0a8ce4990 code [0x000001f0a8ce4b80, 0x000001f0a8ce5208]
Event: 137.606 Thread 0x000001f0bb246b70 10319       3       groovyjarjarasm.asm.Type::<init> (26 bytes)
Event: 137.606 Thread 0x000001f0bb246b70 nmethod 10319 0x000001f0a8cd0990 code [0x000001f0a8cd0b20, 0x000001f0a8cd0cf8]
Event: 137.611 Thread 0x000001f0bb246b70 10320       3       org.codehaus.groovy.reflection.stdclasses.StringCachedClass::coerceArgument (16 bytes)
Event: 137.612 Thread 0x000001f0bb246b70 nmethod 10320 0x000001f0a8aab890 code [0x000001f0a8aaba40, 0x000001f0a8aabd88]
Event: 137.612 Thread 0x000001f0bb246b70 10321   !   3       jdk.internal.reflect.GeneratedMethodAccessor8::invoke (68 bytes)
Event: 137.613 Thread 0x000001f0bb246b70 nmethod 10321 0x000001f0a90ba990 code [0x000001f0a90babe0, 0x000001f0a90bb5f8]
Event: 137.613 Thread 0x000001f0bb246b70 10322       3       jdk.internal.reflect.AccessorGenerator::isPrimitive (20 bytes)
Event: 137.613 Thread 0x000001f0bb246b70 nmethod 10322 0x000001f0a8d46490 code [0x000001f0a8d46620, 0x000001f0a8d467d8]
Event: 137.615 Thread 0x000001f0bb246b70 10323   !   3       org.gradle.internal.work.DefaultSynchronizer::takeOwnership (88 bytes)
Event: 137.615 Thread 0x000001f0bb246b70 nmethod 10323 0x000001f0a8c3e490 code [0x000001f0a8c3e6e0, 0x000001f0a8c3efe8]
Event: 137.623 Thread 0x000001f0bb246b70 10324   !   3       org.gradle.internal.resources.AbstractTrackedResourceLock::tryLock (75 bytes)
Event: 137.626 Thread 0x000001f0bb246b70 nmethod 10324 0x000001f0a93bd790 code [0x000001f0a93bda20, 0x000001f0a93be638]
Event: 137.641 Thread 0x000001f0bb246b70 10325       1       com.amazon.ion.impl.bin.PooledBlockAllocatorProvider$PooledBlockAllocator::access$000 (5 bytes)
Event: 137.641 Thread 0x000001f0bb246b70 nmethod 10325 0x000001f0b0878f90 code [0x000001f0b0879120, 0x000001f0b08791d8]

GC Heap History (20 events):
Event: 6.480 GC heap before
{Heap before GC invocations=2 (full 0):
 garbage-first heap   total 262144K, used 31988K [0x00000000e0000000, 0x0000000100000000)
  region size 1024K, 25 young (25600K), 3 survivors (3072K)
 Metaspace       used 3944K, committed 4096K, reserved 278528K
  class space    used 476K, committed 576K, reserved 212992K
}
Event: 6.485 GC heap after
{Heap after GC invocations=3 (full 0):
 garbage-first heap   total 262144K, used 12819K [0x00000000e0000000, 0x0000000100000000)
  region size 1024K, 4 young (4096K), 4 survivors (4096K)
 Metaspace       used 3944K, committed 4096K, reserved 278528K
  class space    used 476K, committed 576K, reserved 212992K
}
Event: 31.390 GC heap before
{Heap before GC invocations=3 (full 0):
 garbage-first heap   total 262144K, used 124435K [0x00000000e0000000, 0x0000000100000000)
  region size 1024K, 103 young (105472K), 4 survivors (4096K)
 Metaspace       used 21121K, committed 21504K, reserved 278528K
  class space    used 3137K, committed 3328K, reserved 212992K
}
Event: 31.402 GC heap after
{Heap after GC invocations=4 (full 0):
 garbage-first heap   total 262144K, used 34233K [0x00000000e0000000, 0x0000000100000000)
  region size 1024K, 14 young (14336K), 14 survivors (14336K)
 Metaspace       used 21121K, committed 21504K, reserved 278528K
  class space    used 3137K, committed 3328K, reserved 212992K
}
Event: 69.758 GC heap before
{Heap before GC invocations=5 (full 0):
 garbage-first heap   total 262144K, used 139705K [0x00000000e0000000, 0x0000000100000000)
  region size 1024K, 115 young (117760K), 14 survivors (14336K)
 Metaspace       used 35313K, committed 35776K, reserved 278528K
  class space    used 4899K, committed 5120K, reserved 212992K
}
Event: 69.780 GC heap after
{Heap after GC invocations=6 (full 0):
 garbage-first heap   total 262144K, used 42426K [0x00000000e0000000, 0x0000000100000000)
  region size 1024K, 9 young (9216K), 9 survivors (9216K)
 Metaspace       used 35313K, committed 35776K, reserved 278528K
  class space    used 4899K, committed 5120K, reserved 212992K
}
Event: 69.932 GC heap before
{Heap before GC invocations=6 (full 0):
 garbage-first heap   total 262144K, used 44474K [0x00000000e0000000, 0x0000000100000000)
  region size 1024K, 12 young (12288K), 9 survivors (9216K)
 Metaspace       used 35583K, committed 35968K, reserved 278528K
  class space    used 4944K, committed 5120K, reserved 212992K
}
Event: 69.940 GC heap after
{Heap after GC invocations=7 (full 0):
 garbage-first heap   total 262144K, used 41954K [0x00000000e0000000, 0x0000000100000000)
  region size 1024K, 8 young (8192K), 8 survivors (8192K)
 Metaspace       used 35583K, committed 35968K, reserved 278528K
  class space    used 4944K, committed 5120K, reserved 212992K
}
Event: 113.025 GC heap before
{Heap before GC invocations=8 (full 0):
 garbage-first heap   total 262144K, used 197602K [0x00000000e0000000, 0x0000000100000000)
  region size 1024K, 153 young (156672K), 8 survivors (8192K)
 Metaspace       used 47518K, committed 48192K, reserved 278528K
  class space    used 6646K, committed 6976K, reserved 212992K
}
Event: 113.049 GC heap after
{Heap after GC invocations=9 (full 0):
 garbage-first heap   total 262144K, used 61410K [0x00000000e0000000, 0x0000000100000000)
  region size 1024K, 20 young (20480K), 20 survivors (20480K)
 Metaspace       used 47518K, committed 48192K, reserved 278528K
  class space    used 6646K, committed 6976K, reserved 212992K
}
Event: 113.108 GC heap before
{Heap before GC invocations=9 (full 0):
 garbage-first heap   total 262144K, used 62434K [0x00000000e0000000, 0x0000000100000000)
  region size 1024K, 21 young (21504K), 20 survivors (20480K)
 Metaspace       used 47727K, committed 48320K, reserved 278528K
  class space    used 6669K, committed 6976K, reserved 212992K
}
Event: 113.126 GC heap after
{Heap after GC invocations=10 (full 0):
 garbage-first heap   total 262144K, used 62889K [0x00000000e0000000, 0x0000000100000000)
  region size 1024K, 2 young (2048K), 2 survivors (2048K)
 Metaspace       used 47727K, committed 48320K, reserved 278528K
  class space    used 6669K, committed 6976K, reserved 212992K
}
Event: 126.513 GC heap before
{Heap before GC invocations=10 (full 0):
 garbage-first heap   total 262144K, used 222633K [0x00000000e0000000, 0x0000000100000000)
  region size 1024K, 130 young (133120K), 2 survivors (2048K)
 Metaspace       used 54549K, committed 55168K, reserved 278528K
  class space    used 7520K, committed 7808K, reserved 212992K
}
Event: 126.525 GC heap after
{Heap after GC invocations=11 (full 0):
 garbage-first heap   total 262144K, used 104052K [0x00000000e0000000, 0x0000000100000000)
  region size 1024K, 14 young (14336K), 14 survivors (14336K)
 Metaspace       used 54549K, committed 55168K, reserved 278528K
  class space    used 7520K, committed 7808K, reserved 212992K
}
Event: 134.697 GC heap before
{Heap before GC invocations=11 (full 0):
 garbage-first heap   total 262144K, used 205428K [0x00000000e0000000, 0x0000000100000000)
  region size 1024K, 114 young (116736K), 14 survivors (14336K)
 Metaspace       used 54949K, committed 55616K, reserved 278528K
  class space    used 7527K, committed 7808K, reserved 212992K
}
Event: 134.714 GC heap after
{Heap after GC invocations=12 (full 0):
 garbage-first heap   total 262144K, used 110339K [0x00000000e0000000, 0x0000000100000000)
  region size 1024K, 7 young (7168K), 7 survivors (7168K)
 Metaspace       used 54949K, committed 55616K, reserved 278528K
  class space    used 7527K, committed 7808K, reserved 212992K
}
Event: 135.114 GC heap before
{Heap before GC invocations=12 (full 0):
 garbage-first heap   total 262144K, used 210691K [0x00000000e0000000, 0x0000000100000000)
  region size 1024K, 105 young (107520K), 7 survivors (7168K)
 Metaspace       used 55228K, committed 55872K, reserved 278528K
  class space    used 7528K, committed 7808K, reserved 212992K
}
Event: 135.122 GC heap after
{Heap after GC invocations=13 (full 0):
 garbage-first heap   total 262144K, used 114312K [0x00000000e0000000, 0x0000000100000000)
  region size 1024K, 11 young (11264K), 11 survivors (11264K)
 Metaspace       used 55228K, committed 55872K, reserved 278528K
  class space    used 7528K, committed 7808K, reserved 212992K
}
Event: 135.709 GC heap before
{Heap before GC invocations=13 (full 0):
 garbage-first heap   total 262144K, used 212616K [0x00000000e0000000, 0x0000000100000000)
  region size 1024K, 108 young (110592K), 11 survivors (11264K)
 Metaspace       used 55671K, committed 56320K, reserved 278528K
  class space    used 7537K, committed 7808K, reserved 212992K
}
Event: 135.722 GC heap after
{Heap after GC invocations=14 (full 0):
 garbage-first heap   total 262144K, used 122810K [0x00000000e0000000, 0x0000000100000000)
  region size 1024K, 13 young (13312K), 13 survivors (13312K)
 Metaspace       used 55671K, committed 56320K, reserved 278528K
  class space    used 7537K, committed 7808K, reserved 212992K
}

Dll operation events (12 events):
Event: 0.021 Loaded shared library C:\Users\rojas\.jdks\corretto-17.0.7\bin\java.dll
Event: 0.043 Loaded shared library C:\Users\rojas\.jdks\corretto-17.0.7\bin\jsvml.dll
Event: 0.189 Loaded shared library C:\Users\rojas\.jdks\corretto-17.0.7\bin\net.dll
Event: 0.191 Loaded shared library C:\Users\rojas\.jdks\corretto-17.0.7\bin\nio.dll
Event: 0.195 Loaded shared library C:\Users\rojas\.jdks\corretto-17.0.7\bin\zip.dll
Event: 1.250 Loaded shared library C:\Users\rojas\.jdks\corretto-17.0.7\bin\jimage.dll
Event: 2.065 Loaded shared library C:\Users\rojas\.jdks\corretto-17.0.7\bin\verify.dll
Event: 3.118 Loaded shared library C:\Users\rojas\.gradle\native\68d5fa5c4cc2d200863cafc0d521ce42e7d3e7ee720ec0a83991735586a16f82\windows-amd64\native-platform.dll
Event: 3.125 Loaded shared library C:\Users\rojas\.gradle\native\e376f236ea51e6404a007f0833ffe2c6e607c4080706a723a18a27aeea778392\windows-amd64\native-platform-file-events.dll
Event: 8.132 Loaded shared library C:\Users\rojas\.jdks\corretto-17.0.7\bin\management.dll
Event: 8.136 Loaded shared library C:\Users\rojas\.jdks\corretto-17.0.7\bin\management_ext.dll
Event: 10.506 Loaded shared library C:\Users\rojas\.jdks\corretto-17.0.7\bin\sunmscapi.dll

Deoptimization events (20 events):
Event: 137.503 Thread 0x000001f0c0a8f260 Uncommon trap: trap_request=0xffffffde fr.pc=0x000001f0b0925d5c relative=0x000000000000005c
Event: 137.503 Thread 0x000001f0c0a8f260 Uncommon trap: reason=class_check action=maybe_recompile pc=0x000001f0b0925d5c method=groovy.lang.MetaMethod.isStatic()Z @ 1 c2
Event: 137.503 Thread 0x000001f0c0a8f260 DEOPT PACKING pc=0x000001f0b0925d5c sp=0x000000c01f7f9cd0
Event: 137.503 Thread 0x000001f0c0a8f260 DEOPT UNPACKING pc=0x000001f0b00069a3 sp=0x000000c01f7f9c58 mode 2
Event: 137.504 Thread 0x000001f0c0a8f260 Uncommon trap: trap_request=0xffffffde fr.pc=0x000001f0b0925d5c relative=0x000000000000005c
Event: 137.504 Thread 0x000001f0c0a8f260 Uncommon trap: reason=class_check action=maybe_recompile pc=0x000001f0b0925d5c method=groovy.lang.MetaMethod.isStatic()Z @ 1 c2
Event: 137.504 Thread 0x000001f0c0a8f260 DEOPT PACKING pc=0x000001f0b0925d5c sp=0x000000c01f7f9cd0
Event: 137.504 Thread 0x000001f0c0a8f260 DEOPT UNPACKING pc=0x000001f0b00069a3 sp=0x000000c01f7f9c58 mode 2
Event: 137.505 Thread 0x000001f0c0a8f260 Uncommon trap: trap_request=0xffffffde fr.pc=0x000001f0b0925d5c relative=0x000000000000005c
Event: 137.505 Thread 0x000001f0c0a8f260 Uncommon trap: reason=class_check action=maybe_recompile pc=0x000001f0b0925d5c method=groovy.lang.MetaMethod.isStatic()Z @ 1 c2
Event: 137.505 Thread 0x000001f0c0a8f260 DEOPT PACKING pc=0x000001f0b0925d5c sp=0x000000c01f7f9cd0
Event: 137.505 Thread 0x000001f0c0a8f260 DEOPT UNPACKING pc=0x000001f0b00069a3 sp=0x000000c01f7f9c58 mode 2
Event: 137.506 Thread 0x000001f0c0a8f260 Uncommon trap: trap_request=0xffffffde fr.pc=0x000001f0b0925d5c relative=0x000000000000005c
Event: 137.507 Thread 0x000001f0c0a8f260 Uncommon trap: reason=class_check action=maybe_recompile pc=0x000001f0b0925d5c method=groovy.lang.MetaMethod.isStatic()Z @ 1 c2
Event: 137.507 Thread 0x000001f0c0a8f260 DEOPT PACKING pc=0x000001f0b0925d5c sp=0x000000c01f7f9cd0
Event: 137.507 Thread 0x000001f0c0a8f260 DEOPT UNPACKING pc=0x000001f0b00069a3 sp=0x000000c01f7f9c58 mode 2
Event: 137.602 Thread 0x000001f0c0a8f260 Uncommon trap: trap_request=0xffffffde fr.pc=0x000001f0b0882860 relative=0x0000000000003460
Event: 137.602 Thread 0x000001f0c0a8f260 Uncommon trap: reason=class_check action=maybe_recompile pc=0x000001f0b0882860 method=java.lang.reflect.AccessibleObject.checkCanSetAccessible(Ljava/lang/Class;Ljava/lang/Class;Z)Z @ 71 c2
Event: 137.602 Thread 0x000001f0c0a8f260 DEOPT PACKING pc=0x000001f0b0882860 sp=0x000000c01f7f8e60
Event: 137.602 Thread 0x000001f0c0a8f260 DEOPT UNPACKING pc=0x000001f0b00069a3 sp=0x000000c01f7f8e78 mode 2

Classes unloaded (0 events):
No events

Classes redefined (0 events):
No events

Internal exceptions (20 events):
Event: 137.511 Thread 0x000001f0c0a8f260 Exception <a 'java/lang/ClassNotFoundException'{0x00000000ebf39678}: java/lang/NumberCustomizer> (0x00000000ebf39678) 
thrown [s\src\hotspot\share\classfile\systemDictionary.cpp, line 256]
Event: 137.512 Thread 0x000001f0c0a8f260 Exception <a 'java/lang/ClassNotFoundException'{0x00000000ebf41150}: java/lang/IntegerCustomizer> (0x00000000ebf41150) 
thrown [s\src\hotspot\share\classfile\systemDictionary.cpp, line 256]
Event: 137.536 Thread 0x000001f0c0a8f260 Exception <a 'java/lang/ClassNotFoundException'{0x00000000ebfba6c8}: org/gradle/internal/extensibility/DefaultExtensionsSchemaBeanInfo> (0x00000000ebfba6c8) 
thrown [s\src\hotspot\share\classfile\systemDictionary.cpp, line 256]
Event: 137.537 Thread 0x000001f0c0a8f260 Exception <a 'java/lang/ClassNotFoundException'{0x00000000ebfc2a00}: org/gradle/internal/extensibility/DefaultExtensionsSchemaCustomizer> (0x00000000ebfc2a00) 
thrown [s\src\hotspot\share\classfile\systemDictionary.cpp, line 256]
Event: 137.595 Thread 0x000001f0c0a8f260 Exception <a 'java/lang/ClassNotFoundException'{0x00000000ebed5030}: java/util/LinkedHashSetBeanInfo> (0x00000000ebed5030) 
thrown [s\src\hotspot\share\classfile\systemDictionary.cpp, line 256]
Event: 137.597 Thread 0x000001f0c0a8f260 Exception <a 'java/lang/ClassNotFoundException'{0x00000000ebeda810}: java/util/HashSetBeanInfo> (0x00000000ebeda810) 
thrown [s\src\hotspot\share\classfile\systemDictionary.cpp, line 256]
Event: 137.598 Thread 0x000001f0c0a8f260 Exception <a 'java/lang/ClassNotFoundException'{0x00000000ebee02a0}: java/util/AbstractSetBeanInfo> (0x00000000ebee02a0) 
thrown [s\src\hotspot\share\classfile\systemDictionary.cpp, line 256]
Event: 137.599 Thread 0x000001f0c0a8f260 Exception <a 'java/lang/ClassNotFoundException'{0x00000000ebee5d28}: java/util/AbstractSetCustomizer> (0x00000000ebee5d28) 
thrown [s\src\hotspot\share\classfile\systemDictionary.cpp, line 256]
Event: 137.599 Thread 0x000001f0c0a8f260 Exception <a 'java/lang/ClassNotFoundException'{0x00000000ebeefb20}: java/util/HashSetCustomizer> (0x00000000ebeefb20) 
thrown [s\src\hotspot\share\classfile\systemDictionary.cpp, line 256]
Event: 137.600 Thread 0x000001f0c0a8f260 Exception <a 'java/lang/ClassNotFoundException'{0x00000000ebeff2a0}: java/util/LinkedHashSetCustomizer> (0x00000000ebeff2a0) 
thrown [s\src\hotspot\share\classfile\systemDictionary.cpp, line 256]
Event: 137.617 Thread 0x000001f0c0a8f260 Exception <a 'java/lang/ClassNotFoundException'{0x00000000ebd6a638}: org/gradle/internal/service/scopes/ProjectScopeServicesBeanInfo> (0x00000000ebd6a638) 
thrown [s\src\hotspot\share\classfile\systemDictionary.cpp, line 256]
Event: 137.619 Thread 0x000001f0c0a8f260 Exception <a 'java/lang/ClassNotFoundException'{0x00000000ebd72950}: org/gradle/internal/service/scopes/ProjectScopeServicesCustomizer> (0x00000000ebd72950) 
thrown [s\src\hotspot\share\classfile\systemDictionary.cpp, line 256]
Event: 137.629 Thread 0x000001f0c0a8f260 Exception <a 'java/lang/ClassNotFoundException'{0x00000000ebdc5a18}: org/gradle/api/internal/catalog/DefaultDependenciesAccessorsBeanInfo> (0x00000000ebdc5a18) 
thrown [s\src\hotspot\share\classfile\systemDictionary.cpp, line 256]
Event: 137.629 Thread 0x000001f0c0a8f260 Exception <a 'java/lang/ClassNotFoundException'{0x00000000ebdcf960}: org/gradle/api/internal/catalog/DefaultDependenciesAccessorsCustomizer> (0x00000000ebdcf960) 
thrown [s\src\hotspot\share\classfile\systemDictionary.cpp, line 256]
Event: 137.633 Thread 0x000001f0c0a8f260 Exception <a 'java/lang/ClassNotFoundException'{0x00000000ebdf11e8}: org/gradle/internal/classpath/DefaultClassPathBeanInfo> (0x00000000ebdf11e8) 
thrown [s\src\hotspot\share\classfile\systemDictionary.cpp, line 256]
Event: 137.634 Thread 0x000001f0c0a8f260 Exception <a 'java/lang/ClassNotFoundException'{0x00000000ebdf9288}: org/gradle/internal/classpath/DefaultClassPathCustomizer> (0x00000000ebdf9288) 
thrown [s\src\hotspot\share\classfile\systemDictionary.cpp, line 256]
Event: 137.639 Thread 0x000001f0c0a8f260 Exception <a 'java/lang/ClassNotFoundException'{0x00000000ebb0f728}: org/gradle/internal/classpath/DefaultClassPath$ImmutableUniqueListBeanInfo> (0x00000000ebb0f728) 
thrown [s\src\hotspot\share\classfile\systemDictionary.cpp, line 256]
Event: 137.639 Thread 0x000001f0c0a8f260 Exception <a 'java/lang/ClassNotFoundException'{0x00000000ebb13c98}: java/util/AbstractListBeanInfo> (0x00000000ebb13c98) 
thrown [s\src\hotspot\share\classfile\systemDictionary.cpp, line 256]
Event: 137.640 Thread 0x000001f0c0a8f260 Exception <a 'java/lang/ClassNotFoundException'{0x00000000ebb181e0}: java/util/AbstractListCustomizer> (0x00000000ebb181e0) 
thrown [s\src\hotspot\share\classfile\systemDictionary.cpp, line 256]
Event: 137.641 Thread 0x000001f0c0a8f260 Exception <a 'java/lang/ClassNotFoundException'{0x00000000ebb2b3f8}: org/gradle/internal/classpath/DefaultClassPath$ImmutableUniqueListCustomizer> (0x00000000ebb2b3f8) 
thrown [s\src\hotspot\share\classfile\systemDictionary.cpp, line 256]

VM Operations (20 events):
Event: 135.940 Executing VM operation: ICBufferFull
Event: 135.940 Executing VM operation: ICBufferFull done
Event: 136.480 Executing VM operation: HandshakeAllThreads
Event: 136.480 Executing VM operation: HandshakeAllThreads done
Event: 136.483 Executing VM operation: HandshakeAllThreads
Event: 136.483 Executing VM operation: HandshakeAllThreads done
Event: 136.498 Executing VM operation: HandshakeAllThreads
Event: 136.498 Executing VM operation: HandshakeAllThreads done
Event: 136.514 Executing VM operation: HandshakeAllThreads
Event: 136.514 Executing VM operation: HandshakeAllThreads done
Event: 136.526 Executing VM operation: ICBufferFull
Event: 136.527 Executing VM operation: ICBufferFull done
Event: 137.423 Executing VM operation: HandshakeAllThreads
Event: 137.475 Executing VM operation: HandshakeAllThreads done
Event: 137.507 Executing VM operation: HandshakeAllThreads
Event: 137.507 Executing VM operation: HandshakeAllThreads done
Event: 137.549 Executing VM operation: HandshakeAllThreads
Event: 137.549 Executing VM operation: HandshakeAllThreads done
Event: 137.549 Executing VM operation: Cleanup
Event: 137.550 Executing VM operation: Cleanup done

Events (20 events):
Event: 137.598 loading class java/util/AbstractSetCustomizer
Event: 137.598 loading class java/util/AbstractSetCustomizer done
Event: 137.599 loading class java/util/AbstractSetCustomizer
Event: 137.599 loading class java/util/AbstractSetCustomizer done
Event: 137.599 loading class java/util/HashSetCustomizer
Event: 137.599 loading class java/util/HashSetCustomizer done
Event: 137.599 loading class java/util/HashSetCustomizer
Event: 137.599 loading class java/util/HashSetCustomizer done
Event: 137.600 loading class java/util/LinkedHashSetCustomizer
Event: 137.600 loading class java/util/LinkedHashSetCustomizer done
Event: 137.600 loading class java/util/LinkedHashSetCustomizer
Event: 137.600 loading class java/util/LinkedHashSetCustomizer done
Event: 137.639 loading class java/util/AbstractListBeanInfo
Event: 137.639 loading class java/util/AbstractListBeanInfo done
Event: 137.639 loading class java/util/AbstractListBeanInfo
Event: 137.639 loading class java/util/AbstractListBeanInfo done
Event: 137.639 loading class java/util/AbstractListCustomizer
Event: 137.639 loading class java/util/AbstractListCustomizer done
Event: 137.640 loading class java/util/AbstractListCustomizer
Event: 137.640 loading class java/util/AbstractListCustomizer done


Dynamic libraries:
0x00007ff659b30000 - 0x00007ff659b3d000 	C:\Users\rojas\.jdks\corretto-17.0.7\bin\java.exe
0x00007ffb179f0000 - 0x00007ffb17be8000 	C:\Windows\SYSTEM32\ntdll.dll
0x00007ffb17610000 - 0x00007ffb176cd000 	C:\Windows\System32\KERNEL32.DLL
0x00007ffb153e0000 - 0x00007ffb156d6000 	C:\Windows\System32\KERNELBASE.dll
0x00007ffb15950000 - 0x00007ffb15a50000 	C:\Windows\System32\ucrtbase.dll
0x00007ffb015b0000 - 0x00007ffb015c7000 	C:\Users\rojas\.jdks\corretto-17.0.7\bin\jli.dll
0x00007ffb16480000 - 0x00007ffb1661e000 	C:\Windows\System32\USER32.dll
0x00007ffb15170000 - 0x00007ffb15192000 	C:\Windows\System32\win32u.dll
0x00007ffb16620000 - 0x00007ffb1664c000 	C:\Windows\System32\GDI32.dll
0x00007ffb156e0000 - 0x00007ffb157fa000 	C:\Windows\System32\gdi32full.dll
0x00007ffb150d0000 - 0x00007ffb1516d000 	C:\Windows\System32\msvcp_win.dll
0x00007ffaf4890000 - 0x00007ffaf48a5000 	C:\Users\rojas\.jdks\corretto-17.0.7\bin\VCRUNTIME140.dll
0x00007ffb026f0000 - 0x00007ffb0298a000 	C:\Windows\WinSxS\amd64_microsoft.windows.common-controls_6595b64144ccf1df_6.0.19041.3636_none_60b6a03d71f818d5\COMCTL32.dll
0x00007ffb17570000 - 0x00007ffb1760e000 	C:\Windows\System32\msvcrt.dll
0x00007ffb16980000 - 0x00007ffb169b0000 	C:\Windows\System32\IMM32.DLL
0x00007ffabdc50000 - 0x00007ffabdceb000 	C:\Users\rojas\.jdks\corretto-17.0.7\bin\msvcp140.dll
0x00007ffa90c30000 - 0x00007ffa9184a000 	C:\Users\rojas\.jdks\corretto-17.0.7\bin\server\jvm.dll
0x00007ffb173e0000 - 0x00007ffb1748e000 	C:\Windows\System32\ADVAPI32.dll
0x00007ffb163e0000 - 0x00007ffb1647c000 	C:\Windows\System32\sechost.dll
0x00007ffb17880000 - 0x00007ffb179a6000 	C:\Windows\System32\RPCRT4.dll
0x00007ffb10720000 - 0x00007ffb10729000 	C:\Windows\SYSTEM32\WSOCK32.dll
0x00007ffb16af0000 - 0x00007ffb16b5b000 	C:\Windows\System32\WS2_32.dll
0x00007ffb0dbc0000 - 0x00007ffb0dbe7000 	C:\Windows\SYSTEM32\WINMM.dll
0x00007ffb0f2e0000 - 0x00007ffb0f2ea000 	C:\Windows\SYSTEM32\VERSION.dll
0x00007ffb12fb0000 - 0x00007ffb12fc2000 	C:\Windows\SYSTEM32\kernel.appcore.dll
0x00007ffb016c0000 - 0x00007ffb016ca000 	C:\Users\rojas\.jdks\corretto-17.0.7\bin\jimage.dll
0x00007ffb0d240000 - 0x00007ffb0d424000 	C:\Windows\SYSTEM32\DBGHELP.DLL
0x00007ffb0c6b0000 - 0x00007ffb0c6e4000 	C:\Windows\SYSTEM32\dbgcore.DLL
0x00007ffb15350000 - 0x00007ffb153d2000 	C:\Windows\System32\bcryptPrimitives.dll
0x00007ffaf2bc0000 - 0x00007ffaf2be5000 	C:\Users\rojas\.jdks\corretto-17.0.7\bin\java.dll
0x00007ffab7cd0000 - 0x00007ffab7da6000 	C:\Users\rojas\.jdks\corretto-17.0.7\bin\jsvml.dll
0x00007ffb16c90000 - 0x00007ffb173d4000 	C:\Windows\System32\SHELL32.dll
0x00007ffb131b0000 - 0x00007ffb1394b000 	C:\Windows\SYSTEM32\windows.storage.dll
0x00007ffb15a60000 - 0x00007ffb15db4000 	C:\Windows\System32\combase.dll
0x00007ffb14aa0000 - 0x00007ffb14acd000 	C:\Windows\SYSTEM32\Wldp.dll
0x00007ffb168d0000 - 0x00007ffb1697d000 	C:\Windows\System32\SHCORE.dll
0x00007ffb16b60000 - 0x00007ffb16bb5000 	C:\Windows\System32\shlwapi.dll
0x00007ffb15000000 - 0x00007ffb15025000 	C:\Windows\SYSTEM32\profapi.dll
0x00007ffaf1950000 - 0x00007ffaf1969000 	C:\Users\rojas\.jdks\corretto-17.0.7\bin\net.dll
0x00007ffb0f960000 - 0x00007ffb0fa6a000 	C:\Windows\SYSTEM32\WINHTTP.dll
0x00007ffb147a0000 - 0x00007ffb1480a000 	C:\Windows\system32\mswsock.dll
0x00007ffaf1930000 - 0x00007ffaf1945000 	C:\Users\rojas\.jdks\corretto-17.0.7\bin\nio.dll
0x00007ffaf1910000 - 0x00007ffaf1928000 	C:\Users\rojas\.jdks\corretto-17.0.7\bin\zip.dll
0x00007ffb015a0000 - 0x00007ffb015b0000 	C:\Users\rojas\.jdks\corretto-17.0.7\bin\verify.dll
0x00007ffb016e0000 - 0x00007ffb01707000 	C:\Users\rojas\.gradle\native\68d5fa5c4cc2d200863cafc0d521ce42e7d3e7ee720ec0a83991735586a16f82\windows-amd64\native-platform.dll
0x00007ffaa6b60000 - 0x00007ffaa6ca4000 	C:\Users\rojas\.gradle\native\e376f236ea51e6404a007f0833ffe2c6e607c4080706a723a18a27aeea778392\windows-amd64\native-platform-file-events.dll
0x00007ffafeb20000 - 0x00007ffafeb29000 	C:\Users\rojas\.jdks\corretto-17.0.7\bin\management.dll
0x00007ffafe5f0000 - 0x00007ffafe5fb000 	C:\Users\rojas\.jdks\corretto-17.0.7\bin\management_ext.dll
0x00007ffb15a50000 - 0x00007ffb15a58000 	C:\Windows\System32\PSAPI.DLL
0x00007ffb14990000 - 0x00007ffb149a8000 	C:\Windows\SYSTEM32\CRYPTSP.dll
0x00007ffb140d0000 - 0x00007ffb14104000 	C:\Windows\system32\rsaenh.dll
0x00007ffb15920000 - 0x00007ffb15947000 	C:\Windows\System32\bcrypt.dll
0x00007ffb14f80000 - 0x00007ffb14fae000 	C:\Windows\SYSTEM32\USERENV.dll
0x00007ffb149b0000 - 0x00007ffb149bc000 	C:\Windows\SYSTEM32\CRYPTBASE.dll
0x00007ffb14490000 - 0x00007ffb144cb000 	C:\Windows\SYSTEM32\IPHLPAPI.DLL
0x00007ffb16c70000 - 0x00007ffb16c78000 	C:\Windows\System32\NSI.dll
0x00007ffb100e0000 - 0x00007ffb100f7000 	C:\Windows\SYSTEM32\dhcpcsvc6.DLL
0x00007ffb100c0000 - 0x00007ffb100dd000 	C:\Windows\SYSTEM32\dhcpcsvc.DLL
0x00007ffb144d0000 - 0x00007ffb1459a000 	C:\Windows\SYSTEM32\DNSAPI.dll
0x00007ffaf5900000 - 0x00007ffaf590e000 	C:\Users\rojas\.jdks\corretto-17.0.7\bin\sunmscapi.dll
0x00007ffb151a0000 - 0x00007ffb152fd000 	C:\Windows\System32\CRYPT32.dll
0x00007ffb14b10000 - 0x00007ffb14b37000 	C:\Windows\SYSTEM32\ncrypt.dll
0x00007ffb14ad0000 - 0x00007ffb14b0b000 	C:\Windows\SYSTEM32\NTASN1.dll
0x00007ffb0a860000 - 0x00007ffb0a867000 	C:\Windows\system32\wshunix.dll

dbghelp: loaded successfully - version: 4.0.5 - missing functions: none
symbol engine: initialized successfully - sym options: 0x614 - pdb path: .;C:\Users\rojas\.jdks\corretto-17.0.7\bin;C:\Windows\SYSTEM32;C:\Windows\WinSxS\amd64_microsoft.windows.common-controls_6595b64144ccf1df_6.0.19041.3636_none_60b6a03d71f818d5;C:\Users\rojas\.jdks\corretto-17.0.7\bin\server;C:\Users\rojas\.gradle\native\68d5fa5c4cc2d200863cafc0d521ce42e7d3e7ee720ec0a83991735586a16f82\windows-amd64;C:\Users\rojas\.gradle\native\e376f236ea51e6404a007f0833ffe2c6e607c4080706a723a18a27aeea778392\windows-amd64

VM Arguments:
jvm_args: --add-opens=java.base/java.util=ALL-UNNAMED --add-opens=java.base/java.lang=ALL-UNNAMED --add-opens=java.base/java.lang.invoke=ALL-UNNAMED --add-opens=java.prefs/java.util.prefs=ALL-UNNAMED --add-opens=java.base/java.nio.charset=ALL-UNNAMED --add-opens=java.base/java.net=ALL-UNNAMED --add-opens=java.base/java.util.concurrent.atomic=ALL-UNNAMED -XX:MaxMetaspaceSize=256m -XX:+HeapDumpOnOutOfMemoryError -Xms256m -Xmx512m -Dfile.encoding=windows-1252 -Duser.country=ES -Duser.language=es -Duser.variant 
java_command: org.gradle.launcher.daemon.bootstrap.GradleDaemon 7.6
java_class_path (initial): C:\Users\rojas\.gradle\wrapper\dists\gradle-7.6-bin\9l9tetv7ltxvx3i8an4pb86ye\gradle-7.6\lib\gradle-launcher-7.6.jar
Launcher Type: SUN_STANDARD

[Global flags]
     intx CICompilerCount                          = 3                                         {product} {ergonomic}
   size_t CompressedClassSpaceSize                 = 218103808                                 {product} {ergonomic}
     uint ConcGCThreads                            = 1                                         {product} {ergonomic}
     uint G1ConcRefinementThreads                  = 4                                         {product} {ergonomic}
   size_t G1HeapRegionSize                         = 1048576                                   {product} {ergonomic}
    uintx GCDrainStackTargetSize                   = 64                                        {product} {ergonomic}
     bool HeapDumpOnOutOfMemoryError               = true                                   {manageable} {command line}
   size_t InitialHeapSize                          = 268435456                                 {product} {command line}
   size_t MarkStackSize                            = 4194304                                   {product} {ergonomic}
   size_t MaxHeapSize                              = 536870912                                 {product} {command line}
   size_t MaxMetaspaceSize                         = 268435456                                 {product} {command line}
   size_t MaxNewSize                               = 321912832                                 {product} {ergonomic}
   size_t MinHeapDeltaBytes                        = 1048576                                   {product} {ergonomic}
   size_t MinHeapSize                              = 268435456                                 {product} {command line}
    uintx NonNMethodCodeHeapSize                   = 5832780                                {pd product} {ergonomic}
    uintx NonProfiledCodeHeapSize                  = 122912730                              {pd product} {ergonomic}
    uintx ProfiledCodeHeapSize                     = 122912730                              {pd product} {ergonomic}
    uintx ReservedCodeCacheSize                    = 251658240                              {pd product} {ergonomic}
     bool SegmentedCodeCache                       = true                                      {product} {ergonomic}
   size_t SoftMaxHeapSize                          = 536870912                              {manageable} {ergonomic}
     bool UseCompressedClassPointers               = true                           {product lp64_product} {ergonomic}
     bool UseCompressedOops                        = true                           {product lp64_product} {ergonomic}
     bool UseG1GC                                  = true                                      {product} {ergonomic}
     bool UseLargePagesIndividualAllocation        = false                                  {pd product} {ergonomic}

Logging:
Log output configuration:
 #0: stdout all=warning uptime,level,tags
 #1: stderr all=off uptime,level,tags

Environment Variables:
PATH=C:\Program Files\Microsoft\jdk-11.0.16.101-hotspot\bin;C:\Program Files\Common Files\Oracle\Java\javapath;C:\Program Files (x86)\Common Files\Oracle\Java\javapath;C:\Windows\system32;C:\Windows;C:\Windows\System32\Wbem;C:\Windows\System32\WindowsPowerShell\v1.0\;C:\Windows\System32\OpenSSH\;C:\Program Files (x86)\NVIDIA Corporation\PhysX\Common;C:\Program Files\NVIDIA Corporation\NVIDIA NvDLISR;C:\Program Files\PuTTY\;C:\Program Files\nodejs\;C:\Program Files\Git\cmd;C:\Program Files\Microsoft SQL Server\150\Tools\Binn\;C:\Program Files\Microsoft SQL Server\Client SDK\ODBC\170\Tools\Binn\;C:\Program Files\dotnet\;C:\Program Files\MySQL\MySQL Shell 8.0\bin\;C:\Users\rojas\AppData\Local\Microsoft\WindowsApps;C:\Users\rojas\AppData\Local\Programs\Microsoft VS Code\bin;C:\Users\rojas\AppData\Local\GitHubDesktop\bin;C:\Users\rojas\AppData\Roaming\npm;C:\Program Files (x86)\Nmap;C:\Users\rojas\.dotnet\tools
USERNAME=rojas
OS=Windows_NT
PROCESSOR_IDENTIFIER=Intel64 Family 6 Model 94 Stepping 3, GenuineIntel
TMP=C:\Users\rojas\AppData\Local\Temp
TEMP=C:\Users\rojas\AppData\Local\Temp



---------------  S Y S T E M  ---------------

OS:
 Windows 10 , 64 bit Build 19041 (10.0.19041.3636)
OS uptime: 7 days 3:50 hours

CPU: total 4 (initial active 4) (4 cores per cpu, 1 threads per core) family 6 model 94 stepping 3 microcode 0xcc, cx8, cmov, fxsr, mmx, 3dnowpref, sse, sse2, sse3, ssse3, sse4.1, sse4.2, popcnt, lzcnt, tsc, tscinvbit, avx, avx2, aes, erms, clmul, bmi1, bmi2, rtm, adx, fma, vzeroupper, clflush, clflushopt

Memory: 4k page, system-wide physical 12252M (251M free)
TotalPageFile size 20252M (AvailPageFile size 6M)
current process WorkingSet (physical memory assigned to process): 438M, peak: 441M
current process commit charge ("private bytes"): 480M, peak: 483M

vm_info: OpenJDK 64-Bit Server VM (17.0.7+7-LTS) for windows-amd64 JRE (17.0.7+7-LTS), built on Apr 14 2023 01:39:21 by "Administrator" with MS VC++ 15.9 (VS2017)

END.
