#
# There is insufficient memory for the Java Runtime Environment to continue.
# Native memory allocation (malloc) failed to allocate 1788176 bytes for Chunk::new
# Possible reasons:
#   The system is out of physical RAM or swap space
#   The process is running with CompressedOops enabled, and the Java Heap may be blocking the growth of the native heap
# Possible solutions:
#   Reduce memory load on the system
#   Increase physical memory or swap space
#   Check if swap backing store is full
#   Decrease Java heap size (-Xmx/-Xms)
#   Decrease number of Java threads
#   Decrease Java thread stack sizes (-Xss)
#   Set larger code cache with -XX:ReservedCodeCacheSize=
#   JVM is running with Unscaled Compressed Oops mode in which the Java heap is
#     placed in the first 4GB address space. The Java Heap base address is the
#     maximum limit for the native heap growth. Please use -XX:HeapBaseMinAddress
#     to set the Java Heap base and to place the Java Heap above 4GB virtual address.
# This output file may be truncated or incomplete.
#
#  Out of Memory Error (arena.cpp:189), pid=5912, tid=10828
#
# JRE version: OpenJDK Runtime Environment Corretto-17.0.7.7.1 (17.0.7+7) (build 17.0.7+7-LTS)
# Java VM: OpenJDK 64-Bit Server VM Corretto-17.0.7.7.1 (17.0.7+7-LTS, mixed mode, sharing, tiered, compressed oops, compressed class ptrs, g1 gc, windows-amd64)
# No core dump will be written. Minidumps are not enabled by default on client versions of Windows
#

---------------  S U M M A R Y ------------

Command Line: --add-opens=java.base/java.util=ALL-UNNAMED --add-opens=java.base/java.lang=ALL-UNNAMED --add-opens=java.base/java.lang.invoke=ALL-UNNAMED --add-opens=java.prefs/java.util.prefs=ALL-UNNAMED --add-opens=java.base/java.nio.charset=ALL-UNNAMED --add-opens=java.base/java.net=ALL-UNNAMED --add-opens=java.base/java.util.concurrent.atomic=ALL-UNNAMED -XX:MaxMetaspaceSize=256m -XX:+HeapDumpOnOutOfMemoryError -Xms256m -Xmx512m -Dfile.encoding=windows-1252 -Duser.country=ES -Duser.language=es -Duser.variant org.gradle.launcher.daemon.bootstrap.GradleDaemon 7.6

Host: Intel(R) Core(TM) i5-6500T CPU @ 2.50GHz, 4 cores, 11G,  Windows 10 , 64 bit Build 19041 (10.0.19041.3636)
Time: Sat Nov 11 15:34:18 2023 Hora est. Pacífico, Sudamérica elapsed time: 137.756214 seconds (0d 0h 2m 17s)

---------------  T H R E A D  ---------------

Current thread (0x000001596a0240c0):  JavaThread "C2 CompilerThread0" daemon [_thread_in_native, id=10828, stack(0x000000044c400000,0x000000044c500000)]


Current CompileTask:
C2: 137756 11599   !   4       com.sun.beans.TypeResolver::resolve (261 bytes)

Stack: [0x000000044c400000,0x000000044c500000]
Native frames: (J=compiled Java code, j=interpreted, Vv=VM code, C=native code)
V  [jvm.dll+0x64b53a]
V  [jvm.dll+0x7fef54]
V  [jvm.dll+0x80070e]
V  [jvm.dll+0x800d63]
V  [jvm.dll+0x236a2b]
V  [jvm.dll+0xbd47c]
V  [jvm.dll+0xbda5c]
V  [jvm.dll+0x350be2]
V  [jvm.dll+0x31b60f]
V  [jvm.dll+0x31aa4a]
V  [jvm.dll+0x20acf5]
V  [jvm.dll+0x20a287]
V  [jvm.dll+0x19a2ed]
V  [jvm.dll+0x21967d]
V  [jvm.dll+0x2178c4]
V  [jvm.dll+0x7b7dcb]
V  [jvm.dll+0x7b237a]
V  [jvm.dll+0x64a3a5]
C  [ucrtbase.dll+0x21bb2]
C  [KERNEL32.DLL+0x17344]
C  [ntdll.dll+0x526b1]


---------------  P R O C E S S  ---------------

Threads class SMR info:
_java_thread_list=0x000001596f998e40, length=87, elements={
0x000001594db6bfe0, 0x000001596a008ad0, 0x000001596a009940, 0x000001596a01f510,
0x000001596a021fd0, 0x000001596a022980, 0x000001596a023330, 0x000001596a0240c0,
0x000001596a026b70, 0x000001596a092810, 0x000001596a288c70, 0x000001596a28b370,
0x000001596ad9f400, 0x000001596f8ebd50, 0x000001596ad88820, 0x000001596f92f050,
0x000001596f92f8f0, 0x000001596ac656d0, 0x000001596a5bd250, 0x000001596f15d010,
0x000001596f15c1a0, 0x000001596f15a990, 0x000001596f15cb40, 0x000001596f15b800,
0x000001596f15c670, 0x000001596f159650, 0x000001596f159b20, 0x000001596f159ff0,
0x000001596f15a4c0, 0x000001596f15ae60, 0x000001596abdf0a0, 0x000001596abde700,
0x000001596abda870, 0x000001596abdebd0, 0x000001596abd9ed0, 0x000001596abdd890,
0x000001596abd9060, 0x000001596abdb6e0, 0x000001596abde230, 0x000001596abdcef0,
0x000001596abdc550, 0x000001596abe03e0, 0x000001596abdd3c0, 0x000001596abd9a00,
0x000001596abdbbb0, 0x000001596abdca20, 0x000001596abdf570, 0x000001596abdfa40,
0x000001596abe08b0, 0x000001596abdff10, 0x000001596f15bcd0, 0x00000159708231f0,
0x0000015970827550, 0x0000015970822d20, 0x0000015970827ef0, 0x0000015970824530,
0x0000015970822850, 0x0000015970820b70, 0x0000015970823b90, 0x00000159708236c0,
0x00000159708206a0, 0x0000015970825870, 0x0000015970824060, 0x0000015970825d40,
0x0000015970824a00, 0x0000015970824ed0, 0x0000015970827080, 0x00000159708266e0,
0x00000159708219e0, 0x0000015970821eb0, 0x00000159708253a0, 0x0000015970826210,
0x0000015970826bb0, 0x0000015970827a20, 0x000001596acf73d0, 0x000001596acf43b0,
0x000001596acf2200, 0x000001596acf8710, 0x000001596acf3ee0, 0x000001596acf78a0,
0x000001596acf56f0, 0x000001596acf3540, 0x000001596acf7d70, 0x000001596acf6f00,
0x000001596acf3a10, 0x000001596acf26d0, 0x000001596acf4880
}

Java Threads: ( => current thread )
  0x000001594db6bfe0 JavaThread "main" [_thread_blocked, id=12188, stack(0x000000044b700000,0x000000044b800000)]
  0x000001596a008ad0 JavaThread "Reference Handler" daemon [_thread_blocked, id=17108, stack(0x000000044be00000,0x000000044bf00000)]
  0x000001596a009940 JavaThread "Finalizer" daemon [_thread_blocked, id=17284, stack(0x000000044bf00000,0x000000044c000000)]
  0x000001596a01f510 JavaThread "Signal Dispatcher" daemon [_thread_blocked, id=6140, stack(0x000000044c000000,0x000000044c100000)]
  0x000001596a021fd0 JavaThread "Attach Listener" daemon [_thread_blocked, id=6520, stack(0x000000044c100000,0x000000044c200000)]
  0x000001596a022980 JavaThread "Service Thread" daemon [_thread_blocked, id=13692, stack(0x000000044c200000,0x000000044c300000)]
  0x000001596a023330 JavaThread "Monitor Deflation Thread" daemon [_thread_blocked, id=3740, stack(0x000000044c300000,0x000000044c400000)]
=>0x000001596a0240c0 JavaThread "C2 CompilerThread0" daemon [_thread_in_native, id=10828, stack(0x000000044c400000,0x000000044c500000)]
  0x000001596a026b70 JavaThread "C1 CompilerThread0" daemon [_thread_blocked, id=10632, stack(0x000000044c500000,0x000000044c600000)]
  0x000001596a092810 JavaThread "Sweeper thread" daemon [_thread_blocked, id=6108, stack(0x000000044c600000,0x000000044c700000)]
  0x000001596a288c70 JavaThread "Common-Cleaner" daemon [_thread_blocked, id=22600, stack(0x000000044c700000,0x000000044c800000)]
  0x000001596a28b370 JavaThread "Notification Thread" daemon [_thread_blocked, id=14280, stack(0x000000044c800000,0x000000044c900000)]
  0x000001596ad9f400 JavaThread "Daemon health stats" [_thread_blocked, id=13216, stack(0x000000044cd00000,0x000000044ce00000)]
  0x000001596f8ebd50 JavaThread "Incoming local TCP Connector on port 1787" [_thread_in_native, id=7508, stack(0x000000044ce00000,0x000000044cf00000)]
  0x000001596ad88820 JavaThread "Daemon periodic checks" [_thread_blocked, id=17332, stack(0x000000044cf00000,0x000000044d000000)]
  0x000001596f92f050 JavaThread "Daemon" [_thread_blocked, id=9036, stack(0x000000044d000000,0x000000044d100000)]
  0x000001596f92f8f0 JavaThread "Handler for socket connection from /127.0.0.1:1787 to /127.0.0.1:1800" [_thread_in_native, id=13248, stack(0x000000044d100000,0x000000044d200000)]
  0x000001596ac656d0 JavaThread "Cancel handler" [_thread_blocked, id=16860, stack(0x000000044d200000,0x000000044d300000)]
  0x000001596a5bd250 JavaThread "Daemon worker" [_thread_in_native, id=11536, stack(0x000000044d300000,0x000000044d400000)]
  0x000001596f15d010 JavaThread "Asynchronous log dispatcher for DefaultDaemonConnection: socket connection from /127.0.0.1:1787 to /127.0.0.1:1800" [_thread_blocked, id=9380, stack(0x000000044d400000,0x000000044d500000)]
  0x000001596f15c1a0 JavaThread "Daemon client event forwarder" [_thread_blocked, id=11612, stack(0x000000044d600000,0x000000044d700000)]
  0x000001596f15a990 JavaThread "Cache worker for journal cache (C:\Users\rojas\.gradle\caches\journal-1)" [_thread_blocked, id=14944, stack(0x000000044d700000,0x000000044d800000)]
  0x000001596f15cb40 JavaThread "File lock request listener" [_thread_in_native, id=15852, stack(0x000000044d800000,0x000000044d900000)]
  0x000001596f15b800 JavaThread "File lock release action executor" [_thread_blocked, id=8796, stack(0x000000044d900000,0x000000044da00000)]
  0x000001596f15c670 JavaThread "Cache worker for file hash cache (C:\Users\rojas\.gradle\caches\7.6\fileHashes)" [_thread_blocked, id=20544, stack(0x000000044da00000,0x000000044db00000)]
  0x000001596f159650 JavaThread "File watcher server" daemon [_thread_in_native, id=7748, stack(0x000000044dc00000,0x000000044dd00000)]
  0x000001596f159b20 JavaThread "File watcher consumer" daemon [_thread_blocked, id=6740, stack(0x000000044db00000,0x000000044dc00000)]
  0x000001596f159ff0 JavaThread "jar transforms" [_thread_blocked, id=13780, stack(0x000000044dd00000,0x000000044de00000)]
  0x000001596f15a4c0 JavaThread "jar transforms Thread 2" [_thread_blocked, id=17368, stack(0x000000044de00000,0x000000044df00000)]
  0x000001596f15ae60 JavaThread "jar transforms Thread 3" [_thread_blocked, id=11616, stack(0x000000044df00000,0x000000044e000000)]
  0x000001596abdf0a0 JavaThread "jar transforms Thread 4" [_thread_blocked, id=1132, stack(0x000000044e000000,0x000000044e100000)]
  0x000001596abde700 JavaThread "Cache worker for checksums cache (C:\Proyectos\BFFinder\Back-End\adoption-post-service\.gradle\7.6\checksums)" [_thread_blocked, id=20592, stack(0x000000044e100000,0x000000044e200000)]
  0x000001596abda870 JavaThread "Cache worker for cache directory md-rule (C:\Users\rojas\.gradle\caches\7.6\md-rule)" [_thread_blocked, id=9360, stack(0x000000044e200000,0x000000044e300000)]
  0x000001596abdebd0 JavaThread "Cache worker for file content cache (C:\Users\rojas\.gradle\caches\7.6\fileContent)" [_thread_blocked, id=1352, stack(0x000000044e300000,0x000000044e400000)]
  0x000001596abd9ed0 JavaThread "Cache worker for file hash cache (C:\Proyectos\BFFinder\Back-End\adoption-post-service\.gradle\7.6\fileHashes)" [_thread_blocked, id=19656, stack(0x000000044e400000,0x000000044e500000)]
  0x000001596abdd890 JavaThread "Cache worker for cache directory md-supplier (C:\Users\rojas\.gradle\caches\7.6\md-supplier)" [_thread_blocked, id=15872, stack(0x000000044e500000,0x000000044e600000)]
  0x000001596abd9060 JavaThread "Cache worker for execution history cache (C:\Users\rojas\.gradle\caches\7.6\executionHistory)" [_thread_blocked, id=7116, stack(0x000000044e600000,0x000000044e700000)]
  0x000001596abdb6e0 JavaThread "Cache worker for dependencies-accessors (C:\Proyectos\BFFinder\Back-End\adoption-post-service\.gradle\7.6\dependencies-accessors)" [_thread_blocked, id=20448, stack(0x000000044d500000,0x000000044d600000)]
  0x000001596abde230 JavaThread "Cache worker for Build Output Cleanup Cache (C:\Proyectos\BFFinder\Back-End\adoption-post-service\.gradle\buildOutputCleanup)" [_thread_blocked, id=2980, stack(0x000000044e900000,0x000000044ea00000)]
  0x000001596abdcef0 JavaThread "Unconstrained build operations" [_thread_blocked, id=20660, stack(0x000000044b600000,0x000000044b700000)]
  0x000001596abdc550 JavaThread "Unconstrained build operations Thread 2" [_thread_blocked, id=14520, stack(0x000000044ea00000,0x000000044eb00000)]
  0x000001596abe03e0 JavaThread "Unconstrained build operations Thread 3" [_thread_blocked, id=21108, stack(0x000000044eb00000,0x000000044ec00000)]
  0x000001596abdd3c0 JavaThread "Unconstrained build operations Thread 4" [_thread_blocked, id=23228, stack(0x000000044ec00000,0x000000044ed00000)]
  0x000001596abd9a00 JavaThread "Unconstrained build operations Thread 5" [_thread_blocked, id=8860, stack(0x000000044ed00000,0x000000044ee00000)]
  0x000001596abdbbb0 JavaThread "Unconstrained build operations Thread 6" [_thread_blocked, id=10268, stack(0x000000044ee00000,0x000000044ef00000)]
  0x000001596abdca20 JavaThread "Unconstrained build operations Thread 7" [_thread_blocked, id=8112, stack(0x000000044ef00000,0x000000044f000000)]
  0x000001596abdf570 JavaThread "Unconstrained build operations Thread 8" [_thread_blocked, id=19976, stack(0x000000044f000000,0x000000044f100000)]
  0x000001596abdfa40 JavaThread "Unconstrained build operations Thread 9" [_thread_blocked, id=8980, stack(0x000000044f100000,0x000000044f200000)]
  0x000001596abe08b0 JavaThread "Unconstrained build operations Thread 10" [_thread_blocked, id=17588, stack(0x000000044f200000,0x000000044f300000)]
  0x000001596abdff10 JavaThread "Unconstrained build operations Thread 11" [_thread_blocked, id=11380, stack(0x000000044f300000,0x000000044f400000)]
  0x000001596f15bcd0 JavaThread "Unconstrained build operations Thread 12" [_thread_blocked, id=17164, stack(0x000000044f400000,0x000000044f500000)]
  0x00000159708231f0 JavaThread "Unconstrained build operations Thread 13" [_thread_blocked, id=16148, stack(0x000000044f500000,0x000000044f600000)]
  0x0000015970827550 JavaThread "Unconstrained build operations Thread 14" [_thread_blocked, id=13660, stack(0x000000044f600000,0x000000044f700000)]
  0x0000015970822d20 JavaThread "Unconstrained build operations Thread 15" [_thread_blocked, id=12672, stack(0x000000044f700000,0x000000044f800000)]
  0x0000015970827ef0 JavaThread "Unconstrained build operations Thread 16" [_thread_blocked, id=7304, stack(0x000000044f800000,0x000000044f900000)]
  0x0000015970824530 JavaThread "Unconstrained build operations Thread 17" [_thread_blocked, id=8224, stack(0x000000044f900000,0x000000044fa00000)]
  0x0000015970822850 JavaThread "Unconstrained build operations Thread 18" [_thread_blocked, id=7240, stack(0x000000044fa00000,0x000000044fb00000)]
  0x0000015970820b70 JavaThread "File lock release action executor Thread 2" [_thread_blocked, id=18120, stack(0x000000044fb00000,0x000000044fc00000)]
  0x0000015970823b90 JavaThread "Memory manager" [_thread_blocked, id=4992, stack(0x000000044fc00000,0x000000044fd00000)]
  0x00000159708236c0 JavaThread "included builds" [_thread_blocked, id=20996, stack(0x000000044fd00000,0x000000044fe00000)]
  0x00000159708206a0 JavaThread "Execution worker" [_thread_blocked, id=17388, stack(0x000000044fe00000,0x000000044ff00000)]
  0x0000015970825870 JavaThread "Execution worker Thread 2" [_thread_blocked, id=15936, stack(0x000000044ff00000,0x0000000450000000)]
  0x0000015970824060 JavaThread "Execution worker Thread 3" [_thread_blocked, id=13116, stack(0x0000000450000000,0x0000000450100000)]
  0x0000015970825d40 JavaThread "Cache worker for execution history cache (C:\Proyectos\BFFinder\Back-End\adoption-post-service\.gradle\7.6\executionHistory)" [_thread_blocked, id=17372, stack(0x0000000450100000,0x0000000450200000)]
  0x0000015970824a00 JavaThread "Unconstrained build operations Thread 19" [_thread_blocked, id=21256, stack(0x0000000450400000,0x0000000450500000)]
  0x0000015970824ed0 JavaThread "Unconstrained build operations Thread 20" [_thread_blocked, id=17132, stack(0x0000000450300000,0x0000000450400000)]
  0x0000015970827080 JavaThread "Unconstrained build operations Thread 21" [_thread_blocked, id=5612, stack(0x0000000450500000,0x0000000450600000)]
  0x00000159708266e0 JavaThread "Unconstrained build operations Thread 22" [_thread_blocked, id=15972, stack(0x0000000450600000,0x0000000450700000)]
  0x00000159708219e0 JavaThread "Unconstrained build operations Thread 23" [_thread_blocked, id=19036, stack(0x0000000450700000,0x0000000450800000)]
  0x0000015970821eb0 JavaThread "Unconstrained build operations Thread 24" [_thread_blocked, id=11828, stack(0x0000000450800000,0x0000000450900000)]
  0x00000159708253a0 JavaThread "Unconstrained build operations Thread 25" [_thread_blocked, id=21812, stack(0x0000000450900000,0x0000000450a00000)]
  0x0000015970826210 JavaThread "Unconstrained build operations Thread 26" [_thread_blocked, id=4596, stack(0x0000000450b00000,0x0000000450c00000)]
  0x0000015970826bb0 JavaThread "Unconstrained build operations Thread 27" [_thread_blocked, id=15652, stack(0x0000000450c00000,0x0000000450d00000)]
  0x0000015970827a20 JavaThread "Unconstrained build operations Thread 28" [_thread_blocked, id=6960, stack(0x0000000450d00000,0x0000000450e00000)]
  0x000001596acf73d0 JavaThread "Unconstrained build operations Thread 29" [_thread_blocked, id=6768, stack(0x0000000450e00000,0x0000000450f00000)]
  0x000001596acf43b0 JavaThread "Unconstrained build operations Thread 30" [_thread_blocked, id=20264, stack(0x0000000450f00000,0x0000000451000000)]
  0x000001596acf2200 JavaThread "Unconstrained build operations Thread 31" [_thread_blocked, id=8392, stack(0x0000000451000000,0x0000000451100000)]
  0x000001596acf8710 JavaThread "Unconstrained build operations Thread 32" [_thread_blocked, id=17364, stack(0x0000000451100000,0x0000000451200000)]
  0x000001596acf3ee0 JavaThread "Unconstrained build operations Thread 33" [_thread_blocked, id=6736, stack(0x0000000451200000,0x0000000451300000)]
  0x000001596acf78a0 JavaThread "Unconstrained build operations Thread 34" [_thread_blocked, id=19520, stack(0x0000000451300000,0x0000000451400000)]
  0x000001596acf56f0 JavaThread "Unconstrained build operations Thread 35" [_thread_blocked, id=20112, stack(0x0000000451400000,0x0000000451500000)]
  0x000001596acf3540 JavaThread "Unconstrained build operations Thread 36" [_thread_blocked, id=17336, stack(0x0000000451500000,0x0000000451600000)]
  0x000001596acf7d70 JavaThread "Unconstrained build operations Thread 37" [_thread_blocked, id=20248, stack(0x0000000451600000,0x0000000451700000)]
  0x000001596acf6f00 JavaThread "Unconstrained build operations Thread 38" [_thread_blocked, id=9072, stack(0x0000000451700000,0x0000000451800000)]
  0x000001596acf3a10 JavaThread "Unconstrained build operations Thread 39" [_thread_blocked, id=6800, stack(0x0000000451800000,0x0000000451900000)]
  0x000001596acf26d0 JavaThread "Unconstrained build operations Thread 40" [_thread_blocked, id=312, stack(0x0000000451900000,0x0000000451a00000)]
  0x000001596acf4880 JavaThread "idea-tooling-model-converter" [_thread_blocked, id=7144, stack(0x0000000451a00000,0x0000000451b00000)]

Other Threads:
  0x000001596a002f30 VMThread "VM Thread" [stack: 0x000000044bd00000,0x000000044be00000] [id=12816]
  0x000001596a293850 WatcherThread [stack: 0x000000044c900000,0x000000044ca00000] [id=6796]
  0x000001594fd71bf0 GCTaskThread "GC Thread#0" [stack: 0x000000044b800000,0x000000044b900000] [id=21916]
  0x000001596a58cf50 GCTaskThread "GC Thread#1" [stack: 0x000000044ca00000,0x000000044cb00000] [id=20744]
  0x000001596a58d200 GCTaskThread "GC Thread#2" [stack: 0x000000044cb00000,0x000000044cc00000] [id=13152]
  0x000001596a315850 GCTaskThread "GC Thread#3" [stack: 0x000000044cc00000,0x000000044cd00000] [id=5036]
  0x000001594fd76b30 ConcurrentGCThread "G1 Main Marker" [stack: 0x000000044b900000,0x000000044ba00000] [id=10460]
  0x000001594fd77540 ConcurrentGCThread "G1 Conc#0" [stack: 0x000000044ba00000,0x000000044bb00000] [id=9660]
  0x000001594fe1db40 ConcurrentGCThread "G1 Refine#0" [stack: 0x000000044bb00000,0x000000044bc00000] [id=22732]
  0x00000159727fbbe0 ConcurrentGCThread "G1 Refine#1" [stack: 0x000000044b500000,0x000000044b600000] [id=19792]
  0x00000159727fb340 ConcurrentGCThread "G1 Refine#2" [stack: 0x0000000450200000,0x0000000450300000] [id=6760]
  0x000001594fe1e560 ConcurrentGCThread "G1 Service" [stack: 0x000000044bc00000,0x000000044bd00000] [id=15760]

Threads with active compile tasks:
C2 CompilerThread0   137794 11599   !   4       com.sun.beans.TypeResolver::resolve (261 bytes)

VM state: not at safepoint (normal execution)

VM Mutex/Monitor currently owned by a thread: None

Heap address: 0x00000000e0000000, size: 512 MB, Compressed Oops mode: 32-bit

CDS archive(s) mapped at: [0x0000000800000000-0x0000000800bc0000-0x0000000800bc0000), size 12320768, SharedBaseAddress: 0x0000000800000000, ArchiveRelocationMode: 0.
Compressed class space mapped at: 0x0000000801000000-0x000000080e000000, reserved size: 218103808
Narrow klass base: 0x0000000800000000, Narrow klass shift: 0, Narrow klass range: 0x100000000

GC Precious Log:
 CPUs: 4 total, 4 available
 Memory: 12252M
 Large Page Support: Disabled
 NUMA Support: Disabled
 Compressed Oops: Enabled (32-bit)
 Heap Region Size: 1M
 Heap Min Capacity: 256M
 Heap Initial Capacity: 256M
 Heap Max Capacity: 512M
 Pre-touch: Disabled
 Parallel Workers: 4
 Concurrent Workers: 1
 Concurrent Refinement Workers: 4
 Periodic GC: Disabled

Heap:
 garbage-first heap   total 262144K, used 157430K [0x00000000e0000000, 0x0000000100000000)
  region size 1024K, 31 young (31744K), 8 survivors (8192K)
 Metaspace       used 66606K, committed 67392K, reserved 278528K
  class space    used 8984K, committed 9344K, reserved 212992K

Heap Regions: E=young(eden), S=young(survivor), O=old, HS=humongous(starts), HC=humongous(continues), CS=collection set, F=free, OA=open archive, CA=closed archive, TAMS=top-at-mark-start (previous, next)
|   0|0x00000000e0000000, 0x00000000e0100000, 0x00000000e0100000|100%| O|  |TAMS 0x00000000e0100000, 0x00000000e0000000| Untracked 
|   1|0x00000000e0100000, 0x00000000e0200000, 0x00000000e0200000|100%| O|  |TAMS 0x00000000e0200000, 0x00000000e0100000| Untracked 
|   2|0x00000000e0200000, 0x00000000e0300000, 0x00000000e0300000|100%|HS|  |TAMS 0x00000000e0300000, 0x00000000e0200000| Complete 
|   3|0x00000000e0300000, 0x00000000e0400000, 0x00000000e0400000|100%|HC|  |TAMS 0x00000000e0400000, 0x00000000e0300000| Complete 
|   4|0x00000000e0400000, 0x00000000e0500000, 0x00000000e0500000|100%|HC|  |TAMS 0x00000000e0500000, 0x00000000e0400000| Complete 
|   5|0x00000000e0500000, 0x00000000e0600000, 0x00000000e0600000|100%| O|  |TAMS 0x00000000e0600000, 0x00000000e0500000| Untracked 
|   6|0x00000000e0600000, 0x00000000e0700000, 0x00000000e0700000|100%| O|  |TAMS 0x00000000e0700000, 0x00000000e0600000| Untracked 
|   7|0x00000000e0700000, 0x00000000e0800000, 0x00000000e0800000|100%| O|  |TAMS 0x00000000e0800000, 0x00000000e0700000| Untracked 
|   8|0x00000000e0800000, 0x00000000e0900000, 0x00000000e0900000|100%| O|  |TAMS 0x00000000e0900000, 0x00000000e0800000| Untracked 
|   9|0x00000000e0900000, 0x00000000e0a00000, 0x00000000e0a00000|100%| O|  |TAMS 0x00000000e0a00000, 0x00000000e0900000| Untracked 
|  10|0x00000000e0a00000, 0x00000000e0b00000, 0x00000000e0b00000|100%| O|  |TAMS 0x00000000e0b00000, 0x00000000e0a00000| Untracked 
|  11|0x00000000e0b00000, 0x00000000e0c00000, 0x00000000e0c00000|100%|HS|  |TAMS 0x00000000e0c00000, 0x00000000e0b00000| Complete 
|  12|0x00000000e0c00000, 0x00000000e0d00000, 0x00000000e0d00000|100%|HC|  |TAMS 0x00000000e0d00000, 0x00000000e0c00000| Complete 
|  13|0x00000000e0d00000, 0x00000000e0e00000, 0x00000000e0e00000|100%|HS|  |TAMS 0x00000000e0e00000, 0x00000000e0d00000| Complete 
|  14|0x00000000e0e00000, 0x00000000e0f00000, 0x00000000e0f00000|100%|HC|  |TAMS 0x00000000e0f00000, 0x00000000e0e00000| Complete 
|  15|0x00000000e0f00000, 0x00000000e1000000, 0x00000000e1000000|100%|HC|  |TAMS 0x00000000e1000000, 0x00000000e0f00000| Complete 
|  16|0x00000000e1000000, 0x00000000e1100000, 0x00000000e1100000|100%|HS|  |TAMS 0x00000000e1100000, 0x00000000e1000000| Complete 
|  17|0x00000000e1100000, 0x00000000e1200000, 0x00000000e1200000|100%|HC|  |TAMS 0x00000000e1200000, 0x00000000e1100000| Complete 
|  18|0x00000000e1200000, 0x00000000e1300000, 0x00000000e1300000|100%|HC|  |TAMS 0x00000000e1300000, 0x00000000e1200000| Complete 
|  19|0x00000000e1300000, 0x00000000e1400000, 0x00000000e1400000|100%|HS|  |TAMS 0x00000000e1400000, 0x00000000e1300000| Complete 
|  20|0x00000000e1400000, 0x00000000e1500000, 0x00000000e1500000|100%|HC|  |TAMS 0x00000000e1500000, 0x00000000e1400000| Complete 
|  21|0x00000000e1500000, 0x00000000e1600000, 0x00000000e1600000|100%|HC|  |TAMS 0x00000000e1600000, 0x00000000e1500000| Complete 
|  22|0x00000000e1600000, 0x00000000e1700000, 0x00000000e1700000|100%| O|  |TAMS 0x00000000e1700000, 0x00000000e1600000| Untracked 
|  23|0x00000000e1700000, 0x00000000e1800000, 0x00000000e1800000|100%| O|  |TAMS 0x00000000e1800000, 0x00000000e1700000| Untracked 
|  24|0x00000000e1800000, 0x00000000e1900000, 0x00000000e1900000|100%| O|  |TAMS 0x00000000e1900000, 0x00000000e1800000| Untracked 
|  25|0x00000000e1900000, 0x00000000e1a00000, 0x00000000e1a00000|100%| O|  |TAMS 0x00000000e1a00000, 0x00000000e1900000| Untracked 
|  26|0x00000000e1a00000, 0x00000000e1b00000, 0x00000000e1b00000|100%| O|  |TAMS 0x00000000e1b00000, 0x00000000e1a00000| Untracked 
|  27|0x00000000e1b00000, 0x00000000e1c00000, 0x00000000e1c00000|100%| O|  |TAMS 0x00000000e1c00000, 0x00000000e1b00000| Untracked 
|  28|0x00000000e1c00000, 0x00000000e1d00000, 0x00000000e1d00000|100%| O|  |TAMS 0x00000000e1d00000, 0x00000000e1c00000| Untracked 
|  29|0x00000000e1d00000, 0x00000000e1e00000, 0x00000000e1e00000|100%| O|  |TAMS 0x00000000e1e00000, 0x00000000e1d00000| Untracked 
|  30|0x00000000e1e00000, 0x00000000e1f00000, 0x00000000e1f00000|100%| O|  |TAMS 0x00000000e1f00000, 0x00000000e1e00000| Untracked 
|  31|0x00000000e1f00000, 0x00000000e2000000, 0x00000000e2000000|100%| O|  |TAMS 0x00000000e2000000, 0x00000000e1f00000| Untracked 
|  32|0x00000000e2000000, 0x00000000e2100000, 0x00000000e2100000|100%| O|  |TAMS 0x00000000e2100000, 0x00000000e2000000| Untracked 
|  33|0x00000000e2100000, 0x00000000e2200000, 0x00000000e2200000|100%| O|  |TAMS 0x00000000e2200000, 0x00000000e2100000| Untracked 
|  34|0x00000000e2200000, 0x00000000e2300000, 0x00000000e2300000|100%|HS|  |TAMS 0x00000000e2300000, 0x00000000e2200000| Complete 
|  35|0x00000000e2300000, 0x00000000e2400000, 0x00000000e2400000|100%|HC|  |TAMS 0x00000000e2400000, 0x00000000e2300000| Complete 
|  36|0x00000000e2400000, 0x00000000e2500000, 0x00000000e2500000|100%|HC|  |TAMS 0x00000000e2500000, 0x00000000e2400000| Complete 
|  37|0x00000000e2500000, 0x00000000e2600000, 0x00000000e2600000|100%| O|  |TAMS 0x00000000e2600000, 0x00000000e2500000| Untracked 
|  38|0x00000000e2600000, 0x00000000e2700000, 0x00000000e2700000|100%|HS|  |TAMS 0x00000000e2700000, 0x00000000e2600000| Complete 
|  39|0x00000000e2700000, 0x00000000e2800000, 0x00000000e2800000|100%|HC|  |TAMS 0x00000000e2800000, 0x00000000e2700000| Complete 
|  40|0x00000000e2800000, 0x00000000e2900000, 0x00000000e2900000|100%|HS|  |TAMS 0x00000000e2900000, 0x00000000e2800000| Complete 
|  41|0x00000000e2900000, 0x00000000e2a00000, 0x00000000e2a00000|100%|HC|  |TAMS 0x00000000e2a00000, 0x00000000e2900000| Complete 
|  42|0x00000000e2a00000, 0x00000000e2b00000, 0x00000000e2b00000|100%|HC|  |TAMS 0x00000000e2b00000, 0x00000000e2a00000| Complete 
|  43|0x00000000e2b00000, 0x00000000e2c00000, 0x00000000e2c00000|100%|HC|  |TAMS 0x00000000e2c00000, 0x00000000e2b00000| Complete 
|  44|0x00000000e2c00000, 0x00000000e2d00000, 0x00000000e2d00000|100%| O|  |TAMS 0x00000000e2d00000, 0x00000000e2c00000| Untracked 
|  45|0x00000000e2d00000, 0x00000000e2e00000, 0x00000000e2e00000|100%| O|  |TAMS 0x00000000e2e00000, 0x00000000e2d00000| Untracked 
|  46|0x00000000e2e00000, 0x00000000e2f00000, 0x00000000e2f00000|100%| O|  |TAMS 0x00000000e2f00000, 0x00000000e2e00000| Untracked 
|  47|0x00000000e2f00000, 0x00000000e3000000, 0x00000000e3000000|100%| O|  |TAMS 0x00000000e3000000, 0x00000000e2f00000| Untracked 
|  48|0x00000000e3000000, 0x00000000e3100000, 0x00000000e3100000|100%| O|  |TAMS 0x00000000e3100000, 0x00000000e3000000| Untracked 
|  49|0x00000000e3100000, 0x00000000e3200000, 0x00000000e3200000|100%| O|  |TAMS 0x00000000e3200000, 0x00000000e3100000| Untracked 
|  50|0x00000000e3200000, 0x00000000e3300000, 0x00000000e3300000|100%| O|  |TAMS 0x00000000e3300000, 0x00000000e3200000| Untracked 
|  51|0x00000000e3300000, 0x00000000e3400000, 0x00000000e3400000|100%|HS|  |TAMS 0x00000000e3400000, 0x00000000e3300000| Complete 
|  52|0x00000000e3400000, 0x00000000e3500000, 0x00000000e3500000|100%|HC|  |TAMS 0x00000000e3500000, 0x00000000e3400000| Complete 
|  53|0x00000000e3500000, 0x00000000e3600000, 0x00000000e3600000|100%|HC|  |TAMS 0x00000000e3600000, 0x00000000e3500000| Complete 
|  54|0x00000000e3600000, 0x00000000e3700000, 0x00000000e3700000|100%|HC|  |TAMS 0x00000000e3700000, 0x00000000e3600000| Complete 
|  55|0x00000000e3700000, 0x00000000e3800000, 0x00000000e3800000|100%|HC|  |TAMS 0x00000000e3800000, 0x00000000e3700000| Complete 
|  56|0x00000000e3800000, 0x00000000e3900000, 0x00000000e3900000|100%|HC|  |TAMS 0x00000000e3900000, 0x00000000e3800000| Complete 
|  57|0x00000000e3900000, 0x00000000e3a00000, 0x00000000e3a00000|100%|HS|  |TAMS 0x00000000e3a00000, 0x00000000e3900000| Complete 
|  58|0x00000000e3a00000, 0x00000000e3b00000, 0x00000000e3b00000|100%|HS|  |TAMS 0x00000000e3b00000, 0x00000000e3a00000| Complete 
|  59|0x00000000e3b00000, 0x00000000e3c00000, 0x00000000e3c00000|100%|HC|  |TAMS 0x00000000e3c00000, 0x00000000e3b00000| Complete 
|  60|0x00000000e3c00000, 0x00000000e3d00000, 0x00000000e3d00000|100%|HS|  |TAMS 0x00000000e3d00000, 0x00000000e3c00000| Complete 
|  61|0x00000000e3d00000, 0x00000000e3e00000, 0x00000000e3e00000|100%|HC|  |TAMS 0x00000000e3e00000, 0x00000000e3d00000| Complete 
|  62|0x00000000e3e00000, 0x00000000e3f00000, 0x00000000e3f00000|100%|HC|  |TAMS 0x00000000e3f00000, 0x00000000e3e00000| Complete 
|  63|0x00000000e3f00000, 0x00000000e4000000, 0x00000000e4000000|100%|HS|  |TAMS 0x00000000e4000000, 0x00000000e3f00000| Complete 
|  64|0x00000000e4000000, 0x00000000e4100000, 0x00000000e4100000|100%|HC|  |TAMS 0x00000000e4100000, 0x00000000e4000000| Complete 
|  65|0x00000000e4100000, 0x00000000e4200000, 0x00000000e4200000|100%|HC|  |TAMS 0x00000000e4200000, 0x00000000e4100000| Complete 
|  66|0x00000000e4200000, 0x00000000e4300000, 0x00000000e4300000|100%|HS|  |TAMS 0x00000000e4300000, 0x00000000e4200000| Complete 
|  67|0x00000000e4300000, 0x00000000e4400000, 0x00000000e4400000|100%|HC|  |TAMS 0x00000000e4400000, 0x00000000e4300000| Complete 
|  68|0x00000000e4400000, 0x00000000e4500000, 0x00000000e4500000|100%|HC|  |TAMS 0x00000000e4500000, 0x00000000e4400000| Complete 
|  69|0x00000000e4500000, 0x00000000e4600000, 0x00000000e4600000|100%|HS|  |TAMS 0x00000000e4600000, 0x00000000e4500000| Complete 
|  70|0x00000000e4600000, 0x00000000e4700000, 0x00000000e4700000|100%|HC|  |TAMS 0x00000000e4700000, 0x00000000e4600000| Complete 
|  71|0x00000000e4700000, 0x00000000e4800000, 0x00000000e4800000|100%|HS|  |TAMS 0x00000000e4800000, 0x00000000e4700000| Complete 
|  72|0x00000000e4800000, 0x00000000e4900000, 0x00000000e4900000|100%|HC|  |TAMS 0x00000000e4900000, 0x00000000e4800000| Complete 
|  73|0x00000000e4900000, 0x00000000e4a00000, 0x00000000e4a00000|100%|HC|  |TAMS 0x00000000e4a00000, 0x00000000e4900000| Complete 
|  74|0x00000000e4a00000, 0x00000000e4b00000, 0x00000000e4b00000|100%|HC|  |TAMS 0x00000000e4b00000, 0x00000000e4a00000| Complete 
|  75|0x00000000e4b00000, 0x00000000e4c00000, 0x00000000e4c00000|100%|HC|  |TAMS 0x00000000e4c00000, 0x00000000e4b00000| Complete 
|  76|0x00000000e4c00000, 0x00000000e4d00000, 0x00000000e4d00000|100%|HC|  |TAMS 0x00000000e4d00000, 0x00000000e4c00000| Complete 
|  77|0x00000000e4d00000, 0x00000000e4e00000, 0x00000000e4e00000|100%|HS|  |TAMS 0x00000000e4e00000, 0x00000000e4d00000| Complete 
|  78|0x00000000e4e00000, 0x00000000e4f00000, 0x00000000e4f00000|100%| O|  |TAMS 0x00000000e4f00000, 0x00000000e4e00000| Untracked 
|  79|0x00000000e4f00000, 0x00000000e5000000, 0x00000000e5000000|100%| O|  |TAMS 0x00000000e5000000, 0x00000000e4f00000| Untracked 
|  80|0x00000000e5000000, 0x00000000e5100000, 0x00000000e5100000|100%| O|  |TAMS 0x00000000e5100000, 0x00000000e5000000| Untracked 
|  81|0x00000000e5100000, 0x00000000e5200000, 0x00000000e5200000|100%| O|  |TAMS 0x00000000e5200000, 0x00000000e5100000| Untracked 
|  82|0x00000000e5200000, 0x00000000e5300000, 0x00000000e5300000|100%| O|  |TAMS 0x00000000e5300000, 0x00000000e5200000| Untracked 
|  83|0x00000000e5300000, 0x00000000e5400000, 0x00000000e5400000|100%| O|  |TAMS 0x00000000e5300000, 0x00000000e5300000| Untracked 
|  84|0x00000000e5400000, 0x00000000e5500000, 0x00000000e5500000|100%| O|  |TAMS 0x00000000e5400000, 0x00000000e5400000| Untracked 
|  85|0x00000000e5500000, 0x00000000e5600000, 0x00000000e5600000|100%| O|  |TAMS 0x00000000e5500000, 0x00000000e5500000| Untracked 
|  86|0x00000000e5600000, 0x00000000e5700000, 0x00000000e5700000|100%| O|  |TAMS 0x00000000e5600000, 0x00000000e5600000| Untracked 
|  87|0x00000000e5700000, 0x00000000e5800000, 0x00000000e5800000|100%| O|  |TAMS 0x00000000e5700000, 0x00000000e5700000| Untracked 
|  88|0x00000000e5800000, 0x00000000e5900000, 0x00000000e5900000|100%| O|  |TAMS 0x00000000e5800000, 0x00000000e5800000| Untracked 
|  89|0x00000000e5900000, 0x00000000e5a00000, 0x00000000e5a00000|100%| O|  |TAMS 0x00000000e5900000, 0x00000000e5900000| Untracked 
|  90|0x00000000e5a00000, 0x00000000e5b00000, 0x00000000e5b00000|100%| O|  |TAMS 0x00000000e5a00000, 0x00000000e5a00000| Untracked 
|  91|0x00000000e5b00000, 0x00000000e5c00000, 0x00000000e5c00000|100%| O|  |TAMS 0x00000000e5b00000, 0x00000000e5b00000| Untracked 
|  92|0x00000000e5c00000, 0x00000000e5d00000, 0x00000000e5d00000|100%| O|  |TAMS 0x00000000e5c00000, 0x00000000e5c00000| Untracked 
|  93|0x00000000e5d00000, 0x00000000e5e00000, 0x00000000e5e00000|100%| O|  |TAMS 0x00000000e5d00000, 0x00000000e5d00000| Untracked 
|  94|0x00000000e5e00000, 0x00000000e5f00000, 0x00000000e5f00000|100%| O|  |TAMS 0x00000000e5e00000, 0x00000000e5e00000| Untracked 
|  95|0x00000000e5f00000, 0x00000000e6000000, 0x00000000e6000000|100%| O|  |TAMS 0x00000000e5f00000, 0x00000000e5f00000| Untracked 
|  96|0x00000000e6000000, 0x00000000e6100000, 0x00000000e6100000|100%| O|  |TAMS 0x00000000e6000000, 0x00000000e6000000| Untracked 
|  97|0x00000000e6100000, 0x00000000e6100000, 0x00000000e6200000|  0%| F|  |TAMS 0x00000000e6100000, 0x00000000e6100000| Untracked 
|  98|0x00000000e6200000, 0x00000000e6300000, 0x00000000e6300000|100%| O|  |TAMS 0x00000000e6200000, 0x00000000e6200000| Untracked 
|  99|0x00000000e6300000, 0x00000000e6400000, 0x00000000e6400000|100%| O|  |TAMS 0x00000000e6300000, 0x00000000e6300000| Untracked 
| 100|0x00000000e6400000, 0x00000000e6500000, 0x00000000e6500000|100%| O|  |TAMS 0x00000000e6400000, 0x00000000e6400000| Untracked 
| 101|0x00000000e6500000, 0x00000000e6600000, 0x00000000e6600000|100%| O|  |TAMS 0x00000000e6500000, 0x00000000e6500000| Untracked 
| 102|0x00000000e6600000, 0x00000000e6700000, 0x00000000e6700000|100%| O|  |TAMS 0x00000000e6600000, 0x00000000e6600000| Untracked 
| 103|0x00000000e6700000, 0x00000000e6800000, 0x00000000e6800000|100%| O|  |TAMS 0x00000000e6800000, 0x00000000e6700000| Untracked 
| 104|0x00000000e6800000, 0x00000000e6900000, 0x00000000e6900000|100%| O|  |TAMS 0x00000000e6900000, 0x00000000e6800000| Untracked 
| 105|0x00000000e6900000, 0x00000000e6a00000, 0x00000000e6a00000|100%| O|  |TAMS 0x00000000e6a00000, 0x00000000e6900000| Untracked 
| 106|0x00000000e6a00000, 0x00000000e6b00000, 0x00000000e6b00000|100%| O|  |TAMS 0x00000000e6b00000, 0x00000000e6a00000| Untracked 
| 107|0x00000000e6b00000, 0x00000000e6c00000, 0x00000000e6c00000|100%| O|  |TAMS 0x00000000e6c00000, 0x00000000e6b00000| Untracked 
| 108|0x00000000e6c00000, 0x00000000e6d00000, 0x00000000e6d00000|100%| O|  |TAMS 0x00000000e6d00000, 0x00000000e6c00000| Untracked 
| 109|0x00000000e6d00000, 0x00000000e6e00000, 0x00000000e6e00000|100%| O|  |TAMS 0x00000000e6e00000, 0x00000000e6d00000| Untracked 
| 110|0x00000000e6e00000, 0x00000000e6f00000, 0x00000000e6f00000|100%| O|  |TAMS 0x00000000e6f00000, 0x00000000e6e00000| Untracked 
| 111|0x00000000e6f00000, 0x00000000e7000000, 0x00000000e7000000|100%| O|  |TAMS 0x00000000e7000000, 0x00000000e6f00000| Untracked 
| 112|0x00000000e7000000, 0x00000000e7100000, 0x00000000e7100000|100%| O|  |TAMS 0x00000000e7100000, 0x00000000e7000000| Untracked 
| 113|0x00000000e7100000, 0x00000000e7200000, 0x00000000e7200000|100%| O|  |TAMS 0x00000000e7200000, 0x00000000e7100000| Untracked 
| 114|0x00000000e7200000, 0x00000000e7300000, 0x00000000e7300000|100%| O|  |TAMS 0x00000000e7300000, 0x00000000e7200000| Untracked 
| 115|0x00000000e7300000, 0x00000000e7400000, 0x00000000e7400000|100%| O|  |TAMS 0x00000000e7400000, 0x00000000e7300000| Untracked 
| 116|0x00000000e7400000, 0x00000000e7500000, 0x00000000e7500000|100%| O|  |TAMS 0x00000000e7500000, 0x00000000e7400000| Untracked 
| 117|0x00000000e7500000, 0x00000000e7600000, 0x00000000e7600000|100%| O|  |TAMS 0x00000000e7500000, 0x00000000e7500000| Untracked 
| 118|0x00000000e7600000, 0x00000000e7700000, 0x00000000e7700000|100%| O|  |TAMS 0x00000000e7600000, 0x00000000e7600000| Untracked 
| 119|0x00000000e7700000, 0x00000000e7800000, 0x00000000e7800000|100%| O|  |TAMS 0x00000000e7700000, 0x00000000e7700000| Untracked 
| 120|0x00000000e7800000, 0x00000000e7900000, 0x00000000e7900000|100%| O|  |TAMS 0x00000000e7800000, 0x00000000e7800000| Untracked 
| 121|0x00000000e7900000, 0x00000000e7a00000, 0x00000000e7a00000|100%| O|  |TAMS 0x00000000e7900000, 0x00000000e7900000| Untracked 
| 122|0x00000000e7a00000, 0x00000000e7b00000, 0x00000000e7b00000|100%| O|  |TAMS 0x00000000e7a00000, 0x00000000e7a00000| Untracked 
| 123|0x00000000e7b00000, 0x00000000e7c00000, 0x00000000e7c00000|100%| O|  |TAMS 0x00000000e7b00000, 0x00000000e7b00000| Untracked 
| 124|0x00000000e7c00000, 0x00000000e7d00000, 0x00000000e7d00000|100%| O|  |TAMS 0x00000000e7c00000, 0x00000000e7c00000| Untracked 
| 125|0x00000000e7d00000, 0x00000000e7d3da00, 0x00000000e7e00000| 24%| O|  |TAMS 0x00000000e7d00000, 0x00000000e7d00000| Untracked 
| 126|0x00000000e7e00000, 0x00000000e7e00000, 0x00000000e7f00000|  0%| F|  |TAMS 0x00000000e7e00000, 0x00000000e7e00000| Untracked 
| 127|0x00000000e7f00000, 0x00000000e7f00000, 0x00000000e8000000|  0%| F|  |TAMS 0x00000000e7f00000, 0x00000000e7f00000| Untracked 
| 128|0x00000000e8000000, 0x00000000e8000000, 0x00000000e8100000|  0%| F|  |TAMS 0x00000000e8000000, 0x00000000e8000000| Untracked 
| 129|0x00000000e8100000, 0x00000000e8100000, 0x00000000e8200000|  0%| F|  |TAMS 0x00000000e8100000, 0x00000000e8100000| Untracked 
| 130|0x00000000e8200000, 0x00000000e8200000, 0x00000000e8300000|  0%| F|  |TAMS 0x00000000e8200000, 0x00000000e8200000| Untracked 
| 131|0x00000000e8300000, 0x00000000e8300000, 0x00000000e8400000|  0%| F|  |TAMS 0x00000000e8300000, 0x00000000e8300000| Untracked 
| 132|0x00000000e8400000, 0x00000000e8400000, 0x00000000e8500000|  0%| F|  |TAMS 0x00000000e8400000, 0x00000000e8400000| Untracked 
| 133|0x00000000e8500000, 0x00000000e8500000, 0x00000000e8600000|  0%| F|  |TAMS 0x00000000e8500000, 0x00000000e8500000| Untracked 
| 134|0x00000000e8600000, 0x00000000e8600000, 0x00000000e8700000|  0%| F|  |TAMS 0x00000000e8600000, 0x00000000e8600000| Untracked 
| 135|0x00000000e8700000, 0x00000000e8700000, 0x00000000e8800000|  0%| F|  |TAMS 0x00000000e8700000, 0x00000000e8700000| Untracked 
| 136|0x00000000e8800000, 0x00000000e8800000, 0x00000000e8900000|  0%| F|  |TAMS 0x00000000e8800000, 0x00000000e8800000| Untracked 
| 137|0x00000000e8900000, 0x00000000e8900000, 0x00000000e8a00000|  0%| F|  |TAMS 0x00000000e8900000, 0x00000000e8900000| Untracked 
| 138|0x00000000e8a00000, 0x00000000e8a00000, 0x00000000e8b00000|  0%| F|  |TAMS 0x00000000e8a00000, 0x00000000e8a00000| Untracked 
| 139|0x00000000e8b00000, 0x00000000e8b00000, 0x00000000e8c00000|  0%| F|  |TAMS 0x00000000e8b00000, 0x00000000e8b00000| Untracked 
| 140|0x00000000e8c00000, 0x00000000e8c00000, 0x00000000e8d00000|  0%| F|  |TAMS 0x00000000e8c00000, 0x00000000e8c00000| Untracked 
| 141|0x00000000e8d00000, 0x00000000e8d00000, 0x00000000e8e00000|  0%| F|  |TAMS 0x00000000e8d00000, 0x00000000e8d00000| Untracked 
| 142|0x00000000e8e00000, 0x00000000e8e00000, 0x00000000e8f00000|  0%| F|  |TAMS 0x00000000e8e00000, 0x00000000e8e00000| Untracked 
| 143|0x00000000e8f00000, 0x00000000e8f00000, 0x00000000e9000000|  0%| F|  |TAMS 0x00000000e8f00000, 0x00000000e8f00000| Untracked 
| 144|0x00000000e9000000, 0x00000000e9000000, 0x00000000e9100000|  0%| F|  |TAMS 0x00000000e9000000, 0x00000000e9000000| Untracked 
| 145|0x00000000e9100000, 0x00000000e9100000, 0x00000000e9200000|  0%| F|  |TAMS 0x00000000e9100000, 0x00000000e9100000| Untracked 
| 146|0x00000000e9200000, 0x00000000e9200000, 0x00000000e9300000|  0%| F|  |TAMS 0x00000000e9200000, 0x00000000e9200000| Untracked 
| 147|0x00000000e9300000, 0x00000000e9300000, 0x00000000e9400000|  0%| F|  |TAMS 0x00000000e9300000, 0x00000000e9300000| Untracked 
| 148|0x00000000e9400000, 0x00000000e9400000, 0x00000000e9500000|  0%| F|  |TAMS 0x00000000e9400000, 0x00000000e9400000| Untracked 
| 149|0x00000000e9500000, 0x00000000e9500000, 0x00000000e9600000|  0%| F|  |TAMS 0x00000000e9500000, 0x00000000e9500000| Untracked 
| 150|0x00000000e9600000, 0x00000000e9600000, 0x00000000e9700000|  0%| F|  |TAMS 0x00000000e9600000, 0x00000000e9600000| Untracked 
| 151|0x00000000e9700000, 0x00000000e9700000, 0x00000000e9800000|  0%| F|  |TAMS 0x00000000e9700000, 0x00000000e9700000| Untracked 
| 152|0x00000000e9800000, 0x00000000e9800000, 0x00000000e9900000|  0%| F|  |TAMS 0x00000000e9800000, 0x00000000e9800000| Untracked 
| 153|0x00000000e9900000, 0x00000000e9900000, 0x00000000e9a00000|  0%| F|  |TAMS 0x00000000e9900000, 0x00000000e9900000| Untracked 
| 154|0x00000000e9a00000, 0x00000000e9a00000, 0x00000000e9b00000|  0%| F|  |TAMS 0x00000000e9a00000, 0x00000000e9a00000| Untracked 
| 155|0x00000000e9b00000, 0x00000000e9b00000, 0x00000000e9c00000|  0%| F|  |TAMS 0x00000000e9b00000, 0x00000000e9b00000| Untracked 
| 156|0x00000000e9c00000, 0x00000000e9c00000, 0x00000000e9d00000|  0%| F|  |TAMS 0x00000000e9c00000, 0x00000000e9c00000| Untracked 
| 157|0x00000000e9d00000, 0x00000000e9d00000, 0x00000000e9e00000|  0%| F|  |TAMS 0x00000000e9d00000, 0x00000000e9d00000| Untracked 
| 158|0x00000000e9e00000, 0x00000000e9e00000, 0x00000000e9f00000|  0%| F|  |TAMS 0x00000000e9e00000, 0x00000000e9e00000| Untracked 
| 159|0x00000000e9f00000, 0x00000000e9f00000, 0x00000000ea000000|  0%| F|  |TAMS 0x00000000e9f00000, 0x00000000e9f00000| Untracked 
| 160|0x00000000ea000000, 0x00000000ea000000, 0x00000000ea100000|  0%| F|  |TAMS 0x00000000ea000000, 0x00000000ea000000| Untracked 
| 161|0x00000000ea100000, 0x00000000ea100000, 0x00000000ea200000|  0%| F|  |TAMS 0x00000000ea100000, 0x00000000ea100000| Untracked 
| 162|0x00000000ea200000, 0x00000000ea200000, 0x00000000ea300000|  0%| F|  |TAMS 0x00000000ea200000, 0x00000000ea200000| Untracked 
| 163|0x00000000ea300000, 0x00000000ea300000, 0x00000000ea400000|  0%| F|  |TAMS 0x00000000ea300000, 0x00000000ea300000| Untracked 
| 164|0x00000000ea400000, 0x00000000ea480000, 0x00000000ea500000| 50%| S|CS|TAMS 0x00000000ea400000, 0x00000000ea400000| Complete 
| 165|0x00000000ea500000, 0x00000000ea600000, 0x00000000ea600000|100%| S|CS|TAMS 0x00000000ea500000, 0x00000000ea500000| Complete 
| 166|0x00000000ea600000, 0x00000000ea700000, 0x00000000ea700000|100%| S|CS|TAMS 0x00000000ea600000, 0x00000000ea600000| Complete 
| 167|0x00000000ea700000, 0x00000000ea800000, 0x00000000ea800000|100%| S|CS|TAMS 0x00000000ea700000, 0x00000000ea700000| Complete 
| 168|0x00000000ea800000, 0x00000000ea900000, 0x00000000ea900000|100%| S|CS|TAMS 0x00000000ea800000, 0x00000000ea800000| Complete 
| 169|0x00000000ea900000, 0x00000000eaa00000, 0x00000000eaa00000|100%| S|CS|TAMS 0x00000000ea900000, 0x00000000ea900000| Complete 
| 170|0x00000000eaa00000, 0x00000000eab00000, 0x00000000eab00000|100%| S|CS|TAMS 0x00000000eaa00000, 0x00000000eaa00000| Complete 
| 171|0x00000000eab00000, 0x00000000eac00000, 0x00000000eac00000|100%| S|CS|TAMS 0x00000000eab00000, 0x00000000eab00000| Complete 
| 172|0x00000000eac00000, 0x00000000eac00000, 0x00000000ead00000|  0%| F|  |TAMS 0x00000000eac00000, 0x00000000eac00000| Untracked 
| 173|0x00000000ead00000, 0x00000000ead00000, 0x00000000eae00000|  0%| F|  |TAMS 0x00000000ead00000, 0x00000000ead00000| Untracked 
| 174|0x00000000eae00000, 0x00000000eae00000, 0x00000000eaf00000|  0%| F|  |TAMS 0x00000000eae00000, 0x00000000eae00000| Untracked 
| 175|0x00000000eaf00000, 0x00000000eaf00000, 0x00000000eb000000|  0%| F|  |TAMS 0x00000000eaf00000, 0x00000000eaf00000| Untracked 
| 176|0x00000000eb000000, 0x00000000eb000000, 0x00000000eb100000|  0%| F|  |TAMS 0x00000000eb000000, 0x00000000eb000000| Untracked 
| 177|0x00000000eb100000, 0x00000000eb100000, 0x00000000eb200000|  0%| F|  |TAMS 0x00000000eb100000, 0x00000000eb100000| Untracked 
| 178|0x00000000eb200000, 0x00000000eb200000, 0x00000000eb300000|  0%| F|  |TAMS 0x00000000eb200000, 0x00000000eb200000| Untracked 
| 179|0x00000000eb300000, 0x00000000eb300000, 0x00000000eb400000|  0%| F|  |TAMS 0x00000000eb300000, 0x00000000eb300000| Untracked 
| 180|0x00000000eb400000, 0x00000000eb400000, 0x00000000eb500000|  0%| F|  |TAMS 0x00000000eb400000, 0x00000000eb400000| Untracked 
| 181|0x00000000eb500000, 0x00000000eb500000, 0x00000000eb600000|  0%| F|  |TAMS 0x00000000eb500000, 0x00000000eb500000| Untracked 
| 182|0x00000000eb600000, 0x00000000eb600000, 0x00000000eb700000|  0%| F|  |TAMS 0x00000000eb600000, 0x00000000eb600000| Untracked 
| 183|0x00000000eb700000, 0x00000000eb700000, 0x00000000eb800000|  0%| F|  |TAMS 0x00000000eb700000, 0x00000000eb700000| Untracked 
| 184|0x00000000eb800000, 0x00000000eb800000, 0x00000000eb900000|  0%| F|  |TAMS 0x00000000eb800000, 0x00000000eb800000| Untracked 
| 185|0x00000000eb900000, 0x00000000eb900000, 0x00000000eba00000|  0%| F|  |TAMS 0x00000000eb900000, 0x00000000eb900000| Untracked 
| 186|0x00000000eba00000, 0x00000000eba00000, 0x00000000ebb00000|  0%| F|  |TAMS 0x00000000eba00000, 0x00000000eba00000| Untracked 
| 187|0x00000000ebb00000, 0x00000000ebb00000, 0x00000000ebc00000|  0%| F|  |TAMS 0x00000000ebb00000, 0x00000000ebb00000| Untracked 
| 188|0x00000000ebc00000, 0x00000000ebc00000, 0x00000000ebd00000|  0%| F|  |TAMS 0x00000000ebc00000, 0x00000000ebc00000| Untracked 
| 189|0x00000000ebd00000, 0x00000000ebd00000, 0x00000000ebe00000|  0%| F|  |TAMS 0x00000000ebd00000, 0x00000000ebd00000| Untracked 
| 190|0x00000000ebe00000, 0x00000000ebe00000, 0x00000000ebf00000|  0%| F|  |TAMS 0x00000000ebe00000, 0x00000000ebe00000| Untracked 
| 191|0x00000000ebf00000, 0x00000000ebf00000, 0x00000000ec000000|  0%| F|  |TAMS 0x00000000ebf00000, 0x00000000ebf00000| Untracked 
| 192|0x00000000ec000000, 0x00000000ec000000, 0x00000000ec100000|  0%| F|  |TAMS 0x00000000ec000000, 0x00000000ec000000| Untracked 
| 193|0x00000000ec100000, 0x00000000ec100000, 0x00000000ec200000|  0%| F|  |TAMS 0x00000000ec100000, 0x00000000ec100000| Untracked 
| 194|0x00000000ec200000, 0x00000000ec200000, 0x00000000ec300000|  0%| F|  |TAMS 0x00000000ec200000, 0x00000000ec200000| Untracked 
| 195|0x00000000ec300000, 0x00000000ec300000, 0x00000000ec400000|  0%| F|  |TAMS 0x00000000ec300000, 0x00000000ec300000| Untracked 
| 196|0x00000000ec400000, 0x00000000ec400000, 0x00000000ec500000|  0%| F|  |TAMS 0x00000000ec400000, 0x00000000ec400000| Untracked 
| 197|0x00000000ec500000, 0x00000000ec500000, 0x00000000ec600000|  0%| F|  |TAMS 0x00000000ec500000, 0x00000000ec500000| Untracked 
| 198|0x00000000ec600000, 0x00000000ec600000, 0x00000000ec700000|  0%| F|  |TAMS 0x00000000ec600000, 0x00000000ec600000| Untracked 
| 199|0x00000000ec700000, 0x00000000ec700000, 0x00000000ec800000|  0%| F|  |TAMS 0x00000000ec700000, 0x00000000ec700000| Untracked 
| 200|0x00000000ec800000, 0x00000000ec800000, 0x00000000ec900000|  0%| F|  |TAMS 0x00000000ec800000, 0x00000000ec800000| Untracked 
| 201|0x00000000ec900000, 0x00000000ec900000, 0x00000000eca00000|  0%| F|  |TAMS 0x00000000ec900000, 0x00000000ec900000| Untracked 
| 202|0x00000000eca00000, 0x00000000eca00000, 0x00000000ecb00000|  0%| F|  |TAMS 0x00000000eca00000, 0x00000000eca00000| Untracked 
| 203|0x00000000ecb00000, 0x00000000ecb00000, 0x00000000ecc00000|  0%| F|  |TAMS 0x00000000ecb00000, 0x00000000ecb00000| Untracked 
| 204|0x00000000ecc00000, 0x00000000ecc00000, 0x00000000ecd00000|  0%| F|  |TAMS 0x00000000ecc00000, 0x00000000ecc00000| Untracked 
| 205|0x00000000ecd00000, 0x00000000ecd00000, 0x00000000ece00000|  0%| F|  |TAMS 0x00000000ecd00000, 0x00000000ecd00000| Untracked 
| 206|0x00000000ece00000, 0x00000000ece00000, 0x00000000ecf00000|  0%| F|  |TAMS 0x00000000ece00000, 0x00000000ece00000| Untracked 
| 207|0x00000000ecf00000, 0x00000000ecf00000, 0x00000000ed000000|  0%| F|  |TAMS 0x00000000ecf00000, 0x00000000ecf00000| Untracked 
| 208|0x00000000ed000000, 0x00000000ed000000, 0x00000000ed100000|  0%| F|  |TAMS 0x00000000ed000000, 0x00000000ed000000| Untracked 
| 209|0x00000000ed100000, 0x00000000ed100000, 0x00000000ed200000|  0%| F|  |TAMS 0x00000000ed100000, 0x00000000ed100000| Untracked 
| 210|0x00000000ed200000, 0x00000000ed200000, 0x00000000ed300000|  0%| F|  |TAMS 0x00000000ed200000, 0x00000000ed200000| Untracked 
| 211|0x00000000ed300000, 0x00000000ed300000, 0x00000000ed400000|  0%| F|  |TAMS 0x00000000ed300000, 0x00000000ed300000| Untracked 
| 212|0x00000000ed400000, 0x00000000ed400000, 0x00000000ed500000|  0%| F|  |TAMS 0x00000000ed400000, 0x00000000ed400000| Untracked 
| 213|0x00000000ed500000, 0x00000000ed500000, 0x00000000ed600000|  0%| F|  |TAMS 0x00000000ed500000, 0x00000000ed500000| Untracked 
| 214|0x00000000ed600000, 0x00000000ed600000, 0x00000000ed700000|  0%| F|  |TAMS 0x00000000ed600000, 0x00000000ed600000| Untracked 
| 215|0x00000000ed700000, 0x00000000ed700000, 0x00000000ed800000|  0%| F|  |TAMS 0x00000000ed700000, 0x00000000ed700000| Untracked 
| 216|0x00000000ed800000, 0x00000000ed800000, 0x00000000ed900000|  0%| F|  |TAMS 0x00000000ed800000, 0x00000000ed800000| Untracked 
| 217|0x00000000ed900000, 0x00000000ed900000, 0x00000000eda00000|  0%| F|  |TAMS 0x00000000ed900000, 0x00000000ed900000| Untracked 
| 218|0x00000000eda00000, 0x00000000eda00000, 0x00000000edb00000|  0%| F|  |TAMS 0x00000000eda00000, 0x00000000eda00000| Untracked 
| 219|0x00000000edb00000, 0x00000000edb00000, 0x00000000edc00000|  0%| F|  |TAMS 0x00000000edb00000, 0x00000000edb00000| Untracked 
| 220|0x00000000edc00000, 0x00000000edc00000, 0x00000000edd00000|  0%| F|  |TAMS 0x00000000edc00000, 0x00000000edc00000| Untracked 
| 221|0x00000000edd00000, 0x00000000edd00000, 0x00000000ede00000|  0%| F|  |TAMS 0x00000000edd00000, 0x00000000edd00000| Untracked 
| 222|0x00000000ede00000, 0x00000000ede00000, 0x00000000edf00000|  0%| F|  |TAMS 0x00000000ede00000, 0x00000000ede00000| Untracked 
| 223|0x00000000edf00000, 0x00000000edf00000, 0x00000000ee000000|  0%| F|  |TAMS 0x00000000edf00000, 0x00000000edf00000| Untracked 
| 224|0x00000000ee000000, 0x00000000ee000000, 0x00000000ee100000|  0%| F|  |TAMS 0x00000000ee000000, 0x00000000ee000000| Untracked 
| 225|0x00000000ee100000, 0x00000000ee100000, 0x00000000ee200000|  0%| F|  |TAMS 0x00000000ee100000, 0x00000000ee100000| Untracked 
| 226|0x00000000ee200000, 0x00000000ee200000, 0x00000000ee300000|  0%| F|  |TAMS 0x00000000ee200000, 0x00000000ee200000| Untracked 
| 227|0x00000000ee300000, 0x00000000ee300000, 0x00000000ee400000|  0%| F|  |TAMS 0x00000000ee300000, 0x00000000ee300000| Untracked 
| 228|0x00000000ee400000, 0x00000000ee400000, 0x00000000ee500000|  0%| F|  |TAMS 0x00000000ee400000, 0x00000000ee400000| Untracked 
| 229|0x00000000ee500000, 0x00000000ee500000, 0x00000000ee600000|  0%| F|  |TAMS 0x00000000ee500000, 0x00000000ee500000| Untracked 
| 230|0x00000000ee600000, 0x00000000ee600000, 0x00000000ee700000|  0%| F|  |TAMS 0x00000000ee600000, 0x00000000ee600000| Untracked 
| 231|0x00000000ee700000, 0x00000000ee700000, 0x00000000ee800000|  0%| F|  |TAMS 0x00000000ee700000, 0x00000000ee700000| Untracked 
| 232|0x00000000ee800000, 0x00000000ee800000, 0x00000000ee900000|  0%| F|  |TAMS 0x00000000ee800000, 0x00000000ee800000| Untracked 
| 233|0x00000000ee900000, 0x00000000ee981e50, 0x00000000eea00000| 50%| E|  |TAMS 0x00000000ee900000, 0x00000000ee900000| Complete 
| 234|0x00000000eea00000, 0x00000000eeb00000, 0x00000000eeb00000|100%| E|CS|TAMS 0x00000000eea00000, 0x00000000eea00000| Complete 
| 235|0x00000000eeb00000, 0x00000000eec00000, 0x00000000eec00000|100%| E|CS|TAMS 0x00000000eeb00000, 0x00000000eeb00000| Complete 
| 236|0x00000000eec00000, 0x00000000eed00000, 0x00000000eed00000|100%| E|CS|TAMS 0x00000000eec00000, 0x00000000eec00000| Complete 
| 237|0x00000000eed00000, 0x00000000eee00000, 0x00000000eee00000|100%| E|CS|TAMS 0x00000000eed00000, 0x00000000eed00000| Complete 
| 238|0x00000000eee00000, 0x00000000eef00000, 0x00000000eef00000|100%| E|CS|TAMS 0x00000000eee00000, 0x00000000eee00000| Complete 
| 239|0x00000000eef00000, 0x00000000ef000000, 0x00000000ef000000|100%| E|CS|TAMS 0x00000000eef00000, 0x00000000eef00000| Complete 
| 240|0x00000000ef000000, 0x00000000ef100000, 0x00000000ef100000|100%| E|CS|TAMS 0x00000000ef000000, 0x00000000ef000000| Complete 
| 241|0x00000000ef100000, 0x00000000ef200000, 0x00000000ef200000|100%| E|CS|TAMS 0x00000000ef100000, 0x00000000ef100000| Complete 
| 242|0x00000000ef200000, 0x00000000ef300000, 0x00000000ef300000|100%| E|CS|TAMS 0x00000000ef200000, 0x00000000ef200000| Complete 
| 243|0x00000000ef300000, 0x00000000ef400000, 0x00000000ef400000|100%| E|CS|TAMS 0x00000000ef300000, 0x00000000ef300000| Complete 
| 244|0x00000000ef400000, 0x00000000ef500000, 0x00000000ef500000|100%| E|CS|TAMS 0x00000000ef400000, 0x00000000ef400000| Complete 
| 245|0x00000000ef500000, 0x00000000ef600000, 0x00000000ef600000|100%| E|CS|TAMS 0x00000000ef500000, 0x00000000ef500000| Complete 
| 246|0x00000000ef600000, 0x00000000ef700000, 0x00000000ef700000|100%| E|CS|TAMS 0x00000000ef600000, 0x00000000ef600000| Complete 
| 247|0x00000000ef700000, 0x00000000ef800000, 0x00000000ef800000|100%| E|CS|TAMS 0x00000000ef700000, 0x00000000ef700000| Complete 
| 248|0x00000000ef800000, 0x00000000ef900000, 0x00000000ef900000|100%| E|CS|TAMS 0x00000000ef800000, 0x00000000ef800000| Complete 
| 249|0x00000000ef900000, 0x00000000efa00000, 0x00000000efa00000|100%| E|CS|TAMS 0x00000000ef900000, 0x00000000ef900000| Complete 
| 250|0x00000000efa00000, 0x00000000efb00000, 0x00000000efb00000|100%| E|CS|TAMS 0x00000000efa00000, 0x00000000efa00000| Complete 
| 251|0x00000000efb00000, 0x00000000efc00000, 0x00000000efc00000|100%| E|CS|TAMS 0x00000000efb00000, 0x00000000efb00000| Complete 
| 252|0x00000000efc00000, 0x00000000efd00000, 0x00000000efd00000|100%| E|CS|TAMS 0x00000000efc00000, 0x00000000efc00000| Complete 
| 253|0x00000000efd00000, 0x00000000efe00000, 0x00000000efe00000|100%| E|CS|TAMS 0x00000000efd00000, 0x00000000efd00000| Complete 
| 254|0x00000000efe00000, 0x00000000eff00000, 0x00000000eff00000|100%| E|CS|TAMS 0x00000000efe00000, 0x00000000efe00000| Complete 
| 255|0x00000000eff00000, 0x00000000f0000000, 0x00000000f0000000|100%| E|CS|TAMS 0x00000000eff00000, 0x00000000eff00000| Complete 

Card table byte_map: [0x0000015966860000,0x0000015966960000] _byte_map_base: 0x0000015966160000

Marking Bits (Prev, Next): (CMBitMap*) 0x000001594fd72240, (CMBitMap*) 0x000001594fd72200
 Prev Bits: [0x0000015967260000, 0x0000015967a60000)
 Next Bits: [0x0000015966a60000, 0x0000015967260000)

Polling page: 0x000001594dcb0000

Metaspace:

Usage:
  Non-class:     56.27 MB used.
      Class:      8.77 MB used.
       Both:     65.05 MB used.

Virtual space:
  Non-class space:       64.00 MB reserved,      56.69 MB ( 89%) committed,  1 nodes.
      Class space:      208.00 MB reserved,       9.13 MB (  4%) committed,  1 nodes.
             Both:      272.00 MB reserved,      65.81 MB ( 24%) committed. 

Chunk freelists:
   Non-Class:  7.22 MB
       Class:  6.89 MB
        Both:  14.11 MB

MaxMetaspaceSize: 256.00 MB
CompressedClassSpaceSize: 208.00 MB
Initial GC threshold: 21.00 MB
Current GC threshold: 98.56 MB
CDS: on
MetaspaceReclaimPolicy: balanced
 - commit_granule_bytes: 65536.
 - commit_granule_words: 8192.
 - virtual_space_node_default_size: 8388608.
 - enlarge_chunks_in_place: 1.
 - new_chunks_are_fully_committed: 0.
 - uncommit_free_chunks: 1.
 - use_allocation_guard: 0.
 - handle_deallocations: 1.


Internal statistics:

num_allocs_failed_limit: 9.
num_arena_births: 856.
num_arena_deaths: 4.
num_vsnodes_births: 2.
num_vsnodes_deaths: 0.
num_space_committed: 1053.
num_space_uncommitted: 0.
num_chunks_returned_to_freelist: 15.
num_chunks_taken_from_freelist: 3698.
num_chunk_merges: 6.
num_chunk_splits: 2352.
num_chunks_enlarged: 1452.
num_inconsistent_stats: 0.

CodeHeap 'non-profiled nmethods': size=120000Kb used=6697Kb max_used=6697Kb free=113303Kb
 bounds [0x000001595f330000, 0x000001595f9c0000, 0x0000015966860000]
CodeHeap 'profiled nmethods': size=120000Kb used=20681Kb max_used=20681Kb free=99318Kb
 bounds [0x0000015957860000, 0x0000015958ca0000, 0x000001595ed90000]
CodeHeap 'non-nmethods': size=5760Kb used=2353Kb max_used=2434Kb free=3407Kb
 bounds [0x000001595ed90000, 0x000001595f010000, 0x000001595f330000]
 total_blobs=11154 nmethods=10272 adapters=794
 compilation: enabled
              stopped_count=0, restarted_count=0
 full_count=0

Compilation events (20 events):
Event: 137.552 Thread 0x000001596a0240c0 nmethod 11602 0x000001595f9a7a90 code [0x000001595f9a83a0, 0x000001595f9b1de0]
Event: 137.552 Thread 0x000001596a0240c0 11625  s    4       java.util.Hashtable::put (104 bytes)
Event: 137.569 Thread 0x000001596a0240c0 nmethod 11625 0x000001595f9b6690 code [0x000001595f9b6860, 0x000001595f9b7548]
Event: 137.569 Thread 0x000001596a0240c0 11646       4       com.esotericsoftware.kryo.io.Input::readVarInt (192 bytes)
Event: 137.574 Thread 0x000001596a0240c0 nmethod 11646 0x000001595f9b7b10 code [0x000001595f9b7cc0, 0x000001595f9b8268]
Event: 137.574 Thread 0x000001596a0240c0 11603       4       java.util.Hashtable$Enumerator::hasMoreElements (53 bytes)
Event: 137.578 Thread 0x000001596a0240c0 nmethod 11603 0x000001595f9b8690 code [0x000001595f9b8800, 0x000001595f9b8ab8]
Event: 137.578 Thread 0x000001596a0240c0 11567       4       groovy.lang.MetaClassImpl::isGenericGetMethod (44 bytes)
Event: 137.580 Thread 0x000001596a0240c0 nmethod 11567 0x000001595f9b8b90 code [0x000001595f9b8d20, 0x000001595f9b8f68]
Event: 137.580 Thread 0x000001596a0240c0 11645   !   4       org.gradle.internal.serialize.kryo.StringDeduplicatingKryoBackedDecoder::readSmallInt (16 bytes)
Event: 137.586 Thread 0x000001596a0240c0 nmethod 11645 0x000001595f9b9110 code [0x000001595f9b92e0, 0x000001595f9b9958]
Event: 137.586 Thread 0x000001596a0240c0 11619       4       java.util.Hashtable$Enumerator::hasNext (5 bytes)
Event: 137.590 Thread 0x000001596a0240c0 nmethod 11619 0x000001595f9b9e90 code [0x000001595f9ba000, 0x000001595f9ba2b8]
Event: 137.590 Thread 0x000001596a0240c0 11599   !   4       com.sun.beans.TypeResolver::resolve (261 bytes)
Event: 137.658 Thread 0x000001596a026b70 11694       3       org.jetbrains.plugins.gradle.tooling.util.ModuleComponentIdentifierImpl::getVersion (13 bytes)
Event: 137.658 Thread 0x000001596a026b70 nmethod 11694 0x0000015958c90b10 code [0x0000015958c90cc0, 0x0000015958c90e48]
Event: 137.659 Thread 0x000001596a026b70 11695       3       org.gradle.internal.component.external.model.maven.DefaultMavenModuleResolveMetadata::<init> (62 bytes)
Event: 137.659 Thread 0x000001596a026b70 nmethod 11695 0x0000015958c90f10 code [0x0000015958c91120, 0x0000015958c91ac8]
Event: 137.662 Thread 0x000001596a026b70 11696       3       com.esotericsoftware.kryo.io.Input::readUtf8Length_slow (163 bytes)
Event: 137.663 Thread 0x000001596a026b70 nmethod 11696 0x0000015958c91c90 code [0x0000015958c91e80, 0x0000015958c92318]

GC Heap History (20 events):
Event: 42.422 GC heap before
{Heap before GC invocations=5 (full 0):
 garbage-first heap   total 262144K, used 134056K [0x00000000e0000000, 0x0000000100000000)
  region size 1024K, 113 young (115712K), 14 survivors (14336K)
 Metaspace       used 35635K, committed 35968K, reserved 278528K
  class space    used 5057K, committed 5248K, reserved 212992K
}
Event: 42.446 GC heap after
{Heap after GC invocations=6 (full 0):
 garbage-first heap   total 262144K, used 42611K [0x00000000e0000000, 0x0000000100000000)
  region size 1024K, 9 young (9216K), 9 survivors (9216K)
 Metaspace       used 35635K, committed 35968K, reserved 278528K
  class space    used 5057K, committed 5248K, reserved 212992K
}
Event: 62.129 GC heap before
{Heap before GC invocations=7 (full 0):
 garbage-first heap   total 262144K, used 162419K [0x00000000e0000000, 0x0000000100000000)
  region size 1024K, 121 young (123904K), 9 survivors (9216K)
 Metaspace       used 41006K, committed 41472K, reserved 278528K
  class space    used 5716K, committed 5952K, reserved 212992K
}
Event: 62.146 GC heap after
{Heap after GC invocations=8 (full 0):
 garbage-first heap   total 262144K, used 49657K [0x00000000e0000000, 0x0000000100000000)
  region size 1024K, 13 young (13312K), 13 survivors (13312K)
 Metaspace       used 41006K, committed 41472K, reserved 278528K
  class space    used 5716K, committed 5952K, reserved 212992K
}
Event: 91.639 GC heap before
{Heap before GC invocations=8 (full 0):
 garbage-first heap   total 262144K, used 188921K [0x00000000e0000000, 0x0000000100000000)
  region size 1024K, 143 young (146432K), 13 survivors (13312K)
 Metaspace       used 41379K, committed 41920K, reserved 278528K
  class space    used 5758K, committed 6016K, reserved 212992K
}
Event: 91.653 GC heap after
{Heap after GC invocations=9 (full 0):
 garbage-first heap   total 262144K, used 54138K [0x00000000e0000000, 0x0000000100000000)
  region size 1024K, 6 young (6144K), 6 survivors (6144K)
 Metaspace       used 41379K, committed 41920K, reserved 278528K
  class space    used 5758K, committed 6016K, reserved 212992K
}
Event: 104.392 GC heap before
{Heap before GC invocations=9 (full 0):
 garbage-first heap   total 262144K, used 234362K [0x00000000e0000000, 0x0000000100000000)
  region size 1024K, 153 young (156672K), 6 survivors (6144K)
 Metaspace       used 54836K, committed 55552K, reserved 278528K
  class space    used 7716K, committed 8064K, reserved 212992K
}
Event: 104.410 GC heap after
{Heap after GC invocations=10 (full 0):
 garbage-first heap   total 262144K, used 99604K [0x00000000e0000000, 0x0000000100000000)
  region size 1024K, 20 young (20480K), 20 survivors (20480K)
 Metaspace       used 54836K, committed 55552K, reserved 278528K
  class space    used 7716K, committed 8064K, reserved 212992K
}
Event: 113.451 GC heap before
{Heap before GC invocations=10 (full 0):
 garbage-first heap   total 262144K, used 208148K [0x00000000e0000000, 0x0000000100000000)
  region size 1024K, 126 young (129024K), 20 survivors (20480K)
 Metaspace       used 59677K, committed 60352K, reserved 278528K
  class space    used 8237K, committed 8576K, reserved 212992K
}
Event: 113.478 GC heap after
{Heap after GC invocations=11 (full 0):
 garbage-first heap   total 262144K, used 108032K [0x00000000e0000000, 0x0000000100000000)
  region size 1024K, 9 young (9216K), 9 survivors (9216K)
 Metaspace       used 59677K, committed 60352K, reserved 278528K
  class space    used 8237K, committed 8576K, reserved 212992K
}
Event: 114.805 GC heap before
{Heap before GC invocations=11 (full 0):
 garbage-first heap   total 262144K, used 129536K [0x00000000e0000000, 0x0000000100000000)
  region size 1024K, 31 young (31744K), 9 survivors (9216K)
 Metaspace       used 59835K, committed 60480K, reserved 278528K
  class space    used 8240K, committed 8576K, reserved 212992K
}
Event: 114.816 GC heap after
{Heap after GC invocations=12 (full 0):
 garbage-first heap   total 262144K, used 109497K [0x00000000e0000000, 0x0000000100000000)
  region size 1024K, 3 young (3072K), 3 survivors (3072K)
 Metaspace       used 59835K, committed 60480K, reserved 278528K
  class space    used 8240K, committed 8576K, reserved 212992K
}
Event: 118.466 GC heap before
{Heap before GC invocations=13 (full 0):
 garbage-first heap   total 262144K, used 210873K [0x00000000e0000000, 0x0000000100000000)
  region size 1024K, 102 young (104448K), 3 survivors (3072K)
 Metaspace       used 60117K, committed 60800K, reserved 278528K
  class space    used 8237K, committed 8576K, reserved 212992K
}
Event: 118.476 GC heap after
{Heap after GC invocations=14 (full 0):
 garbage-first heap   total 262144K, used 113835K [0x00000000e0000000, 0x0000000100000000)
  region size 1024K, 7 young (7168K), 7 survivors (7168K)
 Metaspace       used 60117K, committed 60800K, reserved 278528K
  class space    used 8237K, committed 8576K, reserved 212992K
}
Event: 119.525 GC heap before
{Heap before GC invocations=14 (full 0):
 garbage-first heap   total 262144K, used 213163K [0x00000000e0000000, 0x0000000100000000)
  region size 1024K, 104 young (106496K), 7 survivors (7168K)
 Metaspace       used 60375K, committed 60992K, reserved 278528K
  class space    used 8239K, committed 8576K, reserved 212992K
}
Event: 119.540 GC heap after
{Heap after GC invocations=15 (full 0):
 garbage-first heap   total 262144K, used 120420K [0x00000000e0000000, 0x0000000100000000)
  region size 1024K, 13 young (13312K), 13 survivors (13312K)
 Metaspace       used 60375K, committed 60992K, reserved 278528K
  class space    used 8239K, committed 8576K, reserved 212992K
}
Event: 120.562 GC heap before
{Heap before GC invocations=15 (full 0):
 garbage-first heap   total 262144K, used 213604K [0x00000000e0000000, 0x0000000100000000)
  region size 1024K, 105 young (107520K), 13 survivors (13312K)
 Metaspace       used 61963K, committed 62656K, reserved 278528K
  class space    used 8440K, committed 8768K, reserved 212992K
}
Event: 120.582 GC heap after
{Heap after GC invocations=16 (full 0):
 garbage-first heap   total 262144K, used 127927K [0x00000000e0000000, 0x0000000100000000)
  region size 1024K, 14 young (14336K), 14 survivors (14336K)
 Metaspace       used 61963K, committed 62656K, reserved 278528K
  class space    used 8440K, committed 8768K, reserved 212992K
}
Event: 137.143 GC heap before
{Heap before GC invocations=16 (full 0):
 garbage-first heap   total 262144K, used 213943K [0x00000000e0000000, 0x0000000100000000)
  region size 1024K, 98 young (100352K), 14 survivors (14336K)
 Metaspace       used 66494K, committed 67264K, reserved 278528K
  class space    used 8964K, committed 9344K, reserved 212992K
}
Event: 137.159 GC heap after
{Heap after GC invocations=17 (full 0):
 garbage-first heap   total 262144K, used 134902K [0x00000000e0000000, 0x0000000100000000)
  region size 1024K, 8 young (8192K), 8 survivors (8192K)
 Metaspace       used 66494K, committed 67264K, reserved 278528K
  class space    used 8964K, committed 9344K, reserved 212992K
}

Dll operation events (12 events):
Event: 0.008 Loaded shared library C:\Users\rojas\.jdks\corretto-17.0.7\bin\java.dll
Event: 0.064 Loaded shared library C:\Users\rojas\.jdks\corretto-17.0.7\bin\jsvml.dll
Event: 0.252 Loaded shared library C:\Users\rojas\.jdks\corretto-17.0.7\bin\net.dll
Event: 0.303 Loaded shared library C:\Users\rojas\.jdks\corretto-17.0.7\bin\nio.dll
Event: 0.307 Loaded shared library C:\Users\rojas\.jdks\corretto-17.0.7\bin\zip.dll
Event: 1.171 Loaded shared library C:\Users\rojas\.jdks\corretto-17.0.7\bin\jimage.dll
Event: 1.805 Loaded shared library C:\Users\rojas\.jdks\corretto-17.0.7\bin\verify.dll
Event: 3.283 Loaded shared library C:\Users\rojas\.gradle\native\68d5fa5c4cc2d200863cafc0d521ce42e7d3e7ee720ec0a83991735586a16f82\windows-amd64\native-platform.dll
Event: 3.326 Loaded shared library C:\Users\rojas\.gradle\native\e376f236ea51e6404a007f0833ffe2c6e607c4080706a723a18a27aeea778392\windows-amd64\native-platform-file-events.dll
Event: 8.052 Loaded shared library C:\Users\rojas\.jdks\corretto-17.0.7\bin\management.dll
Event: 8.056 Loaded shared library C:\Users\rojas\.jdks\corretto-17.0.7\bin\management_ext.dll
Event: 18.357 Loaded shared library C:\Users\rojas\.jdks\corretto-17.0.7\bin\sunmscapi.dll

Deoptimization events (20 events):
Event: 125.948 Thread 0x000001596a5bd250 Uncommon trap: trap_request=0xffffffc6 fr.pc=0x000001595f867948 relative=0x00000000000000a8
Event: 125.948 Thread 0x000001596a5bd250 Uncommon trap: reason=bimorphic_or_optimized_type_check action=maybe_recompile pc=0x000001595f867948 method=com.google.common.collect.TransformedIterator.hasNext()Z @ 4 c2
Event: 125.948 Thread 0x000001596a5bd250 DEOPT PACKING pc=0x000001595f867948 sp=0x000000044d3fafc0
Event: 125.948 Thread 0x000001596a5bd250 DEOPT UNPACKING pc=0x000001595ede69a3 sp=0x000000044d3faf50 mode 2
Event: 136.834 Thread 0x000001596a5bd250 Uncommon trap: trap_request=0xffffffde fr.pc=0x000001595f623f88 relative=0x0000000000002ba8
Event: 136.834 Thread 0x000001596a5bd250 Uncommon trap: reason=class_check action=maybe_recompile pc=0x000001595f623f88 method=java.util.jar.JarFile.getManifestFromReference()Ljava/util/jar/Manifest; @ 152 c2
Event: 136.834 Thread 0x000001596a5bd250 DEOPT PACKING pc=0x000001595f623f88 sp=0x000000044d3faa90
Event: 136.835 Thread 0x000001596a5bd250 DEOPT UNPACKING pc=0x000001595ede69a3 sp=0x000000044d3fa9a0 mode 2
Event: 136.935 Thread 0x000001596a5bd250 Uncommon trap: trap_request=0xffffffde fr.pc=0x000001595f7731e8 relative=0x00000000000034a8
Event: 136.935 Thread 0x000001596a5bd250 Uncommon trap: reason=class_check action=maybe_recompile pc=0x000001595f7731e8 method=java.lang.reflect.AccessibleObject.checkCanSetAccessible(Ljava/lang/Class;Ljava/lang/Class;Z)Z @ 71 c2
Event: 136.935 Thread 0x000001596a5bd250 DEOPT PACKING pc=0x000001595f7731e8 sp=0x000000044d3fa5e0
Event: 136.935 Thread 0x000001596a5bd250 DEOPT UNPACKING pc=0x000001595ede69a3 sp=0x000000044d3fa618 mode 2
Event: 136.945 Thread 0x000001596a5bd250 Uncommon trap: trap_request=0xffffffde fr.pc=0x000001595f7731e8 relative=0x00000000000034a8
Event: 136.945 Thread 0x000001596a5bd250 Uncommon trap: reason=class_check action=maybe_recompile pc=0x000001595f7731e8 method=java.lang.reflect.AccessibleObject.checkCanSetAccessible(Ljava/lang/Class;Ljava/lang/Class;Z)Z @ 71 c2
Event: 136.945 Thread 0x000001596a5bd250 DEOPT PACKING pc=0x000001595f7731e8 sp=0x000000044d3fa5f0
Event: 136.945 Thread 0x000001596a5bd250 DEOPT UNPACKING pc=0x000001595ede69a3 sp=0x000000044d3fa628 mode 2
Event: 137.221 Thread 0x000001596a5bd250 Uncommon trap: trap_request=0xffffffde fr.pc=0x000001595f7731e8 relative=0x00000000000034a8
Event: 137.221 Thread 0x000001596a5bd250 Uncommon trap: reason=class_check action=maybe_recompile pc=0x000001595f7731e8 method=java.lang.reflect.AccessibleObject.checkCanSetAccessible(Ljava/lang/Class;Ljava/lang/Class;Z)Z @ 71 c2
Event: 137.221 Thread 0x000001596a5bd250 DEOPT PACKING pc=0x000001595f7731e8 sp=0x000000044d3f9110
Event: 137.221 Thread 0x000001596a5bd250 DEOPT UNPACKING pc=0x000001595ede69a3 sp=0x000000044d3f9148 mode 2

Classes unloaded (5 events):
Event: 114.908 Thread 0x000001596a002f30 Unloading class 0x0000000801591918 '_BuildScript_$_run_closure1$_closure2'
Event: 114.908 Thread 0x000001596a002f30 Unloading class 0x0000000801591530 '_BuildScript_$_run_closure1'
Event: 114.908 Thread 0x000001596a002f30 Unloading class 0x0000000801591000 '_BuildScript_'
Event: 114.908 Thread 0x000001596a002f30 Unloading class 0x0000000801510530 '_BuildScript_$_run_closure1'
Event: 114.908 Thread 0x000001596a002f30 Unloading class 0x0000000801510000 '_BuildScript_'

Classes redefined (0 events):
No events

Internal exceptions (20 events):
Event: 137.200 Thread 0x000001596a5bd250 Exception <a 'java/lang/ClassNotFoundException'{0x00000000efa422f8}: org/gradle/api/internal/file/DefaultFileSystemLocationCustomizer> (0x00000000efa422f8) 
thrown [s\src\hotspot\share\classfile\systemDictionary.cpp, line 256]
Event: 137.201 Thread 0x000001596a5bd250 Exception <a 'java/lang/ClassNotFoundException'{0x00000000efa50a00}: org/gradle/api/internal/file/DefaultFilePropertyFactory$FixedFileCustomizer> (0x00000000efa50a00) 
thrown [s\src\hotspot\share\classfile\systemDictionary.cpp, line 256]
Event: 137.205 Thread 0x000001596a5bd250 Exception <a 'java/lang/ClassNotFoundException'{0x00000000efa803b0}: org/jetbrains/plugins/gradle/model/DefaultExternalSourceDirectorySetBeanInfo> (0x00000000efa803b0) 
thrown [s\src\hotspot\share\classfile\systemDictionary.cpp, line 256]
Event: 137.205 Thread 0x000001596a5bd250 Exception <a 'java/lang/ClassNotFoundException'{0x00000000efa89fa0}: org/jetbrains/plugins/gradle/model/DefaultExternalSourceDirectorySetCustomizer> (0x00000000efa89fa0) 
thrown [s\src\hotspot\share\classfile\systemDictionary.cpp, line 256]
Event: 137.209 Thread 0x000001596a5bd250 Exception <a 'java/lang/ClassNotFoundException'{0x00000000ef9881f0}: org/gradle/api/internal/file/DefaultSourceDirectorySetBeanInfo> (0x00000000ef9881f0) 
thrown [s\src\hotspot\share\classfile\systemDictionary.cpp, line 256]
Event: 137.209 Thread 0x000001596a5bd250 Exception <a 'java/lang/ClassNotFoundException'{0x00000000ef991528}: org/gradle/api/internal/file/CompositeFileTreeBeanInfo> (0x00000000ef991528) 
thrown [s\src\hotspot\share\classfile\systemDictionary.cpp, line 256]
Event: 137.209 Thread 0x000001596a5bd250 Exception <a 'java/lang/ClassNotFoundException'{0x00000000ef99a868}: org/gradle/api/internal/file/CompositeFileTreeCustomizer> (0x00000000ef99a868) 
thrown [s\src\hotspot\share\classfile\systemDictionary.cpp, line 256]
Event: 137.211 Thread 0x000001596a5bd250 Exception <a 'java/lang/ClassNotFoundException'{0x00000000ef9afad8}: org/gradle/api/internal/file/DefaultSourceDirectorySetCustomizer> (0x00000000ef9afad8) 
thrown [s\src\hotspot\share\classfile\systemDictionary.cpp, line 256]
Event: 137.215 Thread 0x000001596a5bd250 Exception <a 'java/lang/ClassNotFoundException'{0x00000000ef8a4660}: org/gradle/api/internal/tasks/DefaultSourceSetOutput_DecoratedBeanInfo> (0x00000000ef8a4660) 
thrown [s\src\hotspot\share\classfile\systemDictionary.cpp, line 256]
Event: 137.215 Thread 0x000001596a5bd250 Exception <a 'java/lang/ClassNotFoundException'{0x00000000ef8af9d0}: org/gradle/api/internal/tasks/DefaultSourceSetOutputBeanInfo> (0x00000000ef8af9d0) 
thrown [s\src\hotspot\share\classfile\systemDictionary.cpp, line 256]
Event: 137.216 Thread 0x000001596a5bd250 Exception <a 'java/lang/ClassNotFoundException'{0x00000000ef8bad18}: org/gradle/api/internal/tasks/DefaultSourceSetOutputCustomizer> (0x00000000ef8bad18) 
thrown [s\src\hotspot\share\classfile\systemDictionary.cpp, line 256]
Event: 137.217 Thread 0x000001596a5bd250 Exception <a 'java/lang/ClassNotFoundException'{0x00000000ef8d5f90}: org/gradle/api/internal/tasks/DefaultSourceSetOutput_DecoratedCustomizer> (0x00000000ef8d5f90) 
thrown [s\src\hotspot\share\classfile\systemDictionary.cpp, line 256]
Event: 137.220 Thread 0x000001596a5bd250 Exception <a 'java/lang/ClassNotFoundException'{0x00000000ef71f638}: org/gradle/api/tasks/SourceSetBeanInfo> (0x00000000ef71f638) 
thrown [s\src\hotspot\share\classfile\systemDictionary.cpp, line 256]
Event: 137.220 Thread 0x000001596a5bd250 Exception <a 'java/lang/ClassNotFoundException'{0x00000000ef72a4a0}: org/gradle/api/tasks/SourceSetCustomizer> (0x00000000ef72a4a0) 
thrown [s\src\hotspot\share\classfile\systemDictionary.cpp, line 256]
Event: 137.226 Thread 0x000001596a5bd250 Exception <a 'java/lang/ClassNotFoundException'{0x00000000ef77a988}: com/intellij/openapi/externalSystem/model/project/ExternalSystemSourceTypeBeanInfo> (0x00000000ef77a988) 
thrown [s\src\hotspot\share\classfile\systemDictionary.cpp, line 256]
Event: 137.227 Thread 0x000001596a5bd250 Exception <a 'java/lang/ClassNotFoundException'{0x00000000ef77f928}: java/lang/EnumBeanInfo> (0x00000000ef77f928) 
thrown [s\src\hotspot\share\classfile\systemDictionary.cpp, line 256]
Event: 137.227 Thread 0x000001596a5bd250 Exception <a 'java/lang/ClassNotFoundException'{0x00000000ef785cc0}: java/lang/EnumCustomizer> (0x00000000ef785cc0) 
thrown [s\src\hotspot\share\classfile\systemDictionary.cpp, line 256]
Event: 137.228 Thread 0x000001596a5bd250 Exception <a 'java/lang/ClassNotFoundException'{0x00000000ef7979e0}: com/intellij/openapi/externalSystem/model/project/ExternalSystemSourceTypeCustomizer> (0x00000000ef7979e0) 
thrown [s\src\hotspot\share\classfile\systemDictionary.cpp, line 256]
Event: 137.231 Thread 0x000001596a5bd250 Exception <a 'java/lang/ClassNotFoundException'{0x00000000ef7c5df8}: org/jetbrains/plugins/gradle/tooling/util/resolve/DependencyResolverImplBeanInfo> (0x00000000ef7c5df8) 
thrown [s\src\hotspot\share\classfile\systemDictionary.cpp, line 256]
Event: 137.231 Thread 0x000001596a5bd250 Exception <a 'java/lang/ClassNotFoundException'{0x00000000ef7cf940}: org/jetbrains/plugins/gradle/tooling/util/resolve/DependencyResolverImplCustomizer> (0x00000000ef7cf940) 
thrown [s\src\hotspot\share\classfile\systemDictionary.cpp, line 256]

VM Operations (20 events):
Event: 121.142 Executing VM operation: HandshakeAllThreads
Event: 121.142 Executing VM operation: HandshakeAllThreads done
Event: 122.156 Executing VM operation: Cleanup
Event: 122.156 Executing VM operation: Cleanup done
Event: 123.164 Executing VM operation: Cleanup
Event: 123.164 Executing VM operation: Cleanup done
Event: 125.191 Executing VM operation: Cleanup
Event: 125.191 Executing VM operation: Cleanup done
Event: 125.355 Executing VM operation: HandshakeAllThreads
Event: 125.356 Executing VM operation: HandshakeAllThreads done
Event: 126.363 Executing VM operation: Cleanup
Event: 126.363 Executing VM operation: Cleanup done
Event: 130.393 Executing VM operation: Cleanup
Event: 130.394 Executing VM operation: Cleanup done
Event: 136.993 Executing VM operation: HandshakeAllThreads
Event: 136.993 Executing VM operation: HandshakeAllThreads done
Event: 136.993 Executing VM operation: Cleanup
Event: 136.993 Executing VM operation: Cleanup done
Event: 137.143 Executing VM operation: G1CollectForAllocation
Event: 137.159 Executing VM operation: G1CollectForAllocation done

Events (20 events):
Event: 137.025 loading class java/util/LinkedListCustomizer
Event: 137.025 loading class java/util/LinkedListCustomizer done
Event: 137.031 loading class java/util/CollectionBeanInfo
Event: 137.031 loading class java/util/CollectionBeanInfo done
Event: 137.031 loading class java/util/CollectionBeanInfo
Event: 137.031 loading class java/util/CollectionBeanInfo done
Event: 137.031 loading class java/util/CollectionCustomizer
Event: 137.031 loading class java/util/CollectionCustomizer done
Event: 137.032 loading class java/util/CollectionCustomizer
Event: 137.032 loading class java/util/CollectionCustomizer done
Event: 137.047 loading class jdk/internal/reflect/UnsafeQualifiedStaticBooleanFieldAccessorImpl
Event: 137.048 loading class jdk/internal/reflect/UnsafeQualifiedStaticBooleanFieldAccessorImpl done
Event: 137.226 loading class java/lang/EnumBeanInfo
Event: 137.226 loading class java/lang/EnumBeanInfo done
Event: 137.227 loading class java/lang/EnumBeanInfo
Event: 137.227 loading class java/lang/EnumBeanInfo done
Event: 137.227 loading class java/lang/EnumCustomizer
Event: 137.227 loading class java/lang/EnumCustomizer done
Event: 137.227 loading class java/lang/EnumCustomizer
Event: 137.227 loading class java/lang/EnumCustomizer done


Dynamic libraries:
0x00007ff659b30000 - 0x00007ff659b3d000 	C:\Users\rojas\.jdks\corretto-17.0.7\bin\java.exe
0x00007ffb179f0000 - 0x00007ffb17be8000 	C:\Windows\SYSTEM32\ntdll.dll
0x00007ffb17610000 - 0x00007ffb176cd000 	C:\Windows\System32\KERNEL32.DLL
0x00007ffb153e0000 - 0x00007ffb156d6000 	C:\Windows\System32\KERNELBASE.dll
0x00007ffb15950000 - 0x00007ffb15a50000 	C:\Windows\System32\ucrtbase.dll
0x00007ffb015b0000 - 0x00007ffb015c7000 	C:\Users\rojas\.jdks\corretto-17.0.7\bin\jli.dll
0x00007ffb16480000 - 0x00007ffb1661e000 	C:\Windows\System32\USER32.dll
0x00007ffb15170000 - 0x00007ffb15192000 	C:\Windows\System32\win32u.dll
0x00007ffb16620000 - 0x00007ffb1664c000 	C:\Windows\System32\GDI32.dll
0x00007ffb156e0000 - 0x00007ffb157fa000 	C:\Windows\System32\gdi32full.dll
0x00007ffb150d0000 - 0x00007ffb1516d000 	C:\Windows\System32\msvcp_win.dll
0x00007ffaf4890000 - 0x00007ffaf48a5000 	C:\Users\rojas\.jdks\corretto-17.0.7\bin\VCRUNTIME140.dll
0x00007ffb026f0000 - 0x00007ffb0298a000 	C:\Windows\WinSxS\amd64_microsoft.windows.common-controls_6595b64144ccf1df_6.0.19041.3636_none_60b6a03d71f818d5\COMCTL32.dll
0x00007ffb17570000 - 0x00007ffb1760e000 	C:\Windows\System32\msvcrt.dll
0x00007ffb16980000 - 0x00007ffb169b0000 	C:\Windows\System32\IMM32.DLL
0x00007ffabdc50000 - 0x00007ffabdceb000 	C:\Users\rojas\.jdks\corretto-17.0.7\bin\msvcp140.dll
0x00007ffa90c30000 - 0x00007ffa9184a000 	C:\Users\rojas\.jdks\corretto-17.0.7\bin\server\jvm.dll
0x00007ffb173e0000 - 0x00007ffb1748e000 	C:\Windows\System32\ADVAPI32.dll
0x00007ffb163e0000 - 0x00007ffb1647c000 	C:\Windows\System32\sechost.dll
0x00007ffb17880000 - 0x00007ffb179a6000 	C:\Windows\System32\RPCRT4.dll
0x00007ffb10720000 - 0x00007ffb10729000 	C:\Windows\SYSTEM32\WSOCK32.dll
0x00007ffb16af0000 - 0x00007ffb16b5b000 	C:\Windows\System32\WS2_32.dll
0x00007ffb0dbc0000 - 0x00007ffb0dbe7000 	C:\Windows\SYSTEM32\WINMM.dll
0x00007ffb0f2e0000 - 0x00007ffb0f2ea000 	C:\Windows\SYSTEM32\VERSION.dll
0x00007ffb12fb0000 - 0x00007ffb12fc2000 	C:\Windows\SYSTEM32\kernel.appcore.dll
0x00007ffb016c0000 - 0x00007ffb016ca000 	C:\Users\rojas\.jdks\corretto-17.0.7\bin\jimage.dll
0x00007ffb0d240000 - 0x00007ffb0d424000 	C:\Windows\SYSTEM32\DBGHELP.DLL
0x00007ffb0c6b0000 - 0x00007ffb0c6e4000 	C:\Windows\SYSTEM32\dbgcore.DLL
0x00007ffb15350000 - 0x00007ffb153d2000 	C:\Windows\System32\bcryptPrimitives.dll
0x00007ffaf2bc0000 - 0x00007ffaf2be5000 	C:\Users\rojas\.jdks\corretto-17.0.7\bin\java.dll
0x00007ffab7cd0000 - 0x00007ffab7da6000 	C:\Users\rojas\.jdks\corretto-17.0.7\bin\jsvml.dll
0x00007ffb16c90000 - 0x00007ffb173d4000 	C:\Windows\System32\SHELL32.dll
0x00007ffb131b0000 - 0x00007ffb1394b000 	C:\Windows\SYSTEM32\windows.storage.dll
0x00007ffb15a60000 - 0x00007ffb15db4000 	C:\Windows\System32\combase.dll
0x00007ffb14aa0000 - 0x00007ffb14acd000 	C:\Windows\SYSTEM32\Wldp.dll
0x00007ffb168d0000 - 0x00007ffb1697d000 	C:\Windows\System32\SHCORE.dll
0x00007ffb16b60000 - 0x00007ffb16bb5000 	C:\Windows\System32\shlwapi.dll
0x00007ffb15000000 - 0x00007ffb15025000 	C:\Windows\SYSTEM32\profapi.dll
0x00007ffaf1950000 - 0x00007ffaf1969000 	C:\Users\rojas\.jdks\corretto-17.0.7\bin\net.dll
0x00007ffb0f960000 - 0x00007ffb0fa6a000 	C:\Windows\SYSTEM32\WINHTTP.dll
0x00007ffb147a0000 - 0x00007ffb1480a000 	C:\Windows\system32\mswsock.dll
0x00007ffaf1930000 - 0x00007ffaf1945000 	C:\Users\rojas\.jdks\corretto-17.0.7\bin\nio.dll
0x00007ffaf1910000 - 0x00007ffaf1928000 	C:\Users\rojas\.jdks\corretto-17.0.7\bin\zip.dll
0x00007ffb015a0000 - 0x00007ffb015b0000 	C:\Users\rojas\.jdks\corretto-17.0.7\bin\verify.dll
0x00007ffb016e0000 - 0x00007ffb01707000 	C:\Users\rojas\.gradle\native\68d5fa5c4cc2d200863cafc0d521ce42e7d3e7ee720ec0a83991735586a16f82\windows-amd64\native-platform.dll
0x00007ffaa6b60000 - 0x00007ffaa6ca4000 	C:\Users\rojas\.gradle\native\e376f236ea51e6404a007f0833ffe2c6e607c4080706a723a18a27aeea778392\windows-amd64\native-platform-file-events.dll
0x00007ffafeb20000 - 0x00007ffafeb29000 	C:\Users\rojas\.jdks\corretto-17.0.7\bin\management.dll
0x00007ffafe5f0000 - 0x00007ffafe5fb000 	C:\Users\rojas\.jdks\corretto-17.0.7\bin\management_ext.dll
0x00007ffb15a50000 - 0x00007ffb15a58000 	C:\Windows\System32\PSAPI.DLL
0x00007ffb14990000 - 0x00007ffb149a8000 	C:\Windows\SYSTEM32\CRYPTSP.dll
0x00007ffb140d0000 - 0x00007ffb14104000 	C:\Windows\system32\rsaenh.dll
0x00007ffb15920000 - 0x00007ffb15947000 	C:\Windows\System32\bcrypt.dll
0x00007ffb14f80000 - 0x00007ffb14fae000 	C:\Windows\SYSTEM32\USERENV.dll
0x00007ffb149b0000 - 0x00007ffb149bc000 	C:\Windows\SYSTEM32\CRYPTBASE.dll
0x00007ffb14490000 - 0x00007ffb144cb000 	C:\Windows\SYSTEM32\IPHLPAPI.DLL
0x00007ffb16c70000 - 0x00007ffb16c78000 	C:\Windows\System32\NSI.dll
0x00007ffb100e0000 - 0x00007ffb100f7000 	C:\Windows\SYSTEM32\dhcpcsvc6.DLL
0x00007ffb100c0000 - 0x00007ffb100dd000 	C:\Windows\SYSTEM32\dhcpcsvc.DLL
0x00007ffb144d0000 - 0x00007ffb1459a000 	C:\Windows\SYSTEM32\DNSAPI.dll
0x00007ffaf5900000 - 0x00007ffaf590e000 	C:\Users\rojas\.jdks\corretto-17.0.7\bin\sunmscapi.dll
0x00007ffb151a0000 - 0x00007ffb152fd000 	C:\Windows\System32\CRYPT32.dll
0x00007ffb14b10000 - 0x00007ffb14b37000 	C:\Windows\SYSTEM32\ncrypt.dll
0x00007ffb14ad0000 - 0x00007ffb14b0b000 	C:\Windows\SYSTEM32\NTASN1.dll
0x00007ffb0a860000 - 0x00007ffb0a867000 	C:\Windows\system32\wshunix.dll

dbghelp: loaded successfully - version: 4.0.5 - missing functions: none
symbol engine: initialized successfully - sym options: 0x614 - pdb path: .;C:\Users\rojas\.jdks\corretto-17.0.7\bin;C:\Windows\SYSTEM32;C:\Windows\WinSxS\amd64_microsoft.windows.common-controls_6595b64144ccf1df_6.0.19041.3636_none_60b6a03d71f818d5;C:\Users\rojas\.jdks\corretto-17.0.7\bin\server;C:\Users\rojas\.gradle\native\68d5fa5c4cc2d200863cafc0d521ce42e7d3e7ee720ec0a83991735586a16f82\windows-amd64;C:\Users\rojas\.gradle\native\e376f236ea51e6404a007f0833ffe2c6e607c4080706a723a18a27aeea778392\windows-amd64

VM Arguments:
jvm_args: --add-opens=java.base/java.util=ALL-UNNAMED --add-opens=java.base/java.lang=ALL-UNNAMED --add-opens=java.base/java.lang.invoke=ALL-UNNAMED --add-opens=java.prefs/java.util.prefs=ALL-UNNAMED --add-opens=java.base/java.nio.charset=ALL-UNNAMED --add-opens=java.base/java.net=ALL-UNNAMED --add-opens=java.base/java.util.concurrent.atomic=ALL-UNNAMED -XX:MaxMetaspaceSize=256m -XX:+HeapDumpOnOutOfMemoryError -Xms256m -Xmx512m -Dfile.encoding=windows-1252 -Duser.country=ES -Duser.language=es -Duser.variant 
java_command: org.gradle.launcher.daemon.bootstrap.GradleDaemon 7.6
java_class_path (initial): C:\Users\rojas\.gradle\wrapper\dists\gradle-7.6-bin\9l9tetv7ltxvx3i8an4pb86ye\gradle-7.6\lib\gradle-launcher-7.6.jar
Launcher Type: SUN_STANDARD

[Global flags]
     intx CICompilerCount                          = 3                                         {product} {ergonomic}
   size_t CompressedClassSpaceSize                 = 218103808                                 {product} {ergonomic}
     uint ConcGCThreads                            = 1                                         {product} {ergonomic}
     uint G1ConcRefinementThreads                  = 4                                         {product} {ergonomic}
   size_t G1HeapRegionSize                         = 1048576                                   {product} {ergonomic}
    uintx GCDrainStackTargetSize                   = 64                                        {product} {ergonomic}
     bool HeapDumpOnOutOfMemoryError               = true                                   {manageable} {command line}
   size_t InitialHeapSize                          = 268435456                                 {product} {command line}
   size_t MarkStackSize                            = 4194304                                   {product} {ergonomic}
   size_t MaxHeapSize                              = 536870912                                 {product} {command line}
   size_t MaxMetaspaceSize                         = 268435456                                 {product} {command line}
   size_t MaxNewSize                               = 321912832                                 {product} {ergonomic}
   size_t MinHeapDeltaBytes                        = 1048576                                   {product} {ergonomic}
   size_t MinHeapSize                              = 268435456                                 {product} {command line}
    uintx NonNMethodCodeHeapSize                   = 5832780                                {pd product} {ergonomic}
    uintx NonProfiledCodeHeapSize                  = 122912730                              {pd product} {ergonomic}
    uintx ProfiledCodeHeapSize                     = 122912730                              {pd product} {ergonomic}
    uintx ReservedCodeCacheSize                    = 251658240                              {pd product} {ergonomic}
     bool SegmentedCodeCache                       = true                                      {product} {ergonomic}
   size_t SoftMaxHeapSize                          = 536870912                              {manageable} {ergonomic}
     bool UseCompressedClassPointers               = true                           {product lp64_product} {ergonomic}
     bool UseCompressedOops                        = true                           {product lp64_product} {ergonomic}
     bool UseG1GC                                  = true                                      {product} {ergonomic}
     bool UseLargePagesIndividualAllocation        = false                                  {pd product} {ergonomic}

Logging:
Log output configuration:
 #0: stdout all=warning uptime,level,tags
 #1: stderr all=off uptime,level,tags

Environment Variables:
PATH=C:\Program Files\Microsoft\jdk-11.0.16.101-hotspot\bin;C:\Program Files\Common Files\Oracle\Java\javapath;C:\Program Files (x86)\Common Files\Oracle\Java\javapath;C:\Windows\system32;C:\Windows;C:\Windows\System32\Wbem;C:\Windows\System32\WindowsPowerShell\v1.0\;C:\Windows\System32\OpenSSH\;C:\Program Files (x86)\NVIDIA Corporation\PhysX\Common;C:\Program Files\NVIDIA Corporation\NVIDIA NvDLISR;C:\Program Files\PuTTY\;C:\Program Files\nodejs\;C:\Program Files\Git\cmd;C:\Program Files\Microsoft SQL Server\150\Tools\Binn\;C:\Program Files\Microsoft SQL Server\Client SDK\ODBC\170\Tools\Binn\;C:\Program Files\dotnet\;C:\Program Files\MySQL\MySQL Shell 8.0\bin\;C:\Users\rojas\AppData\Local\Microsoft\WindowsApps;C:\Users\rojas\AppData\Local\Programs\Microsoft VS Code\bin;C:\Users\rojas\AppData\Local\GitHubDesktop\bin;C:\Users\rojas\AppData\Roaming\npm;C:\Program Files (x86)\Nmap;C:\Users\rojas\.dotnet\tools
USERNAME=rojas
OS=Windows_NT
PROCESSOR_IDENTIFIER=Intel64 Family 6 Model 94 Stepping 3, GenuineIntel
TMP=C:\Users\rojas\AppData\Local\Temp
TEMP=C:\Users\rojas\AppData\Local\Temp



---------------  S Y S T E M  ---------------

OS:
 Windows 10 , 64 bit Build 19041 (10.0.19041.3636)
OS uptime: 7 days 3:50 hours

CPU: total 4 (initial active 4) (4 cores per cpu, 1 threads per core) family 6 model 94 stepping 3 microcode 0xcc, cx8, cmov, fxsr, mmx, 3dnowpref, sse, sse2, sse3, ssse3, sse4.1, sse4.2, popcnt, lzcnt, tsc, tscinvbit, avx, avx2, aes, erms, clmul, bmi1, bmi2, rtm, adx, fma, vzeroupper, clflush, clflushopt

Memory: 4k page, system-wide physical 12252M (252M free)
TotalPageFile size 20252M (AvailPageFile size 5M)
current process WorkingSet (physical memory assigned to process): 456M, peak: 459M
current process commit charge ("private bytes"): 500M, peak: 504M

vm_info: OpenJDK 64-Bit Server VM (17.0.7+7-LTS) for windows-amd64 JRE (17.0.7+7-LTS), built on Apr 14 2023 01:39:21 by "Administrator" with MS VC++ 15.9 (VS2017)

END.
